[INFO ] 2023-03-30 08:57:44.315 Create_Driver_Session:51 - PLATFORM NAME IS --> Android
[INFO ] 2023-03-30 08:57:44.330 Create_Driver_Session:53 - DEVICE NAME IS --> Samsung
[INFO ] 2023-03-30 08:57:44.331 Create_Driver_Session:55 - PLATFORM VERSION IS --> 13.0
[INFO ] 2023-03-30 08:57:44.332 Create_Driver_Session:57 - AUTOMATION NAME IS --> UiAutomator2
[INFO ] 2023-03-30 08:57:44.333 Create_Driver_Session:59 - UDID IS --> RZCT904J89D
[INFO ] 2023-03-30 08:57:44.334 Create_Driver_Session:64 - App URL is https://hero-one-app-hero-one-app-sit.azurewebsites.net/
[DEBUG] 2023-03-30 08:58:08.132 BrowserFactory:57 - Android Real device gets opened
[DEBUG] 2023-03-30 08:58:12.420 BrowserFactory:59 - Application has been reset
[DEBUG] 2023-03-30 08:58:12.463 MyListeners:42 - [1;30mVALIDATION_UPLOADING_LICENSE_WITHOUT_INTERNET_TESTCASE - STARTS[0m
[DEBUG] 2023-03-30 08:58:14.605 Generic:167 - Successfully Visibility  ----> Allow
[DEBUG] 2023-03-30 08:58:14.988 Generic:151 - Successfully Click  ----> Allow
[DEBUG] 2023-03-30 08:58:16.110 Generic:167 - Successfully Visibility  ----> Enter mobile number
[DEBUG] 2023-03-30 08:58:16.112 Generic:177 - Successfully cleared textbox
[DEBUG] 2023-03-30 08:58:17.157 Generic:167 - Successfully Visibility  ----> Enter mobile number
[DEBUG] 2023-03-30 08:58:17.159 Generic:183 - Successfully enter value ----> 9958592171
[DEBUG] 2023-03-30 08:58:18.755 Generic:167 - Successfully Visibility  ----> Continue
[DEBUG] 2023-03-30 08:58:19.218 Generic:151 - Successfully Click  ----> Continue
[DEBUG] 2023-03-30 08:58:22.462 Generic:167 - Successfully Visibility  ----> Verify with OTP
[DEBUG] 2023-03-30 08:58:22.635 Generic:42 - Actual element --> Verify with OTP
[DEBUG] 2023-03-30 08:58:30.473 Generic:167 - Successfully Visibility  ----> Verify
[DEBUG] 2023-03-30 08:58:31.462 Generic:151 - Successfully Click  ----> Verify
[DEBUG] 2023-03-30 08:58:36.907 Generic:167 - Successfully Visibility  ----> Book service PAID
[DEBUG] 2023-03-30 08:58:37.093 Generic:42 - Actual element --> Book service PAID
[DEBUG] 2023-03-30 08:58:37.737 Generic:167 - Successfully Visibility  ----> Book service PAID
[DEBUG] 2023-03-30 08:58:38.187 Generic:151 - Successfully Click  ----> Book service PAID
[DEBUG] 2023-03-30 08:58:38.945 Selected_Vehicle_Page_Actions:48 - Book service PAID Vin selected
[DEBUG] 2023-03-30 08:58:39.169 Generic:167 - Successfully Visibility  ----> Continue
[DEBUG] 2023-03-30 08:58:39.477 Generic:151 - Successfully Click  ----> Continue
[DEBUG] 2023-03-30 08:59:10.468 Generic:171 - [1;31morg.openqa.selenium.TimeoutException: Expected condition failed: waiting for visibility of Proxy element for: DefaultElementLocator 'By.id: com.customerapp.hero:id/side_menu_btn' (tried for 20 second(s) with 500 milliseconds interval)[0m
[DEBUG] 2023-03-30 08:59:41.176 Generic:155 - [1;31morg.openqa.selenium.TimeoutException: Expected condition failed: waiting for element to be clickable: Proxy element for: DefaultElementLocator 'By.id: com.customerapp.hero:id/side_menu_btn' (tried for 20 second(s) with 500 milliseconds interval)[0m
[DEBUG] 2023-03-30 09:00:11.899 Generic:171 - [1;31morg.openqa.selenium.TimeoutException: Expected condition failed: waiting for visibility of Proxy element for: DefaultElementLocator 'By.id: com.customerapp.hero:id/rv_item_lbl' (tried for 20 second(s) with 500 milliseconds interval)[0m
[DEBUG] 2023-03-30 09:00:42.621 Generic:155 - [1;31morg.openqa.selenium.TimeoutException: Expected condition failed: waiting for element to be clickable: Proxy element for: DefaultElementLocator 'By.id: com.customerapp.hero:id/rv_item_lbl' (tried for 20 second(s) with 500 milliseconds interval)[0m
[DEBUG] 2023-03-30 09:01:13.596 Generic:171 - [1;31morg.openqa.selenium.TimeoutException: Expected condition failed: waiting for visibility of Proxy element for: DefaultElementLocator 'By.id: com.customerapp.hero:id/manage_license' (tried for 20 second(s) with 500 milliseconds interval)[0m
[DEBUG] 2023-03-30 09:01:44.328 Generic:155 - [1;31morg.openqa.selenium.TimeoutException: Expected condition failed: waiting for element to be clickable: Proxy element for: DefaultElementLocator 'By.id: com.customerapp.hero:id/manage_license' (tried for 20 second(s) with 500 milliseconds interval)[0m
[DEBUG] 2023-03-30 09:01:49.056 Generic:78 - Interet has been switch OFF
[DEBUG] 2023-03-30 09:02:19.788 Generic:171 - [1;31morg.openqa.selenium.TimeoutException: Expected condition failed: waiting for visibility of Proxy element for: DefaultElementLocator 'By.id: com.customerapp.hero:id/icon2' (tried for 20 second(s) with 500 milliseconds interval)[0m
[DEBUG] 2023-03-30 09:02:50.490 Generic:155 - [1;31morg.openqa.selenium.TimeoutException: Expected condition failed: waiting for element to be clickable: Proxy element for: DefaultElementLocator 'By.id: com.customerapp.hero:id/icon2' (tried for 20 second(s) with 500 milliseconds interval)[0m
[DEBUG] 2023-03-30 09:02:54.506 Generic:117 - Tap action performs succesfully
[DEBUG] 2023-03-30 09:03:08.435 MyListeners:56 - [1;31m[jdk.internal.reflect.GeneratedConstructorAccessor37.newInstance(Unknown Source), java.base/jdk.internal.reflect.DelegatingConstructorAccessorImpl.newInstance(DelegatingConstructorAccessorImpl.java:45), java.base/java.lang.reflect.Constructor.newInstanceWithCaller(Constructor.java:499), java.base/java.lang.reflect.Constructor.newInstance(Constructor.java:480), org.openqa.selenium.remote.http.W3CHttpResponseCodec.createException(W3CHttpResponseCodec.java:187), org.openqa.selenium.remote.http.W3CHttpResponseCodec.decode(W3CHttpResponseCodec.java:122), org.openqa.selenium.remote.http.W3CHttpResponseCodec.decode(W3CHttpResponseCodec.java:49), org.openqa.selenium.remote.HttpCommandExecutor.execute(HttpCommandExecutor.java:158), io.appium.java_client.remote.AppiumCommandExecutor.execute(AppiumCommandExecutor.java:250), org.openqa.selenium.remote.RemoteWebDriver.execute(RemoteWebDriver.java:552), io.appium.java_client.DefaultGenericMobileDriver.execute(DefaultGenericMobileDriver.java:41), io.appium.java_client.AppiumDriver.execute(AppiumDriver.java:1), io.appium.java_client.android.AndroidDriver.execute(AndroidDriver.java:1), org.openqa.selenium.remote.RemoteWebDriver.findElement(RemoteWebDriver.java:323), io.appium.java_client.DefaultGenericMobileDriver.findElement(DefaultGenericMobileDriver.java:61), io.appium.java_client.AppiumDriver.findElement(AppiumDriver.java:1), io.appium.java_client.android.AndroidDriver.findElement(AndroidDriver.java:1), org.openqa.selenium.remote.RemoteWebDriver.findElementByXPath(RemoteWebDriver.java:428), io.appium.java_client.DefaultGenericMobileDriver.findElementByXPath(DefaultGenericMobileDriver.java:151), io.appium.java_client.AppiumDriver.findElementByXPath(AppiumDriver.java:1), io.appium.java_client.android.AndroidDriver.findElementByXPath(AndroidDriver.java:1), org.openqa.selenium.By$ByXPath.findElement(By.java:353), org.openqa.selenium.remote.RemoteWebDriver.findElement(RemoteWebDriver.java:315), io.appium.java_client.DefaultGenericMobileDriver.findElement(DefaultGenericMobileDriver.java:57), io.appium.java_client.AppiumDriver.findElement(AppiumDriver.java:1), io.appium.java_client.android.AndroidDriver.findElement(AndroidDriver.java:1), org.openqa.selenium.support.pagefactory.DefaultElementLocator.findElement(DefaultElementLocator.java:69), org.openqa.selenium.support.pagefactory.internal.LocatingElementHandler.invoke(LocatingElementHandler.java:38), jdk.proxy2/jdk.proxy2.$Proxy29.isDisplayed(Unknown Source), com.oneapp.page_actions.Driving_License_Page_Actions.uploadingLicenseProcessAction(Driving_License_Page_Actions.java:40), com.oneapp.test_suits.ManageLicense_testcases.validation_uploading_license_without_internet_testcase(ManageLicense_testcases.java:101), java.base/jdk.internal.reflect.NativeMethodAccessorImpl.invoke0(Native Method), java.base/jdk.internal.reflect.NativeMethodAccessorImpl.invoke(NativeMethodAccessorImpl.java:77), java.base/jdk.internal.reflect.DelegatingMethodAccessorImpl.invoke(DelegatingMethodAccessorImpl.java:43), java.base/java.lang.reflect.Method.invoke(Method.java:568), org.testng.internal.MethodInvocationHelper.invokeMethod(MethodInvocationHelper.java:133), org.testng.internal.TestInvoker.invokeMethod(TestInvoker.java:598), org.testng.internal.TestInvoker.invokeTestMethod(TestInvoker.java:173), org.testng.internal.MethodRunner.runInSequence(MethodRunner.java:46), org.testng.internal.TestInvoker$MethodInvocationAgent.invoke(TestInvoker.java:824), org.testng.internal.TestInvoker.invokeTestMethods(TestInvoker.java:146), org.testng.internal.TestMethodWorker.invokeTestMethods(TestMethodWorker.java:146), org.testng.internal.TestMethodWorker.run(TestMethodWorker.java:128), java.base/java.util.ArrayList.forEach(ArrayList.java:1511), org.testng.TestRunner.privateRun(TestRunner.java:794), org.testng.TestRunner.run(TestRunner.java:596), org.testng.SuiteRunner.runTest(SuiteRunner.java:377), org.testng.SuiteRunner.runSequentially(SuiteRunner.java:371), org.testng.SuiteRunner.privateRun(SuiteRunner.java:332), org.testng.SuiteRunner.run(SuiteRunner.java:276), org.testng.SuiteRunnerWorker.runSuite(SuiteRunnerWorker.java:53), org.testng.SuiteRunnerWorker.run(SuiteRunnerWorker.java:96), org.testng.TestNG.runSuitesSequentially(TestNG.java:1212), org.testng.TestNG.runSuitesLocally(TestNG.java:1134), org.testng.TestNG.runSuites(TestNG.java:1063), org.testng.TestNG.run(TestNG.java:1031), org.testng.remote.AbstractRemoteTestNG.run(AbstractRemoteTestNG.java:115), org.testng.remote.RemoteTestNG.initAndRun(RemoteTestNG.java:251), org.testng.remote.RemoteTestNG.main(RemoteTestNG.java:77)][0m
[DEBUG] 2023-03-30 09:03:08.965 MyListeners:103 - [1;31mScreenshot stored at: D:\ECLIPSE_LATEST\HeroApp1/screenshots/validation_uploading_license_without_internet_testcase__T_h_u_ _M_a_r_ _3_0_ _0_9___0_3___0_8_ _I_S_T_ _2_0_2_3_.png[0m
[DEBUG] 2023-03-30 09:03:08.971 MyListeners:73 - [1;31mVALIDATION_UPLOADING_LICENSE_WITHOUT_INTERNET_TESTCASE - FAILURE[0m
[DEBUG] 2023-03-30 09:03:10.874 BrowserFactory:71 - Android Real device gets closed
[DEBUG] 2023-03-30 09:03:10.875 BrowserFactory:72 - ++++++++++++++++++++++++++++++++
[INFO ] 2023-03-30 09:03:49.372 Create_Driver_Session:51 - PLATFORM NAME IS --> Android
[INFO ] 2023-03-30 09:03:49.376 Create_Driver_Session:53 - DEVICE NAME IS --> Samsung
[INFO ] 2023-03-30 09:03:49.377 Create_Driver_Session:55 - PLATFORM VERSION IS --> 13.0
[INFO ] 2023-03-30 09:03:49.379 Create_Driver_Session:57 - AUTOMATION NAME IS --> UiAutomator2
[INFO ] 2023-03-30 09:03:49.381 Create_Driver_Session:59 - UDID IS --> RZCT904J89D
[INFO ] 2023-03-30 09:03:49.382 Create_Driver_Session:64 - App URL is https://hero-one-app-hero-one-app-sit.azurewebsites.net/
[DEBUG] 2023-03-30 09:04:09.836 BrowserFactory:57 - Android Real device gets opened
[DEBUG] 2023-03-30 09:04:13.265 BrowserFactory:59 - Application has been reset
[DEBUG] 2023-03-30 09:04:13.326 MyListeners:42 - [1;30mVALIDATION_UPLOADING_LICENSE_WITHOUT_INTERNET_TESTCASE - STARTS[0m
[DEBUG] 2023-03-30 09:04:55.566 Generic:171 - [1;31morg.openqa.selenium.TimeoutException: Expected condition failed: waiting for visibility of Proxy element for: DefaultElementLocator 'By.id: com.customerapp.hero:id/text_input_editext' (tried for 20 second(s) with 500 milliseconds interval)[0m
[DEBUG] 2023-03-30 09:04:55.568 Generic:177 - Successfully cleared textbox
[DEBUG] 2023-03-30 09:05:05.640 MyListeners:56 - [1;31m[java.base/jdk.internal.reflect.NativeConstructorAccessorImpl.newInstance0(Native Method), java.base/jdk.internal.reflect.NativeConstructorAccessorImpl.newInstance(NativeConstructorAccessorImpl.java:77), java.base/jdk.internal.reflect.DelegatingConstructorAccessorImpl.newInstance(DelegatingConstructorAccessorImpl.java:45), java.base/java.lang.reflect.Constructor.newInstanceWithCaller(Constructor.java:499), java.base/java.lang.reflect.Constructor.newInstance(Constructor.java:480), org.openqa.selenium.remote.http.W3CHttpResponseCodec.createException(W3CHttpResponseCodec.java:187), org.openqa.selenium.remote.http.W3CHttpResponseCodec.decode(W3CHttpResponseCodec.java:122), org.openqa.selenium.remote.http.W3CHttpResponseCodec.decode(W3CHttpResponseCodec.java:49), org.openqa.selenium.remote.HttpCommandExecutor.execute(HttpCommandExecutor.java:158), io.appium.java_client.remote.AppiumCommandExecutor.execute(AppiumCommandExecutor.java:250), org.openqa.selenium.remote.RemoteWebDriver.execute(RemoteWebDriver.java:552), io.appium.java_client.DefaultGenericMobileDriver.execute(DefaultGenericMobileDriver.java:41), io.appium.java_client.AppiumDriver.execute(AppiumDriver.java:1), io.appium.java_client.android.AndroidDriver.execute(AndroidDriver.java:1), org.openqa.selenium.remote.RemoteWebDriver.findElement(RemoteWebDriver.java:323), io.appium.java_client.DefaultGenericMobileDriver.findElement(DefaultGenericMobileDriver.java:61), io.appium.java_client.AppiumDriver.findElement(AppiumDriver.java:1), io.appium.java_client.android.AndroidDriver.findElement(AndroidDriver.java:1), org.openqa.selenium.remote.RemoteWebDriver.findElementById(RemoteWebDriver.java:372), io.appium.java_client.DefaultGenericMobileDriver.findElementById(DefaultGenericMobileDriver.java:69), io.appium.java_client.AppiumDriver.findElementById(AppiumDriver.java:1), io.appium.java_client.android.AndroidDriver.findElementById(AndroidDriver.java:1), org.openqa.selenium.By$ById.findElement(By.java:188), org.openqa.selenium.remote.RemoteWebDriver.findElement(RemoteWebDriver.java:315), io.appium.java_client.DefaultGenericMobileDriver.findElement(DefaultGenericMobileDriver.java:57), io.appium.java_client.AppiumDriver.findElement(AppiumDriver.java:1), io.appium.java_client.android.AndroidDriver.findElement(AndroidDriver.java:1), org.openqa.selenium.support.pagefactory.DefaultElementLocator.findElement(DefaultElementLocator.java:69), org.openqa.selenium.support.pagefactory.internal.LocatingElementHandler.invoke(LocatingElementHandler.java:38), jdk.proxy2/jdk.proxy2.$Proxy29.clear(Unknown Source), com.oneapp.basic.Generic.clearOnWebElement(Generic.java:178), com.oneapp.page_actions.Login_Page_Action.validLoginAction(Login_Page_Action.java:85), com.oneapp.test_suits.ManageLicense_testcases.validation_uploading_license_without_internet_testcase(ManageLicense_testcases.java:84), java.base/jdk.internal.reflect.NativeMethodAccessorImpl.invoke0(Native Method), java.base/jdk.internal.reflect.NativeMethodAccessorImpl.invoke(NativeMethodAccessorImpl.java:77), java.base/jdk.internal.reflect.DelegatingMethodAccessorImpl.invoke(DelegatingMethodAccessorImpl.java:43), java.base/java.lang.reflect.Method.invoke(Method.java:568), org.testng.internal.MethodInvocationHelper.invokeMethod(MethodInvocationHelper.java:133), org.testng.internal.TestInvoker.invokeMethod(TestInvoker.java:598), org.testng.internal.TestInvoker.invokeTestMethod(TestInvoker.java:173), org.testng.internal.MethodRunner.runInSequence(MethodRunner.java:46), org.testng.internal.TestInvoker$MethodInvocationAgent.invoke(TestInvoker.java:824), org.testng.internal.TestInvoker.invokeTestMethods(TestInvoker.java:146), org.testng.internal.TestMethodWorker.invokeTestMethods(TestMethodWorker.java:146), org.testng.internal.TestMethodWorker.run(TestMethodWorker.java:128), java.base/java.util.ArrayList.forEach(ArrayList.java:1511), org.testng.TestRunner.privateRun(TestRunner.java:794), org.testng.TestRunner.run(TestRunner.java:596), org.testng.SuiteRunner.runTest(SuiteRunner.java:377), org.testng.SuiteRunner.runSequentially(SuiteRunner.java:371), org.testng.SuiteRunner.privateRun(SuiteRunner.java:332), org.testng.SuiteRunner.run(SuiteRunner.java:276), org.testng.SuiteRunnerWorker.runSuite(SuiteRunnerWorker.java:53), org.testng.SuiteRunnerWorker.run(SuiteRunnerWorker.java:96), org.testng.TestNG.runSuitesSequentially(TestNG.java:1212), org.testng.TestNG.runSuitesLocally(TestNG.java:1134), org.testng.TestNG.runSuites(TestNG.java:1063), org.testng.TestNG.run(TestNG.java:1031), org.testng.remote.AbstractRemoteTestNG.run(AbstractRemoteTestNG.java:115), org.testng.remote.RemoteTestNG.initAndRun(RemoteTestNG.java:251), org.testng.remote.RemoteTestNG.main(RemoteTestNG.java:77)][0m
[DEBUG] 2023-03-30 09:05:07.204 MyListeners:103 - [1;31mScreenshot stored at: D:\ECLIPSE_LATEST\HeroApp1/screenshots/validation_uploading_license_without_internet_testcase__T_h_u_ _M_a_r_ _3_0_ _0_9___0_5___0_5_ _I_S_T_ _2_0_2_3_.png[0m
[DEBUG] 2023-03-30 09:05:07.212 MyListeners:73 - [1;31mVALIDATION_UPLOADING_LICENSE_WITHOUT_INTERNET_TESTCASE - FAILURE[0m
[DEBUG] 2023-03-30 09:05:08.979 BrowserFactory:71 - Android Real device gets closed
[DEBUG] 2023-03-30 09:05:08.980 BrowserFactory:72 - ++++++++++++++++++++++++++++++++
[INFO ] 2023-03-30 09:07:59.714 Create_Driver_Session:51 - PLATFORM NAME IS --> Android
[INFO ] 2023-03-30 09:07:59.720 Create_Driver_Session:53 - DEVICE NAME IS --> Samsung
[INFO ] 2023-03-30 09:07:59.721 Create_Driver_Session:55 - PLATFORM VERSION IS --> 13.0
[INFO ] 2023-03-30 09:07:59.723 Create_Driver_Session:57 - AUTOMATION NAME IS --> UiAutomator2
[INFO ] 2023-03-30 09:07:59.726 Create_Driver_Session:59 - UDID IS --> RZCT904J89D
[INFO ] 2023-03-30 09:07:59.730 Create_Driver_Session:64 - App URL is https://hero-one-app-hero-one-app-sit.azurewebsites.net/
[DEBUG] 2023-03-30 09:08:19.426 BrowserFactory:57 - Android Real device gets opened
[DEBUG] 2023-03-30 09:08:23.163 BrowserFactory:59 - Application has been reset
[DEBUG] 2023-03-30 09:08:23.197 MyListeners:42 - [1;30mVALIDATION_UPLOADING_LICENSE_WITHOUT_INTERNET_TESTCASE - STARTS[0m
[DEBUG] 2023-03-30 09:08:25.705 Generic:167 - Successfully Visibility  ----> Allow
[DEBUG] 2023-03-30 09:08:26.089 Generic:151 - Successfully Click  ----> Allow
[DEBUG] 2023-03-30 09:08:27.241 Generic:167 - Successfully Visibility  ----> Enter mobile number
[DEBUG] 2023-03-30 09:08:27.244 Generic:177 - Successfully cleared textbox
[DEBUG] 2023-03-30 09:08:28.297 Generic:167 - Successfully Visibility  ----> Enter mobile number
[DEBUG] 2023-03-30 09:08:28.299 Generic:183 - Successfully enter value ----> 9958592171
[DEBUG] 2023-03-30 09:08:29.926 Generic:167 - Successfully Visibility  ----> Continue
[DEBUG] 2023-03-30 09:08:30.337 Generic:151 - Successfully Click  ----> Continue
[DEBUG] 2023-03-30 09:08:32.772 Generic:167 - Successfully Visibility  ----> Verify with OTP
[DEBUG] 2023-03-30 09:08:33.427 Generic:42 - Actual element --> Verify with OTP
[DEBUG] 2023-03-30 09:08:39.747 Generic:167 - Successfully Visibility  ----> Verify
[DEBUG] 2023-03-30 09:08:40.733 Generic:151 - Successfully Click  ----> Verify
[DEBUG] 2023-03-30 09:08:45.857 Generic:167 - Successfully Visibility  ----> Book service PAID
[DEBUG] 2023-03-30 09:08:46.026 Generic:42 - Actual element --> Book service PAID
[DEBUG] 2023-03-30 09:08:46.585 Generic:167 - Successfully Visibility  ----> Book service PAID
[DEBUG] 2023-03-30 09:08:46.981 Generic:151 - Successfully Click  ----> Book service PAID
[DEBUG] 2023-03-30 09:08:47.749 Selected_Vehicle_Page_Actions:48 - Book service PAID Vin selected
[DEBUG] 2023-03-30 09:08:48.048 Generic:167 - Successfully Visibility  ----> Continue
[DEBUG] 2023-03-30 09:08:48.328 Generic:151 - Successfully Click  ----> Continue
[DEBUG] 2023-03-30 09:08:53.962 Generic:167 - Successfully Visibility  ----> Only this time
[DEBUG] 2023-03-30 09:08:54.242 Generic:151 - Successfully Click  ----> Only this time
[DEBUG] 2023-03-30 09:09:01.432 Generic:167 - Successfully Visibility  ----> 
[DEBUG] 2023-03-30 09:09:01.661 Generic:151 - Successfully Click  ----> 
[DEBUG] 2023-03-30 09:09:02.814 Generic:167 - Successfully Visibility  ----> My Profile
[DEBUG] 2023-03-30 09:09:03.120 Generic:151 - Successfully Click  ----> My Profile
[DEBUG] 2023-03-30 09:09:04.938 Generic:167 - Successfully Visibility  ----> Manage License
[DEBUG] 2023-03-30 09:09:05.242 Generic:151 - Successfully Click  ----> Manage License
[DEBUG] 2023-03-30 09:09:09.851 Generic:78 - Interet has been switch OFF
[DEBUG] 2023-03-30 09:09:10.057 Generic:167 - Successfully Visibility  ----> 
[DEBUG] 2023-03-30 09:09:10.240 Generic:151 - Successfully Click  ----> 
[DEBUG] 2023-03-30 09:09:14.339 Generic:117 - Tap action performs succesfully
[DEBUG] 2023-03-30 09:09:18.488 Generic:167 - Successfully Visibility  ----> Only this time
[DEBUG] 2023-03-30 09:09:18.799 Generic:151 - Successfully Click  ----> Only this time
[DEBUG] 2023-03-30 09:09:20.211 Generic:167 - Successfully Visibility  ----> Allow
[DEBUG] 2023-03-30 09:09:20.473 Generic:151 - Successfully Click  ----> Allow
[DEBUG] 2023-03-30 09:09:21.357 Generic:167 - Successfully Visibility  ----> 
[DEBUG] 2023-03-30 09:09:21.464 Generic:151 - Successfully Click  ----> 
[DEBUG] 2023-03-30 09:09:25.557 Generic:117 - Tap action performs succesfully
[DEBUG] 2023-03-30 09:09:29.877 Generic:167 - Successfully Visibility  ----> Choose from library
[DEBUG] 2023-03-30 09:09:30.180 Generic:151 - Successfully Click  ----> Choose from library
[DEBUG] 2023-03-30 09:09:32.059 Generic:167 - Successfully Visibility  ----> 
[DEBUG] 2023-03-30 09:09:32.454 Generic:151 - Successfully Click  ----> 
[DEBUG] 2023-03-30 09:09:33.795 Generic:167 - Successfully Visibility  ----> CROP
[DEBUG] 2023-03-30 09:09:33.939 Generic:151 - Successfully Click  ----> CROP
[DEBUG] 2023-03-30 09:10:04.760 Generic:171 - [1;31morg.openqa.selenium.TimeoutException: Expected condition failed: waiting for visibility of Proxy element for: DefaultElementLocator 'By.id: com.customerapp.hero:id/snackbar_text' (tried for 20 second(s) with 500 milliseconds interval)[0m
[DEBUG] 2023-03-30 09:10:14.830 MyListeners:56 - [1;31m[java.base/jdk.internal.reflect.NativeConstructorAccessorImpl.newInstance0(Native Method), java.base/jdk.internal.reflect.NativeConstructorAccessorImpl.newInstance(NativeConstructorAccessorImpl.java:77), java.base/jdk.internal.reflect.DelegatingConstructorAccessorImpl.newInstance(DelegatingConstructorAccessorImpl.java:45), java.base/java.lang.reflect.Constructor.newInstanceWithCaller(Constructor.java:499), java.base/java.lang.reflect.Constructor.newInstance(Constructor.java:480), org.openqa.selenium.remote.http.W3CHttpResponseCodec.createException(W3CHttpResponseCodec.java:187), org.openqa.selenium.remote.http.W3CHttpResponseCodec.decode(W3CHttpResponseCodec.java:122), org.openqa.selenium.remote.http.W3CHttpResponseCodec.decode(W3CHttpResponseCodec.java:49), org.openqa.selenium.remote.HttpCommandExecutor.execute(HttpCommandExecutor.java:158), io.appium.java_client.remote.AppiumCommandExecutor.execute(AppiumCommandExecutor.java:250), org.openqa.selenium.remote.RemoteWebDriver.execute(RemoteWebDriver.java:552), io.appium.java_client.DefaultGenericMobileDriver.execute(DefaultGenericMobileDriver.java:41), io.appium.java_client.AppiumDriver.execute(AppiumDriver.java:1), io.appium.java_client.android.AndroidDriver.execute(AndroidDriver.java:1), org.openqa.selenium.remote.RemoteWebDriver.findElement(RemoteWebDriver.java:323), io.appium.java_client.DefaultGenericMobileDriver.findElement(DefaultGenericMobileDriver.java:61), io.appium.java_client.AppiumDriver.findElement(AppiumDriver.java:1), io.appium.java_client.android.AndroidDriver.findElement(AndroidDriver.java:1), org.openqa.selenium.remote.RemoteWebDriver.findElementById(RemoteWebDriver.java:372), io.appium.java_client.DefaultGenericMobileDriver.findElementById(DefaultGenericMobileDriver.java:69), io.appium.java_client.AppiumDriver.findElementById(AppiumDriver.java:1), io.appium.java_client.android.AndroidDriver.findElementById(AndroidDriver.java:1), org.openqa.selenium.By$ById.findElement(By.java:188), org.openqa.selenium.remote.RemoteWebDriver.findElement(RemoteWebDriver.java:315), io.appium.java_client.DefaultGenericMobileDriver.findElement(DefaultGenericMobileDriver.java:57), io.appium.java_client.AppiumDriver.findElement(AppiumDriver.java:1), io.appium.java_client.android.AndroidDriver.findElement(AndroidDriver.java:1), org.openqa.selenium.support.pagefactory.DefaultElementLocator.findElement(DefaultElementLocator.java:69), org.openqa.selenium.support.pagefactory.internal.LocatingElementHandler.invoke(LocatingElementHandler.java:38), jdk.proxy2/jdk.proxy2.$Proxy29.getText(Unknown Source), com.oneapp.basic.Generic.softAssertion(Generic.java:49), com.oneapp.page_actions.Driving_License_Page_Actions.uploadingLicenseWithNoInternetAction(Driving_License_Page_Actions.java:93), com.oneapp.test_suits.ManageLicense_testcases.validation_uploading_license_without_internet_testcase(ManageLicense_testcases.java:103), java.base/jdk.internal.reflect.NativeMethodAccessorImpl.invoke0(Native Method), java.base/jdk.internal.reflect.NativeMethodAccessorImpl.invoke(NativeMethodAccessorImpl.java:77), java.base/jdk.internal.reflect.DelegatingMethodAccessorImpl.invoke(DelegatingMethodAccessorImpl.java:43), java.base/java.lang.reflect.Method.invoke(Method.java:568), org.testng.internal.MethodInvocationHelper.invokeMethod(MethodInvocationHelper.java:133), org.testng.internal.TestInvoker.invokeMethod(TestInvoker.java:598), org.testng.internal.TestInvoker.invokeTestMethod(TestInvoker.java:173), org.testng.internal.MethodRunner.runInSequence(MethodRunner.java:46), org.testng.internal.TestInvoker$MethodInvocationAgent.invoke(TestInvoker.java:824), org.testng.internal.TestInvoker.invokeTestMethods(TestInvoker.java:146), org.testng.internal.TestMethodWorker.invokeTestMethods(TestMethodWorker.java:146), org.testng.internal.TestMethodWorker.run(TestMethodWorker.java:128), java.base/java.util.ArrayList.forEach(ArrayList.java:1511), org.testng.TestRunner.privateRun(TestRunner.java:794), org.testng.TestRunner.run(TestRunner.java:596), org.testng.SuiteRunner.runTest(SuiteRunner.java:377), org.testng.SuiteRunner.runSequentially(SuiteRunner.java:371), org.testng.SuiteRunner.privateRun(SuiteRunner.java:332), org.testng.SuiteRunner.run(SuiteRunner.java:276), org.testng.SuiteRunnerWorker.runSuite(SuiteRunnerWorker.java:53), org.testng.SuiteRunnerWorker.run(SuiteRunnerWorker.java:96), org.testng.TestNG.runSuitesSequentially(TestNG.java:1212), org.testng.TestNG.runSuitesLocally(TestNG.java:1134), org.testng.TestNG.runSuites(TestNG.java:1063), org.testng.TestNG.run(TestNG.java:1031), org.testng.remote.AbstractRemoteTestNG.run(AbstractRemoteTestNG.java:115), org.testng.remote.RemoteTestNG.initAndRun(RemoteTestNG.java:251), org.testng.remote.RemoteTestNG.main(RemoteTestNG.java:77)][0m
[DEBUG] 2023-03-30 09:10:15.349 MyListeners:103 - [1;31mScreenshot stored at: D:\ECLIPSE_LATEST\HeroApp1/screenshots/validation_uploading_license_without_internet_testcase__T_h_u_ _M_a_r_ _3_0_ _0_9___1_0___1_4_ _I_S_T_ _2_0_2_3_.png[0m
[DEBUG] 2023-03-30 09:10:15.355 MyListeners:73 - [1;31mVALIDATION_UPLOADING_LICENSE_WITHOUT_INTERNET_TESTCASE - FAILURE[0m
[DEBUG] 2023-03-30 09:10:17.210 BrowserFactory:71 - Android Real device gets closed
[DEBUG] 2023-03-30 09:10:17.211 BrowserFactory:72 - ++++++++++++++++++++++++++++++++
[INFO ] 2023-03-30 10:51:53.224 Create_Driver_Session:51 - PLATFORM NAME IS --> Android
[INFO ] 2023-03-30 10:51:53.229 Create_Driver_Session:53 - DEVICE NAME IS --> Samsung
[INFO ] 2023-03-30 10:51:53.230 Create_Driver_Session:55 - PLATFORM VERSION IS --> 13.0
[INFO ] 2023-03-30 10:51:53.232 Create_Driver_Session:57 - AUTOMATION NAME IS --> UiAutomator2
[INFO ] 2023-03-30 10:51:53.234 Create_Driver_Session:59 - UDID IS --> RZCT904J89D
[INFO ] 2023-03-30 10:51:53.234 Create_Driver_Session:64 - App URL is https://hero-one-app-hero-one-app-sit.azurewebsites.net/
[DEBUG] 2023-03-30 10:52:15.604 BrowserFactory:57 - Android Real device gets opened
[DEBUG] 2023-03-30 10:52:19.547 BrowserFactory:59 - Application has been reset
[DEBUG] 2023-03-30 10:52:19.594 MyListeners:42 - [1;30mVALIDATE_GOODLIFE_NON_MEMBER_299PLAN_ASOWNER_TESTCASE - STARTS[0m
[DEBUG] 2023-03-30 10:52:21.914 Generic:167 - Successfully Visibility  ----> Allow
[DEBUG] 2023-03-30 10:52:22.289 Generic:151 - Successfully Click  ----> Allow
[DEBUG] 2023-03-30 10:52:23.367 Generic:167 - Successfully Visibility  ----> Enter mobile number
[DEBUG] 2023-03-30 10:52:23.368 Generic:177 - Successfully cleared textbox
[DEBUG] 2023-03-30 10:52:24.305 Generic:167 - Successfully Visibility  ----> Enter mobile number
[DEBUG] 2023-03-30 10:52:24.306 Generic:183 - Successfully enter value ----> 9958592171
[DEBUG] 2023-03-30 10:52:25.880 Generic:167 - Successfully Visibility  ----> Continue
[DEBUG] 2023-03-30 10:52:26.306 Generic:151 - Successfully Click  ----> Continue
[DEBUG] 2023-03-30 10:52:28.857 Generic:167 - Successfully Visibility  ----> Verify with OTP
[DEBUG] 2023-03-30 10:52:29.462 Generic:42 - Actual element --> Verify with OTP
[DEBUG] 2023-03-30 10:52:35.770 Generic:167 - Successfully Visibility  ----> Verify
[DEBUG] 2023-03-30 10:52:36.708 Generic:151 - Successfully Click  ----> Verify
[DEBUG] 2023-03-30 10:52:41.154 Generic:167 - Successfully Visibility  ----> Book service PAID
[DEBUG] 2023-03-30 10:52:41.335 Generic:42 - Actual element --> Book service PAID
[DEBUG] 2023-03-30 10:52:41.940 Generic:167 - Successfully Visibility  ----> Book service PAID
[DEBUG] 2023-03-30 10:52:42.442 Generic:151 - Successfully Click  ----> Book service PAID
[DEBUG] 2023-03-30 10:52:43.371 Selected_Vehicle_Page_Actions:48 - Book service PAID Vin selected
[DEBUG] 2023-03-30 10:52:43.619 Generic:167 - Successfully Visibility  ----> Continue
[DEBUG] 2023-03-30 10:52:43.853 Generic:151 - Successfully Click  ----> Continue
[DEBUG] 2023-03-30 10:52:49.423 Generic:167 - Successfully Visibility  ----> Only this time
[DEBUG] 2023-03-30 10:52:49.740 Generic:151 - Successfully Click  ----> Only this time
[DEBUG] 2023-03-30 10:52:57.725 Generic:167 - Successfully Visibility  ----> GoodLife
[DEBUG] 2023-03-30 10:52:58.522 Generic:151 - Successfully Click  ----> GoodLife
[DEBUG] 2023-03-30 10:53:01.435 Generic:167 - Successfully Visibility  ----> 
[DEBUG] 2023-03-30 10:53:01.898 Generic:151 - Successfully Click  ----> 
[DEBUG] 2023-03-30 10:53:06.619 Generic:103 - Swiped successfully
[DEBUG] 2023-03-30 10:53:14.794 Generic:167 - Successfully Visibility  ----> View all Benefits
[DEBUG] 2023-03-30 10:53:15.443 Generic:151 - Successfully Click  ----> View all Benefits
[DEBUG] 2023-03-30 10:53:16.955 Generic:167 - Successfully Visibility  ----> Select Plan
[DEBUG] 2023-03-30 10:53:17.727 Generic:151 - Successfully Click  ----> Select Plan
[DEBUG] 2023-03-30 10:53:19.452 Generic:167 - Successfully Visibility  ----> Owner
[DEBUG] 2023-03-30 10:53:19.726 Generic:151 - Successfully Click  ----> Owner
[DEBUG] 2023-03-30 10:53:20.976 Generic:167 - Successfully Visibility  ----> 9958592171
[DEBUG] 2023-03-30 10:53:21.549 Generic:167 - Successfully Visibility  ----> 9958592171
[DEBUG] 2023-03-30 10:53:41.697 Generic:155 - [1;31morg.openqa.selenium.TimeoutException: Expected condition failed: waiting for element to be clickable: [[io.appium.java_client.android.AndroidDriver, Capabilities: {appActivity=com.customerapp.hero.views.activity.splash.SplashActivity, appPackage=com.customerapp.hero, automationName=UiAutomator2, databaseEnabled=false, desired={platformName=android, appActivity=com.customerapp.hero.views.activity.splash.SplashActivity, appPackage=com.customerapp.hero, newCommandTimeout=1200, automationName=UiAutomator2, deviceName=Samsung, platformVersion=13.0, udid=RZCT904J89D}, deviceApiLevel=33, deviceManufacturer=samsung, deviceModel=SM-M536B, deviceName=RZCT904J89D, deviceScreenDensity=450, deviceScreenSize=1080x2400, deviceUDID=RZCT904J89D, javascriptEnabled=true, locationContextEnabled=false, networkConnectionEnabled=true, newCommandTimeout=1200, pixelRatio=2.8125, platform=LINUX, platformName=Android, platformVersion=13, statBarHeight=90, takesScreenshot=true, udid=RZCT904J89D, viewportRect={left=0, top=90, width=1080, height=2085}, warnings={}, webStorageEnabled=false}] -> xpath: /hierarchy/android.widget.FrameLayout/android.widget.LinearLayout/android.widget.FrameLayout/android.widget.LinearLayout/android.widget.FrameLayout/android.view.ViewGroup/android.view.ViewGroup/android.view.ViewGroup/android.widget.FrameLayout/android.view.ViewGroup/android.widget.ScrollView/android.view.ViewGroup/android.widget.LinearLayout[2]/android.widget.FrameLayout/android.widget.EditText] (tried for 20 second(s) with 500 milliseconds interval)
Build info: version: '3.141.59', revision: 'e82be7d358', time: '2018-11-14T08:17:03'
System info: host: 'DESKTOP-A2S9SMV', ip: '192.168.0.107', os.name: 'Windows 10', os.arch: 'amd64', os.version: '10.0', java.version: '17.0.6'
Driver info: io.appium.java_client.android.AndroidDriver
Capabilities {appActivity: com.customerapp.hero.views...., appPackage: com.customerapp.hero, automationName: UiAutomator2, databaseEnabled: false, desired: {appActivity: com.customerapp.hero.views...., appPackage: com.customerapp.hero, automationName: UiAutomator2, deviceName: Samsung, newCommandTimeout: 1200, platformName: android, platformVersion: 13.0, udid: RZCT904J89D}, deviceApiLevel: 33, deviceManufacturer: samsung, deviceModel: SM-M536B, deviceName: RZCT904J89D, deviceScreenDensity: 450, deviceScreenSize: 1080x2400, deviceUDID: RZCT904J89D, javascriptEnabled: true, locationContextEnabled: false, networkConnectionEnabled: true, newCommandTimeout: 1200, pixelRatio: 2.8125, platform: LINUX, platformName: Android, platformVersion: 13, statBarHeight: 90, takesScreenshot: true, udid: RZCT904J89D, viewportRect: {height: 2085, left: 0, top: 90, width: 1080}, warnings: {}, webStorageEnabled: false}
Session ID: d55b172d-728d-4981-981c-f8d1f455936e[0m
[DEBUG] 2023-03-30 10:53:42.202 Generic:167 - Successfully Visibility  ----> Mumbai Colony 1152
[DEBUG] 2023-03-30 10:53:42.365 Generic:51 - Actual element --> Mumbai Colony 1152
[DEBUG] 2023-03-30 10:53:42.370 MyListeners:56 - [1;31m[org.testng.asserts.SoftAssert.assertAll(SoftAssert.java:47), org.testng.asserts.SoftAssert.assertAll(SoftAssert.java:31), com.oneapp.basic.Generic.softAssertion(Generic.java:52), com.oneapp.page_actions.Goodlife_Profile_Details_Form_299_Page_Action.addressField299PlanAssertionAction(Goodlife_Profile_Details_Form_299_Page_Action.java:51), com.oneapp.test_suits.GoodLife_testcases.validate_Goodlife_Non_member_299Plan_asOwner_testcase(GoodLife_testcases.java:70), java.base/jdk.internal.reflect.NativeMethodAccessorImpl.invoke0(Native Method), java.base/jdk.internal.reflect.NativeMethodAccessorImpl.invoke(NativeMethodAccessorImpl.java:77), java.base/jdk.internal.reflect.DelegatingMethodAccessorImpl.invoke(DelegatingMethodAccessorImpl.java:43), java.base/java.lang.reflect.Method.invoke(Method.java:568), org.testng.internal.MethodInvocationHelper.invokeMethod(MethodInvocationHelper.java:133), org.testng.internal.TestInvoker.invokeMethod(TestInvoker.java:598), org.testng.internal.TestInvoker.invokeTestMethod(TestInvoker.java:173), org.testng.internal.MethodRunner.runInSequence(MethodRunner.java:46), org.testng.internal.TestInvoker$MethodInvocationAgent.invoke(TestInvoker.java:824), org.testng.internal.TestInvoker.invokeTestMethods(TestInvoker.java:146), org.testng.internal.TestMethodWorker.invokeTestMethods(TestMethodWorker.java:146), org.testng.internal.TestMethodWorker.run(TestMethodWorker.java:128), java.base/java.util.ArrayList.forEach(ArrayList.java:1511), org.testng.TestRunner.privateRun(TestRunner.java:794), org.testng.TestRunner.run(TestRunner.java:596), org.testng.SuiteRunner.runTest(SuiteRunner.java:377), org.testng.SuiteRunner.runSequentially(SuiteRunner.java:371), org.testng.SuiteRunner.privateRun(SuiteRunner.java:332), org.testng.SuiteRunner.run(SuiteRunner.java:276), org.testng.SuiteRunnerWorker.runSuite(SuiteRunnerWorker.java:53), org.testng.SuiteRunnerWorker.run(SuiteRunnerWorker.java:96), org.testng.TestNG.runSuitesSequentially(TestNG.java:1212), org.testng.TestNG.runSuitesLocally(TestNG.java:1134), org.testng.TestNG.runSuites(TestNG.java:1063), org.testng.TestNG.run(TestNG.java:1031), org.testng.remote.AbstractRemoteTestNG.run(AbstractRemoteTestNG.java:115), org.testng.remote.RemoteTestNG.initAndRun(RemoteTestNG.java:251), org.testng.remote.RemoteTestNG.main(RemoteTestNG.java:77)][0m
[DEBUG] 2023-03-30 10:53:42.881 MyListeners:103 - [1;31mScreenshot stored at: D:\ECLIPSE_LATEST\HeroApp1/screenshots/validate_Goodlife_Non_member_299Plan_asOwner_testcase__T_h_u_ _M_a_r_ _3_0_ _1_0___5_3___4_2_ _I_S_T_ _2_0_2_3_.png[0m
[DEBUG] 2023-03-30 10:53:42.891 MyListeners:73 - [1;31mVALIDATE_GOODLIFE_NON_MEMBER_299PLAN_ASOWNER_TESTCASE - FAILURE[0m
[DEBUG] 2023-03-30 10:53:44.879 BrowserFactory:71 - Android Real device gets closed
[DEBUG] 2023-03-30 10:53:44.880 BrowserFactory:72 - ++++++++++++++++++++++++++++++++
[INFO ] 2023-03-30 16:49:31.935 Create_Driver_Session:51 - PLATFORM NAME IS --> Android
[INFO ] 2023-03-30 16:49:31.942 Create_Driver_Session:53 - DEVICE NAME IS --> Samsung
[INFO ] 2023-03-30 16:49:31.944 Create_Driver_Session:55 - PLATFORM VERSION IS --> 13.0
[INFO ] 2023-03-30 16:49:31.946 Create_Driver_Session:57 - AUTOMATION NAME IS --> UiAutomator2
[INFO ] 2023-03-30 16:49:31.948 Create_Driver_Session:59 - UDID IS --> RZCT904J89D
[INFO ] 2023-03-30 16:49:31.951 Create_Driver_Session:63 - App Location is D:\ECLIPSE_LATEST\HeroApp1\myfiles\app-debug-master-with-sit.apk
[INFO ] 2023-03-30 16:49:31.953 Create_Driver_Session:64 - App URL is https://hero-one-app-hero-one-app-sit.azurewebsites.net/
[DEBUG] 2023-03-30 16:49:55.355 BrowserFactory:57 - Android Real device gets opened
[DEBUG] 2023-03-30 16:49:59.026 BrowserFactory:59 - Application has been reset
[DEBUG] 2023-03-30 16:49:59.066 MyListeners:42 - [1;30mVALIDATE_GOODLIFE_NON_MEMBER_299PLAN_ASOWNER_TESTCASE - STARTS[0m
[DEBUG] 2023-03-30 16:50:01.229 Generic:167 - Successfully Visibility  ----> Allow
[DEBUG] 2023-03-30 16:50:01.633 Generic:151 - Successfully Click  ----> Allow
[DEBUG] 2023-03-30 16:50:02.743 Generic:167 - Successfully Visibility  ----> Enter mobile number
[DEBUG] 2023-03-30 16:50:02.745 Generic:177 - Successfully cleared textbox
[DEBUG] 2023-03-30 16:50:03.605 Generic:167 - Successfully Visibility  ----> Enter mobile number
[DEBUG] 2023-03-30 16:50:03.607 Generic:183 - Successfully enter value ----> 9958592171
[DEBUG] 2023-03-30 16:50:04.665 Generic:167 - Successfully Visibility  ----> Continue
[DEBUG] 2023-03-30 16:50:05.031 Generic:151 - Successfully Click  ----> Continue
[DEBUG] 2023-03-30 16:50:07.252 Generic:167 - Successfully Visibility  ----> Verify with OTP
[DEBUG] 2023-03-30 16:50:07.879 Generic:42 - Actual element --> Verify with OTP
[DEBUG] 2023-03-30 16:50:14.208 Generic:167 - Successfully Visibility  ----> Verify
[DEBUG] 2023-03-30 16:50:15.183 Generic:151 - Successfully Click  ----> Verify
[DEBUG] 2023-03-30 16:50:21.029 Generic:167 - Successfully Visibility  ----> Book service PAID
[DEBUG] 2023-03-30 16:50:21.158 Generic:42 - Actual element --> Book service PAID
[DEBUG] 2023-03-30 16:50:21.704 Generic:167 - Successfully Visibility  ----> Book service PAID
[DEBUG] 2023-03-30 16:50:22.197 Generic:151 - Successfully Click  ----> Book service PAID
[DEBUG] 2023-03-30 16:50:22.989 Selected_Vehicle_Page_Actions:48 - Book service PAID Vin selected
[DEBUG] 2023-03-30 16:50:23.804 Generic:167 - Successfully Visibility  ----> Continue
[DEBUG] 2023-03-30 16:50:24.184 Generic:151 - Successfully Click  ----> Continue
[DEBUG] 2023-03-30 16:50:29.877 Generic:167 - Successfully Visibility  ----> Only this time
[DEBUG] 2023-03-30 16:50:30.288 Generic:151 - Successfully Click  ----> Only this time
[DEBUG] 2023-03-30 16:50:41.226 Generic:167 - Successfully Visibility  ----> GoodLife
[DEBUG] 2023-03-30 16:50:42.043 Generic:151 - Successfully Click  ----> GoodLife
[DEBUG] 2023-03-30 16:50:45.526 Generic:167 - Successfully Visibility  ----> 
[DEBUG] 2023-03-30 16:50:45.956 Generic:151 - Successfully Click  ----> 
[DEBUG] 2023-03-30 16:50:50.758 Generic:103 - Swiped successfully
[DEBUG] 2023-03-30 16:50:58.735 Generic:167 - Successfully Visibility  ----> View all Benefits
[DEBUG] 2023-03-30 16:50:59.252 Generic:151 - Successfully Click  ----> View all Benefits
[DEBUG] 2023-03-30 16:51:01.187 Generic:167 - Successfully Visibility  ----> Select Plan
[DEBUG] 2023-03-30 16:51:01.895 Generic:151 - Successfully Click  ----> Select Plan
[DEBUG] 2023-03-30 16:51:03.435 Generic:167 - Successfully Visibility  ----> Owner
[DEBUG] 2023-03-30 16:51:03.720 Generic:151 - Successfully Click  ----> Owner
[DEBUG] 2023-03-30 16:51:04.346 Goodlife_Profile_Details_Form_299_Page_Action:40 - Now, owner is getting selected. Thanks!
[DEBUG] 2023-03-30 16:51:04.946 Generic:167 - Successfully Visibility  ----> 9958592171
[DEBUG] 2023-03-30 16:51:05.528 Generic:167 - Successfully Visibility  ----> 9958592171
[DEBUG] 2023-03-30 16:51:26.274 Generic:155 - [1;31morg.openqa.selenium.TimeoutException: Expected condition failed: waiting for element to be clickable: [[io.appium.java_client.android.AndroidDriver, Capabilities: {app=D:\ECLIPSE_LATEST\HeroApp1\myfiles\app-debug-master-with-sit.apk, appActivity=com.customerapp.hero.views.activity.splash.SplashActivity, appPackage=com.customerapp.hero, automationName=UiAutomator2, databaseEnabled=false, desired={platformName=android, app=D:\ECLIPSE_LATEST\HeroApp1\myfiles\app-debug-master-with-sit.apk, appActivity=com.customerapp.hero.views.activity.splash.SplashActivity, appPackage=com.customerapp.hero, newCommandTimeout=1200, automationName=UiAutomator2, deviceName=Samsung, platformVersion=13.0, udid=RZCT904J89D}, deviceApiLevel=33, deviceManufacturer=samsung, deviceModel=SM-M536B, deviceName=RZCT904J89D, deviceScreenDensity=450, deviceScreenSize=1080x2400, deviceUDID=RZCT904J89D, javascriptEnabled=true, locationContextEnabled=false, networkConnectionEnabled=true, newCommandTimeout=1200, pixelRatio=2.8125, platform=LINUX, platformName=Android, platformVersion=13, statBarHeight=90, takesScreenshot=true, udid=RZCT904J89D, viewportRect={left=0, top=90, width=1080, height=2085}, warnings={}, webStorageEnabled=false}] -> xpath: /hierarchy/android.widget.FrameLayout/android.widget.LinearLayout/android.widget.FrameLayout/android.widget.LinearLayout/android.widget.FrameLayout/android.view.ViewGroup/android.view.ViewGroup/android.view.ViewGroup/android.widget.FrameLayout/android.view.ViewGroup/android.widget.ScrollView/android.view.ViewGroup/android.widget.LinearLayout[2]/android.widget.FrameLayout/android.widget.EditText] (tried for 20 second(s) with 500 milliseconds interval)
Build info: version: '3.141.59', revision: 'e82be7d358', time: '2018-11-14T08:17:03'
System info: host: 'DESKTOP-A2S9SMV', ip: '192.168.0.107', os.name: 'Windows 10', os.arch: 'amd64', os.version: '10.0', java.version: '17.0.6'
Driver info: io.appium.java_client.android.AndroidDriver
Capabilities {app: D:\ECLIPSE_LATEST\HeroApp1\..., appActivity: com.customerapp.hero.views...., appPackage: com.customerapp.hero, automationName: UiAutomator2, databaseEnabled: false, desired: {app: D:\ECLIPSE_LATEST\HeroApp1\..., appActivity: com.customerapp.hero.views...., appPackage: com.customerapp.hero, automationName: UiAutomator2, deviceName: Samsung, newCommandTimeout: 1200, platformName: android, platformVersion: 13.0, udid: RZCT904J89D}, deviceApiLevel: 33, deviceManufacturer: samsung, deviceModel: SM-M536B, deviceName: RZCT904J89D, deviceScreenDensity: 450, deviceScreenSize: 1080x2400, deviceUDID: RZCT904J89D, javascriptEnabled: true, locationContextEnabled: false, networkConnectionEnabled: true, newCommandTimeout: 1200, pixelRatio: 2.8125, platform: LINUX, platformName: Android, platformVersion: 13, statBarHeight: 90, takesScreenshot: true, udid: RZCT904J89D, viewportRect: {height: 2085, left: 0, top: 90, width: 1080}, warnings: {}, webStorageEnabled: false}
Session ID: a26cda38-e873-40b5-9c52-4e7cbef3e7bd[0m
[DEBUG] 2023-03-30 16:51:26.793 Generic:167 - Successfully Visibility  ----> Mumbai Colony 1152
[DEBUG] 2023-03-30 16:51:26.967 Generic:51 - Actual element --> Mumbai Colony 1152
[DEBUG] 2023-03-30 16:51:30.973 Generic:103 - Swiped successfully
[DEBUG] 2023-03-30 16:51:38.300 Generic:167 - Successfully Visibility  ----> Continue
[DEBUG] 2023-03-30 16:51:38.794 Generic:151 - Successfully Click  ----> Continue
[DEBUG] 2023-03-30 16:51:39.976 Generic:167 - Successfully Visibility  ----> Nominee Name
[DEBUG] 2023-03-30 16:51:39.978 Generic:183 - Successfully enter value ----> Karan
[DEBUG] 2023-03-30 16:51:41.211 Generic:167 - Successfully Visibility  ----> Nominee Relationship with Member
[DEBUG] 2023-03-30 16:51:41.288 Generic:151 - Successfully Click  ----> Nominee Relationship with Member
[DEBUG] 2023-03-30 16:51:45.425 Generic:117 - Tap action performs succesfully
[DEBUG] 2023-03-30 16:51:49.618 Generic:167 - Successfully Visibility  ----> Nominee Contact Number
[DEBUG] 2023-03-30 16:51:49.620 Generic:183 - Successfully enter value ----> 8130998133
[DEBUG] 2023-03-30 16:51:50.941 Generic:167 - Successfully Visibility  ----> Nominee address same as member
[DEBUG] 2023-03-30 16:51:51.061 Generic:151 - Successfully Click  ----> Nominee address same as member
[DEBUG] 2023-03-30 16:51:52.261 Generic:167 - Successfully Visibility  ----> Mumbai Colony 1152
[DEBUG] 2023-03-30 16:51:52.313 Generic:51 - Actual element --> Mumbai Colony 1152
[DEBUG] 2023-03-30 16:51:52.327 MyListeners:56 - [1;31m[org.testng.asserts.SoftAssert.assertAll(SoftAssert.java:47), org.testng.asserts.SoftAssert.assertAll(SoftAssert.java:31), com.oneapp.basic.Generic.softAssertion(Generic.java:52), com.oneapp.page_actions.Goodlife_Insurance_Details_Form_299_Page_Action.addressFieldAssertionAction(Goodlife_Insurance_Details_Form_299_Page_Action.java:49), com.oneapp.test_suits.GoodLife_testcases.validate_Goodlife_Non_member_299Plan_asOwner_testcase(GoodLife_testcases.java:77), java.base/jdk.internal.reflect.NativeMethodAccessorImpl.invoke0(Native Method), java.base/jdk.internal.reflect.NativeMethodAccessorImpl.invoke(NativeMethodAccessorImpl.java:77), java.base/jdk.internal.reflect.DelegatingMethodAccessorImpl.invoke(DelegatingMethodAccessorImpl.java:43), java.base/java.lang.reflect.Method.invoke(Method.java:568), org.testng.internal.MethodInvocationHelper.invokeMethod(MethodInvocationHelper.java:133), org.testng.internal.TestInvoker.invokeMethod(TestInvoker.java:598), org.testng.internal.TestInvoker.invokeTestMethod(TestInvoker.java:173), org.testng.internal.MethodRunner.runInSequence(MethodRunner.java:46), org.testng.internal.TestInvoker$MethodInvocationAgent.invoke(TestInvoker.java:824), org.testng.internal.TestInvoker.invokeTestMethods(TestInvoker.java:146), org.testng.internal.TestMethodWorker.invokeTestMethods(TestMethodWorker.java:146), org.testng.internal.TestMethodWorker.run(TestMethodWorker.java:128), java.base/java.util.ArrayList.forEach(ArrayList.java:1511), org.testng.TestRunner.privateRun(TestRunner.java:794), org.testng.TestRunner.run(TestRunner.java:596), org.testng.SuiteRunner.runTest(SuiteRunner.java:377), org.testng.SuiteRunner.runSequentially(SuiteRunner.java:371), org.testng.SuiteRunner.privateRun(SuiteRunner.java:332), org.testng.SuiteRunner.run(SuiteRunner.java:276), org.testng.SuiteRunnerWorker.runSuite(SuiteRunnerWorker.java:53), org.testng.SuiteRunnerWorker.run(SuiteRunnerWorker.java:96), org.testng.TestNG.runSuitesSequentially(TestNG.java:1212), org.testng.TestNG.runSuitesLocally(TestNG.java:1134), org.testng.TestNG.runSuites(TestNG.java:1063), org.testng.TestNG.run(TestNG.java:1031), org.testng.remote.AbstractRemoteTestNG.run(AbstractRemoteTestNG.java:115), org.testng.remote.RemoteTestNG.initAndRun(RemoteTestNG.java:251), org.testng.remote.RemoteTestNG.main(RemoteTestNG.java:77)][0m
[DEBUG] 2023-03-30 16:51:52.840 MyListeners:103 - [1;31mScreenshot stored at: D:\ECLIPSE_LATEST\HeroApp1/screenshots/validate_Goodlife_Non_member_299Plan_asOwner_testcase__T_h_u_ _M_a_r_ _3_0_ _1_6___5_1___5_2_ _I_S_T_ _2_0_2_3_.png[0m
[DEBUG] 2023-03-30 16:51:52.848 MyListeners:73 - [1;31mVALIDATE_GOODLIFE_NON_MEMBER_299PLAN_ASOWNER_TESTCASE - FAILURE[0m
[DEBUG] 2023-03-30 16:51:54.591 BrowserFactory:71 - Android Real device gets closed
[DEBUG] 2023-03-30 16:51:54.592 BrowserFactory:72 - ++++++++++++++++++++++++++++++++
[INFO ] 2023-03-30 17:18:28.417 Create_Driver_Session:51 - PLATFORM NAME IS --> Android
[INFO ] 2023-03-30 17:18:28.421 Create_Driver_Session:53 - DEVICE NAME IS --> Samsung
[INFO ] 2023-03-30 17:18:28.422 Create_Driver_Session:55 - PLATFORM VERSION IS --> 13.0
[INFO ] 2023-03-30 17:18:28.423 Create_Driver_Session:57 - AUTOMATION NAME IS --> UiAutomator2
[INFO ] 2023-03-30 17:18:28.424 Create_Driver_Session:59 - UDID IS --> RZCT904J89D
[INFO ] 2023-03-30 17:18:28.425 Create_Driver_Session:63 - App Location is D:\ECLIPSE_LATEST\HeroApp1\myfiles\app-debug-master-with-sit.apk
[INFO ] 2023-03-30 17:18:28.428 Create_Driver_Session:64 - App URL is https://hero-one-app-hero-one-app-sit.azurewebsites.net/
[DEBUG] 2023-03-30 17:18:49.358 BrowserFactory:57 - Android Real device gets opened
[DEBUG] 2023-03-30 17:18:52.860 BrowserFactory:59 - Application has been reset
[DEBUG] 2023-03-30 17:18:52.891 MyListeners:42 - [1;30mVALIDATE_GOODLIFE_NON_MEMBER_299PLAN_ASOWNER_TESTCASE - STARTS[0m
[DEBUG] 2023-03-30 17:18:55.147 Generic:167 - Successfully Visibility  ----> Allow
[DEBUG] 2023-03-30 17:18:55.574 Generic:151 - Successfully Click  ----> Allow
[DEBUG] 2023-03-30 17:18:56.697 Generic:167 - Successfully Visibility  ----> Enter mobile number
[DEBUG] 2023-03-30 17:18:56.699 Generic:177 - Successfully cleared textbox
[DEBUG] 2023-03-30 17:18:57.668 Generic:167 - Successfully Visibility  ----> Enter mobile number
[DEBUG] 2023-03-30 17:18:57.671 Generic:183 - Successfully enter value ----> 9958592171
[DEBUG] 2023-03-30 17:18:59.259 Generic:167 - Successfully Visibility  ----> Continue
[DEBUG] 2023-03-30 17:19:00.211 Generic:151 - Successfully Click  ----> Continue
[DEBUG] 2023-03-30 17:19:02.653 Generic:167 - Successfully Visibility  ----> Verify with OTP
[DEBUG] 2023-03-30 17:19:03.289 Generic:42 - Actual element --> Verify with OTP
[DEBUG] 2023-03-30 17:19:09.722 Generic:167 - Successfully Visibility  ----> Verify
[DEBUG] 2023-03-30 17:19:10.684 Generic:151 - Successfully Click  ----> Verify
[DEBUG] 2023-03-30 17:19:16.086 Generic:167 - Successfully Visibility  ----> Book service PAID
[DEBUG] 2023-03-30 17:19:16.227 Generic:42 - Actual element --> Book service PAID
[DEBUG] 2023-03-30 17:19:16.852 Generic:167 - Successfully Visibility  ----> Book service PAID
[DEBUG] 2023-03-30 17:19:17.323 Generic:151 - Successfully Click  ----> Book service PAID
[DEBUG] 2023-03-30 17:19:18.121 Selected_Vehicle_Page_Actions:48 - Book service PAID Vin selected
[DEBUG] 2023-03-30 17:19:18.455 Generic:167 - Successfully Visibility  ----> Continue
[DEBUG] 2023-03-30 17:19:18.775 Generic:151 - Successfully Click  ----> Continue
[DEBUG] 2023-03-30 17:19:24.480 Generic:167 - Successfully Visibility  ----> Only this time
[DEBUG] 2023-03-30 17:19:24.850 Generic:151 - Successfully Click  ----> Only this time
[DEBUG] 2023-03-30 17:19:34.791 Generic:167 - Successfully Visibility  ----> GoodLife
[DEBUG] 2023-03-30 17:19:37.168 Generic:151 - Successfully Click  ----> GoodLife
[DEBUG] 2023-03-30 17:19:40.482 Generic:167 - Successfully Visibility  ----> 
[DEBUG] 2023-03-30 17:19:40.875 Generic:151 - Successfully Click  ----> 
[DEBUG] 2023-03-30 17:19:45.043 Generic:103 - Swiped successfully
[DEBUG] 2023-03-30 17:19:53.047 Generic:167 - Successfully Visibility  ----> View all Benefits
[DEBUG] 2023-03-30 17:19:53.618 Generic:151 - Successfully Click  ----> View all Benefits
[DEBUG] 2023-03-30 17:19:55.109 Generic:167 - Successfully Visibility  ----> Select Plan
[DEBUG] 2023-03-30 17:19:55.826 Generic:151 - Successfully Click  ----> Select Plan
[DEBUG] 2023-03-30 17:19:57.360 Generic:167 - Successfully Visibility  ----> Owner
[DEBUG] 2023-03-30 17:19:57.644 Generic:151 - Successfully Click  ----> Owner
[DEBUG] 2023-03-30 17:19:57.776 Goodlife_Profile_Details_Form_299_Page_Action:40 - Now, owner is getting selected. Thanks!
[DEBUG] 2023-03-30 17:19:58.794 Generic:167 - Successfully Visibility  ----> 9958592171
[DEBUG] 2023-03-30 17:19:59.900 Generic:167 - Successfully Visibility  ----> 9958592171
[DEBUG] 2023-03-30 17:20:20.808 Generic:155 - [1;31morg.openqa.selenium.TimeoutException: Expected condition failed: waiting for element to be clickable: [[io.appium.java_client.android.AndroidDriver, Capabilities: {app=D:\ECLIPSE_LATEST\HeroApp1\myfiles\app-debug-master-with-sit.apk, appActivity=com.customerapp.hero.views.activity.splash.SplashActivity, appPackage=com.customerapp.hero, automationName=UiAutomator2, databaseEnabled=false, desired={platformName=android, app=D:\ECLIPSE_LATEST\HeroApp1\myfiles\app-debug-master-with-sit.apk, appActivity=com.customerapp.hero.views.activity.splash.SplashActivity, appPackage=com.customerapp.hero, newCommandTimeout=1200, automationName=UiAutomator2, deviceName=Samsung, platformVersion=13.0, udid=RZCT904J89D}, deviceApiLevel=33, deviceManufacturer=samsung, deviceModel=SM-M536B, deviceName=RZCT904J89D, deviceScreenDensity=450, deviceScreenSize=1080x2400, deviceUDID=RZCT904J89D, javascriptEnabled=true, locationContextEnabled=false, networkConnectionEnabled=true, newCommandTimeout=1200, pixelRatio=2.8125, platform=LINUX, platformName=Android, platformVersion=13, statBarHeight=90, takesScreenshot=true, udid=RZCT904J89D, viewportRect={left=0, top=90, width=1080, height=2085}, warnings={}, webStorageEnabled=false}] -> xpath: /hierarchy/android.widget.FrameLayout/android.widget.LinearLayout/android.widget.FrameLayout/android.widget.LinearLayout/android.widget.FrameLayout/android.view.ViewGroup/android.view.ViewGroup/android.view.ViewGroup/android.widget.FrameLayout/android.view.ViewGroup/android.widget.ScrollView/android.view.ViewGroup/android.widget.LinearLayout[2]/android.widget.FrameLayout/android.widget.EditText] (tried for 20 second(s) with 500 milliseconds interval)
Build info: version: '3.141.59', revision: 'e82be7d358', time: '2018-11-14T08:17:03'
System info: host: 'DESKTOP-A2S9SMV', ip: '192.168.0.107', os.name: 'Windows 10', os.arch: 'amd64', os.version: '10.0', java.version: '17.0.6'
Driver info: io.appium.java_client.android.AndroidDriver
Capabilities {app: D:\ECLIPSE_LATEST\HeroApp1\..., appActivity: com.customerapp.hero.views...., appPackage: com.customerapp.hero, automationName: UiAutomator2, databaseEnabled: false, desired: {app: D:\ECLIPSE_LATEST\HeroApp1\..., appActivity: com.customerapp.hero.views...., appPackage: com.customerapp.hero, automationName: UiAutomator2, deviceName: Samsung, newCommandTimeout: 1200, platformName: android, platformVersion: 13.0, udid: RZCT904J89D}, deviceApiLevel: 33, deviceManufacturer: samsung, deviceModel: SM-M536B, deviceName: RZCT904J89D, deviceScreenDensity: 450, deviceScreenSize: 1080x2400, deviceUDID: RZCT904J89D, javascriptEnabled: true, locationContextEnabled: false, networkConnectionEnabled: true, newCommandTimeout: 1200, pixelRatio: 2.8125, platform: LINUX, platformName: Android, platformVersion: 13, statBarHeight: 90, takesScreenshot: true, udid: RZCT904J89D, viewportRect: {height: 2085, left: 0, top: 90, width: 1080}, warnings: {}, webStorageEnabled: false}
Session ID: 5150ccb2-fc29-43ce-b9fc-6e312f1e9778[0m
[DEBUG] 2023-03-30 17:20:21.308 Generic:167 - Successfully Visibility  ----> Mumbai Colony 1152
[DEBUG] 2023-03-30 17:20:21.481 Generic:51 - Actual element --> Mumbai Colony 1152
[DEBUG] 2023-03-30 17:20:25.488 Generic:103 - Swiped successfully
[DEBUG] 2023-03-30 17:20:32.373 Generic:167 - Successfully Visibility  ----> Continue
[DEBUG] 2023-03-30 17:20:32.905 Generic:151 - Successfully Click  ----> Continue
[DEBUG] 2023-03-30 17:20:33.906 Generic:167 - Successfully Visibility  ----> Nominee Name
[DEBUG] 2023-03-30 17:20:33.907 Generic:183 - Successfully enter value ----> Karan
[DEBUG] 2023-03-30 17:20:35.138 Generic:167 - Successfully Visibility  ----> Nominee Relationship with Member
[DEBUG] 2023-03-30 17:20:35.218 Generic:151 - Successfully Click  ----> Nominee Relationship with Member
[DEBUG] 2023-03-30 17:20:39.335 Generic:117 - Tap action performs succesfully
[DEBUG] 2023-03-30 17:20:43.425 Generic:167 - Successfully Visibility  ----> Nominee Contact Number
[DEBUG] 2023-03-30 17:20:43.426 Generic:183 - Successfully enter value ----> 8130998133
[DEBUG] 2023-03-30 17:20:44.658 Generic:167 - Successfully Visibility  ----> Nominee address same as member
[DEBUG] 2023-03-30 17:20:44.762 Generic:151 - Successfully Click  ----> Nominee address same as member
[DEBUG] 2023-03-30 17:20:45.935 Generic:167 - Successfully Visibility  ----> Mumbai Colony 1152
[DEBUG] 2023-03-30 17:20:45.973 Generic:51 - Actual element --> Mumbai Colony 1152
[DEBUG] 2023-03-30 17:20:49.980 Generic:103 - Swiped successfully
[DEBUG] 2023-03-30 17:20:56.585 Generic:167 - Successfully Visibility  ----> Relation Type
[DEBUG] 2023-03-30 17:20:56.640 Generic:151 - Successfully Click  ----> Relation Type
[DEBUG] 2023-03-30 17:21:00.756 Generic:117 - Tap action performs succesfully
[DEBUG] 2023-03-30 17:21:34.626 Generic:171 - [1;31morg.openqa.selenium.TimeoutException: Expected condition failed: waiting for visibility of Proxy element for: DefaultElementLocator 'By.xpath: /hierarchy/android.widget.FrameLayout/android.widget.LinearLayout/android.widget.FrameLayout/android.widget.LinearLayout/android.widget.FrameLayout/android.view.ViewGroup/android.view.ViewGroup/android.view.ViewGroup/android.widget.FrameLayout/android.view.ViewGroup/android.widget.ScrollView/android.view.ViewGroup/android.widget.LinearLayout[6]/android.widget.FrameLayout/android.widget.EditText' (tried for 20 second(s) with 500 milliseconds interval)[0m
[DEBUG] 2023-03-30 17:21:34.628 Generic:183 - Successfully enter value ----> Raj
[DEBUG] 2023-03-30 17:21:44.737 MyListeners:56 - [1;31m[java.base/jdk.internal.reflect.NativeConstructorAccessorImpl.newInstance0(Native Method), java.base/jdk.internal.reflect.NativeConstructorAccessorImpl.newInstance(NativeConstructorAccessorImpl.java:77), java.base/jdk.internal.reflect.DelegatingConstructorAccessorImpl.newInstance(DelegatingConstructorAccessorImpl.java:45), java.base/java.lang.reflect.Constructor.newInstanceWithCaller(Constructor.java:499), java.base/java.lang.reflect.Constructor.newInstance(Constructor.java:480), org.openqa.selenium.remote.http.W3CHttpResponseCodec.createException(W3CHttpResponseCodec.java:187), org.openqa.selenium.remote.http.W3CHttpResponseCodec.decode(W3CHttpResponseCodec.java:122), org.openqa.selenium.remote.http.W3CHttpResponseCodec.decode(W3CHttpResponseCodec.java:49), org.openqa.selenium.remote.HttpCommandExecutor.execute(HttpCommandExecutor.java:158), io.appium.java_client.remote.AppiumCommandExecutor.execute(AppiumCommandExecutor.java:250), org.openqa.selenium.remote.RemoteWebDriver.execute(RemoteWebDriver.java:552), io.appium.java_client.DefaultGenericMobileDriver.execute(DefaultGenericMobileDriver.java:41), io.appium.java_client.AppiumDriver.execute(AppiumDriver.java:1), io.appium.java_client.android.AndroidDriver.execute(AndroidDriver.java:1), org.openqa.selenium.remote.RemoteWebDriver.findElement(RemoteWebDriver.java:323), io.appium.java_client.DefaultGenericMobileDriver.findElement(DefaultGenericMobileDriver.java:61), io.appium.java_client.AppiumDriver.findElement(AppiumDriver.java:1), io.appium.java_client.android.AndroidDriver.findElement(AndroidDriver.java:1), org.openqa.selenium.remote.RemoteWebDriver.findElementByXPath(RemoteWebDriver.java:428), io.appium.java_client.DefaultGenericMobileDriver.findElementByXPath(DefaultGenericMobileDriver.java:151), io.appium.java_client.AppiumDriver.findElementByXPath(AppiumDriver.java:1), io.appium.java_client.android.AndroidDriver.findElementByXPath(AndroidDriver.java:1), org.openqa.selenium.By$ByXPath.findElement(By.java:353), org.openqa.selenium.remote.RemoteWebDriver.findElement(RemoteWebDriver.java:315), io.appium.java_client.DefaultGenericMobileDriver.findElement(DefaultGenericMobileDriver.java:57), io.appium.java_client.AppiumDriver.findElement(AppiumDriver.java:1), io.appium.java_client.android.AndroidDriver.findElement(AndroidDriver.java:1), org.openqa.selenium.support.pagefactory.DefaultElementLocator.findElement(DefaultElementLocator.java:69), org.openqa.selenium.support.pagefactory.internal.LocatingElementHandler.invoke(LocatingElementHandler.java:38), jdk.proxy2/jdk.proxy2.$Proxy29.sendKeys(Unknown Source), com.oneapp.basic.Generic.sendKeysOnTextfields(Generic.java:184), com.oneapp.page_actions.Goodlife_Insurance_Details_Form_299_Page_Action.enterRelativeNameAction(Goodlife_Insurance_Details_Form_299_Page_Action.java:59), com.oneapp.test_suits.GoodLife_testcases.validate_Goodlife_Non_member_299Plan_asOwner_testcase(GoodLife_testcases.java:79), java.base/jdk.internal.reflect.NativeMethodAccessorImpl.invoke0(Native Method), java.base/jdk.internal.reflect.NativeMethodAccessorImpl.invoke(NativeMethodAccessorImpl.java:77), java.base/jdk.internal.reflect.DelegatingMethodAccessorImpl.invoke(DelegatingMethodAccessorImpl.java:43), java.base/java.lang.reflect.Method.invoke(Method.java:568), org.testng.internal.MethodInvocationHelper.invokeMethod(MethodInvocationHelper.java:133), org.testng.internal.TestInvoker.invokeMethod(TestInvoker.java:598), org.testng.internal.TestInvoker.invokeTestMethod(TestInvoker.java:173), org.testng.internal.MethodRunner.runInSequence(MethodRunner.java:46), org.testng.internal.TestInvoker$MethodInvocationAgent.invoke(TestInvoker.java:824), org.testng.internal.TestInvoker.invokeTestMethods(TestInvoker.java:146), org.testng.internal.TestMethodWorker.invokeTestMethods(TestMethodWorker.java:146), org.testng.internal.TestMethodWorker.run(TestMethodWorker.java:128), java.base/java.util.ArrayList.forEach(ArrayList.java:1511), org.testng.TestRunner.privateRun(TestRunner.java:794), org.testng.TestRunner.run(TestRunner.java:596), org.testng.SuiteRunner.runTest(SuiteRunner.java:377), org.testng.SuiteRunner.runSequentially(SuiteRunner.java:371), org.testng.SuiteRunner.privateRun(SuiteRunner.java:332), org.testng.SuiteRunner.run(SuiteRunner.java:276), org.testng.SuiteRunnerWorker.runSuite(SuiteRunnerWorker.java:53), org.testng.SuiteRunnerWorker.run(SuiteRunnerWorker.java:96), org.testng.TestNG.runSuitesSequentially(TestNG.java:1212), org.testng.TestNG.runSuitesLocally(TestNG.java:1134), org.testng.TestNG.runSuites(TestNG.java:1063), org.testng.TestNG.run(TestNG.java:1031), org.testng.remote.AbstractRemoteTestNG.run(AbstractRemoteTestNG.java:115), org.testng.remote.RemoteTestNG.initAndRun(RemoteTestNG.java:251), org.testng.remote.RemoteTestNG.main(RemoteTestNG.java:77)][0m
[DEBUG] 2023-03-30 17:21:45.151 MyListeners:103 - [1;31mScreenshot stored at: D:\ECLIPSE_LATEST\HeroApp1/screenshots/validate_Goodlife_Non_member_299Plan_asOwner_testcase__T_h_u_ _M_a_r_ _3_0_ _1_7___2_1___4_4_ _I_S_T_ _2_0_2_3_.png[0m
[DEBUG] 2023-03-30 17:21:45.157 MyListeners:73 - [1;31mVALIDATE_GOODLIFE_NON_MEMBER_299PLAN_ASOWNER_TESTCASE - FAILURE[0m
[DEBUG] 2023-03-30 17:21:46.928 BrowserFactory:71 - Android Real device gets closed
[DEBUG] 2023-03-30 17:21:46.929 BrowserFactory:72 - ++++++++++++++++++++++++++++++++
[INFO ] 2023-03-30 18:46:19.495 Create_Driver_Session:51 - PLATFORM NAME IS --> Android
[INFO ] 2023-03-30 18:46:19.500 Create_Driver_Session:53 - DEVICE NAME IS --> Samsung
[INFO ] 2023-03-30 18:46:19.502 Create_Driver_Session:55 - PLATFORM VERSION IS --> 13.0
[INFO ] 2023-03-30 18:46:19.503 Create_Driver_Session:57 - AUTOMATION NAME IS --> UiAutomator2
[INFO ] 2023-03-30 18:46:19.504 Create_Driver_Session:59 - UDID IS --> RZCT904J89D
[INFO ] 2023-03-30 18:46:19.505 Create_Driver_Session:63 - App Location is D:\ECLIPSE_LATEST\HeroApp1\myfiles\app-debug-master-with-sit.apk
[INFO ] 2023-03-30 18:46:19.506 Create_Driver_Session:64 - App URL is https://hero-one-app-hero-one-app-sit.azurewebsites.net/
[DEBUG] 2023-03-30 18:46:39.914 BrowserFactory:57 - Android Real device gets opened
[DEBUG] 2023-03-30 18:46:43.364 BrowserFactory:59 - Application has been reset
[DEBUG] 2023-03-30 18:46:43.395 MyListeners:42 - [1;30mVALIDATE_GOODLIFE_NON_MEMBER_299PLAN_ASOWNER_TESTCASE - STARTS[0m
[DEBUG] 2023-03-30 18:46:45.267 Generic:167 - Successfully Visibility  ----> Allow
[DEBUG] 2023-03-30 18:46:45.537 Generic:151 - Successfully Click  ----> Allow
[DEBUG] 2023-03-30 18:46:46.519 Generic:167 - Successfully Visibility  ----> Enter mobile number
[DEBUG] 2023-03-30 18:46:46.520 Generic:177 - Successfully cleared textbox
[DEBUG] 2023-03-30 18:46:47.306 Generic:167 - Successfully Visibility  ----> Enter mobile number
[DEBUG] 2023-03-30 18:46:49.315 Generic:189 - Successfully enter value ----> 9958592171
[DEBUG] 2023-03-30 18:46:50.726 Generic:167 - Successfully Visibility  ----> Continue
[DEBUG] 2023-03-30 18:46:51.022 Generic:151 - Successfully Click  ----> Continue
[DEBUG] 2023-03-30 18:46:53.059 Generic:167 - Successfully Visibility  ----> Verify with OTP
[DEBUG] 2023-03-30 18:46:53.127 Generic:42 - Actual element --> Verify with OTP
[DEBUG] 2023-03-30 18:47:00.210 Generic:167 - Successfully Visibility  ----> Verify
[DEBUG] 2023-03-30 18:47:01.237 Generic:151 - Successfully Click  ----> Verify
[DEBUG] 2023-03-30 18:47:06.323 Generic:167 - Successfully Visibility  ----> Book service PAID
[DEBUG] 2023-03-30 18:47:06.513 Generic:42 - Actual element --> Book service PAID
[DEBUG] 2023-03-30 18:47:07.197 Generic:167 - Successfully Visibility  ----> Book service PAID
[DEBUG] 2023-03-30 18:47:07.631 Generic:151 - Successfully Click  ----> Book service PAID
[DEBUG] 2023-03-30 18:47:08.405 Selected_Vehicle_Page_Actions:48 - Book service PAID Vin selected
[DEBUG] 2023-03-30 18:47:08.675 Generic:167 - Successfully Visibility  ----> Continue
[DEBUG] 2023-03-30 18:47:08.982 Generic:151 - Successfully Click  ----> Continue
[DEBUG] 2023-03-30 18:47:14.582 Generic:167 - Successfully Visibility  ----> Only this time
[DEBUG] 2023-03-30 18:47:14.893 Generic:151 - Successfully Click  ----> Only this time
[DEBUG] 2023-03-30 18:47:22.336 Generic:167 - Successfully Visibility  ----> GoodLife
[DEBUG] 2023-03-30 18:47:23.143 Generic:151 - Successfully Click  ----> GoodLife
[DEBUG] 2023-03-30 18:47:26.550 Generic:167 - Successfully Visibility  ----> 
[DEBUG] 2023-03-30 18:47:27.470 Generic:151 - Successfully Click  ----> 
[DEBUG] 2023-03-30 18:47:31.615 Generic:103 - Swiped successfully
[DEBUG] 2023-03-30 18:47:39.612 Generic:167 - Successfully Visibility  ----> View all Benefits
[DEBUG] 2023-03-30 18:47:40.106 Generic:151 - Successfully Click  ----> View all Benefits
[DEBUG] 2023-03-30 18:47:41.861 Generic:167 - Successfully Visibility  ----> Select Plan
[DEBUG] 2023-03-30 18:47:42.567 Generic:151 - Successfully Click  ----> Select Plan
[DEBUG] 2023-03-30 18:47:44.059 Generic:167 - Successfully Visibility  ----> Owner
[DEBUG] 2023-03-30 18:47:44.315 Generic:151 - Successfully Click  ----> Owner
[DEBUG] 2023-03-30 18:47:44.422 Goodlife_Profile_Details_Form_299_Page_Action:40 - Now, owner is getting selected. Thanks!
[DEBUG] 2023-03-30 18:47:45.455 Generic:167 - Successfully Visibility  ----> 9958592171
[DEBUG] 2023-03-30 18:47:45.995 Generic:167 - Successfully Visibility  ----> 9958592171
[DEBUG] 2023-03-30 18:48:06.410 Generic:155 - [1;31morg.openqa.selenium.TimeoutException: Expected condition failed: waiting for element to be clickable: [[io.appium.java_client.android.AndroidDriver, Capabilities: {app=D:\ECLIPSE_LATEST\HeroApp1\myfiles\app-debug-master-with-sit.apk, appActivity=com.customerapp.hero.views.activity.splash.SplashActivity, appPackage=com.customerapp.hero, automationName=UiAutomator2, databaseEnabled=false, desired={platformName=android, app=D:\ECLIPSE_LATEST\HeroApp1\myfiles\app-debug-master-with-sit.apk, appActivity=com.customerapp.hero.views.activity.splash.SplashActivity, appPackage=com.customerapp.hero, newCommandTimeout=1200, automationName=UiAutomator2, deviceName=Samsung, platformVersion=13.0, udid=RZCT904J89D}, deviceApiLevel=33, deviceManufacturer=samsung, deviceModel=SM-M536B, deviceName=RZCT904J89D, deviceScreenDensity=450, deviceScreenSize=1080x2400, deviceUDID=RZCT904J89D, javascriptEnabled=true, locationContextEnabled=false, networkConnectionEnabled=true, newCommandTimeout=1200, pixelRatio=2.8125, platform=LINUX, platformName=Android, platformVersion=13, statBarHeight=90, takesScreenshot=true, udid=RZCT904J89D, viewportRect={left=0, top=90, width=1080, height=2085}, warnings={}, webStorageEnabled=false}] -> xpath: /hierarchy/android.widget.FrameLayout/android.widget.LinearLayout/android.widget.FrameLayout/android.widget.LinearLayout/android.widget.FrameLayout/android.view.ViewGroup/android.view.ViewGroup/android.view.ViewGroup/android.widget.FrameLayout/android.view.ViewGroup/android.widget.ScrollView/android.view.ViewGroup/android.widget.LinearLayout[2]/android.widget.FrameLayout/android.widget.EditText] (tried for 20 second(s) with 500 milliseconds interval)
Build info: version: '3.141.59', revision: 'e82be7d358', time: '2018-11-14T08:17:03'
System info: host: 'DESKTOP-A2S9SMV', ip: '192.168.0.107', os.name: 'Windows 10', os.arch: 'amd64', os.version: '10.0', java.version: '17.0.6'
Driver info: io.appium.java_client.android.AndroidDriver
Capabilities {app: D:\ECLIPSE_LATEST\HeroApp1\..., appActivity: com.customerapp.hero.views...., appPackage: com.customerapp.hero, automationName: UiAutomator2, databaseEnabled: false, desired: {app: D:\ECLIPSE_LATEST\HeroApp1\..., appActivity: com.customerapp.hero.views...., appPackage: com.customerapp.hero, automationName: UiAutomator2, deviceName: Samsung, newCommandTimeout: 1200, platformName: android, platformVersion: 13.0, udid: RZCT904J89D}, deviceApiLevel: 33, deviceManufacturer: samsung, deviceModel: SM-M536B, deviceName: RZCT904J89D, deviceScreenDensity: 450, deviceScreenSize: 1080x2400, deviceUDID: RZCT904J89D, javascriptEnabled: true, locationContextEnabled: false, networkConnectionEnabled: true, newCommandTimeout: 1200, pixelRatio: 2.8125, platform: LINUX, platformName: Android, platformVersion: 13, statBarHeight: 90, takesScreenshot: true, udid: RZCT904J89D, viewportRect: {height: 2085, left: 0, top: 90, width: 1080}, warnings: {}, webStorageEnabled: false}
Session ID: f90d8fc7-9042-4bb0-9580-625825cc8e3f[0m
[DEBUG] 2023-03-30 18:48:06.897 Generic:167 - Successfully Visibility  ----> Mumbai Colony 1152
[DEBUG] 2023-03-30 18:48:07.051 Generic:51 - Actual element --> Mumbai Colony 1152
[DEBUG] 2023-03-30 18:48:11.064 Generic:103 - Swiped successfully
[DEBUG] 2023-03-30 18:48:17.941 Generic:167 - Successfully Visibility  ----> Continue
[DEBUG] 2023-03-30 18:48:18.466 Generic:151 - Successfully Click  ----> Continue
[DEBUG] 2023-03-30 18:48:19.590 Generic:167 - Successfully Visibility  ----> Nominee Name
[DEBUG] 2023-03-30 18:48:21.599 Generic:189 - Successfully enter value ----> Karan
[DEBUG] 2023-03-30 18:48:22.796 Generic:167 - Successfully Visibility  ----> Nominee Relationship with Member
[DEBUG] 2023-03-30 18:48:22.881 Generic:151 - Successfully Click  ----> Nominee Relationship with Member
[DEBUG] 2023-03-30 18:48:27.059 Generic:117 - Tap action performs succesfully
[DEBUG] 2023-03-30 18:48:31.133 Generic:167 - Successfully Visibility  ----> Nominee Contact Number
[DEBUG] 2023-03-30 18:48:33.141 Generic:189 - Successfully enter value ----> 8130998133
[DEBUG] 2023-03-30 18:48:34.367 Generic:167 - Successfully Visibility  ----> Nominee address same as member
[DEBUG] 2023-03-30 18:48:34.452 Generic:151 - Successfully Click  ----> Nominee address same as member
[DEBUG] 2023-03-30 18:48:35.741 Generic:167 - Successfully Visibility  ----> Mumbai Colony 1152
[DEBUG] 2023-03-30 18:48:35.780 Generic:51 - Actual element --> Mumbai Colony 1152
[DEBUG] 2023-03-30 18:48:39.782 Generic:103 - Swiped successfully
[DEBUG] 2023-03-30 18:48:46.347 Generic:167 - Successfully Visibility  ----> Relation Type
[DEBUG] 2023-03-30 18:48:46.424 Generic:151 - Successfully Click  ----> Relation Type
[DEBUG] 2023-03-30 18:48:50.548 Generic:117 - Tap action performs succesfully
[DEBUG] 2023-03-30 18:49:24.622 Generic:171 - [1;31morg.openqa.selenium.TimeoutException: Expected condition failed: waiting for visibility of Proxy element for: DefaultElementLocator 'By.xpath: /hierarchy/android.widget.FrameLayout/android.widget.LinearLayout/android.widget.FrameLayout/android.widget.LinearLayout/android.widget.FrameLayout/android.view.ViewGroup/android.view.ViewGroup/android.view.ViewGroup/android.widget.FrameLayout/android.view.ViewGroup/android.widget.ScrollView/android.view.ViewGroup/android.widget.LinearLayout[6]/android.widget.FrameLayout/android.widget.EditText' (tried for 20 second(s) with 500 milliseconds interval)[0m
[DEBUG] 2023-03-30 18:49:26.626 Generic:189 - Successfully enter value ----> Raj
[DEBUG] 2023-03-30 18:49:36.757 MyListeners:56 - [1;31m[java.base/jdk.internal.reflect.NativeConstructorAccessorImpl.newInstance0(Native Method), java.base/jdk.internal.reflect.NativeConstructorAccessorImpl.newInstance(NativeConstructorAccessorImpl.java:77), java.base/jdk.internal.reflect.DelegatingConstructorAccessorImpl.newInstance(DelegatingConstructorAccessorImpl.java:45), java.base/java.lang.reflect.Constructor.newInstanceWithCaller(Constructor.java:499), java.base/java.lang.reflect.Constructor.newInstance(Constructor.java:480), org.openqa.selenium.remote.http.W3CHttpResponseCodec.createException(W3CHttpResponseCodec.java:187), org.openqa.selenium.remote.http.W3CHttpResponseCodec.decode(W3CHttpResponseCodec.java:122), org.openqa.selenium.remote.http.W3CHttpResponseCodec.decode(W3CHttpResponseCodec.java:49), org.openqa.selenium.remote.HttpCommandExecutor.execute(HttpCommandExecutor.java:158), io.appium.java_client.remote.AppiumCommandExecutor.execute(AppiumCommandExecutor.java:250), org.openqa.selenium.remote.RemoteWebDriver.execute(RemoteWebDriver.java:552), io.appium.java_client.DefaultGenericMobileDriver.execute(DefaultGenericMobileDriver.java:41), io.appium.java_client.AppiumDriver.execute(AppiumDriver.java:1), io.appium.java_client.android.AndroidDriver.execute(AndroidDriver.java:1), org.openqa.selenium.remote.RemoteWebDriver.findElement(RemoteWebDriver.java:323), io.appium.java_client.DefaultGenericMobileDriver.findElement(DefaultGenericMobileDriver.java:61), io.appium.java_client.AppiumDriver.findElement(AppiumDriver.java:1), io.appium.java_client.android.AndroidDriver.findElement(AndroidDriver.java:1), org.openqa.selenium.remote.RemoteWebDriver.findElementByXPath(RemoteWebDriver.java:428), io.appium.java_client.DefaultGenericMobileDriver.findElementByXPath(DefaultGenericMobileDriver.java:151), io.appium.java_client.AppiumDriver.findElementByXPath(AppiumDriver.java:1), io.appium.java_client.android.AndroidDriver.findElementByXPath(AndroidDriver.java:1), org.openqa.selenium.By$ByXPath.findElement(By.java:353), org.openqa.selenium.remote.RemoteWebDriver.findElement(RemoteWebDriver.java:315), io.appium.java_client.DefaultGenericMobileDriver.findElement(DefaultGenericMobileDriver.java:57), io.appium.java_client.AppiumDriver.findElement(AppiumDriver.java:1), io.appium.java_client.android.AndroidDriver.findElement(AndroidDriver.java:1), org.openqa.selenium.support.pagefactory.DefaultElementLocator.findElement(DefaultElementLocator.java:69), org.openqa.selenium.support.pagefactory.internal.LocatingElementHandler.invoke(LocatingElementHandler.java:38), jdk.proxy2/jdk.proxy2.$Proxy29.sendKeys(Unknown Source), com.oneapp.basic.Generic.sendKeysOnTextfields(Generic.java:190), com.oneapp.page_actions.Goodlife_Insurance_Details_Form_299_Page_Action.enterRelativeNameAction(Goodlife_Insurance_Details_Form_299_Page_Action.java:59), com.oneapp.test_suits.GoodLife_testcases.validate_Goodlife_Non_member_299Plan_asOwner_testcase(GoodLife_testcases.java:79), java.base/jdk.internal.reflect.NativeMethodAccessorImpl.invoke0(Native Method), java.base/jdk.internal.reflect.NativeMethodAccessorImpl.invoke(NativeMethodAccessorImpl.java:77), java.base/jdk.internal.reflect.DelegatingMethodAccessorImpl.invoke(DelegatingMethodAccessorImpl.java:43), java.base/java.lang.reflect.Method.invoke(Method.java:568), org.testng.internal.MethodInvocationHelper.invokeMethod(MethodInvocationHelper.java:133), org.testng.internal.TestInvoker.invokeMethod(TestInvoker.java:598), org.testng.internal.TestInvoker.invokeTestMethod(TestInvoker.java:173), org.testng.internal.MethodRunner.runInSequence(MethodRunner.java:46), org.testng.internal.TestInvoker$MethodInvocationAgent.invoke(TestInvoker.java:824), org.testng.internal.TestInvoker.invokeTestMethods(TestInvoker.java:146), org.testng.internal.TestMethodWorker.invokeTestMethods(TestMethodWorker.java:146), org.testng.internal.TestMethodWorker.run(TestMethodWorker.java:128), java.base/java.util.ArrayList.forEach(ArrayList.java:1511), org.testng.TestRunner.privateRun(TestRunner.java:794), org.testng.TestRunner.run(TestRunner.java:596), org.testng.SuiteRunner.runTest(SuiteRunner.java:377), org.testng.SuiteRunner.runSequentially(SuiteRunner.java:371), org.testng.SuiteRunner.privateRun(SuiteRunner.java:332), org.testng.SuiteRunner.run(SuiteRunner.java:276), org.testng.SuiteRunnerWorker.runSuite(SuiteRunnerWorker.java:53), org.testng.SuiteRunnerWorker.run(SuiteRunnerWorker.java:96), org.testng.TestNG.runSuitesSequentially(TestNG.java:1212), org.testng.TestNG.runSuitesLocally(TestNG.java:1134), org.testng.TestNG.runSuites(TestNG.java:1063), org.testng.TestNG.run(TestNG.java:1031), org.testng.remote.AbstractRemoteTestNG.run(AbstractRemoteTestNG.java:115), org.testng.remote.RemoteTestNG.initAndRun(RemoteTestNG.java:251), org.testng.remote.RemoteTestNG.main(RemoteTestNG.java:77)][0m
[DEBUG] 2023-03-30 18:49:37.181 MyListeners:103 - [1;31mScreenshot stored at: D:\ECLIPSE_LATEST\HeroApp1/screenshots/validate_Goodlife_Non_member_299Plan_asOwner_testcase__T_h_u_ _M_a_r_ _3_0_ _1_8___4_9___3_6_ _I_S_T_ _2_0_2_3_.png[0m
[DEBUG] 2023-03-30 18:49:37.187 MyListeners:73 - [1;31mVALIDATE_GOODLIFE_NON_MEMBER_299PLAN_ASOWNER_TESTCASE - FAILURE[0m
[DEBUG] 2023-03-30 18:49:39.267 BrowserFactory:71 - Android Real device gets closed
[DEBUG] 2023-03-30 18:49:39.268 BrowserFactory:72 - ++++++++++++++++++++++++++++++++
[INFO ] 2023-03-30 19:17:10.473 Create_Driver_Session:51 - PLATFORM NAME IS --> Android
[INFO ] 2023-03-30 19:17:10.487 Create_Driver_Session:53 - DEVICE NAME IS --> Samsung
[INFO ] 2023-03-30 19:17:10.489 Create_Driver_Session:55 - PLATFORM VERSION IS --> 13.0
[INFO ] 2023-03-30 19:17:10.490 Create_Driver_Session:57 - AUTOMATION NAME IS --> UiAutomator2
[INFO ] 2023-03-30 19:17:10.490 Create_Driver_Session:59 - UDID IS --> RZCT904J89D
[INFO ] 2023-03-30 19:17:10.491 Create_Driver_Session:63 - App Location is D:\ECLIPSE_LATEST\HeroApp1\myfiles\app-debug-master-with-sit.apk
[INFO ] 2023-03-30 19:17:10.496 Create_Driver_Session:64 - App URL is https://hero-one-app-hero-one-app-sit.azurewebsites.net/
[DEBUG] 2023-03-30 19:17:34.321 BrowserFactory:57 - Android Real device gets opened
[DEBUG] 2023-03-30 19:17:38.201 BrowserFactory:59 - Application has been reset
[DEBUG] 2023-03-30 19:17:38.233 MyListeners:42 - [1;30mVALIDATE_GOODLIFE_NON_MEMBER_299PLAN_ASOWNER_TESTCASE - STARTS[0m
[DEBUG] 2023-03-30 19:17:40.370 Generic:167 - Successfully Visibility  ----> Allow
[DEBUG] 2023-03-30 19:17:40.681 Generic:151 - Successfully Click  ----> Allow
[DEBUG] 2023-03-30 19:17:41.652 Generic:167 - Successfully Visibility  ----> Enter mobile number
[DEBUG] 2023-03-30 19:17:41.653 Generic:177 - Successfully cleared textbox
[DEBUG] 2023-03-30 19:17:42.452 Generic:167 - Successfully Visibility  ----> Enter mobile number
[DEBUG] 2023-03-30 19:17:44.456 Generic:189 - Successfully enter value ----> 9958592171
[DEBUG] 2023-03-30 19:17:45.344 Generic:167 - Successfully Visibility  ----> Continue
[DEBUG] 2023-03-30 19:17:45.626 Generic:151 - Successfully Click  ----> Continue
[DEBUG] 2023-03-30 19:17:47.890 Generic:167 - Successfully Visibility  ----> Verify with OTP
[DEBUG] 2023-03-30 19:17:47.966 Generic:42 - Actual element --> Verify with OTP
[DEBUG] 2023-03-30 19:17:55.001 Generic:167 - Successfully Visibility  ----> Verify
[DEBUG] 2023-03-30 19:17:55.831 Generic:151 - Successfully Click  ----> Verify
[DEBUG] 2023-03-30 19:18:27.060 Generic:171 - [1;31morg.openqa.selenium.TimeoutException: Expected condition failed: waiting for visibility of Proxy element for: DefaultElementLocator 'By.xpath: //*[@text='Book service PAID']' (tried for 20 second(s) with 500 milliseconds interval)[0m
[DEBUG] 2023-03-30 19:18:37.094 MyListeners:56 - [1;31m[java.base/jdk.internal.reflect.NativeConstructorAccessorImpl.newInstance0(Native Method), java.base/jdk.internal.reflect.NativeConstructorAccessorImpl.newInstance(NativeConstructorAccessorImpl.java:77), java.base/jdk.internal.reflect.DelegatingConstructorAccessorImpl.newInstance(DelegatingConstructorAccessorImpl.java:45), java.base/java.lang.reflect.Constructor.newInstanceWithCaller(Constructor.java:499), java.base/java.lang.reflect.Constructor.newInstance(Constructor.java:480), org.openqa.selenium.remote.http.W3CHttpResponseCodec.createException(W3CHttpResponseCodec.java:187), org.openqa.selenium.remote.http.W3CHttpResponseCodec.decode(W3CHttpResponseCodec.java:122), org.openqa.selenium.remote.http.W3CHttpResponseCodec.decode(W3CHttpResponseCodec.java:49), org.openqa.selenium.remote.HttpCommandExecutor.execute(HttpCommandExecutor.java:158), io.appium.java_client.remote.AppiumCommandExecutor.execute(AppiumCommandExecutor.java:250), org.openqa.selenium.remote.RemoteWebDriver.execute(RemoteWebDriver.java:552), io.appium.java_client.DefaultGenericMobileDriver.execute(DefaultGenericMobileDriver.java:41), io.appium.java_client.AppiumDriver.execute(AppiumDriver.java:1), io.appium.java_client.android.AndroidDriver.execute(AndroidDriver.java:1), org.openqa.selenium.remote.RemoteWebDriver.findElement(RemoteWebDriver.java:323), io.appium.java_client.DefaultGenericMobileDriver.findElement(DefaultGenericMobileDriver.java:61), io.appium.java_client.AppiumDriver.findElement(AppiumDriver.java:1), io.appium.java_client.android.AndroidDriver.findElement(AndroidDriver.java:1), org.openqa.selenium.remote.RemoteWebDriver.findElementByXPath(RemoteWebDriver.java:428), io.appium.java_client.DefaultGenericMobileDriver.findElementByXPath(DefaultGenericMobileDriver.java:151), io.appium.java_client.AppiumDriver.findElementByXPath(AppiumDriver.java:1), io.appium.java_client.android.AndroidDriver.findElementByXPath(AndroidDriver.java:1), org.openqa.selenium.By$ByXPath.findElement(By.java:353), org.openqa.selenium.remote.RemoteWebDriver.findElement(RemoteWebDriver.java:315), io.appium.java_client.DefaultGenericMobileDriver.findElement(DefaultGenericMobileDriver.java:57), io.appium.java_client.AppiumDriver.findElement(AppiumDriver.java:1), io.appium.java_client.android.AndroidDriver.findElement(AndroidDriver.java:1), org.openqa.selenium.support.pagefactory.DefaultElementLocator.findElement(DefaultElementLocator.java:69), org.openqa.selenium.support.pagefactory.internal.LocatingElementHandler.invoke(LocatingElementHandler.java:38), jdk.proxy2/jdk.proxy2.$Proxy29.getText(Unknown Source), com.oneapp.basic.Generic.hardAssertion(Generic.java:40), com.oneapp.page_actions.Selected_Vehicle_Page_Actions.selectedVehicleAssertion(Selected_Vehicle_Page_Actions.java:40), com.oneapp.test_suits.GoodLife_testcases.validate_Goodlife_Non_member_299Plan_asOwner_testcase(GoodLife_testcases.java:56), java.base/jdk.internal.reflect.NativeMethodAccessorImpl.invoke0(Native Method), java.base/jdk.internal.reflect.NativeMethodAccessorImpl.invoke(NativeMethodAccessorImpl.java:77), java.base/jdk.internal.reflect.DelegatingMethodAccessorImpl.invoke(DelegatingMethodAccessorImpl.java:43), java.base/java.lang.reflect.Method.invoke(Method.java:568), org.testng.internal.MethodInvocationHelper.invokeMethod(MethodInvocationHelper.java:133), org.testng.internal.TestInvoker.invokeMethod(TestInvoker.java:598), org.testng.internal.TestInvoker.invokeTestMethod(TestInvoker.java:173), org.testng.internal.MethodRunner.runInSequence(MethodRunner.java:46), org.testng.internal.TestInvoker$MethodInvocationAgent.invoke(TestInvoker.java:824), org.testng.internal.TestInvoker.invokeTestMethods(TestInvoker.java:146), org.testng.internal.TestMethodWorker.invokeTestMethods(TestMethodWorker.java:146), org.testng.internal.TestMethodWorker.run(TestMethodWorker.java:128), java.base/java.util.ArrayList.forEach(ArrayList.java:1511), org.testng.TestRunner.privateRun(TestRunner.java:794), org.testng.TestRunner.run(TestRunner.java:596), org.testng.SuiteRunner.runTest(SuiteRunner.java:377), org.testng.SuiteRunner.runSequentially(SuiteRunner.java:371), org.testng.SuiteRunner.privateRun(SuiteRunner.java:332), org.testng.SuiteRunner.run(SuiteRunner.java:276), org.testng.SuiteRunnerWorker.runSuite(SuiteRunnerWorker.java:53), org.testng.SuiteRunnerWorker.run(SuiteRunnerWorker.java:96), org.testng.TestNG.runSuitesSequentially(TestNG.java:1212), org.testng.TestNG.runSuitesLocally(TestNG.java:1134), org.testng.TestNG.runSuites(TestNG.java:1063), org.testng.TestNG.run(TestNG.java:1031), org.testng.remote.AbstractRemoteTestNG.run(AbstractRemoteTestNG.java:115), org.testng.remote.RemoteTestNG.initAndRun(RemoteTestNG.java:251), org.testng.remote.RemoteTestNG.main(RemoteTestNG.java:77)][0m
[DEBUG] 2023-03-30 19:18:37.643 MyListeners:103 - [1;31mScreenshot stored at: D:\ECLIPSE_LATEST\HeroApp1/screenshots/validate_Goodlife_Non_member_299Plan_asOwner_testcase__T_h_u_ _M_a_r_ _3_0_ _1_9___1_8___3_7_ _I_S_T_ _2_0_2_3_.png[0m
[DEBUG] 2023-03-30 19:18:37.650 MyListeners:73 - [1;31mVALIDATE_GOODLIFE_NON_MEMBER_299PLAN_ASOWNER_TESTCASE - FAILURE[0m
[DEBUG] 2023-03-30 19:18:39.794 BrowserFactory:71 - Android Real device gets closed
[DEBUG] 2023-03-30 19:18:39.794 BrowserFactory:72 - ++++++++++++++++++++++++++++++++
