[INFO ] 2023-07-03 19:27:35.088 BaseClass:194 - PLATFORM NAME IS --> iOS
[INFO ] 2023-07-03 19:27:35.092 BaseClass:196 - DEVICE NAME IS --> iPhone 13
[INFO ] 2023-07-03 19:27:35.093 BaseClass:198 - AUTOMATION NAME IS --> XCUITest
[INFO ] 2023-07-03 19:27:35.093 BaseClass:200 - UDID IS --> 00008110-001E24A20180401E
[DEBUG] 2023-07-03 19:27:35.093 BaseClass:205 - IOS Simulator gets opened
[DEBUG] 2023-07-03 19:27:42.614 BaseClass:218 - 820b439a-08aa-4bd1-8e3a-f5613e1e5345
[DEBUG] 2023-07-03 19:27:43.032 MyListeners:39 - [1;30mTC001_VALIDLOGINTESTCASE - STARTS[0m
[DEBUG] 2023-07-03 19:27:46.745 Generic:212 - Successfully Visibility  ---->  Enter mobile number
[DEBUG] 2023-07-03 19:27:46.752 Generic:148 - Successfully cleared textbox
[DEBUG] 2023-07-03 19:27:50.435 Generic:212 - Successfully Visibility  ---->  Enter mobile number
[DEBUG] 2023-07-03 19:27:50.440 Generic:148 - Successfully cleared textbox
[DEBUG] 2023-07-03 19:27:50.544 Generic:201 - Successfully enter value ----> 9926438293
[DEBUG] 2023-07-03 19:27:56.192 Generic:212 - Successfully Visibility  ----> Continue
[DEBUG] 2023-07-03 19:27:57.323 Generic:135 - Successfully Clicked  ----> Continue
[DEBUG] 2023-07-03 19:27:59.482 Generic:212 - Successfully Visibility  ----> Verify with OTP
[DEBUG] 2023-07-03 19:27:59.703 MyListeners:56 - [1;31m[com.oneapp.test_suits.LoginTestCases.TC001_ValidLoginTestCase(LoginTestCases.java:44), java.base/jdk.internal.reflect.NativeMethodAccessorImpl.invoke0(Native Method), java.base/jdk.internal.reflect.NativeMethodAccessorImpl.invoke(NativeMethodAccessorImpl.java:62), java.base/jdk.internal.reflect.DelegatingMethodAccessorImpl.invoke(DelegatingMethodAccessorImpl.java:43), java.base/java.lang.reflect.Method.invoke(Method.java:566), org.testng.internal.invokers.MethodInvocationHelper.invokeMethod(MethodInvocationHelper.java:139), org.testng.internal.invokers.TestInvoker.invokeMethod(TestInvoker.java:664), org.testng.internal.invokers.TestInvoker.invokeTestMethod(TestInvoker.java:227), org.testng.internal.invokers.MethodRunner.runInSequence(MethodRunner.java:50), org.testng.internal.invokers.TestInvoker$MethodInvocationAgent.invoke(TestInvoker.java:957), org.testng.internal.invokers.TestInvoker.invokeTestMethods(TestInvoker.java:200), org.testng.internal.invokers.TestMethodWorker.invokeTestMethods(TestMethodWorker.java:148), org.testng.internal.invokers.TestMethodWorker.run(TestMethodWorker.java:128), java.base/java.util.ArrayList.forEach(ArrayList.java:1541), org.testng.TestRunner.privateRun(TestRunner.java:848), org.testng.TestRunner.run(TestRunner.java:621), org.testng.SuiteRunner.runTest(SuiteRunner.java:443), org.testng.SuiteRunner.runSequentially(SuiteRunner.java:437), org.testng.SuiteRunner.privateRun(SuiteRunner.java:397), org.testng.SuiteRunner.run(SuiteRunner.java:336), org.testng.SuiteRunnerWorker.runSuite(SuiteRunnerWorker.java:52), org.testng.SuiteRunnerWorker.run(SuiteRunnerWorker.java:95), org.testng.TestNG.runSuitesSequentially(TestNG.java:1280), org.testng.TestNG.runSuitesLocally(TestNG.java:1200), org.testng.TestNG.runSuites(TestNG.java:1114), org.testng.TestNG.run(TestNG.java:1082), org.testng.remote.AbstractRemoteTestNG.run(AbstractRemoteTestNG.java:115), org.testng.remote.RemoteTestNG.initAndRun(RemoteTestNG.java:251), org.testng.remote.RemoteTestNG.main(RemoteTestNG.java:77)][0m
[DEBUG] 2023-07-03 19:27:59.846 MyListeners:100 - [1;31mScreenshot stored at: /Users/gunjan/HeroApp1Copy/screenshots/TC001_ValidLoginTestCase__M_o_n_ _J_u_l_ _0_3_ _1_9___2_7___5_9_ _I_S_T_ _2_0_2_3_.png[0m
[DEBUG] 2023-07-03 19:27:59.848 MyListeners:72 - [1;31mTC001_VALIDLOGINTESTCASE - FAILURE[0m
[DEBUG] 2023-07-03 19:28:00.953 BaseClass:231 - Session gets closed
[DEBUG] 2023-07-03 19:28:00.953 BaseClass:232 - ++++++++++++++++++++++++++++++++
[INFO ] 2023-07-03 19:36:40.931 BaseClass:194 - PLATFORM NAME IS --> iOS
[INFO ] 2023-07-03 19:36:40.933 BaseClass:196 - DEVICE NAME IS --> iPhone 13
[INFO ] 2023-07-03 19:36:40.933 BaseClass:198 - AUTOMATION NAME IS --> XCUITest
[INFO ] 2023-07-03 19:36:40.933 BaseClass:200 - UDID IS --> 00008110-001E24A20180401E
[DEBUG] 2023-07-03 19:36:40.933 BaseClass:205 - IOS Simulator gets opened
[DEBUG] 2023-07-03 19:36:47.632 BaseClass:218 - e7136741-6939-4e33-bbd8-7ba368776623
[DEBUG] 2023-07-03 19:36:47.945 MyListeners:39 - [1;30mTC001_VALIDLOGINTESTCASE - STARTS[0m
[DEBUG] 2023-07-03 19:36:51.643 Generic:212 - Successfully Visibility  ---->  Enter mobile number
[DEBUG] 2023-07-03 19:36:51.649 Generic:148 - Successfully cleared textbox
[DEBUG] 2023-07-03 19:36:55.493 Generic:212 - Successfully Visibility  ---->  Enter mobile number
[DEBUG] 2023-07-03 19:36:55.497 Generic:148 - Successfully cleared textbox
[DEBUG] 2023-07-03 19:36:55.693 Generic:201 - Successfully enter value ----> 9926438293
[DEBUG] 2023-07-03 19:37:01.323 Generic:212 - Successfully Visibility  ----> Continue
[DEBUG] 2023-07-03 19:37:02.485 Generic:135 - Successfully Clicked  ----> Continue
[DEBUG] 2023-07-03 19:37:04.622 Generic:212 - Successfully Visibility  ----> Verify with OTP
[DEBUG] 2023-07-03 19:37:04.828 MyListeners:56 - [1;31m[com.oneapp.test_suits.LoginTestCases.TC001_ValidLoginTestCase(LoginTestCases.java:44), java.base/jdk.internal.reflect.NativeMethodAccessorImpl.invoke0(Native Method), java.base/jdk.internal.reflect.NativeMethodAccessorImpl.invoke(NativeMethodAccessorImpl.java:62), java.base/jdk.internal.reflect.DelegatingMethodAccessorImpl.invoke(DelegatingMethodAccessorImpl.java:43), java.base/java.lang.reflect.Method.invoke(Method.java:566), org.testng.internal.invokers.MethodInvocationHelper.invokeMethod(MethodInvocationHelper.java:139), org.testng.internal.invokers.TestInvoker.invokeMethod(TestInvoker.java:664), org.testng.internal.invokers.TestInvoker.invokeTestMethod(TestInvoker.java:227), org.testng.internal.invokers.MethodRunner.runInSequence(MethodRunner.java:50), org.testng.internal.invokers.TestInvoker$MethodInvocationAgent.invoke(TestInvoker.java:957), org.testng.internal.invokers.TestInvoker.invokeTestMethods(TestInvoker.java:200), org.testng.internal.invokers.TestMethodWorker.invokeTestMethods(TestMethodWorker.java:148), org.testng.internal.invokers.TestMethodWorker.run(TestMethodWorker.java:128), java.base/java.util.ArrayList.forEach(ArrayList.java:1541), org.testng.TestRunner.privateRun(TestRunner.java:848), org.testng.TestRunner.run(TestRunner.java:621), org.testng.SuiteRunner.runTest(SuiteRunner.java:443), org.testng.SuiteRunner.runSequentially(SuiteRunner.java:437), org.testng.SuiteRunner.privateRun(SuiteRunner.java:397), org.testng.SuiteRunner.run(SuiteRunner.java:336), org.testng.SuiteRunnerWorker.runSuite(SuiteRunnerWorker.java:52), org.testng.SuiteRunnerWorker.run(SuiteRunnerWorker.java:95), org.testng.TestNG.runSuitesSequentially(TestNG.java:1280), org.testng.TestNG.runSuitesLocally(TestNG.java:1200), org.testng.TestNG.runSuites(TestNG.java:1114), org.testng.TestNG.run(TestNG.java:1082), org.testng.remote.AbstractRemoteTestNG.run(AbstractRemoteTestNG.java:115), org.testng.remote.RemoteTestNG.initAndRun(RemoteTestNG.java:251), org.testng.remote.RemoteTestNG.main(RemoteTestNG.java:77)][0m
[DEBUG] 2023-07-03 19:37:04.967 MyListeners:100 - [1;31mScreenshot stored at: /Users/gunjan/HeroApp1Copy/screenshots/TC001_ValidLoginTestCase__M_o_n_ _J_u_l_ _0_3_ _1_9___3_7___0_4_ _I_S_T_ _2_0_2_3_.png[0m
[DEBUG] 2023-07-03 19:37:04.969 MyListeners:72 - [1;31mTC001_VALIDLOGINTESTCASE - FAILURE[0m
[DEBUG] 2023-07-03 19:37:06.044 BaseClass:231 - Session gets closed
[DEBUG] 2023-07-03 19:37:06.045 BaseClass:232 - ++++++++++++++++++++++++++++++++
[INFO ] 2023-07-03 19:42:08.556 BaseClass:194 - PLATFORM NAME IS --> iOS
[INFO ] 2023-07-03 19:42:08.557 BaseClass:196 - DEVICE NAME IS --> iPhone 13
[INFO ] 2023-07-03 19:42:08.558 BaseClass:198 - AUTOMATION NAME IS --> XCUITest
[INFO ] 2023-07-03 19:42:08.558 BaseClass:200 - UDID IS --> 00008110-001E24A20180401E
[DEBUG] 2023-07-03 19:42:08.558 BaseClass:205 - IOS Simulator gets opened
[DEBUG] 2023-07-03 19:42:14.585 BaseClass:218 - a930ec6f-47b0-4237-9de7-d0864331cad1
[DEBUG] 2023-07-03 19:42:14.901 MyListeners:39 - [1;30mTC001_VALIDLOGINTESTCASE - STARTS[0m
[DEBUG] 2023-07-03 19:42:18.661 Generic:212 - Successfully Visibility  ---->  Enter mobile number
[DEBUG] 2023-07-03 19:42:18.668 Generic:148 - Successfully cleared textbox
[DEBUG] 2023-07-03 19:42:22.533 Generic:212 - Successfully Visibility  ---->  Enter mobile number
[DEBUG] 2023-07-03 19:42:22.537 Generic:148 - Successfully cleared textbox
[DEBUG] 2023-07-03 19:42:22.729 Generic:201 - Successfully enter value ----> 9926438293
[DEBUG] 2023-07-03 19:42:28.418 Generic:212 - Successfully Visibility  ----> Continue
[DEBUG] 2023-07-03 19:42:29.600 Generic:135 - Successfully Clicked  ----> Continue
[DEBUG] 2023-07-03 19:42:31.785 Generic:212 - Successfully Visibility  ----> Verify with OTP
[DEBUG] 2023-07-03 19:42:31.983 MyListeners:56 - [1;31m[com.oneapp.test_suits.LoginTestCases.TC001_ValidLoginTestCase(LoginTestCases.java:44), java.base/jdk.internal.reflect.NativeMethodAccessorImpl.invoke0(Native Method), java.base/jdk.internal.reflect.NativeMethodAccessorImpl.invoke(NativeMethodAccessorImpl.java:62), java.base/jdk.internal.reflect.DelegatingMethodAccessorImpl.invoke(DelegatingMethodAccessorImpl.java:43), java.base/java.lang.reflect.Method.invoke(Method.java:566), org.testng.internal.invokers.MethodInvocationHelper.invokeMethod(MethodInvocationHelper.java:139), org.testng.internal.invokers.TestInvoker.invokeMethod(TestInvoker.java:664), org.testng.internal.invokers.TestInvoker.invokeTestMethod(TestInvoker.java:227), org.testng.internal.invokers.MethodRunner.runInSequence(MethodRunner.java:50), org.testng.internal.invokers.TestInvoker$MethodInvocationAgent.invoke(TestInvoker.java:957), org.testng.internal.invokers.TestInvoker.invokeTestMethods(TestInvoker.java:200), org.testng.internal.invokers.TestMethodWorker.invokeTestMethods(TestMethodWorker.java:148), org.testng.internal.invokers.TestMethodWorker.run(TestMethodWorker.java:128), java.base/java.util.ArrayList.forEach(ArrayList.java:1541), org.testng.TestRunner.privateRun(TestRunner.java:848), org.testng.TestRunner.run(TestRunner.java:621), org.testng.SuiteRunner.runTest(SuiteRunner.java:443), org.testng.SuiteRunner.runSequentially(SuiteRunner.java:437), org.testng.SuiteRunner.privateRun(SuiteRunner.java:397), org.testng.SuiteRunner.run(SuiteRunner.java:336), org.testng.SuiteRunnerWorker.runSuite(SuiteRunnerWorker.java:52), org.testng.SuiteRunnerWorker.run(SuiteRunnerWorker.java:95), org.testng.TestNG.runSuitesSequentially(TestNG.java:1280), org.testng.TestNG.runSuitesLocally(TestNG.java:1200), org.testng.TestNG.runSuites(TestNG.java:1114), org.testng.TestNG.run(TestNG.java:1082), org.testng.remote.AbstractRemoteTestNG.run(AbstractRemoteTestNG.java:115), org.testng.remote.RemoteTestNG.initAndRun(RemoteTestNG.java:251), org.testng.remote.RemoteTestNG.main(RemoteTestNG.java:77)][0m
[DEBUG] 2023-07-03 19:42:32.120 MyListeners:100 - [1;31mScreenshot stored at: /Users/gunjan/HeroApp1Copy/screenshots/TC001_ValidLoginTestCase__M_o_n_ _J_u_l_ _0_3_ _1_9___4_2___3_1_ _I_S_T_ _2_0_2_3_.png[0m
[DEBUG] 2023-07-03 19:42:32.121 MyListeners:72 - [1;31mTC001_VALIDLOGINTESTCASE - FAILURE[0m
[DEBUG] 2023-07-03 19:42:33.227 BaseClass:231 - Session gets closed
[DEBUG] 2023-07-03 19:42:33.228 BaseClass:232 - ++++++++++++++++++++++++++++++++
[INFO ] 2023-07-03 20:08:04.310 BaseClass:194 - PLATFORM NAME IS --> iOS
[INFO ] 2023-07-03 20:08:04.311 BaseClass:196 - DEVICE NAME IS --> iPhone 13
[INFO ] 2023-07-03 20:08:04.311 BaseClass:198 - AUTOMATION NAME IS --> XCUITest
[INFO ] 2023-07-03 20:08:04.311 BaseClass:200 - UDID IS --> 00008110-001E24A20180401E
[DEBUG] 2023-07-03 20:08:04.312 BaseClass:205 - IOS Simulator gets opened
[DEBUG] 2023-07-03 20:08:21.399 BaseClass:218 - 35358dec-9bb8-4be4-a2fe-345525beb7a6
[DEBUG] 2023-07-03 20:08:21.715 MyListeners:39 - [1;30mTC001_VALIDLOGINTESTCASE - STARTS[0m
[DEBUG] 2023-07-03 20:08:25.331 Generic:212 - Successfully Visibility  ---->  Enter mobile number
[DEBUG] 2023-07-03 20:08:25.338 Generic:148 - Successfully cleared textbox
[DEBUG] 2023-07-03 20:08:29.107 Generic:212 - Successfully Visibility  ---->  Enter mobile number
[DEBUG] 2023-07-03 20:08:29.112 Generic:148 - Successfully cleared textbox
[DEBUG] 2023-07-03 20:08:29.287 Generic:201 - Successfully enter value ----> 9926438293
[DEBUG] 2023-07-03 20:08:34.846 Generic:212 - Successfully Visibility  ----> Continue
[DEBUG] 2023-07-03 20:08:35.862 Generic:135 - Successfully Clicked  ----> Continue
[DEBUG] 2023-07-03 20:08:37.780 Generic:212 - Successfully Visibility  ----> Verify with OTP
[DEBUG] 2023-07-03 20:08:37.969 MyListeners:56 - [1;31m[com.oneapp.test_suits.LoginTestCases.TC001_ValidLoginTestCase(LoginTestCases.java:44), java.base/jdk.internal.reflect.NativeMethodAccessorImpl.invoke0(Native Method), java.base/jdk.internal.reflect.NativeMethodAccessorImpl.invoke(NativeMethodAccessorImpl.java:62), java.base/jdk.internal.reflect.DelegatingMethodAccessorImpl.invoke(DelegatingMethodAccessorImpl.java:43), java.base/java.lang.reflect.Method.invoke(Method.java:566), org.testng.internal.invokers.MethodInvocationHelper.invokeMethod(MethodInvocationHelper.java:139), org.testng.internal.invokers.TestInvoker.invokeMethod(TestInvoker.java:664), org.testng.internal.invokers.TestInvoker.invokeTestMethod(TestInvoker.java:227), org.testng.internal.invokers.MethodRunner.runInSequence(MethodRunner.java:50), org.testng.internal.invokers.TestInvoker$MethodInvocationAgent.invoke(TestInvoker.java:957), org.testng.internal.invokers.TestInvoker.invokeTestMethods(TestInvoker.java:200), org.testng.internal.invokers.TestMethodWorker.invokeTestMethods(TestMethodWorker.java:148), org.testng.internal.invokers.TestMethodWorker.run(TestMethodWorker.java:128), java.base/java.util.ArrayList.forEach(ArrayList.java:1541), org.testng.TestRunner.privateRun(TestRunner.java:848), org.testng.TestRunner.run(TestRunner.java:621), org.testng.SuiteRunner.runTest(SuiteRunner.java:443), org.testng.SuiteRunner.runSequentially(SuiteRunner.java:437), org.testng.SuiteRunner.privateRun(SuiteRunner.java:397), org.testng.SuiteRunner.run(SuiteRunner.java:336), org.testng.SuiteRunnerWorker.runSuite(SuiteRunnerWorker.java:52), org.testng.SuiteRunnerWorker.run(SuiteRunnerWorker.java:95), org.testng.TestNG.runSuitesSequentially(TestNG.java:1280), org.testng.TestNG.runSuitesLocally(TestNG.java:1200), org.testng.TestNG.runSuites(TestNG.java:1114), org.testng.TestNG.run(TestNG.java:1082), org.testng.remote.AbstractRemoteTestNG.run(AbstractRemoteTestNG.java:115), org.testng.remote.RemoteTestNG.initAndRun(RemoteTestNG.java:251), org.testng.remote.RemoteTestNG.main(RemoteTestNG.java:77)][0m
[DEBUG] 2023-07-03 20:08:38.114 MyListeners:100 - [1;31mScreenshot stored at: /Users/gunjan/HeroApp1Copy/screenshots/TC001_ValidLoginTestCase__M_o_n_ _J_u_l_ _0_3_ _2_0___0_8___3_7_ _I_S_T_ _2_0_2_3_.png[0m
[DEBUG] 2023-07-03 20:08:38.116 MyListeners:72 - [1;31mTC001_VALIDLOGINTESTCASE - FAILURE[0m
[DEBUG] 2023-07-03 20:08:39.188 BaseClass:231 - Session gets closed
[DEBUG] 2023-07-03 20:08:39.188 BaseClass:232 - ++++++++++++++++++++++++++++++++
[INFO ] 2023-07-03 20:16:15.517 BaseClass:194 - PLATFORM NAME IS --> iOS
[INFO ] 2023-07-03 20:16:15.519 BaseClass:196 - DEVICE NAME IS --> iPhone 13
[INFO ] 2023-07-03 20:16:15.519 BaseClass:198 - AUTOMATION NAME IS --> XCUITest
[INFO ] 2023-07-03 20:16:15.519 BaseClass:200 - UDID IS --> 00008110-001E24A20180401E
[DEBUG] 2023-07-03 20:16:15.519 BaseClass:205 - IOS Simulator gets opened
[DEBUG] 2023-07-03 20:16:21.800 BaseClass:218 - eb3b5f98-6b1a-4430-b43f-9a89779914cc
[DEBUG] 2023-07-03 20:16:22.114 MyListeners:39 - [1;30mTC001_VALIDLOGINTESTCASE - STARTS[0m
[DEBUG] 2023-07-03 20:16:25.668 Generic:212 - Successfully Visibility  ---->  Enter mobile number
[DEBUG] 2023-07-03 20:16:25.674 Generic:148 - Successfully cleared textbox
[DEBUG] 2023-07-03 20:16:29.325 Generic:212 - Successfully Visibility  ---->  Enter mobile number
[DEBUG] 2023-07-03 20:16:29.330 Generic:148 - Successfully cleared textbox
[DEBUG] 2023-07-03 20:16:29.476 Generic:201 - Successfully enter value ----> 9926438293
[DEBUG] 2023-07-03 20:16:34.943 Generic:212 - Successfully Visibility  ----> Continue
[DEBUG] 2023-07-03 20:16:35.912 Generic:135 - Successfully Clicked  ----> Continue
[DEBUG] 2023-07-03 20:16:37.992 Generic:212 - Successfully Visibility  ----> Verify with OTP
[DEBUG] 2023-07-03 20:16:38.199 MyListeners:56 - [1;31m[com.oneapp.utils.ConfigData.getValidLoginExpected(ConfigData.java:50), com.oneapp.test_suits.LoginTestCases.TC001_ValidLoginTestCase(LoginTestCases.java:44), java.base/jdk.internal.reflect.NativeMethodAccessorImpl.invoke0(Native Method), java.base/jdk.internal.reflect.NativeMethodAccessorImpl.invoke(NativeMethodAccessorImpl.java:62), java.base/jdk.internal.reflect.DelegatingMethodAccessorImpl.invoke(DelegatingMethodAccessorImpl.java:43), java.base/java.lang.reflect.Method.invoke(Method.java:566), org.testng.internal.invokers.MethodInvocationHelper.invokeMethod(MethodInvocationHelper.java:139), org.testng.internal.invokers.TestInvoker.invokeMethod(TestInvoker.java:664), org.testng.internal.invokers.TestInvoker.invokeTestMethod(TestInvoker.java:227), org.testng.internal.invokers.MethodRunner.runInSequence(MethodRunner.java:50), org.testng.internal.invokers.TestInvoker$MethodInvocationAgent.invoke(TestInvoker.java:957), org.testng.internal.invokers.TestInvoker.invokeTestMethods(TestInvoker.java:200), org.testng.internal.invokers.TestMethodWorker.invokeTestMethods(TestMethodWorker.java:148), org.testng.internal.invokers.TestMethodWorker.run(TestMethodWorker.java:128), java.base/java.util.ArrayList.forEach(ArrayList.java:1541), org.testng.TestRunner.privateRun(TestRunner.java:848), org.testng.TestRunner.run(TestRunner.java:621), org.testng.SuiteRunner.runTest(SuiteRunner.java:443), org.testng.SuiteRunner.runSequentially(SuiteRunner.java:437), org.testng.SuiteRunner.privateRun(SuiteRunner.java:397), org.testng.SuiteRunner.run(SuiteRunner.java:336), org.testng.SuiteRunnerWorker.runSuite(SuiteRunnerWorker.java:52), org.testng.SuiteRunnerWorker.run(SuiteRunnerWorker.java:95), org.testng.TestNG.runSuitesSequentially(TestNG.java:1280), org.testng.TestNG.runSuitesLocally(TestNG.java:1200), org.testng.TestNG.runSuites(TestNG.java:1114), org.testng.TestNG.run(TestNG.java:1082), org.testng.remote.AbstractRemoteTestNG.run(AbstractRemoteTestNG.java:115), org.testng.remote.RemoteTestNG.initAndRun(RemoteTestNG.java:251), org.testng.remote.RemoteTestNG.main(RemoteTestNG.java:77)][0m
[DEBUG] 2023-07-03 20:16:38.329 MyListeners:100 - [1;31mScreenshot stored at: /Users/gunjan/HeroApp1Copy/screenshots/TC001_ValidLoginTestCase__M_o_n_ _J_u_l_ _0_3_ _2_0___1_6___3_8_ _I_S_T_ _2_0_2_3_.png[0m
[DEBUG] 2023-07-03 20:16:38.330 MyListeners:72 - [1;31mTC001_VALIDLOGINTESTCASE - FAILURE[0m
[DEBUG] 2023-07-03 20:16:39.375 BaseClass:231 - Session gets closed
[DEBUG] 2023-07-03 20:16:39.376 BaseClass:232 - ++++++++++++++++++++++++++++++++
[INFO ] 2023-07-03 20:18:12.061 BaseClass:194 - PLATFORM NAME IS --> iOS
[INFO ] 2023-07-03 20:18:12.062 BaseClass:196 - DEVICE NAME IS --> iPhone 13
[INFO ] 2023-07-03 20:18:12.062 BaseClass:198 - AUTOMATION NAME IS --> XCUITest
[INFO ] 2023-07-03 20:18:12.062 BaseClass:200 - UDID IS --> 00008110-001E24A20180401E
[DEBUG] 2023-07-03 20:18:12.062 BaseClass:205 - IOS Simulator gets opened
[DEBUG] 2023-07-03 20:18:17.938 BaseClass:218 - 30602dab-0e9d-4e93-8f0e-2c16224c52f2
[DEBUG] 2023-07-03 20:18:18.242 MyListeners:39 - [1;30mTC001_VALIDLOGINTESTCASE - STARTS[0m
[DEBUG] 2023-07-03 20:18:21.953 Generic:212 - Successfully Visibility  ---->  Enter mobile number
[DEBUG] 2023-07-03 20:18:21.961 Generic:148 - Successfully cleared textbox
[DEBUG] 2023-07-03 20:18:25.781 Generic:212 - Successfully Visibility  ---->  Enter mobile number
[DEBUG] 2023-07-03 20:18:25.786 Generic:148 - Successfully cleared textbox
[DEBUG] 2023-07-03 20:18:25.962 Generic:201 - Successfully enter value ----> 9926438293
[DEBUG] 2023-07-03 20:18:31.543 Generic:212 - Successfully Visibility  ----> Continue
[DEBUG] 2023-07-03 20:18:32.590 Generic:135 - Successfully Clicked  ----> Continue
[DEBUG] 2023-07-03 20:18:34.697 Generic:212 - Successfully Visibility  ----> Verify with OTP
[DEBUG] 2023-07-03 20:18:34.892 MyListeners:56 - [1;31m[com.oneapp.utils.ConfigData.getValidLoginExpected(ConfigData.java:47), com.oneapp.test_suits.LoginTestCases.TC001_ValidLoginTestCase(LoginTestCases.java:44), java.base/jdk.internal.reflect.NativeMethodAccessorImpl.invoke0(Native Method), java.base/jdk.internal.reflect.NativeMethodAccessorImpl.invoke(NativeMethodAccessorImpl.java:62), java.base/jdk.internal.reflect.DelegatingMethodAccessorImpl.invoke(DelegatingMethodAccessorImpl.java:43), java.base/java.lang.reflect.Method.invoke(Method.java:566), org.testng.internal.invokers.MethodInvocationHelper.invokeMethod(MethodInvocationHelper.java:139), org.testng.internal.invokers.TestInvoker.invokeMethod(TestInvoker.java:664), org.testng.internal.invokers.TestInvoker.invokeTestMethod(TestInvoker.java:227), org.testng.internal.invokers.MethodRunner.runInSequence(MethodRunner.java:50), org.testng.internal.invokers.TestInvoker$MethodInvocationAgent.invoke(TestInvoker.java:957), org.testng.internal.invokers.TestInvoker.invokeTestMethods(TestInvoker.java:200), org.testng.internal.invokers.TestMethodWorker.invokeTestMethods(TestMethodWorker.java:148), org.testng.internal.invokers.TestMethodWorker.run(TestMethodWorker.java:128), java.base/java.util.ArrayList.forEach(ArrayList.java:1541), org.testng.TestRunner.privateRun(TestRunner.java:848), org.testng.TestRunner.run(TestRunner.java:621), org.testng.SuiteRunner.runTest(SuiteRunner.java:443), org.testng.SuiteRunner.runSequentially(SuiteRunner.java:437), org.testng.SuiteRunner.privateRun(SuiteRunner.java:397), org.testng.SuiteRunner.run(SuiteRunner.java:336), org.testng.SuiteRunnerWorker.runSuite(SuiteRunnerWorker.java:52), org.testng.SuiteRunnerWorker.run(SuiteRunnerWorker.java:95), org.testng.TestNG.runSuitesSequentially(TestNG.java:1280), org.testng.TestNG.runSuitesLocally(TestNG.java:1200), org.testng.TestNG.runSuites(TestNG.java:1114), org.testng.TestNG.run(TestNG.java:1082), org.testng.remote.AbstractRemoteTestNG.run(AbstractRemoteTestNG.java:115), org.testng.remote.RemoteTestNG.initAndRun(RemoteTestNG.java:251), org.testng.remote.RemoteTestNG.main(RemoteTestNG.java:77)][0m
[DEBUG] 2023-07-03 20:18:35.036 MyListeners:100 - [1;31mScreenshot stored at: /Users/gunjan/HeroApp1Copy/screenshots/TC001_ValidLoginTestCase__M_o_n_ _J_u_l_ _0_3_ _2_0___1_8___3_4_ _I_S_T_ _2_0_2_3_.png[0m
[DEBUG] 2023-07-03 20:18:35.037 MyListeners:72 - [1;31mTC001_VALIDLOGINTESTCASE - FAILURE[0m
[DEBUG] 2023-07-03 20:18:36.098 BaseClass:231 - Session gets closed
[DEBUG] 2023-07-03 20:18:36.099 BaseClass:232 - ++++++++++++++++++++++++++++++++
[INFO ] 2023-07-03 20:31:57.693 BaseClass:194 - PLATFORM NAME IS --> iOS
[INFO ] 2023-07-03 20:31:57.694 BaseClass:196 - DEVICE NAME IS --> iPhone 13
[INFO ] 2023-07-03 20:31:57.694 BaseClass:198 - AUTOMATION NAME IS --> XCUITest
[INFO ] 2023-07-03 20:31:57.694 BaseClass:200 - UDID IS --> 00008110-001E24A20180401E
[DEBUG] 2023-07-03 20:31:57.694 BaseClass:205 - IOS Simulator gets opened
[DEBUG] 2023-07-03 20:32:14.477 BaseClass:218 - 3dacb524-133c-461f-b040-ecc164d8cd17
[DEBUG] 2023-07-03 20:32:14.795 MyListeners:39 - [1;30mTC001_VALIDLOGINTESTCASE - STARTS[0m
[DEBUG] 2023-07-03 20:32:18.455 Generic:212 - Successfully Visibility  ---->  Enter mobile number
[DEBUG] 2023-07-03 20:32:18.462 Generic:148 - Successfully cleared textbox
[DEBUG] 2023-07-03 20:32:22.245 Generic:212 - Successfully Visibility  ---->  Enter mobile number
[DEBUG] 2023-07-03 20:32:22.249 Generic:148 - Successfully cleared textbox
[DEBUG] 2023-07-03 20:32:22.418 Generic:201 - Successfully enter value ----> 9926438293
[DEBUG] 2023-07-03 20:32:27.954 Generic:212 - Successfully Visibility  ----> Continue
[DEBUG] 2023-07-03 20:32:29.062 Generic:135 - Successfully Clicked  ----> Continue
[DEBUG] 2023-07-03 20:32:31.215 Generic:212 - Successfully Visibility  ----> Verify with OTP
[DEBUG] 2023-07-03 20:32:31.996 Generic:212 - Successfully Visibility  ----> editredcircle
[DEBUG] 2023-07-03 20:32:32.427 Generic:135 - Successfully Clicked  ----> editredcircle
[DEBUG] 2023-07-03 20:32:33.430 MyListeners:47 - [1;32mTC001_VALIDLOGINTESTCASE - PASSED[0m
[DEBUG] 2023-07-03 20:32:34.578 BaseClass:231 - Session gets closed
[DEBUG] 2023-07-03 20:32:34.578 BaseClass:232 - ++++++++++++++++++++++++++++++++
[INFO ] 2023-07-03 20:42:15.963 BaseClass:194 - PLATFORM NAME IS --> iOS
[INFO ] 2023-07-03 20:42:15.964 BaseClass:196 - DEVICE NAME IS --> iPhone 13
[INFO ] 2023-07-03 20:42:15.965 BaseClass:198 - AUTOMATION NAME IS --> XCUITest
[INFO ] 2023-07-03 20:42:15.965 BaseClass:200 - UDID IS --> 00008110-001E24A20180401E
[DEBUG] 2023-07-03 20:42:15.965 BaseClass:205 - IOS Simulator gets opened
[DEBUG] 2023-07-03 20:42:23.114 BaseClass:218 - fcefd180-41e2-48bd-b04f-ae96d03bf57a
[DEBUG] 2023-07-03 20:42:23.431 MyListeners:39 - [1;30mTC001_VALIDLOGINTESTCASE - STARTS[0m
[DEBUG] 2023-07-03 20:42:27.167 Generic:212 - Successfully Visibility  ---->  Enter mobile number
[DEBUG] 2023-07-03 20:42:27.174 Generic:148 - Successfully cleared textbox
[DEBUG] 2023-07-03 20:42:31.089 Generic:212 - Successfully Visibility  ---->  Enter mobile number
[DEBUG] 2023-07-03 20:42:31.093 Generic:148 - Successfully cleared textbox
[DEBUG] 2023-07-03 20:42:31.246 Generic:201 - Successfully enter value ----> 9926438293
[DEBUG] 2023-07-03 20:42:36.905 Generic:212 - Successfully Visibility  ----> Continue
[DEBUG] 2023-07-03 20:42:38.013 Generic:135 - Successfully Clicked  ----> Continue
[DEBUG] 2023-07-03 20:42:40.263 Generic:212 - Successfully Visibility  ----> Verify with OTP
[DEBUG] 2023-07-03 20:42:40.474 MyListeners:56 - [1;31m[com.oneapp.utils.ConfigData.getValidLoginExpected(ConfigData.java:51), com.oneapp.test_suits.LoginTestCases.TC001_ValidLoginTestCase(LoginTestCases.java:44), java.base/jdk.internal.reflect.NativeMethodAccessorImpl.invoke0(Native Method), java.base/jdk.internal.reflect.NativeMethodAccessorImpl.invoke(NativeMethodAccessorImpl.java:62), java.base/jdk.internal.reflect.DelegatingMethodAccessorImpl.invoke(DelegatingMethodAccessorImpl.java:43), java.base/java.lang.reflect.Method.invoke(Method.java:566), org.testng.internal.invokers.MethodInvocationHelper.invokeMethod(MethodInvocationHelper.java:139), org.testng.internal.invokers.TestInvoker.invokeMethod(TestInvoker.java:664), org.testng.internal.invokers.TestInvoker.invokeTestMethod(TestInvoker.java:227), org.testng.internal.invokers.MethodRunner.runInSequence(MethodRunner.java:50), org.testng.internal.invokers.TestInvoker$MethodInvocationAgent.invoke(TestInvoker.java:957), org.testng.internal.invokers.TestInvoker.invokeTestMethods(TestInvoker.java:200), org.testng.internal.invokers.TestMethodWorker.invokeTestMethods(TestMethodWorker.java:148), org.testng.internal.invokers.TestMethodWorker.run(TestMethodWorker.java:128), java.base/java.util.ArrayList.forEach(ArrayList.java:1541), org.testng.TestRunner.privateRun(TestRunner.java:848), org.testng.TestRunner.run(TestRunner.java:621), org.testng.SuiteRunner.runTest(SuiteRunner.java:443), org.testng.SuiteRunner.runSequentially(SuiteRunner.java:437), org.testng.SuiteRunner.privateRun(SuiteRunner.java:397), org.testng.SuiteRunner.run(SuiteRunner.java:336), org.testng.SuiteRunnerWorker.runSuite(SuiteRunnerWorker.java:52), org.testng.SuiteRunnerWorker.run(SuiteRunnerWorker.java:95), org.testng.TestNG.runSuitesSequentially(TestNG.java:1280), org.testng.TestNG.runSuitesLocally(TestNG.java:1200), org.testng.TestNG.runSuites(TestNG.java:1114), org.testng.TestNG.run(TestNG.java:1082), org.testng.remote.AbstractRemoteTestNG.run(AbstractRemoteTestNG.java:115), org.testng.remote.RemoteTestNG.initAndRun(RemoteTestNG.java:251), org.testng.remote.RemoteTestNG.main(RemoteTestNG.java:77)][0m
[DEBUG] 2023-07-03 20:42:40.623 MyListeners:100 - [1;31mScreenshot stored at: /Users/gunjan/HeroApp1Copy/screenshots/TC001_ValidLoginTestCase__M_o_n_ _J_u_l_ _0_3_ _2_0___4_2___4_0_ _I_S_T_ _2_0_2_3_.png[0m
[DEBUG] 2023-07-03 20:42:40.625 MyListeners:72 - [1;31mTC001_VALIDLOGINTESTCASE - FAILURE[0m
[DEBUG] 2023-07-03 20:42:40.659 MyListeners:39 - [1;30mTC002_INVALIDLOGINTESTCASE - STARTS[0m
[DEBUG] 2023-07-03 20:43:10.744 Generic:215 - [1;31morg.openqa.selenium.TimeoutException: Expected condition failed: waiting for visibility of Located by By.chained({By.xpath: //XCUIElementTypeTextField[@name=" Enter mobile number"]}) (tried for 15 second(s) with 500 milliseconds interval)[0m
[DEBUG] 2023-07-03 20:43:10.748 Generic:148 - Successfully cleared textbox
[DEBUG] 2023-07-03 20:43:40.913 MyListeners:56 - [1;31m[io.appium.java_client.pagefactory.AppiumElementLocator.findElement(AppiumElementLocator.java:126), io.appium.java_client.pagefactory.interceptors.InterceptorOfASingleElement.intercept(InterceptorOfASingleElement.java:59), io.appium.java_client.ios.IOSElement$$EnhancerByCGLIB$$d311658.clear(<generated>), com.oneapp.utils.Generic.clearOnTexBox(Generic.java:149), com.oneapp.utils.Generic.sendKeysOnTextfields(Generic.java:200), com.oneapp.test_suits.LoginTestCases.TC002_InValidLoginTestCase(LoginTestCases.java:50), java.base/jdk.internal.reflect.NativeMethodAccessorImpl.invoke0(Native Method), java.base/jdk.internal.reflect.NativeMethodAccessorImpl.invoke(NativeMethodAccessorImpl.java:62), java.base/jdk.internal.reflect.DelegatingMethodAccessorImpl.invoke(DelegatingMethodAccessorImpl.java:43), java.base/java.lang.reflect.Method.invoke(Method.java:566), org.testng.internal.invokers.MethodInvocationHelper.invokeMethod(MethodInvocationHelper.java:139), org.testng.internal.invokers.TestInvoker.invokeMethod(TestInvoker.java:664), org.testng.internal.invokers.TestInvoker.invokeTestMethod(TestInvoker.java:227), org.testng.internal.invokers.MethodRunner.runInSequence(MethodRunner.java:50), org.testng.internal.invokers.TestInvoker$MethodInvocationAgent.invoke(TestInvoker.java:957), org.testng.internal.invokers.TestInvoker.invokeTestMethods(TestInvoker.java:200), org.testng.internal.invokers.TestMethodWorker.invokeTestMethods(TestMethodWorker.java:148), org.testng.internal.invokers.TestMethodWorker.run(TestMethodWorker.java:128), java.base/java.util.ArrayList.forEach(ArrayList.java:1541), org.testng.TestRunner.privateRun(TestRunner.java:848), org.testng.TestRunner.run(TestRunner.java:621), org.testng.SuiteRunner.runTest(SuiteRunner.java:443), org.testng.SuiteRunner.runSequentially(SuiteRunner.java:437), org.testng.SuiteRunner.privateRun(SuiteRunner.java:397), org.testng.SuiteRunner.run(SuiteRunner.java:336), org.testng.SuiteRunnerWorker.runSuite(SuiteRunnerWorker.java:52), org.testng.SuiteRunnerWorker.run(SuiteRunnerWorker.java:95), org.testng.TestNG.runSuitesSequentially(TestNG.java:1280), org.testng.TestNG.runSuitesLocally(TestNG.java:1200), org.testng.TestNG.runSuites(TestNG.java:1114), org.testng.TestNG.run(TestNG.java:1082), org.testng.remote.AbstractRemoteTestNG.run(AbstractRemoteTestNG.java:115), org.testng.remote.RemoteTestNG.initAndRun(RemoteTestNG.java:251), org.testng.remote.RemoteTestNG.main(RemoteTestNG.java:77)][0m
[DEBUG] 2023-07-03 20:43:41.004 MyListeners:100 - [1;31mScreenshot stored at: /Users/gunjan/HeroApp1Copy/screenshots/TC002_InValidLoginTestCase__M_o_n_ _J_u_l_ _0_3_ _2_0___4_3___4_0_ _I_S_T_ _2_0_2_3_.png[0m
[DEBUG] 2023-07-03 20:43:41.004 MyListeners:72 - [1;31mTC002_INVALIDLOGINTESTCASE - FAILURE[0m
[DEBUG] 2023-07-03 20:43:41.032 MyListeners:39 - [1;30mTC003_MINIMUMLENGTHLOGINTESTCASE - STARTS[0m
[DEBUG] 2023-07-03 20:44:11.200 Generic:215 - [1;31morg.openqa.selenium.TimeoutException: Expected condition failed: waiting for visibility of Located by By.chained({By.xpath: //XCUIElementTypeTextField[@name=" Enter mobile number"]}) (tried for 15 second(s) with 500 milliseconds interval)[0m
[DEBUG] 2023-07-03 20:44:11.204 Generic:148 - Successfully cleared textbox
[DEBUG] 2023-07-03 20:44:41.226 MyListeners:56 - [1;31m[io.appium.java_client.pagefactory.AppiumElementLocator.findElement(AppiumElementLocator.java:126), io.appium.java_client.pagefactory.interceptors.InterceptorOfASingleElement.intercept(InterceptorOfASingleElement.java:59), io.appium.java_client.ios.IOSElement$$EnhancerByCGLIB$$d311658.clear(<generated>), com.oneapp.utils.Generic.clearOnTexBox(Generic.java:149), com.oneapp.utils.Generic.sendKeysOnTextfields(Generic.java:200), com.oneapp.test_suits.LoginTestCases.TC003_MinimumLengthLoginTestCase(LoginTestCases.java:60), java.base/jdk.internal.reflect.NativeMethodAccessorImpl.invoke0(Native Method), java.base/jdk.internal.reflect.NativeMethodAccessorImpl.invoke(NativeMethodAccessorImpl.java:62), java.base/jdk.internal.reflect.DelegatingMethodAccessorImpl.invoke(DelegatingMethodAccessorImpl.java:43), java.base/java.lang.reflect.Method.invoke(Method.java:566), org.testng.internal.invokers.MethodInvocationHelper.invokeMethod(MethodInvocationHelper.java:139), org.testng.internal.invokers.TestInvoker.invokeMethod(TestInvoker.java:664), org.testng.internal.invokers.TestInvoker.invokeTestMethod(TestInvoker.java:227), org.testng.internal.invokers.MethodRunner.runInSequence(MethodRunner.java:50), org.testng.internal.invokers.TestInvoker$MethodInvocationAgent.invoke(TestInvoker.java:957), org.testng.internal.invokers.TestInvoker.invokeTestMethods(TestInvoker.java:200), org.testng.internal.invokers.TestMethodWorker.invokeTestMethods(TestMethodWorker.java:148), org.testng.internal.invokers.TestMethodWorker.run(TestMethodWorker.java:128), java.base/java.util.ArrayList.forEach(ArrayList.java:1541), org.testng.TestRunner.privateRun(TestRunner.java:848), org.testng.TestRunner.run(TestRunner.java:621), org.testng.SuiteRunner.runTest(SuiteRunner.java:443), org.testng.SuiteRunner.runSequentially(SuiteRunner.java:437), org.testng.SuiteRunner.privateRun(SuiteRunner.java:397), org.testng.SuiteRunner.run(SuiteRunner.java:336), org.testng.SuiteRunnerWorker.runSuite(SuiteRunnerWorker.java:52), org.testng.SuiteRunnerWorker.run(SuiteRunnerWorker.java:95), org.testng.TestNG.runSuitesSequentially(TestNG.java:1280), org.testng.TestNG.runSuitesLocally(TestNG.java:1200), org.testng.TestNG.runSuites(TestNG.java:1114), org.testng.TestNG.run(TestNG.java:1082), org.testng.remote.AbstractRemoteTestNG.run(AbstractRemoteTestNG.java:115), org.testng.remote.RemoteTestNG.initAndRun(RemoteTestNG.java:251), org.testng.remote.RemoteTestNG.main(RemoteTestNG.java:77)][0m
[DEBUG] 2023-07-03 20:44:41.324 MyListeners:100 - [1;31mScreenshot stored at: /Users/gunjan/HeroApp1Copy/screenshots/TC003_MinimumLengthLoginTestCase__M_o_n_ _J_u_l_ _0_3_ _2_0___4_4___4_1_ _I_S_T_ _2_0_2_3_.png[0m
[DEBUG] 2023-07-03 20:44:41.324 MyListeners:72 - [1;31mTC003_MINIMUMLENGTHLOGINTESTCASE - FAILURE[0m
[DEBUG] 2023-07-03 20:44:42.401 BaseClass:231 - Session gets closed
[DEBUG] 2023-07-03 20:44:42.401 BaseClass:232 - ++++++++++++++++++++++++++++++++
[INFO ] 2023-07-03 20:45:07.355 BaseClass:194 - PLATFORM NAME IS --> iOS
[INFO ] 2023-07-03 20:45:07.356 BaseClass:196 - DEVICE NAME IS --> iPhone 13
[INFO ] 2023-07-03 20:45:07.356 BaseClass:198 - AUTOMATION NAME IS --> XCUITest
[INFO ] 2023-07-03 20:45:07.356 BaseClass:200 - UDID IS --> 00008110-001E24A20180401E
[DEBUG] 2023-07-03 20:45:07.356 BaseClass:205 - IOS Simulator gets opened
[DEBUG] 2023-07-03 20:45:13.265 BaseClass:218 - 9cb246db-6202-429c-a918-6a8d30432681
[DEBUG] 2023-07-03 20:45:13.563 MyListeners:39 - [1;30mTC001_VALIDLOGINTESTCASE - STARTS[0m
[DEBUG] 2023-07-03 20:45:17.249 Generic:212 - Successfully Visibility  ---->  Enter mobile number
[DEBUG] 2023-07-03 20:45:17.256 Generic:148 - Successfully cleared textbox
[DEBUG] 2023-07-03 20:45:21.146 Generic:212 - Successfully Visibility  ---->  Enter mobile number
[DEBUG] 2023-07-03 20:45:21.150 Generic:148 - Successfully cleared textbox
[DEBUG] 2023-07-03 20:45:21.341 Generic:201 - Successfully enter value ----> 9926438293
[DEBUG] 2023-07-03 20:45:26.986 Generic:212 - Successfully Visibility  ----> Continue
[DEBUG] 2023-07-03 20:45:28.191 Generic:135 - Successfully Clicked  ----> Continue
[DEBUG] 2023-07-03 20:45:30.418 Generic:212 - Successfully Visibility  ----> Verify with OTP
[DEBUG] 2023-07-03 20:45:31.247 Generic:212 - Successfully Visibility  ----> editredcircle
[DEBUG] 2023-07-03 20:45:31.891 Generic:135 - Successfully Clicked  ----> editredcircle
[DEBUG] 2023-07-03 20:45:32.771 MyListeners:47 - [1;32mTC001_VALIDLOGINTESTCASE - PASSED[0m
[DEBUG] 2023-07-03 20:45:32.820 MyListeners:39 - [1;30mTC002_INVALIDLOGINTESTCASE - STARTS[0m
[DEBUG] 2023-07-03 20:45:33.508 Generic:212 - Successfully Visibility  ----> 9926438293
[DEBUG] 2023-07-03 20:45:33.512 Generic:148 - Successfully cleared textbox
[DEBUG] 2023-07-03 20:45:35.205 Generic:201 - Successfully enter value ----> 2537461014
[DEBUG] 2023-07-03 20:45:37.264 Generic:212 - Successfully Visibility  ----> Continue
[DEBUG] 2023-07-03 20:45:38.460 Generic:135 - Successfully Clicked  ----> Continue
[DEBUG] 2023-07-03 20:45:40.431 Generic:212 - Successfully Visibility  ----> Login
[DEBUG] 2023-07-03 20:45:40.652 MyListeners:47 - [1;32mTC002_INVALIDLOGINTESTCASE - PASSED[0m
[DEBUG] 2023-07-03 20:45:40.695 MyListeners:39 - [1;30mTC003_MINIMUMLENGTHLOGINTESTCASE - STARTS[0m
[DEBUG] 2023-07-03 20:45:41.456 Generic:212 - Successfully Visibility  ----> 2537461014
[DEBUG] 2023-07-03 20:45:41.460 Generic:148 - Successfully cleared textbox
[DEBUG] 2023-07-03 20:45:43.248 Generic:201 - Successfully enter value ----> 995859
[DEBUG] 2023-07-03 20:45:45.183 Generic:212 - Successfully Visibility  ----> Continue
[DEBUG] 2023-07-03 20:45:46.335 Generic:135 - Successfully Clicked  ----> Continue
[DEBUG] 2023-07-03 20:45:48.289 Generic:212 - Successfully Visibility  ----> Login
[DEBUG] 2023-07-03 20:45:48.652 MyListeners:47 - [1;32mTC003_MINIMUMLENGTHLOGINTESTCASE - PASSED[0m
[DEBUG] 2023-07-03 20:45:49.754 BaseClass:231 - Session gets closed
[DEBUG] 2023-07-03 20:45:49.755 BaseClass:232 - ++++++++++++++++++++++++++++++++
[INFO ] 2023-07-03 20:48:09.031 BaseClass:194 - PLATFORM NAME IS --> iOS
[INFO ] 2023-07-03 20:48:09.032 BaseClass:196 - DEVICE NAME IS --> iPhone 13
[INFO ] 2023-07-03 20:48:09.032 BaseClass:198 - AUTOMATION NAME IS --> XCUITest
[INFO ] 2023-07-03 20:48:09.032 BaseClass:200 - UDID IS --> 00008110-001E24A20180401E
[DEBUG] 2023-07-03 20:48:09.032 BaseClass:205 - IOS Simulator gets opened
[DEBUG] 2023-07-03 20:48:17.358 BaseClass:218 - 2f8c308a-4103-492d-afd1-0c95cfd37281
[DEBUG] 2023-07-03 20:48:17.643 MyListeners:39 - [1;30mTC001_VALIDLOGINTESTCASE - STARTS[0m
[DEBUG] 2023-07-03 20:48:21.375 Generic:212 - Successfully Visibility  ---->  Enter mobile number
[DEBUG] 2023-07-03 20:48:21.382 Generic:148 - Successfully cleared textbox
[DEBUG] 2023-07-03 20:48:25.369 Generic:212 - Successfully Visibility  ---->  Enter mobile number
[DEBUG] 2023-07-03 20:48:25.373 Generic:148 - Successfully cleared textbox
[DEBUG] 2023-07-03 20:48:25.574 Generic:201 - Successfully enter value ----> 9926438293
[DEBUG] 2023-07-03 20:48:31.240 Generic:212 - Successfully Visibility  ----> Continue
[DEBUG] 2023-07-03 20:48:32.424 Generic:135 - Successfully Clicked  ----> Continue
[DEBUG] 2023-07-03 20:48:34.623 Generic:212 - Successfully Visibility  ----> Verify with OTP
[DEBUG] 2023-07-03 20:48:35.524 Generic:212 - Successfully Visibility  ----> editredcircle
[DEBUG] 2023-07-03 20:48:36.182 Generic:135 - Successfully Clicked  ----> editredcircle
[DEBUG] 2023-07-03 20:48:37.071 MyListeners:47 - [1;32mTC001_VALIDLOGINTESTCASE - PASSED[0m
[DEBUG] 2023-07-03 20:48:37.117 MyListeners:39 - [1;30mTC002_INVALIDLOGINTESTCASE - STARTS[0m
[DEBUG] 2023-07-03 20:48:37.836 Generic:212 - Successfully Visibility  ----> 9926438293
[DEBUG] 2023-07-03 20:48:37.840 Generic:148 - Successfully cleared textbox
[DEBUG] 2023-07-03 20:48:39.547 Generic:201 - Successfully enter value ----> 2537461014
[DEBUG] 2023-07-03 20:48:41.548 Generic:212 - Successfully Visibility  ----> Continue
[DEBUG] 2023-07-03 20:48:42.705 Generic:135 - Successfully Clicked  ----> Continue
[DEBUG] 2023-07-03 20:48:44.572 Generic:212 - Successfully Visibility  ----> Login
[DEBUG] 2023-07-03 20:48:44.803 MyListeners:47 - [1;32mTC002_INVALIDLOGINTESTCASE - PASSED[0m
[DEBUG] 2023-07-03 20:48:44.846 MyListeners:39 - [1;30mTC003_MINIMUMLENGTHLOGINTESTCASE - STARTS[0m
[DEBUG] 2023-07-03 20:48:45.572 Generic:212 - Successfully Visibility  ----> 2537461014
[DEBUG] 2023-07-03 20:48:45.577 Generic:148 - Successfully cleared textbox
[DEBUG] 2023-07-03 20:48:47.379 Generic:201 - Successfully enter value ----> 995859
[DEBUG] 2023-07-03 20:48:49.316 Generic:212 - Successfully Visibility  ----> Continue
[DEBUG] 2023-07-03 20:48:50.493 Generic:135 - Successfully Clicked  ----> Continue
[DEBUG] 2023-07-03 20:48:52.445 Generic:212 - Successfully Visibility  ----> Login
[DEBUG] 2023-07-03 20:48:52.804 MyListeners:47 - [1;32mTC003_MINIMUMLENGTHLOGINTESTCASE - PASSED[0m
[DEBUG] 2023-07-03 20:48:53.851 BaseClass:231 - Session gets closed
[DEBUG] 2023-07-03 20:48:53.852 BaseClass:232 - ++++++++++++++++++++++++++++++++
