[DEBUG] 2023-12-26 13:13:08.300 BaseClass:202 - Starting the Appium Service....
2023-12-26 13:13:08.291
--------------------------------------------------------------
[DEBUG] 2023-12-26 13:14:50.716 BaseClass:202 - Starting the Appium Service....
2023-12-26 13:14:50.703
--------------------------------------------------------------
[INFO ] 2023-12-26 13:16:50.862 BaseClass:116 - PLATFORM NAME IS --> Android
[INFO ] 2023-12-26 13:16:50.865 BaseClass:118 - DEVICE NAME IS --> Pixel 3
[INFO ] 2023-12-26 13:16:50.867 BaseClass:120 - AUTOMATION NAME IS --> UiAutomator2
[INFO ] 2023-12-26 13:16:50.870 BaseClass:122 - UDID IS --> emulator-5554
[INFO ] 2023-12-26 13:16:50.871 BaseClass:136 - Android Real device gets opened
[DEBUG] 2023-12-26 13:16:54.866 MyListeners:59 - [1;31m[org.testng.internal.MethodInvocationHelper.invokeDataProvider(MethodInvocationHelper.java:175), org.testng.internal.Parameters.handleParameters(Parameters.java:798), org.testng.internal.Parameters.handleParameters(Parameters.java:740), org.testng.internal.ParameterHandler.handleParameters(ParameterHandler.java:59), org.testng.internal.ParameterHandler.createParameters(ParameterHandler.java:38), org.testng.internal.TestInvoker$MethodInvocationAgent.invoke(TestInvoker.java:791), org.testng.internal.TestInvoker.invokeTestMethods(TestInvoker.java:146), org.testng.internal.TestMethodWorker.invokeTestMethods(TestMethodWorker.java:146), org.testng.internal.TestMethodWorker.run(TestMethodWorker.java:128), java.base/java.util.ArrayList.forEach(ArrayList.java:1511), org.testng.TestRunner.privateRun(TestRunner.java:794), org.testng.TestRunner.run(TestRunner.java:596), org.testng.SuiteRunner.runTest(SuiteRunner.java:377), org.testng.SuiteRunner.runSequentially(SuiteRunner.java:371), org.testng.SuiteRunner.privateRun(SuiteRunner.java:332), org.testng.SuiteRunner.run(SuiteRunner.java:276), org.testng.SuiteRunnerWorker.runSuite(SuiteRunnerWorker.java:53), org.testng.SuiteRunnerWorker.run(SuiteRunnerWorker.java:96), org.testng.TestNG.runSuitesSequentially(TestNG.java:1212), org.testng.TestNG.runSuitesLocally(TestNG.java:1134), org.testng.TestNG.runSuites(TestNG.java:1063), org.testng.TestNG.run(TestNG.java:1031), org.testng.remote.AbstractRemoteTestNG.run(AbstractRemoteTestNG.java:115), org.testng.remote.RemoteTestNG.initAndRun(RemoteTestNG.java:251), org.testng.remote.RemoteTestNG.main(RemoteTestNG.java:77)][0m
[DEBUG] 2023-12-26 13:17:20.537 BaseClass:202 - Starting the Appium Service....
2023-12-26 13:17:20.526
--------------------------------------------------------------
[DEBUG] 2023-12-26 13:26:28.558 BaseClass:251 - Starting the Appium Service....
2023-12-26 13:26:28.551
--------------------------------------------------------------
[INFO ] 2023-12-26 13:28:28.637 BaseClass:169 - PLATFORM NAME IS --> Android
[INFO ] 2023-12-26 13:28:28.638 BaseClass:171 - DEVICE NAME IS --> Samsung
[INFO ] 2023-12-26 13:28:28.640 BaseClass:173 - AUTOMATION NAME IS --> UiAutomator2
[INFO ] 2023-12-26 13:28:28.641 BaseClass:175 - UDID IS --> RZCT904J89D
[INFO ] 2023-12-26 13:28:28.642 BaseClass:185 - Android Real device gets opened
[DEBUG] 2023-12-26 13:28:31.618 MyListeners:59 - [1;31m[org.testng.internal.MethodInvocationHelper.invokeDataProvider(MethodInvocationHelper.java:175), org.testng.internal.Parameters.handleParameters(Parameters.java:798), org.testng.internal.Parameters.handleParameters(Parameters.java:740), org.testng.internal.ParameterHandler.handleParameters(ParameterHandler.java:59), org.testng.internal.ParameterHandler.createParameters(ParameterHandler.java:38), org.testng.internal.TestInvoker$MethodInvocationAgent.invoke(TestInvoker.java:791), org.testng.internal.TestInvoker.invokeTestMethods(TestInvoker.java:146), org.testng.internal.TestMethodWorker.invokeTestMethods(TestMethodWorker.java:146), org.testng.internal.TestMethodWorker.run(TestMethodWorker.java:128), java.base/java.util.ArrayList.forEach(ArrayList.java:1511), org.testng.TestRunner.privateRun(TestRunner.java:794), org.testng.TestRunner.run(TestRunner.java:596), org.testng.SuiteRunner.runTest(SuiteRunner.java:377), org.testng.SuiteRunner.runSequentially(SuiteRunner.java:371), org.testng.SuiteRunner.privateRun(SuiteRunner.java:332), org.testng.SuiteRunner.run(SuiteRunner.java:276), org.testng.SuiteRunnerWorker.runSuite(SuiteRunnerWorker.java:53), org.testng.SuiteRunnerWorker.run(SuiteRunnerWorker.java:96), org.testng.TestNG.runSuitesSequentially(TestNG.java:1212), org.testng.TestNG.runSuitesLocally(TestNG.java:1134), org.testng.TestNG.runSuites(TestNG.java:1063), org.testng.TestNG.run(TestNG.java:1031), org.testng.remote.AbstractRemoteTestNG.run(AbstractRemoteTestNG.java:115), org.testng.remote.RemoteTestNG.initAndRun(RemoteTestNG.java:251), org.testng.remote.RemoteTestNG.main(RemoteTestNG.java:77)][0m
[DEBUG] 2023-12-26 14:46:16.735 BaseClass:251 - Starting the Appium Service....
2023-12-26 14:46:16.714
--------------------------------------------------------------
[INFO ] 2023-12-26 14:46:30.566 BaseClass:169 - PLATFORM NAME IS --> Android
[INFO ] 2023-12-26 14:46:30.571 BaseClass:171 - DEVICE NAME IS --> Samsung
[INFO ] 2023-12-26 14:46:30.578 BaseClass:173 - AUTOMATION NAME IS --> UiAutomator2
[INFO ] 2023-12-26 14:46:30.581 BaseClass:175 - UDID IS --> RZCT904J89D
[INFO ] 2023-12-26 14:46:30.586 BaseClass:185 - Android Real device gets opened
[DEBUG] 2023-12-26 14:46:33.233 MyListeners:59 - [1;31m[org.testng.internal.MethodInvocationHelper.invokeDataProvider(MethodInvocationHelper.java:175), org.testng.internal.Parameters.handleParameters(Parameters.java:798), org.testng.internal.Parameters.handleParameters(Parameters.java:740), org.testng.internal.ParameterHandler.handleParameters(ParameterHandler.java:59), org.testng.internal.ParameterHandler.createParameters(ParameterHandler.java:38), org.testng.internal.TestInvoker$MethodInvocationAgent.invoke(TestInvoker.java:791), org.testng.internal.TestInvoker.invokeTestMethods(TestInvoker.java:146), org.testng.internal.TestMethodWorker.invokeTestMethods(TestMethodWorker.java:146), org.testng.internal.TestMethodWorker.run(TestMethodWorker.java:128), java.base/java.util.ArrayList.forEach(ArrayList.java:1511), org.testng.TestRunner.privateRun(TestRunner.java:794), org.testng.TestRunner.run(TestRunner.java:596), org.testng.SuiteRunner.runTest(SuiteRunner.java:377), org.testng.SuiteRunner.runSequentially(SuiteRunner.java:371), org.testng.SuiteRunner.privateRun(SuiteRunner.java:332), org.testng.SuiteRunner.run(SuiteRunner.java:276), org.testng.SuiteRunnerWorker.runSuite(SuiteRunnerWorker.java:53), org.testng.SuiteRunnerWorker.run(SuiteRunnerWorker.java:96), org.testng.TestNG.runSuitesSequentially(TestNG.java:1212), org.testng.TestNG.runSuitesLocally(TestNG.java:1134), org.testng.TestNG.runSuites(TestNG.java:1063), org.testng.TestNG.run(TestNG.java:1031), org.testng.remote.AbstractRemoteTestNG.run(AbstractRemoteTestNG.java:115), org.testng.remote.RemoteTestNG.initAndRun(RemoteTestNG.java:251), org.testng.remote.RemoteTestNG.main(RemoteTestNG.java:77)][0m
[DEBUG] 2023-12-26 14:51:30.527 BaseClass:259 - Starting the Appium Service....
2023-12-26 14:51:30.518
--------------------------------------------------------------
[DEBUG] 2023-12-26 14:52:00.879 BaseClass:259 - Starting the Appium Service....
2023-12-26 14:52:00.871
--------------------------------------------------------------
[INFO ] 2023-12-26 14:52:13.109 BaseClass:177 - PLATFORM NAME IS --> Android
[INFO ] 2023-12-26 14:52:13.116 BaseClass:179 - DEVICE NAME IS --> Pixel 3
[INFO ] 2023-12-26 14:52:13.120 BaseClass:181 - AUTOMATION NAME IS --> UiAutomator2
[INFO ] 2023-12-26 14:52:13.127 BaseClass:183 - UDID IS --> emulator-5554
[INFO ] 2023-12-26 14:52:13.131 BaseClass:193 - Android Real device gets opened
[DEBUG] 2023-12-26 14:52:53.229 BaseClass:235 - 4ae9bb84-5adb-4511-b5e4-be04f9013262
[DEBUG] 2023-12-26 14:52:53.365 MyListeners:59 - [1;31m[org.testng.internal.MethodInvocationHelper.invokeDataProvider(MethodInvocationHelper.java:175), org.testng.internal.Parameters.handleParameters(Parameters.java:798), org.testng.internal.Parameters.handleParameters(Parameters.java:740), org.testng.internal.ParameterHandler.handleParameters(ParameterHandler.java:59), org.testng.internal.ParameterHandler.createParameters(ParameterHandler.java:38), org.testng.internal.TestInvoker$MethodInvocationAgent.invoke(TestInvoker.java:791), org.testng.internal.TestInvoker.invokeTestMethods(TestInvoker.java:146), org.testng.internal.TestMethodWorker.invokeTestMethods(TestMethodWorker.java:146), org.testng.internal.TestMethodWorker.run(TestMethodWorker.java:128), java.base/java.util.ArrayList.forEach(ArrayList.java:1511), org.testng.TestRunner.privateRun(TestRunner.java:794), org.testng.TestRunner.run(TestRunner.java:596), org.testng.SuiteRunner.runTest(SuiteRunner.java:377), org.testng.SuiteRunner.runSequentially(SuiteRunner.java:371), org.testng.SuiteRunner.privateRun(SuiteRunner.java:332), org.testng.SuiteRunner.run(SuiteRunner.java:276), org.testng.SuiteRunnerWorker.runSuite(SuiteRunnerWorker.java:53), org.testng.SuiteRunnerWorker.run(SuiteRunnerWorker.java:96), org.testng.TestNG.runSuitesSequentially(TestNG.java:1212), org.testng.TestNG.runSuitesLocally(TestNG.java:1134), org.testng.TestNG.runSuites(TestNG.java:1063), org.testng.TestNG.run(TestNG.java:1031), org.testng.remote.AbstractRemoteTestNG.run(AbstractRemoteTestNG.java:115), org.testng.remote.RemoteTestNG.initAndRun(RemoteTestNG.java:251), org.testng.remote.RemoteTestNG.main(RemoteTestNG.java:77)][0m
[DEBUG] 2023-12-26 14:52:54.698 BaseClass:248 - Session gets closed
[DEBUG] 2023-12-26 14:52:54.700 BaseClass:249 - ++++++++++++++++++++++++++++++++
[DEBUG] 2023-12-26 14:57:58.530 BaseClass:259 - Starting the Appium Service....
2023-12-26 14:57:58.522
--------------------------------------------------------------
[DEBUG] 2023-12-26 14:58:25.208 BaseClass:259 - Starting the Appium Service....
2023-12-26 14:58:25.201
--------------------------------------------------------------
[INFO ] 2023-12-26 14:58:37.449 BaseClass:177 - PLATFORM NAME IS --> Android
[INFO ] 2023-12-26 14:58:37.456 BaseClass:179 - DEVICE NAME IS --> Pixel 3
[INFO ] 2023-12-26 14:58:37.462 BaseClass:181 - AUTOMATION NAME IS --> UiAutomator2
[INFO ] 2023-12-26 14:58:37.465 BaseClass:183 - UDID IS --> emulator-5554
[INFO ] 2023-12-26 14:58:37.467 BaseClass:193 - Android Real device gets opened
[DEBUG] 2023-12-26 14:59:07.422 BaseClass:235 - 0d1fba68-3e44-4467-994d-c04cf02f425c
[DEBUG] 2023-12-26 14:59:07.486 MyListeners:39 - [1;30mTC001_VALIDLOGINTESTCASE - STARTS[0m
[DEBUG] 2023-12-26 14:59:23.297 Generic:232 - [1;31morg.openqa.selenium.TimeoutException: Expected condition failed: waiting for visibility of Proxy element for: DefaultElementLocator 'By.id: com.google.android.gms:id/title' (tried for 15 second(s) with 500 milliseconds interval)[0m
[DEBUG] 2023-12-26 14:59:27.423 Generic:182 - Successfully Displaying ----> Choose a phone number
[DEBUG] 2023-12-26 14:59:28.354 Generic:229 - Successfully Visibility  ----> 
[DEBUG] 2023-12-26 14:59:28.675 Generic:148 - Successfully Clicked  ----> 
[DEBUG] 2023-12-26 14:59:30.887 Generic:229 - Successfully Visibility  ----> Allow
[DEBUG] 2023-12-26 14:59:31.033 Generic:182 - Successfully Displaying ----> Allow
[DEBUG] 2023-12-26 14:59:31.600 Generic:229 - Successfully Visibility  ----> Allow
[DEBUG] 2023-12-26 14:59:32.074 Generic:148 - Successfully Clicked  ----> Allow
[DEBUG] 2023-12-26 14:59:34.058 Generic:229 - Successfully Visibility  ----> Please proceed with your registered Hero mobile number
[DEBUG] 2023-12-26 14:59:35.365 Generic:229 - Successfully Visibility  ----> By tapping on login or register, you are agreeing to Hero
[DEBUG] 2023-12-26 14:59:35.824 Generic:229 - Successfully Visibility  ----> Enter mobile number
[DEBUG] 2023-12-26 14:59:35.849 Generic:161 - Successfully cleared textbox
[DEBUG] 2023-12-26 14:59:37.423 Generic:229 - Successfully Visibility  ----> Enter mobile number
[DEBUG] 2023-12-26 14:59:37.432 Generic:161 - Successfully cleared textbox
[DEBUG] 2023-12-26 14:59:37.508 Generic:218 - Successfully enter value ----> 6666600022
[DEBUG] 2023-12-26 14:59:40.325 Generic:229 - Successfully Visibility  ----> Continue
[DEBUG] 2023-12-26 14:59:41.347 Generic:148 - Successfully Clicked  ----> Continue
[DEBUG] 2023-12-26 14:59:45.562 Generic:229 - Successfully Visibility  ----> Verify with OTP
[DEBUG] 2023-12-26 14:59:46.657 Generic:229 - Successfully Visibility  ----> 
[DEBUG] 2023-12-26 14:59:48.309 Generic:148 - Successfully Clicked  ----> 
[DEBUG] 2023-12-26 14:59:48.554 MyListeners:47 - [1;32mTC001_VALIDLOGINTESTCASE - PASSED[0m
[DEBUG] 2023-12-26 14:59:48.559 MyListeners:39 - [1;30mTC001_VALIDLOGINTESTCASE - STARTS[0m
[DEBUG] 2023-12-26 15:00:49.379 Generic:232 - [1;31morg.openqa.selenium.TimeoutException: Expected condition failed: waiting for visibility of Proxy element for: DefaultElementLocator 'By.id: com.google.android.gms:id/title' (tried for 15 second(s) with 500 milliseconds interval)[0m
[DEBUG] 2023-12-26 15:01:20.016 Generic:229 - Successfully Visibility  ----> Please proceed with your registered Hero mobile number
[DEBUG] 2023-12-26 15:01:21.237 Generic:229 - Successfully Visibility  ----> By tapping on login or register, you are agreeing to Hero
[DEBUG] 2023-12-26 15:01:21.815 Generic:229 - Successfully Visibility  ----> 6666600022
[DEBUG] 2023-12-26 15:01:21.824 Generic:161 - Successfully cleared textbox
[DEBUG] 2023-12-26 15:01:23.523 Generic:229 - Successfully Visibility  ----> Enter mobile number
[DEBUG] 2023-12-26 15:01:23.536 Generic:161 - Successfully cleared textbox
[DEBUG] 2023-12-26 15:01:23.650 Generic:218 - Successfully enter value ----> 1231131232
[DEBUG] 2023-12-26 15:01:26.092 Generic:229 - Successfully Visibility  ----> Continue
[DEBUG] 2023-12-26 15:01:26.407 Generic:148 - Successfully Clicked  ----> Continue
[DEBUG] 2023-12-26 15:01:28.379 Generic:232 - [1;31morg.openqa.selenium.StaleElementReferenceException: androidx.test.uiautomator.StaleObjectException
For documentation on this error, please visit: https://www.seleniumhq.org/exceptions/stale_element_reference.html
Build info: version: '3.141.59', revision: 'e82be7d358', time: '2018-11-14T08:17:03'
System info: host: 'DESKTOP-A2S9SMV', ip: '172.21.160.1', os.name: 'Windows 10', os.arch: 'amd64', os.version: '10.0', java.version: '17.0.9'
Driver info: io.appium.java_client.android.AndroidDriver
Capabilities {appActivity: com.customerapp.hero.views...., appPackage: com.customerapp.hero, automationName: UiAutomator2, databaseEnabled: false, desired: {appActivity: com.customerapp.hero.views...., appPackage: com.customerapp.hero, automationName: UiAutomator2, deviceName: Pixel 3, platformName: android, udid: emulator-5554}, deviceApiLevel: 33, deviceManufacturer: Google, deviceModel: sdk_gphone64_x86_64, deviceName: emulator-5554, deviceScreenDensity: 440, deviceScreenSize: 1080x2160, deviceUDID: emulator-5554, javascriptEnabled: true, locationContextEnabled: false, networkConnectionEnabled: true, pixelRatio: 2.75, platform: LINUX, platformName: Android, platformVersion: 13, statBarHeight: 66, takesScreenshot: true, udid: emulator-5554, viewportRect: {height: 2028, left: 0, top: 66, width: 1080}, warnings: {}, webStorageEnabled: false}
Session ID: 0d1fba68-3e44-4467-994d-c04cf02f425c[0m
[DEBUG] 2023-12-26 15:01:31.300 MyListeners:47 - [1;32mTC001_VALIDLOGINTESTCASE - PASSED[0m
[DEBUG] 2023-12-26 15:01:31.303 MyListeners:39 - [1;30mTC001_VALIDLOGINTESTCASE - STARTS[0m
[DEBUG] 2023-12-26 15:02:31.603 Generic:232 - [1;31morg.openqa.selenium.TimeoutException: Expected condition failed: waiting for visibility of Proxy element for: DefaultElementLocator 'By.id: com.google.android.gms:id/title' (tried for 15 second(s) with 500 milliseconds interval)[0m
[DEBUG] 2023-12-26 15:03:02.316 Generic:229 - Successfully Visibility  ----> Please proceed with your registered Hero mobile number
[DEBUG] 2023-12-26 15:03:03.474 Generic:229 - Successfully Visibility  ----> By tapping on login or register, you are agreeing to Hero
[DEBUG] 2023-12-26 15:03:03.790 Generic:229 - Successfully Visibility  ----> 1231131232
[DEBUG] 2023-12-26 15:03:03.798 Generic:161 - Successfully cleared textbox
[DEBUG] 2023-12-26 15:03:05.454 Generic:229 - Successfully Visibility  ----> Enter mobile number
[DEBUG] 2023-12-26 15:03:05.470 Generic:161 - Successfully cleared textbox
[DEBUG] 2023-12-26 15:03:05.538 Generic:218 - Successfully enter value ----> 66666
[DEBUG] 2023-12-26 15:03:08.107 Generic:229 - Successfully Visibility  ----> Continue
[DEBUG] 2023-12-26 15:03:08.390 Generic:148 - Successfully Clicked  ----> Continue
[DEBUG] 2023-12-26 15:03:09.405 Generic:229 - Successfully Visibility  ----> Login
[DEBUG] 2023-12-26 15:03:09.495 MyListeners:47 - [1;32mTC001_VALIDLOGINTESTCASE - PASSED[0m
[DEBUG] 2023-12-26 15:03:10.470 BaseClass:248 - Session gets closed
[DEBUG] 2023-12-26 15:03:10.472 BaseClass:249 - ++++++++++++++++++++++++++++++++
[DEBUG] 2023-12-26 15:03:12.344 BaseClass:274 - 
----------------------------------------
Stopping the Appium Server.....
2023-12-26 15:03:12.342
[DEBUG] 2023-12-26 15:07:29.457 BaseClass:263 - Starting the Appium Service....
2023-12-26 15:07:29.449
--------------------------------------------------------------
[INFO ] 2023-12-26 15:07:41.289 BaseClass:181 - PLATFORM NAME IS --> Android
[INFO ] 2023-12-26 15:07:41.294 BaseClass:183 - DEVICE NAME IS --> Pixel 3
[INFO ] 2023-12-26 15:07:41.303 BaseClass:185 - AUTOMATION NAME IS --> UiAutomator2
[INFO ] 2023-12-26 15:07:41.307 BaseClass:187 - UDID IS --> emulator-5554
[INFO ] 2023-12-26 15:07:41.319 BaseClass:197 - Android Real device gets opened
[DEBUG] 2023-12-26 15:08:10.304 BaseClass:239 - f7825a4a-59ea-4444-aa7c-e8c7bdafd873
[DEBUG] 2023-12-26 15:08:10.569 MyListeners:39 - [1;30mTC001_VALIDLOGINTESTCASE - STARTS[0m
[DEBUG] 2023-12-26 15:08:10.675 MyListeners:39 - [1;30mTC001_VALIDLOGINTESTCASE - STARTS[0m
[DEBUG] 2023-12-26 15:08:10.732 MyListeners:39 - [1;30mTC001_VALIDLOGINTESTCASE - STARTS[0m
[DEBUG] 2023-12-26 15:08:11.727 BaseClass:252 - Session gets closed
[DEBUG] 2023-12-26 15:08:11.729 BaseClass:253 - ++++++++++++++++++++++++++++++++
[DEBUG] 2023-12-26 15:08:13.597 BaseClass:278 - 
----------------------------------------
Stopping the Appium Server.....
2023-12-26 15:08:13.597
[DEBUG] 2023-12-26 15:09:29.670 BaseClass:263 - Starting the Appium Service....
2023-12-26 15:09:29.662
--------------------------------------------------------------
[INFO ] 2023-12-26 15:09:41.500 BaseClass:181 - PLATFORM NAME IS --> Android
[INFO ] 2023-12-26 15:09:41.508 BaseClass:183 - DEVICE NAME IS --> Pixel 3
[INFO ] 2023-12-26 15:09:41.514 BaseClass:185 - AUTOMATION NAME IS --> UiAutomator2
[INFO ] 2023-12-26 15:09:41.517 BaseClass:187 - UDID IS --> emulator-5554
[INFO ] 2023-12-26 15:09:41.535 BaseClass:197 - Android Real device gets opened
[DEBUG] 2023-12-26 15:10:08.509 BaseClass:239 - 9be33390-5896-43d9-adff-406e68e03659
[DEBUG] 2023-12-26 15:10:24.468 Generic:229 - Successfully Visibility  ----> Choose a phone number
[DEBUG] 2023-12-26 15:10:24.620 Generic:182 - Successfully Displaying ----> Choose a phone number
[DEBUG] 2023-12-26 15:10:25.044 Generic:229 - Successfully Visibility  ----> 
[DEBUG] 2023-12-26 15:10:25.364 Generic:148 - Successfully Clicked  ----> 
[DEBUG] 2023-12-26 15:10:26.870 Generic:229 - Successfully Visibility  ----> Allow
[DEBUG] 2023-12-26 15:10:27.004 Generic:182 - Successfully Displaying ----> Allow
[DEBUG] 2023-12-26 15:10:27.626 Generic:229 - Successfully Visibility  ----> Allow
[DEBUG] 2023-12-26 15:10:28.017 Generic:148 - Successfully Clicked  ----> Allow
[DEBUG] 2023-12-26 15:10:28.326 MyListeners:39 - [1;30mTC001_VALIDLOGINTESTCASE - STARTS[0m
[DEBUG] 2023-12-26 15:10:29.847 Generic:229 - Successfully Visibility  ----> Please proceed with your registered Hero mobile number
[DEBUG] 2023-12-26 15:10:30.535 Generic:229 - Successfully Visibility  ----> By tapping on login or register, you are agreeing to Hero
[DEBUG] 2023-12-26 15:10:31.757 Generic:229 - Successfully Visibility  ----> Enter mobile number
[DEBUG] 2023-12-26 15:10:31.781 Generic:161 - Successfully cleared textbox
[DEBUG] 2023-12-26 15:10:32.680 Generic:229 - Successfully Visibility  ----> Enter mobile number
[DEBUG] 2023-12-26 15:10:32.693 Generic:161 - Successfully cleared textbox
[DEBUG] 2023-12-26 15:10:33.476 Generic:218 - Successfully enter value ----> 6666600022
[DEBUG] 2023-12-26 15:10:35.739 Generic:229 - Successfully Visibility  ----> Continue
[DEBUG] 2023-12-26 15:10:36.069 Generic:148 - Successfully Clicked  ----> Continue
[DEBUG] 2023-12-26 15:10:40.789 Generic:229 - Successfully Visibility  ----> Verify with OTP
[DEBUG] 2023-12-26 15:10:41.165 Generic:229 - Successfully Visibility  ----> 
[DEBUG] 2023-12-26 15:10:42.957 Generic:148 - Successfully Clicked  ----> 
[DEBUG] 2023-12-26 15:10:43.146 MyListeners:47 - [1;32mTC001_VALIDLOGINTESTCASE - PASSED[0m
[DEBUG] 2023-12-26 15:10:43.150 MyListeners:39 - [1;30mTC001_VALIDLOGINTESTCASE - STARTS[0m
[DEBUG] 2023-12-26 15:10:43.928 Generic:229 - Successfully Visibility  ----> Please proceed with your registered Hero mobile number
[DEBUG] 2023-12-26 15:10:44.490 Generic:229 - Successfully Visibility  ----> By tapping on login or register, you are agreeing to Hero
[DEBUG] 2023-12-26 15:10:45.486 Generic:229 - Successfully Visibility  ----> 6666600022
[DEBUG] 2023-12-26 15:10:45.507 Generic:161 - Successfully cleared textbox
[DEBUG] 2023-12-26 15:10:46.538 Generic:229 - Successfully Visibility  ----> Enter mobile number
[DEBUG] 2023-12-26 15:10:46.560 Generic:161 - Successfully cleared textbox
[DEBUG] 2023-12-26 15:10:46.626 Generic:218 - Successfully enter value ----> 1231131232
[DEBUG] 2023-12-26 15:10:49.572 Generic:229 - Successfully Visibility  ----> Continue
[DEBUG] 2023-12-26 15:10:49.793 Generic:148 - Successfully Clicked  ----> Continue
[DEBUG] 2023-12-26 15:11:01.695 Generic:229 - Successfully Visibility  ----> Login
[DEBUG] 2023-12-26 15:11:01.777 MyListeners:47 - [1;32mTC001_VALIDLOGINTESTCASE - PASSED[0m
[DEBUG] 2023-12-26 15:11:01.780 MyListeners:39 - [1;30mTC001_VALIDLOGINTESTCASE - STARTS[0m
[DEBUG] 2023-12-26 15:11:02.216 Generic:229 - Successfully Visibility  ----> Please proceed with your registered Hero mobile number
[DEBUG] 2023-12-26 15:11:03.348 Generic:229 - Successfully Visibility  ----> By tapping on login or register, you are agreeing to Hero
[DEBUG] 2023-12-26 15:11:03.648 Generic:229 - Successfully Visibility  ----> 1231131232
[DEBUG] 2023-12-26 15:11:03.678 Generic:161 - Successfully cleared textbox
[DEBUG] 2023-12-26 15:11:04.670 Generic:229 - Successfully Visibility  ----> Enter mobile number
[DEBUG] 2023-12-26 15:11:04.680 Generic:161 - Successfully cleared textbox
[DEBUG] 2023-12-26 15:11:05.429 Generic:218 - Successfully enter value ----> 66666
[DEBUG] 2023-12-26 15:11:07.554 Generic:229 - Successfully Visibility  ----> Continue
[DEBUG] 2023-12-26 15:11:07.968 Generic:148 - Successfully Clicked  ----> Continue
[DEBUG] 2023-12-26 15:11:08.387 Generic:229 - Successfully Visibility  ----> Login
[DEBUG] 2023-12-26 15:11:08.467 MyListeners:47 - [1;32mTC001_VALIDLOGINTESTCASE - PASSED[0m
[DEBUG] 2023-12-26 15:11:09.632 BaseClass:252 - Session gets closed
[DEBUG] 2023-12-26 15:11:09.633 BaseClass:253 - ++++++++++++++++++++++++++++++++
[DEBUG] 2023-12-26 15:11:10.264 BaseClass:278 - 
----------------------------------------
Stopping the Appium Server.....
2023-12-26 15:11:10.264
[DEBUG] 2023-12-26 15:24:27.482 BaseClass:268 - Starting the Appium Service....
2023-12-26 15:24:27.465
--------------------------------------------------------------
[INFO ] 2023-12-26 15:24:39.345 BaseClass:186 - PLATFORM NAME IS --> Android
[INFO ] 2023-12-26 15:24:39.372 BaseClass:188 - DEVICE NAME IS --> Pixel 3
[INFO ] 2023-12-26 15:24:39.378 BaseClass:190 - AUTOMATION NAME IS --> UiAutomator2
[INFO ] 2023-12-26 15:24:39.387 BaseClass:192 - UDID IS --> emulator-5554
[INFO ] 2023-12-26 15:24:39.391 BaseClass:202 - Android Real device gets opened
[DEBUG] 2023-12-26 15:25:18.525 BaseClass:244 - 9741fa63-6570-4447-86b3-cfea39829184
[DEBUG] 2023-12-26 15:25:34.315 Generic:232 - [1;31morg.openqa.selenium.TimeoutException: Expected condition failed: waiting for visibility of Proxy element for: DefaultElementLocator 'By.id: com.google.android.gms:id/title' (tried for 15 second(s) with 500 milliseconds interval)[0m
[DEBUG] 2023-12-26 15:25:39.175 Generic:182 - Successfully Displaying ----> Choose a phone number
[DEBUG] 2023-12-26 15:25:39.589 Generic:229 - Successfully Visibility  ----> 
[DEBUG] 2023-12-26 15:25:39.900 Generic:148 - Successfully Clicked  ----> 
[DEBUG] 2023-12-26 15:25:41.899 Generic:229 - Successfully Visibility  ----> Allow
[DEBUG] 2023-12-26 15:25:42.074 Generic:182 - Successfully Displaying ----> Allow
[DEBUG] 2023-12-26 15:25:42.656 Generic:229 - Successfully Visibility  ----> Allow
[DEBUG] 2023-12-26 15:25:43.008 Generic:148 - Successfully Clicked  ----> Allow
[DEBUG] 2023-12-26 15:25:43.353 MyListeners:39 - [1;30mTC001_VALIDLOGINTESTCASE - STARTS[0m
[DEBUG] 2023-12-26 15:25:44.960 Generic:229 - Successfully Visibility  ----> Please proceed with your registered Hero mobile number
[DEBUG] 2023-12-26 15:25:46.275 Generic:229 - Successfully Visibility  ----> By tapping on login or register, you are agreeing to Hero
[DEBUG] 2023-12-26 15:25:46.840 Generic:229 - Successfully Visibility  ----> Enter mobile number
[DEBUG] 2023-12-26 15:25:46.862 Generic:161 - Successfully cleared textbox
[DEBUG] 2023-12-26 15:25:48.627 Generic:229 - Successfully Visibility  ----> Enter mobile number
[DEBUG] 2023-12-26 15:25:48.640 Generic:161 - Successfully cleared textbox
[DEBUG] 2023-12-26 15:25:48.743 Generic:218 - Successfully enter value ----> 6666600022
[DEBUG] 2023-12-26 15:25:51.375 Generic:229 - Successfully Visibility  ----> Continue
[DEBUG] 2023-12-26 15:25:52.287 Generic:148 - Successfully Clicked  ----> Continue
[DEBUG] 2023-12-26 15:25:56.155 Generic:229 - Successfully Visibility  ----> Verify with OTP
[DEBUG] 2023-12-26 15:25:57.126 Generic:229 - Successfully Visibility  ----> 
[DEBUG] 2023-12-26 15:25:58.966 Generic:148 - Successfully Clicked  ----> 
[DEBUG] 2023-12-26 15:25:59.122 MyListeners:47 - [1;32mTC001_VALIDLOGINTESTCASE - PASSED[0m
[DEBUG] 2023-12-26 15:25:59.126 MyListeners:39 - [1;30mTC001_VALIDLOGINTESTCASE - STARTS[0m
[DEBUG] 2023-12-26 15:26:01.380 Generic:229 - Successfully Visibility  ----> Please proceed with your registered Hero mobile number
[DEBUG] 2023-12-26 15:26:02.576 Generic:229 - Successfully Visibility  ----> By tapping on login or register, you are agreeing to Hero
[DEBUG] 2023-12-26 15:26:03.129 Generic:229 - Successfully Visibility  ----> 6666600022
[DEBUG] 2023-12-26 15:26:03.140 Generic:161 - Successfully cleared textbox
[DEBUG] 2023-12-26 15:26:04.469 Generic:229 - Successfully Visibility  ----> Enter mobile number
[DEBUG] 2023-12-26 15:26:04.497 Generic:161 - Successfully cleared textbox
[DEBUG] 2023-12-26 15:26:04.744 Generic:218 - Successfully enter value ----> 1231131232
[DEBUG] 2023-12-26 15:26:07.264 Generic:229 - Successfully Visibility  ----> Continue
[DEBUG] 2023-12-26 15:26:08.308 Generic:148 - Successfully Clicked  ----> Continue
[DEBUG] 2023-12-26 15:26:10.527 Generic:232 - [1;31morg.openqa.selenium.StaleElementReferenceException: androidx.test.uiautomator.StaleObjectException
For documentation on this error, please visit: https://www.seleniumhq.org/exceptions/stale_element_reference.html
Build info: version: '3.141.59', revision: 'e82be7d358', time: '2018-11-14T08:17:03'
System info: host: 'DESKTOP-A2S9SMV', ip: '172.21.160.1', os.name: 'Windows 10', os.arch: 'amd64', os.version: '10.0', java.version: '17.0.9'
Driver info: io.appium.java_client.android.AndroidDriver
Capabilities {appActivity: com.customerapp.hero.views...., appPackage: com.customerapp.hero, automationName: UiAutomator2, databaseEnabled: false, desired: {appActivity: com.customerapp.hero.views...., appPackage: com.customerapp.hero, automationName: UiAutomator2, deviceName: Pixel 3, platformName: android, udid: emulator-5554}, deviceApiLevel: 33, deviceManufacturer: Google, deviceModel: sdk_gphone64_x86_64, deviceName: emulator-5554, deviceScreenDensity: 440, deviceScreenSize: 1080x2160, deviceUDID: emulator-5554, javascriptEnabled: true, locationContextEnabled: false, networkConnectionEnabled: true, pixelRatio: 2.75, platform: LINUX, platformName: Android, platformVersion: 13, statBarHeight: 66, takesScreenshot: true, udid: emulator-5554, viewportRect: {height: 2028, left: 0, top: 66, width: 1080}, warnings: {}, webStorageEnabled: false}
Session ID: 9741fa63-6570-4447-86b3-cfea39829184[0m
[DEBUG] 2023-12-26 15:26:12.557 MyListeners:47 - [1;32mTC001_VALIDLOGINTESTCASE - PASSED[0m
[DEBUG] 2023-12-26 15:26:12.565 MyListeners:39 - [1;30mTC001_VALIDLOGINTESTCASE - STARTS[0m
[DEBUG] 2023-12-26 15:26:13.193 Generic:229 - Successfully Visibility  ----> Please proceed with your registered Hero mobile number
[DEBUG] 2023-12-26 15:26:14.234 Generic:229 - Successfully Visibility  ----> By tapping on login or register, you are agreeing to Hero
[DEBUG] 2023-12-26 15:26:14.569 Generic:229 - Successfully Visibility  ----> 1231131232
[DEBUG] 2023-12-26 15:26:14.583 Generic:161 - Successfully cleared textbox
[DEBUG] 2023-12-26 15:26:15.428 Generic:229 - Successfully Visibility  ----> Enter mobile number
[DEBUG] 2023-12-26 15:26:15.437 Generic:161 - Successfully cleared textbox
[DEBUG] 2023-12-26 15:26:15.572 Generic:218 - Successfully enter value ----> 66666
[DEBUG] 2023-12-26 15:26:17.399 Generic:229 - Successfully Visibility  ----> Continue
[DEBUG] 2023-12-26 15:26:18.248 Generic:148 - Successfully Clicked  ----> Continue
[DEBUG] 2023-12-26 15:26:18.794 Generic:229 - Successfully Visibility  ----> Login
[DEBUG] 2023-12-26 15:26:18.892 MyListeners:47 - [1;32mTC001_VALIDLOGINTESTCASE - PASSED[0m
[DEBUG] 2023-12-26 15:26:20.191 BaseClass:286 - 
----------------------------------------
Stopping the Appium Server.....
2023-12-26 15:26:20.191
[DEBUG] 2023-12-26 15:30:08.860 BaseClass:268 - Starting the Appium Service....
2023-12-26 15:30:08.854
--------------------------------------------------------------
[INFO ] 2023-12-26 15:30:20.973 BaseClass:186 - PLATFORM NAME IS --> Android
[INFO ] 2023-12-26 15:30:20.979 BaseClass:188 - DEVICE NAME IS --> Pixel 3
[INFO ] 2023-12-26 15:30:20.982 BaseClass:190 - AUTOMATION NAME IS --> UiAutomator2
[INFO ] 2023-12-26 15:30:20.984 BaseClass:192 - UDID IS --> emulator-5554
[INFO ] 2023-12-26 15:30:20.988 BaseClass:202 - Android Real device gets opened
[DEBUG] 2023-12-26 15:30:56.340 BaseClass:244 - 26bb42a2-931e-4c26-800b-cf6ad17db1ce
[DEBUG] 2023-12-26 15:31:12.043 Generic:229 - Successfully Visibility  ----> Choose a phone number
[DEBUG] 2023-12-26 15:31:12.179 Generic:182 - Successfully Displaying ----> Choose a phone number
[DEBUG] 2023-12-26 15:31:12.547 Generic:229 - Successfully Visibility  ----> 
[DEBUG] 2023-12-26 15:31:12.777 Generic:148 - Successfully Clicked  ----> 
[DEBUG] 2023-12-26 15:31:15.171 Generic:229 - Successfully Visibility  ----> Allow
[DEBUG] 2023-12-26 15:31:15.324 Generic:182 - Successfully Displaying ----> Allow
[DEBUG] 2023-12-26 15:31:15.777 Generic:229 - Successfully Visibility  ----> Allow
[DEBUG] 2023-12-26 15:31:16.208 Generic:148 - Successfully Clicked  ----> Allow
[DEBUG] 2023-12-26 15:31:16.553 MyListeners:39 - [1;30mTC001_VALIDLOGINTESTCASE - STARTS[0m
[DEBUG] 2023-12-26 15:31:18.063 Generic:229 - Successfully Visibility  ----> Please proceed with your registered Hero mobile number
[DEBUG] 2023-12-26 15:31:19.177 Generic:229 - Successfully Visibility  ----> By tapping on login or register, you are agreeing to Hero
[DEBUG] 2023-12-26 15:31:19.498 Generic:229 - Successfully Visibility  ----> Enter mobile number
[DEBUG] 2023-12-26 15:31:19.517 Generic:161 - Successfully cleared textbox
[DEBUG] 2023-12-26 15:31:21.199 Generic:229 - Successfully Visibility  ----> Enter mobile number
[DEBUG] 2023-12-26 15:31:21.211 Generic:161 - Successfully cleared textbox
[DEBUG] 2023-12-26 15:31:21.344 Generic:218 - Successfully enter value ----> 6666600022
[DEBUG] 2023-12-26 15:31:23.865 Generic:229 - Successfully Visibility  ----> Continue
[DEBUG] 2023-12-26 15:31:24.908 Generic:148 - Successfully Clicked  ----> Continue
[DEBUG] 2023-12-26 15:31:28.878 Generic:229 - Successfully Visibility  ----> Verify with OTP
[DEBUG] 2023-12-26 15:31:29.881 Generic:229 - Successfully Visibility  ----> 
[DEBUG] 2023-12-26 15:31:31.637 Generic:148 - Successfully Clicked  ----> 
[DEBUG] 2023-12-26 15:31:31.839 MyListeners:47 - [1;32mTC001_VALIDLOGINTESTCASE - PASSED[0m
[DEBUG] 2023-12-26 15:31:31.844 MyListeners:39 - [1;30mTC001_VALIDLOGINTESTCASE - STARTS[0m
[DEBUG] 2023-12-26 15:31:33.055 Generic:229 - Successfully Visibility  ----> Please proceed with your registered Hero mobile number
[DEBUG] 2023-12-26 15:31:33.597 Generic:229 - Successfully Visibility  ----> By tapping on login or register, you are agreeing to Hero
[DEBUG] 2023-12-26 15:31:33.937 Generic:229 - Successfully Visibility  ----> 6666600022
[DEBUG] 2023-12-26 15:31:33.955 Generic:161 - Successfully cleared textbox
[DEBUG] 2023-12-26 15:31:35.026 Generic:229 - Successfully Visibility  ----> Enter mobile number
[DEBUG] 2023-12-26 15:31:35.035 Generic:161 - Successfully cleared textbox
[DEBUG] 2023-12-26 15:31:35.213 Generic:218 - Successfully enter value ----> 1231131232
[DEBUG] 2023-12-26 15:31:37.132 Generic:229 - Successfully Visibility  ----> Continue
[DEBUG] 2023-12-26 15:31:37.423 Generic:148 - Successfully Clicked  ----> Continue
[DEBUG] 2023-12-26 15:31:39.435 Generic:232 - [1;31morg.openqa.selenium.StaleElementReferenceException: androidx.test.uiautomator.StaleObjectException
For documentation on this error, please visit: https://www.seleniumhq.org/exceptions/stale_element_reference.html
Build info: version: '3.141.59', revision: 'e82be7d358', time: '2018-11-14T08:17:03'
System info: host: 'DESKTOP-A2S9SMV', ip: '172.21.160.1', os.name: 'Windows 10', os.arch: 'amd64', os.version: '10.0', java.version: '17.0.9'
Driver info: io.appium.java_client.android.AndroidDriver
Capabilities {appActivity: com.customerapp.hero.views...., appPackage: com.customerapp.hero, automationName: UiAutomator2, databaseEnabled: false, desired: {appActivity: com.customerapp.hero.views...., appPackage: com.customerapp.hero, automationName: UiAutomator2, deviceName: Pixel 3, platformName: android, udid: emulator-5554}, deviceApiLevel: 33, deviceManufacturer: Google, deviceModel: sdk_gphone64_x86_64, deviceName: emulator-5554, deviceScreenDensity: 440, deviceScreenSize: 1080x2160, deviceUDID: emulator-5554, javascriptEnabled: true, locationContextEnabled: false, networkConnectionEnabled: true, pixelRatio: 2.75, platform: LINUX, platformName: Android, platformVersion: 13, statBarHeight: 66, takesScreenshot: true, udid: emulator-5554, viewportRect: {height: 2028, left: 0, top: 66, width: 1080}, warnings: {}, webStorageEnabled: false}
Session ID: 26bb42a2-931e-4c26-800b-cf6ad17db1ce[0m
[DEBUG] 2023-12-26 15:31:42.822 MyListeners:47 - [1;32mTC001_VALIDLOGINTESTCASE - PASSED[0m
[DEBUG] 2023-12-26 15:31:42.827 MyListeners:39 - [1;30mTC001_VALIDLOGINTESTCASE - STARTS[0m
[DEBUG] 2023-12-26 15:31:43.526 Generic:229 - Successfully Visibility  ----> Please proceed with your registered Hero mobile number
[DEBUG] 2023-12-26 15:31:44.034 Generic:229 - Successfully Visibility  ----> By tapping on login or register, you are agreeing to Hero
[DEBUG] 2023-12-26 15:31:45.088 Generic:229 - Successfully Visibility  ----> 1231131232
[DEBUG] 2023-12-26 15:31:45.108 Generic:161 - Successfully cleared textbox
[DEBUG] 2023-12-26 15:31:46.764 Generic:229 - Successfully Visibility  ----> Enter mobile number
[DEBUG] 2023-12-26 15:31:46.783 Generic:161 - Successfully cleared textbox
[DEBUG] 2023-12-26 15:31:46.884 Generic:218 - Successfully enter value ----> 66666
[DEBUG] 2023-12-26 15:31:49.065 Generic:229 - Successfully Visibility  ----> Continue
[DEBUG] 2023-12-26 15:31:49.387 Generic:148 - Successfully Clicked  ----> Continue
[DEBUG] 2023-12-26 15:31:49.880 Generic:229 - Successfully Visibility  ----> Login
[DEBUG] 2023-12-26 15:31:50.020 MyListeners:47 - [1;32mTC001_VALIDLOGINTESTCASE - PASSED[0m
[DEBUG] 2023-12-26 15:31:50.033 MyListeners:39 - [1;30mTC101_VALIDOTPTESTCASE - STARTS[0m
[DEBUG] 2023-12-26 15:32:50.877 Generic:232 - [1;31morg.openqa.selenium.TimeoutException: Expected condition failed: waiting for visibility of Proxy element for: DefaultElementLocator 'By.id: com.google.android.gms:id/title' (tried for 15 second(s) with 500 milliseconds interval)[0m
[DEBUG] 2023-12-26 15:33:21.402 Generic:229 - Successfully Visibility  ----> Please proceed with your registered Hero mobile number
[DEBUG] 2023-12-26 15:33:21.876 Generic:229 - Successfully Visibility  ----> By tapping on login or register, you are agreeing to Hero
[DEBUG] 2023-12-26 15:33:23.492 Generic:229 - Successfully Visibility  ----> 66666
[DEBUG] 2023-12-26 15:33:23.502 Generic:161 - Successfully cleared textbox
[DEBUG] 2023-12-26 15:33:25.112 Generic:229 - Successfully Visibility  ----> Enter mobile number
[DEBUG] 2023-12-26 15:33:25.120 Generic:161 - Successfully cleared textbox
[DEBUG] 2023-12-26 15:33:25.269 Generic:218 - Successfully enter value ----> 6666600022
[DEBUG] 2023-12-26 15:33:27.683 Generic:229 - Successfully Visibility  ----> Continue
[DEBUG] 2023-12-26 15:33:28.013 Generic:148 - Successfully Clicked  ----> Continue
[DEBUG] 2023-12-26 15:33:31.034 Generic:229 - Successfully Visibility  ----> Verify with OTP
[DEBUG] 2023-12-26 15:33:40.934 Generic:229 - Successfully Visibility  ----> Verify
[DEBUG] 2023-12-26 15:33:41.904 Generic:148 - Successfully Clicked  ----> Verify
[DEBUG] 2023-12-26 15:33:49.728 Generic:229 - Successfully Visibility  ----> book service paid
[DEBUG] 2023-12-26 15:33:50.318 Generic:148 - Successfully Clicked  ----> book service paid
[DEBUG] 2023-12-26 15:33:51.531 Generic:229 - Successfully Visibility  ----> Continue
[DEBUG] 2023-12-26 15:33:51.961 Generic:148 - Successfully Clicked  ----> Continue
[DEBUG] 2023-12-26 15:33:59.363 Generic:229 - Successfully Visibility  ----> Only this time
[DEBUG] 2023-12-26 15:33:59.586 Generic:148 - Successfully Clicked  ----> Only this time
[DEBUG] 2023-12-26 15:34:01.910 Generic:229 - Successfully Visibility  ----> Allow
[DEBUG] 2023-12-26 15:34:02.290 Generic:148 - Successfully Clicked  ----> Allow
[DEBUG] 2023-12-26 15:34:03.428 Generic:229 - Successfully Visibility  ----> Allow
[DEBUG] 2023-12-26 15:34:03.731 Generic:148 - Successfully Clicked  ----> Allow
[DEBUG] 2023-12-26 15:34:05.455 Generic:229 - Successfully Visibility  ----> Allow
[DEBUG] 2023-12-26 15:34:05.812 Generic:148 - Successfully Clicked  ----> Allow
[DEBUG] 2023-12-26 15:34:07.216 Generic:229 - Successfully Visibility  ----> Allow
[DEBUG] 2023-12-26 15:34:07.548 Generic:148 - Successfully Clicked  ----> Allow
[DEBUG] 2023-12-26 15:34:08.466 Generic:229 - Successfully Visibility  ----> Allow
[DEBUG] 2023-12-26 15:34:08.758 Generic:148 - Successfully Clicked  ----> Allow
[DEBUG] 2023-12-26 15:34:10.545 Generic:229 - Successfully Visibility  ----> Edit List
[DEBUG] 2023-12-26 15:34:10.941 Generic:148 - Successfully Clicked  ----> Edit List
[DEBUG] 2023-12-26 15:34:11.861 Generic:229 - Successfully Visibility  ----> Save List
[DEBUG] 2023-12-26 15:34:12.057 Generic:148 - Successfully Clicked  ----> Save List
[DEBUG] 2023-12-26 15:34:13.106 Generic:229 - Successfully Visibility  ----> 
[DEBUG] 2023-12-26 15:34:13.367 Generic:148 - Successfully Clicked  ----> 
[DEBUG] 2023-12-26 15:34:15.211 Generic:232 - [1;31morg.openqa.selenium.StaleElementReferenceException: The element 'By.xpath: (//android.view.ViewGroup//android.widget.TextView)[1]' does not exist in DOM anymore
For documentation on this error, please visit: https://www.seleniumhq.org/exceptions/stale_element_reference.html
Build info: version: '3.141.59', revision: 'e82be7d358', time: '2018-11-14T08:17:03'
System info: host: 'DESKTOP-A2S9SMV', ip: '172.21.160.1', os.name: 'Windows 10', os.arch: 'amd64', os.version: '10.0', java.version: '17.0.9'
Driver info: io.appium.java_client.android.AndroidDriver
Capabilities {appActivity: com.customerapp.hero.views...., appPackage: com.customerapp.hero, automationName: UiAutomator2, databaseEnabled: false, desired: {appActivity: com.customerapp.hero.views...., appPackage: com.customerapp.hero, automationName: UiAutomator2, deviceName: Pixel 3, platformName: android, udid: emulator-5554}, deviceApiLevel: 33, deviceManufacturer: Google, deviceModel: sdk_gphone64_x86_64, deviceName: emulator-5554, deviceScreenDensity: 440, deviceScreenSize: 1080x2160, deviceUDID: emulator-5554, javascriptEnabled: true, locationContextEnabled: false, networkConnectionEnabled: true, pixelRatio: 2.75, platform: LINUX, platformName: Android, platformVersion: 13, statBarHeight: 66, takesScreenshot: true, udid: emulator-5554, viewportRect: {height: 2028, left: 0, top: 66, width: 1080}, warnings: {}, webStorageEnabled: false}
Session ID: 26bb42a2-931e-4c26-800b-cf6ad17db1ce[0m
[DEBUG] 2023-12-26 15:34:15.767 Generic:229 - Successfully Visibility  ----> You are using
[DEBUG] 2023-12-26 15:34:16.285 Generic:229 - Successfully Visibility  ----> Vehicle Details
[DEBUG] 2023-12-26 15:34:16.883 Generic:229 - Successfully Visibility  ----> Wheels of Trust
[DEBUG] 2023-12-26 15:34:17.645 Generic:229 - Successfully Visibility  ----> Joyride
[DEBUG] 2023-12-26 15:34:28.700 Generic:229 - Successfully Visibility  ----> App Ver 9.1.8
[DEBUG] 2023-12-26 15:34:29.355 Generic:229 - Successfully Visibility  ----> Logout
[DEBUG] 2023-12-26 15:34:30.177 Generic:148 - Successfully Clicked  ----> Logout
[DEBUG] 2023-12-26 15:34:31.921 Generic:229 - Successfully Visibility  ----> Logout
[DEBUG] 2023-12-26 15:34:32.505 Generic:229 - Successfully Visibility  ----> Are you sure to logout?
[DEBUG] 2023-12-26 15:34:32.867 Generic:229 - Successfully Visibility  ----> YES
[DEBUG] 2023-12-26 15:34:33.097 Generic:148 - Successfully Clicked  ----> YES
[DEBUG] 2023-12-26 15:34:37.667 Generic:229 - Successfully Visibility  ----> 
[DEBUG] 2023-12-26 15:34:38.135 Generic:148 - Successfully Clicked  ----> 
[DEBUG] 2023-12-26 15:34:40.475 Generic:229 - Successfully Visibility  ----> Login
[DEBUG] 2023-12-26 15:34:40.599 MyListeners:47 - [1;32mTC101_VALIDOTPTESTCASE - PASSED[0m
[DEBUG] 2023-12-26 15:34:42.378 BaseClass:257 - Session gets closed
[DEBUG] 2023-12-26 15:34:42.379 BaseClass:258 - ++++++++++++++++++++++++++++++++
[DEBUG] 2023-12-26 15:34:42.458 BaseClass:288 - 
----------------------------------------
Stopping the Appium Server.....
2023-12-26 15:34:42.457
