[DEBUG] 2023-06-25 16:14:49.054 BaseClass:225 - Starting the Appium Service....
2023-06-25 16:14:49.038
--------------------------------------------------------------
[INFO ] 2023-06-25 16:15:03.992 BaseClass:151 - PLATFORM NAME IS --> Android
[INFO ] 2023-06-25 16:15:03.992 BaseClass:153 - DEVICE NAME IS --> Samsung
[INFO ] 2023-06-25 16:15:03.993 BaseClass:155 - AUTOMATION NAME IS --> UiAutomator2
[INFO ] 2023-06-25 16:15:03.993 BaseClass:157 - UDID IS --> RZCT904J89D
[DEBUG] 2023-06-25 16:15:03.993 BaseClass:167 - Android Real device gets opened
[DEBUG] 2023-06-25 16:15:39.892 BaseClass:202 - f61ad2ed-ecf4-4155-9b75-89d5943754df
[DEBUG] 2023-06-25 16:15:42.782 MyListeners:40 - [1;30mTC001_VALIDLOGINTESTCASE - STARTS[0m
[DEBUG] 2023-06-25 16:15:43.633 Generic:211 - Successfully Visibility  ----> Allow
[DEBUG] 2023-06-25 16:15:43.810 Generic:169 -  element is displaying ----> Allow
[DEBUG] 2023-06-25 16:15:44.270 Generic:211 - Successfully Visibility  ----> Allow
[DEBUG] 2023-06-25 16:15:45.052 Generic:135 - Successfully Clicked  ----> Allow
[DEBUG] 2023-06-25 16:15:46.017 Generic:211 - Successfully Visibility  ----> Enter mobile number
[DEBUG] 2023-06-25 16:15:46.033 Generic:148 - Successfully cleared textbox
[DEBUG] 2023-06-25 16:15:47.413 Generic:211 - Successfully Visibility  ----> Enter mobile number
[DEBUG] 2023-06-25 16:15:47.428 Generic:148 - Successfully cleared textbox
[DEBUG] 2023-06-25 16:15:47.565 Generic:201 - Successfully enter value ----> 9926438293
[DEBUG] 2023-06-25 16:15:49.877 Generic:211 - Successfully Visibility  ----> Continue
[DEBUG] 2023-06-25 16:15:50.279 Generic:135 - Successfully Clicked  ----> Continue
[DEBUG] 2023-06-25 16:15:51.652 MyListeners:57 - [1;31m[org.testng.Assert.fail(Assert.java:99), org.testng.Assert.failNotEquals(Assert.java:1037), org.testng.Assert.assertEqualsImpl(Assert.java:140), org.testng.Assert.assertEquals(Assert.java:122), org.testng.Assert.assertEquals(Assert.java:629), org.testng.Assert.assertEquals(Assert.java:639), com.oneapp.test_suits.LoginTestCases.TC001_ValidLoginTestCase(LoginTestCases.java:28), sun.reflect.NativeMethodAccessorImpl.invoke0(Native Method), sun.reflect.NativeMethodAccessorImpl.invoke(Unknown Source), sun.reflect.DelegatingMethodAccessorImpl.invoke(Unknown Source), java.lang.reflect.Method.invoke(Unknown Source), org.testng.internal.MethodInvocationHelper.invokeMethod(MethodInvocationHelper.java:133), org.testng.internal.TestInvoker.invokeMethod(TestInvoker.java:598), org.testng.internal.TestInvoker.invokeTestMethod(TestInvoker.java:173), org.testng.internal.MethodRunner.runInSequence(MethodRunner.java:46), org.testng.internal.TestInvoker$MethodInvocationAgent.invoke(TestInvoker.java:824), org.testng.internal.TestInvoker.invokeTestMethods(TestInvoker.java:146), org.testng.internal.TestMethodWorker.invokeTestMethods(TestMethodWorker.java:146), org.testng.internal.TestMethodWorker.run(TestMethodWorker.java:128), java.util.ArrayList.forEach(Unknown Source), org.testng.TestRunner.privateRun(TestRunner.java:794), org.testng.TestRunner.run(TestRunner.java:596), org.testng.SuiteRunner.runTest(SuiteRunner.java:377), org.testng.SuiteRunner.runSequentially(SuiteRunner.java:371), org.testng.SuiteRunner.privateRun(SuiteRunner.java:332), org.testng.SuiteRunner.run(SuiteRunner.java:276), org.testng.SuiteRunnerWorker.runSuite(SuiteRunnerWorker.java:53), org.testng.SuiteRunnerWorker.run(SuiteRunnerWorker.java:96), org.testng.TestNG.runSuitesSequentially(TestNG.java:1212), org.testng.TestNG.runSuitesLocally(TestNG.java:1134), org.testng.TestNG.runSuites(TestNG.java:1063), org.testng.TestNG.run(TestNG.java:1031), org.testng.remote.AbstractRemoteTestNG.run(AbstractRemoteTestNG.java:115), org.testng.remote.RemoteTestNG.initAndRun(RemoteTestNG.java:251), org.testng.remote.RemoteTestNG.main(RemoteTestNG.java:77)][0m
[DEBUG] 2023-06-25 16:15:52.728 MyListeners:101 - [1;31mScreenshot stored at: D:\ECLIPSE_LATEST\HeroApp1Copy/screenshots/TC001_ValidLoginTestCase__S_u_n_ _J_u_n_ _2_5_ _1_6___1_5___5_1_ _I_S_T_ _2_0_2_3_.png[0m
[DEBUG] 2023-06-25 16:15:52.734 MyListeners:73 - [1;31mTC001_VALIDLOGINTESTCASE - FAILURE[0m
[DEBUG] 2023-06-25 16:15:55.382 BaseClass:215 - Session gets closed
[DEBUG] 2023-06-25 16:15:55.382 BaseClass:216 - ++++++++++++++++++++++++++++++++
[DEBUG] 2023-06-25 16:15:56.356 BaseClass:236 - 
----------------------------------------
Stopping the Appium Server.....
2023-06-25 16:15:56.355
[DEBUG] 2023-06-25 16:25:49.648 BaseClass:227 - Starting the Appium Service....
2023-06-25 16:25:49.644
--------------------------------------------------------------
[INFO ] 2023-06-25 16:26:08.521 BaseClass:153 - PLATFORM NAME IS --> Android
[INFO ] 2023-06-25 16:26:08.521 BaseClass:155 - DEVICE NAME IS --> Samsung
[INFO ] 2023-06-25 16:26:08.522 BaseClass:157 - AUTOMATION NAME IS --> UiAutomator2
[INFO ] 2023-06-25 16:26:08.523 BaseClass:159 - UDID IS --> RZCT904J89D
[DEBUG] 2023-06-25 16:26:08.523 BaseClass:169 - Android Real device gets opened
[DEBUG] 2023-06-25 16:26:34.224 BaseClass:204 - 57c8b10b-8c4c-4a00-adf0-f607d4d55065
[DEBUG] 2023-06-25 16:26:35.770 MyListeners:40 - [1;30mTC001_VALIDLOGINTESTCASE - STARTS[0m
[DEBUG] 2023-06-25 16:26:36.608 Generic:211 - Successfully Visibility  ----> Allow
[DEBUG] 2023-06-25 16:26:36.715 Generic:169 -  element is displaying ----> Allow
[DEBUG] 2023-06-25 16:26:37.625 Generic:211 - Successfully Visibility  ----> Allow
[DEBUG] 2023-06-25 16:26:37.917 Generic:135 - Successfully Clicked  ----> Allow
[DEBUG] 2023-06-25 16:26:38.788 Generic:211 - Successfully Visibility  ----> Enter mobile number
[DEBUG] 2023-06-25 16:26:38.797 Generic:148 - Successfully cleared textbox
[DEBUG] 2023-06-25 16:26:39.795 Generic:211 - Successfully Visibility  ----> Enter mobile number
[DEBUG] 2023-06-25 16:26:39.811 Generic:148 - Successfully cleared textbox
[DEBUG] 2023-06-25 16:26:39.915 Generic:201 - Successfully enter value ----> 9926438293
[DEBUG] 2023-06-25 16:26:41.829 Generic:211 - Successfully Visibility  ----> Continue
[DEBUG] 2023-06-25 16:26:42.147 Generic:135 - Successfully Clicked  ----> Continue
[DEBUG] 2023-06-25 16:26:44.405 MyListeners:57 - [1;31m[sun.reflect.NativeConstructorAccessorImpl.newInstance0(Native Method), sun.reflect.NativeConstructorAccessorImpl.newInstance(Unknown Source), sun.reflect.DelegatingConstructorAccessorImpl.newInstance(Unknown Source), java.lang.reflect.Constructor.newInstance(Unknown Source), org.openqa.selenium.remote.http.W3CHttpResponseCodec.createException(W3CHttpResponseCodec.java:187), org.openqa.selenium.remote.http.W3CHttpResponseCodec.decode(W3CHttpResponseCodec.java:122), org.openqa.selenium.remote.http.W3CHttpResponseCodec.decode(W3CHttpResponseCodec.java:49), org.openqa.selenium.remote.HttpCommandExecutor.execute(HttpCommandExecutor.java:158), io.appium.java_client.remote.AppiumCommandExecutor.execute(AppiumCommandExecutor.java:250), org.openqa.selenium.remote.RemoteWebDriver.execute(RemoteWebDriver.java:552), io.appium.java_client.DefaultGenericMobileDriver.execute(DefaultGenericMobileDriver.java:41), io.appium.java_client.AppiumDriver.execute(AppiumDriver.java:1), io.appium.java_client.android.AndroidDriver.execute(AndroidDriver.java:1), org.openqa.selenium.remote.RemoteWebElement.execute(RemoteWebElement.java:285), io.appium.java_client.DefaultGenericMobileElement.execute(DefaultGenericMobileElement.java:45), io.appium.java_client.MobileElement.execute(MobileElement.java:1), io.appium.java_client.android.AndroidElement.execute(AndroidElement.java:1), org.openqa.selenium.remote.RemoteWebElement.getText(RemoteWebElement.java:166), sun.reflect.NativeMethodAccessorImpl.invoke0(Native Method), sun.reflect.NativeMethodAccessorImpl.invoke(Unknown Source), sun.reflect.DelegatingMethodAccessorImpl.invoke(Unknown Source), java.lang.reflect.Method.invoke(Unknown Source), io.appium.java_client.pagefactory.ElementInterceptor.getObject(ElementInterceptor.java:40), io.appium.java_client.pagefactory.interceptors.InterceptorOfASingleElement.intercept(InterceptorOfASingleElement.java:60), io.appium.java_client.android.AndroidElement$$EnhancerByCGLIB$$b598166c.getText(<generated>), com.oneapp.test_suits.LoginTestCases.TC001_ValidLoginTestCase(LoginTestCases.java:28), sun.reflect.NativeMethodAccessorImpl.invoke0(Native Method), sun.reflect.NativeMethodAccessorImpl.invoke(Unknown Source), sun.reflect.DelegatingMethodAccessorImpl.invoke(Unknown Source), java.lang.reflect.Method.invoke(Unknown Source), org.testng.internal.MethodInvocationHelper.invokeMethod(MethodInvocationHelper.java:133), org.testng.internal.TestInvoker.invokeMethod(TestInvoker.java:598), org.testng.internal.TestInvoker.invokeTestMethod(TestInvoker.java:173), org.testng.internal.MethodRunner.runInSequence(MethodRunner.java:46), org.testng.internal.TestInvoker$MethodInvocationAgent.invoke(TestInvoker.java:824), org.testng.internal.TestInvoker.invokeTestMethods(TestInvoker.java:146), org.testng.internal.TestMethodWorker.invokeTestMethods(TestMethodWorker.java:146), org.testng.internal.TestMethodWorker.run(TestMethodWorker.java:128), java.util.ArrayList.forEach(Unknown Source), org.testng.TestRunner.privateRun(TestRunner.java:794), org.testng.TestRunner.run(TestRunner.java:596), org.testng.SuiteRunner.runTest(SuiteRunner.java:377), org.testng.SuiteRunner.runSequentially(SuiteRunner.java:371), org.testng.SuiteRunner.privateRun(SuiteRunner.java:332), org.testng.SuiteRunner.run(SuiteRunner.java:276), org.testng.SuiteRunnerWorker.runSuite(SuiteRunnerWorker.java:53), org.testng.SuiteRunnerWorker.run(SuiteRunnerWorker.java:96), org.testng.TestNG.runSuitesSequentially(TestNG.java:1212), org.testng.TestNG.runSuitesLocally(TestNG.java:1134), org.testng.TestNG.runSuites(TestNG.java:1063), org.testng.TestNG.run(TestNG.java:1031), org.testng.remote.AbstractRemoteTestNG.run(AbstractRemoteTestNG.java:115), org.testng.remote.RemoteTestNG.initAndRun(RemoteTestNG.java:251), org.testng.remote.RemoteTestNG.main(RemoteTestNG.java:77)][0m
[DEBUG] 2023-06-25 16:26:44.802 MyListeners:101 - [1;31mScreenshot stored at: D:\ECLIPSE_LATEST\HeroApp1Copy/screenshots/TC001_ValidLoginTestCase__S_u_n_ _J_u_n_ _2_5_ _1_6___2_6___4_4_ _I_S_T_ _2_0_2_3_.png[0m
[DEBUG] 2023-06-25 16:26:44.807 MyListeners:73 - [1;31mTC001_VALIDLOGINTESTCASE - FAILURE[0m
[DEBUG] 2023-06-25 16:26:46.603 BaseClass:217 - Session gets closed
[DEBUG] 2023-06-25 16:26:46.604 BaseClass:218 - ++++++++++++++++++++++++++++++++
[DEBUG] 2023-06-25 16:26:46.680 BaseClass:238 - 
----------------------------------------
Stopping the Appium Server.....
2023-06-25 16:26:46.680
[INFO ] 2023-06-25 16:28:32.185 BaseClass:153 - PLATFORM NAME IS --> Android
[INFO ] 2023-06-25 16:28:32.190 BaseClass:155 - DEVICE NAME IS --> Samsung
[INFO ] 2023-06-25 16:28:32.190 BaseClass:157 - AUTOMATION NAME IS --> UiAutomator2
[INFO ] 2023-06-25 16:28:32.191 BaseClass:159 - UDID IS --> RZCT904J89D
[DEBUG] 2023-06-25 16:28:32.191 BaseClass:169 - Android Real device gets opened
[DEBUG] 2023-06-25 16:28:58.325 BaseClass:204 - 458c0493-a5b3-4912-a678-186e27216e0b
[DEBUG] 2023-06-25 16:29:00.184 MyListeners:40 - [1;30mTC001_VALIDLOGINTESTCASE - STARTS[0m
[DEBUG] 2023-06-25 16:29:00.710 Generic:211 - Successfully Visibility  ----> Allow
[DEBUG] 2023-06-25 16:29:00.830 Generic:169 -  element is displaying ----> Allow
[DEBUG] 2023-06-25 16:29:01.761 Generic:211 - Successfully Visibility  ----> Allow
[DEBUG] 2023-06-25 16:29:02.118 Generic:135 - Successfully Clicked  ----> Allow
[DEBUG] 2023-06-25 16:29:03.700 Generic:211 - Successfully Visibility  ----> Enter mobile number
[DEBUG] 2023-06-25 16:29:03.715 Generic:148 - Successfully cleared textbox
[DEBUG] 2023-06-25 16:29:04.605 Generic:211 - Successfully Visibility  ----> Enter mobile number
[DEBUG] 2023-06-25 16:29:04.613 Generic:148 - Successfully cleared textbox
[DEBUG] 2023-06-25 16:29:04.738 Generic:201 - Successfully enter value ----> 9926438293
[DEBUG] 2023-06-25 16:29:06.816 Generic:211 - Successfully Visibility  ----> Continue
[DEBUG] 2023-06-25 16:29:07.776 Generic:135 - Successfully Clicked  ----> Continue
[DEBUG] 2023-06-25 16:29:09.970 MyListeners:48 - [1;32mTC001_VALIDLOGINTESTCASE - PASSED[0m
[DEBUG] 2023-06-25 16:29:11.645 BaseClass:217 - Session gets closed
[DEBUG] 2023-06-25 16:29:11.646 BaseClass:218 - ++++++++++++++++++++++++++++++++
[DEBUG] 2023-06-25 17:06:36.086 BaseClass:227 - Starting the Appium Service....
2023-06-25 17:06:36.082
--------------------------------------------------------------
[INFO ] 2023-06-25 17:06:54.936 BaseClass:153 - PLATFORM NAME IS --> Android
[INFO ] 2023-06-25 17:06:54.936 BaseClass:155 - DEVICE NAME IS --> Samsung
[INFO ] 2023-06-25 17:06:54.937 BaseClass:157 - AUTOMATION NAME IS --> UiAutomator2
[INFO ] 2023-06-25 17:06:54.938 BaseClass:159 - UDID IS --> RZCT904J89D
[DEBUG] 2023-06-25 17:06:54.938 BaseClass:169 - Android Real device gets opened
[DEBUG] 2023-06-25 17:07:21.587 BaseClass:204 - 4e1e13a2-6437-4128-a52d-d34c2d14cd38
[DEBUG] 2023-06-25 17:07:22.994 MyListeners:40 - [1;30mTC001_VALIDLOGINTESTCASE - STARTS[0m
[DEBUG] 2023-06-25 17:07:23.841 Generic:211 - Successfully Visibility  ----> Allow
[DEBUG] 2023-06-25 17:07:24.012 Generic:169 -  element is displaying ----> Allow
[DEBUG] 2023-06-25 17:07:25.063 Generic:211 - Successfully Visibility  ----> Allow
[DEBUG] 2023-06-25 17:07:25.530 Generic:135 - Successfully Clicked  ----> Allow
[DEBUG] 2023-06-25 17:07:27.089 Generic:211 - Successfully Visibility  ----> Enter mobile number
[DEBUG] 2023-06-25 17:07:27.105 Generic:148 - Successfully cleared textbox
[DEBUG] 2023-06-25 17:07:28.079 Generic:211 - Successfully Visibility  ----> Enter mobile number
[DEBUG] 2023-06-25 17:07:28.089 Generic:148 - Successfully cleared textbox
[DEBUG] 2023-06-25 17:07:28.793 Generic:201 - Successfully enter value ----> 9926438293
[DEBUG] 2023-06-25 17:07:31.171 Generic:211 - Successfully Visibility  ----> Continue
[DEBUG] 2023-06-25 17:07:31.571 Generic:135 - Successfully Clicked  ----> Continue
[DEBUG] 2023-06-25 17:07:33.720 MyListeners:57 - [1;31m[sun.reflect.NativeConstructorAccessorImpl.newInstance0(Native Method), sun.reflect.NativeConstructorAccessorImpl.newInstance(Unknown Source), sun.reflect.DelegatingConstructorAccessorImpl.newInstance(Unknown Source), java.lang.reflect.Constructor.newInstance(Unknown Source), org.openqa.selenium.remote.http.W3CHttpResponseCodec.createException(W3CHttpResponseCodec.java:187), org.openqa.selenium.remote.http.W3CHttpResponseCodec.decode(W3CHttpResponseCodec.java:122), org.openqa.selenium.remote.http.W3CHttpResponseCodec.decode(W3CHttpResponseCodec.java:49), org.openqa.selenium.remote.HttpCommandExecutor.execute(HttpCommandExecutor.java:158), io.appium.java_client.remote.AppiumCommandExecutor.execute(AppiumCommandExecutor.java:250), org.openqa.selenium.remote.RemoteWebDriver.execute(RemoteWebDriver.java:552), io.appium.java_client.DefaultGenericMobileDriver.execute(DefaultGenericMobileDriver.java:41), io.appium.java_client.AppiumDriver.execute(AppiumDriver.java:1), io.appium.java_client.android.AndroidDriver.execute(AndroidDriver.java:1), org.openqa.selenium.remote.RemoteWebElement.execute(RemoteWebElement.java:285), io.appium.java_client.DefaultGenericMobileElement.execute(DefaultGenericMobileElement.java:45), io.appium.java_client.MobileElement.execute(MobileElement.java:1), io.appium.java_client.android.AndroidElement.execute(AndroidElement.java:1), org.openqa.selenium.remote.RemoteWebElement.getText(RemoteWebElement.java:166), sun.reflect.NativeMethodAccessorImpl.invoke0(Native Method), sun.reflect.NativeMethodAccessorImpl.invoke(Unknown Source), sun.reflect.DelegatingMethodAccessorImpl.invoke(Unknown Source), java.lang.reflect.Method.invoke(Unknown Source), io.appium.java_client.pagefactory.ElementInterceptor.getObject(ElementInterceptor.java:40), io.appium.java_client.pagefactory.interceptors.InterceptorOfASingleElement.intercept(InterceptorOfASingleElement.java:60), io.appium.java_client.android.AndroidElement$$EnhancerByCGLIB$$b598166c.getText(<generated>), com.oneapp.test_suits.LoginTestCases.TC001_ValidLoginTestCase(LoginTestCases.java:28), sun.reflect.NativeMethodAccessorImpl.invoke0(Native Method), sun.reflect.NativeMethodAccessorImpl.invoke(Unknown Source), sun.reflect.DelegatingMethodAccessorImpl.invoke(Unknown Source), java.lang.reflect.Method.invoke(Unknown Source), org.testng.internal.MethodInvocationHelper.invokeMethod(MethodInvocationHelper.java:133), org.testng.internal.TestInvoker.invokeMethod(TestInvoker.java:598), org.testng.internal.TestInvoker.invokeTestMethod(TestInvoker.java:173), org.testng.internal.MethodRunner.runInSequence(MethodRunner.java:46), org.testng.internal.TestInvoker$MethodInvocationAgent.invoke(TestInvoker.java:824), org.testng.internal.TestInvoker.invokeTestMethods(TestInvoker.java:146), org.testng.internal.TestMethodWorker.invokeTestMethods(TestMethodWorker.java:146), org.testng.internal.TestMethodWorker.run(TestMethodWorker.java:128), java.util.ArrayList.forEach(Unknown Source), org.testng.TestRunner.privateRun(TestRunner.java:794), org.testng.TestRunner.run(TestRunner.java:596), org.testng.SuiteRunner.runTest(SuiteRunner.java:377), org.testng.SuiteRunner.runSequentially(SuiteRunner.java:371), org.testng.SuiteRunner.privateRun(SuiteRunner.java:332), org.testng.SuiteRunner.run(SuiteRunner.java:276), org.testng.SuiteRunnerWorker.runSuite(SuiteRunnerWorker.java:53), org.testng.SuiteRunnerWorker.run(SuiteRunnerWorker.java:96), org.testng.TestNG.runSuitesSequentially(TestNG.java:1212), org.testng.TestNG.runSuitesLocally(TestNG.java:1134), org.testng.TestNG.runSuites(TestNG.java:1063), org.testng.TestNG.run(TestNG.java:1031), org.testng.remote.AbstractRemoteTestNG.run(AbstractRemoteTestNG.java:115), org.testng.remote.RemoteTestNG.initAndRun(RemoteTestNG.java:251), org.testng.remote.RemoteTestNG.main(RemoteTestNG.java:77)][0m
[DEBUG] 2023-06-25 17:07:34.155 MyListeners:101 - [1;31mScreenshot stored at: D:\ECLIPSE_LATEST\HeroApp1Copy/screenshots/TC001_ValidLoginTestCase__S_u_n_ _J_u_n_ _2_5_ _1_7___0_7___3_3_ _I_S_T_ _2_0_2_3_.png[0m
[DEBUG] 2023-06-25 17:07:34.159 MyListeners:73 - [1;31mTC001_VALIDLOGINTESTCASE - FAILURE[0m
[DEBUG] 2023-06-25 17:07:35.872 BaseClass:217 - Session gets closed
[DEBUG] 2023-06-25 17:07:35.873 BaseClass:218 - ++++++++++++++++++++++++++++++++
[DEBUG] 2023-06-25 17:07:35.947 BaseClass:239 - 
----------------------------------------
Stopping the Appium Server.....
2023-06-25 17:07:35.947
[DEBUG] 2023-06-25 17:10:09.788 BaseClass:227 - Starting the Appium Service....
2023-06-25 17:10:09.782
--------------------------------------------------------------
[INFO ] 2023-06-25 17:10:28.625 BaseClass:153 - PLATFORM NAME IS --> Android
[INFO ] 2023-06-25 17:10:28.626 BaseClass:155 - DEVICE NAME IS --> Samsung
[INFO ] 2023-06-25 17:10:28.627 BaseClass:157 - AUTOMATION NAME IS --> UiAutomator2
[INFO ] 2023-06-25 17:10:28.627 BaseClass:159 - UDID IS --> RZCT904J89D
[DEBUG] 2023-06-25 17:10:28.628 BaseClass:169 - Android Real device gets opened
[DEBUG] 2023-06-25 17:10:53.727 BaseClass:204 - 4a24f936-446b-43c9-a8c5-81453724f335
[DEBUG] 2023-06-25 17:10:55.220 MyListeners:40 - [1;30mTC001_VALIDLOGINTESTCASE - STARTS[0m
[DEBUG] 2023-06-25 17:10:56.046 Generic:211 - Successfully Visibility  ----> Allow
[DEBUG] 2023-06-25 17:10:56.190 Generic:169 -  element is displaying ----> Allow
[DEBUG] 2023-06-25 17:10:57.073 Generic:211 - Successfully Visibility  ----> Allow
[DEBUG] 2023-06-25 17:10:57.356 Generic:135 - Successfully Clicked  ----> Allow
[DEBUG] 2023-06-25 17:10:58.260 Generic:211 - Successfully Visibility  ----> Enter mobile number
[DEBUG] 2023-06-25 17:10:58.283 Generic:148 - Successfully cleared textbox
[DEBUG] 2023-06-25 17:10:59.201 Generic:211 - Successfully Visibility  ----> Enter mobile number
[DEBUG] 2023-06-25 17:10:59.218 Generic:148 - Successfully cleared textbox
[DEBUG] 2023-06-25 17:10:59.320 Generic:201 - Successfully enter value ----> 9926438293
[DEBUG] 2023-06-25 17:11:02.294 Generic:211 - Successfully Visibility  ----> Continue
[DEBUG] 2023-06-25 17:11:03.169 Generic:135 - Successfully Clicked  ----> Continue
[DEBUG] 2023-06-25 17:11:06.407 MyListeners:48 - [1;32mTC001_VALIDLOGINTESTCASE - PASSED[0m
[DEBUG] 2023-06-25 17:11:08.320 BaseClass:217 - Session gets closed
[DEBUG] 2023-06-25 17:11:08.321 BaseClass:218 - ++++++++++++++++++++++++++++++++
[DEBUG] 2023-06-25 17:11:08.393 BaseClass:239 - 
----------------------------------------
Stopping the Appium Server.....
2023-06-25 17:11:08.393
[DEBUG] 2023-06-25 17:16:28.908 BaseClass:227 - Starting the Appium Service....
2023-06-25 17:16:28.904
--------------------------------------------------------------
[INFO ] 2023-06-25 17:16:47.782 BaseClass:153 - PLATFORM NAME IS --> Android
[INFO ] 2023-06-25 17:16:47.783 BaseClass:155 - DEVICE NAME IS --> Samsung
[INFO ] 2023-06-25 17:16:47.784 BaseClass:157 - AUTOMATION NAME IS --> UiAutomator2
[INFO ] 2023-06-25 17:16:47.785 BaseClass:159 - UDID IS --> RZCT904J89D
[DEBUG] 2023-06-25 17:16:47.786 BaseClass:169 - Android Real device gets opened
[DEBUG] 2023-06-25 17:17:15.877 BaseClass:204 - 67fa45d2-dafc-48ad-a55f-eeae0b65dbe8
[DEBUG] 2023-06-25 17:17:18.203 MyListeners:40 - [1;30mTC001_VALIDLOGINTESTCASE - STARTS[0m
[DEBUG] 2023-06-25 17:17:19.332 Generic:211 - Successfully Visibility  ----> Allow
[DEBUG] 2023-06-25 17:17:19.520 Generic:169 -  element is displaying ----> Allow
[DEBUG] 2023-06-25 17:17:20.129 Generic:211 - Successfully Visibility  ----> Allow
[DEBUG] 2023-06-25 17:17:21.062 Generic:135 - Successfully Clicked  ----> Allow
[DEBUG] 2023-06-25 17:17:22.078 Generic:211 - Successfully Visibility  ----> Enter mobile number
[DEBUG] 2023-06-25 17:17:22.090 Generic:148 - Successfully cleared textbox
[DEBUG] 2023-06-25 17:17:23.430 Generic:211 - Successfully Visibility  ----> Enter mobile number
[DEBUG] 2023-06-25 17:17:23.454 Generic:148 - Successfully cleared textbox
[DEBUG] 2023-06-25 17:17:23.613 Generic:201 - Successfully enter value ----> 9926438293
[DEBUG] 2023-06-25 17:17:25.972 Generic:211 - Successfully Visibility  ----> Continue
[DEBUG] 2023-06-25 17:17:26.447 Generic:135 - Successfully Clicked  ----> Continue
[DEBUG] 2023-06-25 17:17:29.883 Generic:211 - Successfully Visibility  ----> Verify with OTP
[DEBUG] 2023-06-25 17:17:29.985 Generic:229 - Actual element --> Verify with OTP
[DEBUG] 2023-06-25 17:17:30.002 MyListeners:48 - [1;32mTC001_VALIDLOGINTESTCASE - PASSED[0m
[DEBUG] 2023-06-25 17:17:31.856 BaseClass:217 - Session gets closed
[DEBUG] 2023-06-25 17:17:31.858 BaseClass:218 - ++++++++++++++++++++++++++++++++
[DEBUG] 2023-06-25 17:17:31.947 BaseClass:239 - 
----------------------------------------
Stopping the Appium Server.....
2023-06-25 17:17:31.947
[DEBUG] 2023-06-25 17:58:24.645 BaseClass:227 - Starting the Appium Service....
2023-06-25 17:58:24.640
--------------------------------------------------------------
[INFO ] 2023-06-25 17:58:43.540 BaseClass:153 - PLATFORM NAME IS --> Android
[INFO ] 2023-06-25 17:58:43.541 BaseClass:155 - DEVICE NAME IS --> Samsung
[INFO ] 2023-06-25 17:58:43.542 BaseClass:157 - AUTOMATION NAME IS --> UiAutomator2
[INFO ] 2023-06-25 17:58:43.542 BaseClass:159 - UDID IS --> RZCT904J89D
[DEBUG] 2023-06-25 17:58:43.542 BaseClass:169 - Android Real device gets opened
[DEBUG] 2023-06-25 17:59:11.086 BaseClass:204 - da6b7912-899e-4f0e-8794-36d6c18c6fee
[DEBUG] 2023-06-25 17:59:13.223 MyListeners:40 - [1;30mTC001_VALIDLOGINTESTCASE - STARTS[0m
[DEBUG] 2023-06-25 17:59:13.807 Generic:211 - Successfully Visibility  ----> Allow
[DEBUG] 2023-06-25 17:59:13.995 Generic:169 -  element is displaying ----> Allow
[DEBUG] 2023-06-25 17:59:15.117 Generic:211 - Successfully Visibility  ----> Allow
[DEBUG] 2023-06-25 17:59:15.582 Generic:135 - Successfully Clicked  ----> Allow
[DEBUG] 2023-06-25 17:59:16.747 Generic:211 - Successfully Visibility  ----> Enter mobile number
[DEBUG] 2023-06-25 17:59:16.767 Generic:148 - Successfully cleared textbox
[DEBUG] 2023-06-25 17:59:17.689 Generic:211 - Successfully Visibility  ----> Enter mobile number
[DEBUG] 2023-06-25 17:59:17.714 Generic:148 - Successfully cleared textbox
[DEBUG] 2023-06-25 17:59:17.877 Generic:201 - Successfully enter value ----> 9926438293
[DEBUG] 2023-06-25 17:59:20.690 Generic:211 - Successfully Visibility  ----> Continue
[DEBUG] 2023-06-25 17:59:21.168 Generic:135 - Successfully Clicked  ----> Continue
[DEBUG] 2023-06-25 17:59:24.227 Generic:211 - Successfully Visibility  ----> Verify with OTP
[DEBUG] 2023-06-25 17:59:24.390 Generic:229 - Actual element --> Verify with OTP
[DEBUG] 2023-06-25 17:59:24.416 MyListeners:48 - [1;32mTC001_VALIDLOGINTESTCASE - PASSED[0m
[DEBUG] 2023-06-25 17:59:26.166 BaseClass:217 - Session gets closed
[DEBUG] 2023-06-25 17:59:26.168 BaseClass:218 - ++++++++++++++++++++++++++++++++
[INFO ] 2023-06-25 17:59:26.177 BaseClass:153 - PLATFORM NAME IS --> Android
[INFO ] 2023-06-25 17:59:26.178 BaseClass:155 - DEVICE NAME IS --> Samsung
[INFO ] 2023-06-25 17:59:26.181 BaseClass:157 - AUTOMATION NAME IS --> UiAutomator2
[INFO ] 2023-06-25 17:59:26.181 BaseClass:159 - UDID IS --> RZCT904J89D
[DEBUG] 2023-06-25 17:59:26.183 BaseClass:169 - Android Real device gets opened
[DEBUG] 2023-06-25 17:59:48.348 BaseClass:204 - 39f2bf4a-9ece-4afd-945b-ad712018b57d
[DEBUG] 2023-06-25 17:59:48.640 MyListeners:40 - [1;30mTC101_VALIDOTPTESTCASE - STARTS[0m
[DEBUG] 2023-06-25 17:59:50.399 Generic:211 - Successfully Visibility  ----> Allow
[DEBUG] 2023-06-25 17:59:50.568 Generic:169 -  element is displaying ----> Allow
[DEBUG] 2023-06-25 17:59:51.581 Generic:211 - Successfully Visibility  ----> Allow
[DEBUG] 2023-06-25 17:59:52.037 Generic:135 - Successfully Clicked  ----> Allow
[DEBUG] 2023-06-25 17:59:53.670 Generic:211 - Successfully Visibility  ----> Enter mobile number
[DEBUG] 2023-06-25 17:59:53.696 Generic:148 - Successfully cleared textbox
[DEBUG] 2023-06-25 17:59:54.743 Generic:211 - Successfully Visibility  ----> Enter mobile number
[DEBUG] 2023-06-25 17:59:54.784 Generic:148 - Successfully cleared textbox
[DEBUG] 2023-06-25 17:59:55.454 Generic:201 - Successfully enter value ----> 9926438293
[DEBUG] 2023-06-25 17:59:57.528 Generic:211 - Successfully Visibility  ----> Continue
[DEBUG] 2023-06-25 17:59:57.950 Generic:135 - Successfully Clicked  ----> Continue
[DEBUG] 2023-06-25 18:00:00.773 Generic:214 - [1;31morg.openqa.selenium.StaleElementReferenceException: The element 'By.id: com.customerapp.hero:id/lbl2' is not linked to the same object in DOM anymore
For documentation on this error, please visit: https://www.seleniumhq.org/exceptions/stale_element_reference.html
Build info: version: '3.141.59', revision: 'e82be7d358', time: '2018-11-14T08:17:03'
System info: host: 'DESKTOP-A2S9SMV', ip: '192.168.0.107', os.name: 'Windows 10', os.arch: 'amd64', os.version: '10.0', java.version: '1.8.0_371'
Driver info: io.appium.java_client.android.AndroidDriver
Capabilities {appActivity: com.customerapp.hero.views...., appPackage: com.customerapp.hero, automationName: UiAutomator2, databaseEnabled: false, desired: {appActivity: com.customerapp.hero.views...., appPackage: com.customerapp.hero, automationName: UiAutomator2, deviceName: Samsung, newCommandTimeout: 1200, platformName: android, udid: RZCT904J89D}, deviceApiLevel: 33, deviceManufacturer: samsung, deviceModel: SM-M536B, deviceName: RZCT904J89D, deviceScreenDensity: 450, deviceScreenSize: 1080x2400, deviceUDID: RZCT904J89D, javascriptEnabled: true, locationContextEnabled: false, networkConnectionEnabled: true, newCommandTimeout: 1200, pixelRatio: 2.8125, platform: LINUX, platformName: Android, platformVersion: 13, statBarHeight: 90, takesScreenshot: true, udid: RZCT904J89D, viewportRect: {height: 2085, left: 0, top: 90, width: 1080}, warnings: {}, webStorageEnabled: false}
Session ID: 39f2bf4a-9ece-4afd-945b-ad712018b57d[0m
[DEBUG] 2023-06-25 18:00:00.923 Generic:229 - Actual element --> Verify with OTP
[DEBUG] 2023-06-25 18:00:08.732 Generic:211 - Successfully Visibility  ----> Verify
[DEBUG] 2023-06-25 18:00:09.729 Generic:135 - Successfully Clicked  ----> Verify
[DEBUG] 2023-06-25 18:00:28.897 Generic:211 - Successfully Visibility  ----> book service paid
[DEBUG] 2023-06-25 18:00:29.135 Generic:169 -  element is displaying ----> book service paid
[DEBUG] 2023-06-25 18:00:29.929 Generic:211 - Successfully Visibility  ----> book service paid
[DEBUG] 2023-06-25 18:00:30.456 Generic:135 - Successfully Clicked  ----> book service paid
[DEBUG] 2023-06-25 18:00:31.257 OtpTestCases:41 - Book service PAID vin selected
[DEBUG] 2023-06-25 18:00:31.678 Generic:211 - Successfully Visibility  ----> Continue
[DEBUG] 2023-06-25 18:00:32.074 Generic:135 - Successfully Clicked  ----> Continue
[DEBUG] 2023-06-25 18:00:34.591 Generic:211 - Successfully Visibility  ----> Allow Hero App to access this device’s location?
[DEBUG] 2023-06-25 18:00:34.712 Generic:169 -  element is displaying ----> Allow Hero App to access this device’s location?
[DEBUG] 2023-06-25 18:00:35.146 Generic:211 - Successfully Visibility  ----> Only this time
[DEBUG] 2023-06-25 18:00:35.473 Generic:135 - Successfully Clicked  ----> Only this time
[DEBUG] 2023-06-25 18:00:50.781 Generic:211 - Successfully Visibility  ----> 
[DEBUG] 2023-06-25 18:00:51.187 Generic:135 - Successfully Clicked  ----> 
[DEBUG] 2023-06-25 18:00:52.546 Generic:211 - Successfully Visibility  ----> Logout
[DEBUG] 2023-06-25 18:00:53.019 Generic:135 - Successfully Clicked  ----> Logout
[DEBUG] 2023-06-25 18:00:54.252 Generic:211 - Successfully Visibility  ----> YES
[DEBUG] 2023-06-25 18:00:54.484 Generic:135 - Successfully Clicked  ----> YES
[DEBUG] 2023-06-25 18:00:56.510 Generic:211 - Successfully Visibility  ----> Login
[DEBUG] 2023-06-25 18:00:56.584 Generic:229 - Actual element --> Login
[DEBUG] 2023-06-25 18:00:56.586 MyListeners:48 - [1;32mTC101_VALIDOTPTESTCASE - PASSED[0m
[DEBUG] 2023-06-25 18:00:58.386 BaseClass:217 - Session gets closed
[DEBUG] 2023-06-25 18:00:58.386 BaseClass:218 - ++++++++++++++++++++++++++++++++
[DEBUG] 2023-06-25 18:00:58.444 BaseClass:239 - 
----------------------------------------
Stopping the Appium Server.....
2023-06-25 18:00:58.444
[DEBUG] 2023-06-25 18:05:45.429 BaseClass:234 - Starting the Appium Service....
2023-06-25 18:05:45.425
--------------------------------------------------------------
[INFO ] 2023-06-25 18:06:04.395 BaseClass:160 - PLATFORM NAME IS --> Android
[INFO ] 2023-06-25 18:06:04.397 BaseClass:162 - DEVICE NAME IS --> Samsung
[INFO ] 2023-06-25 18:06:04.398 BaseClass:164 - AUTOMATION NAME IS --> UiAutomator2
[INFO ] 2023-06-25 18:06:04.399 BaseClass:166 - UDID IS --> RZCT904J89D
[DEBUG] 2023-06-25 18:06:04.399 BaseClass:176 - Android Real device gets opened
[DEBUG] 2023-06-25 18:06:29.862 BaseClass:211 - 4832dbfb-bcb7-4112-ad7e-35f31c3faebc
[DEBUG] 2023-06-25 18:06:31.450 MyListeners:40 - [1;30mTC001_VALIDLOGINTESTCASE - STARTS[0m
[DEBUG] 2023-06-25 18:06:32.090 Generic:211 - Successfully Visibility  ----> Allow
[DEBUG] 2023-06-25 18:06:32.304 Generic:169 -  element is displaying ----> Allow
[DEBUG] 2023-06-25 18:06:33.390 Generic:211 - Successfully Visibility  ----> Allow
[DEBUG] 2023-06-25 18:06:33.836 Generic:135 - Successfully Clicked  ----> Allow
[DEBUG] 2023-06-25 18:06:35.431 Generic:211 - Successfully Visibility  ----> Enter mobile number
[DEBUG] 2023-06-25 18:06:35.457 Generic:148 - Successfully cleared textbox
[DEBUG] 2023-06-25 18:06:37.068 Generic:211 - Successfully Visibility  ----> Enter mobile number
[DEBUG] 2023-06-25 18:06:37.091 Generic:148 - Successfully cleared textbox
[DEBUG] 2023-06-25 18:06:37.249 Generic:201 - Successfully enter value ----> 9926438293
[DEBUG] 2023-06-25 18:06:39.354 Generic:211 - Successfully Visibility  ----> Continue
[DEBUG] 2023-06-25 18:06:39.787 Generic:135 - Successfully Clicked  ----> Continue
[DEBUG] 2023-06-25 18:06:42.723 Generic:211 - Successfully Visibility  ----> Verify with OTP
[DEBUG] 2023-06-25 18:06:42.824 Generic:229 - Actual element --> Verify with OTP
[DEBUG] 2023-06-25 18:06:42.842 MyListeners:48 - [1;32mTC001_VALIDLOGINTESTCASE - PASSED[0m
[DEBUG] 2023-06-25 18:06:44.603 BaseClass:224 - Session gets closed
[DEBUG] 2023-06-25 18:06:44.605 BaseClass:225 - ++++++++++++++++++++++++++++++++
[DEBUG] 2023-06-25 18:06:44.695 BaseClass:246 - 
----------------------------------------
Stopping the Appium Server.....
2023-06-25 18:06:44.695
[DEBUG] 2023-06-25 18:07:32.930 BaseClass:234 - Starting the Appium Service....
2023-06-25 18:07:32.926
--------------------------------------------------------------
[INFO ] 2023-06-25 18:07:51.780 BaseClass:160 - PLATFORM NAME IS --> Android
[INFO ] 2023-06-25 18:07:51.781 BaseClass:162 - DEVICE NAME IS --> Samsung
[INFO ] 2023-06-25 18:07:51.781 BaseClass:164 - AUTOMATION NAME IS --> UiAutomator2
[INFO ] 2023-06-25 18:07:51.782 BaseClass:166 - UDID IS --> RZCT904J89D
[DEBUG] 2023-06-25 18:07:51.782 BaseClass:176 - Android Real device gets opened
[DEBUG] 2023-06-25 18:08:17.497 BaseClass:211 - 9cbbd902-affc-4aaf-8a9c-53098f73d72e
[DEBUG] 2023-06-25 18:08:19.016 MyListeners:40 - [1;30mTC001_VALIDLOGINTESTCASE - STARTS[0m
[DEBUG] 2023-06-25 18:08:19.948 Generic:211 - Successfully Visibility  ----> Allow
[DEBUG] 2023-06-25 18:08:20.155 Generic:169 -  element is displaying ----> Allow
[DEBUG] 2023-06-25 18:08:21.223 Generic:211 - Successfully Visibility  ----> Allow
[DEBUG] 2023-06-25 18:08:21.704 Generic:135 - Successfully Clicked  ----> Allow
[DEBUG] 2023-06-25 18:08:23.162 Generic:211 - Successfully Visibility  ----> Enter mobile number
[DEBUG] 2023-06-25 18:08:23.185 Generic:148 - Successfully cleared textbox
[DEBUG] 2023-06-25 18:08:24.118 Generic:211 - Successfully Visibility  ----> Enter mobile number
[DEBUG] 2023-06-25 18:08:24.140 Generic:148 - Successfully cleared textbox
[DEBUG] 2023-06-25 18:08:24.874 Generic:201 - Successfully enter value ----> 9926438293
[DEBUG] 2023-06-25 18:08:27.312 Generic:211 - Successfully Visibility  ----> Continue
[DEBUG] 2023-06-25 18:08:27.750 Generic:135 - Successfully Clicked  ----> Continue
[DEBUG] 2023-06-25 18:08:30.250 Generic:214 - [1;31morg.openqa.selenium.StaleElementReferenceException: The element 'By.id: com.customerapp.hero:id/lbl2' is not linked to the same object in DOM anymore
For documentation on this error, please visit: https://www.seleniumhq.org/exceptions/stale_element_reference.html
Build info: version: '3.141.59', revision: 'e82be7d358', time: '2018-11-14T08:17:03'
System info: host: 'DESKTOP-A2S9SMV', ip: '192.168.0.107', os.name: 'Windows 10', os.arch: 'amd64', os.version: '10.0', java.version: '1.8.0_371'
Driver info: io.appium.java_client.android.AndroidDriver
Capabilities {appActivity: com.customerapp.hero.views...., appPackage: com.customerapp.hero, automationName: UiAutomator2, databaseEnabled: false, desired: {appActivity: com.customerapp.hero.views...., appPackage: com.customerapp.hero, automationName: UiAutomator2, deviceName: Samsung, newCommandTimeout: 1200, platformName: android, udid: RZCT904J89D}, deviceApiLevel: 33, deviceManufacturer: samsung, deviceModel: SM-M536B, deviceName: RZCT904J89D, deviceScreenDensity: 450, deviceScreenSize: 1080x2400, deviceUDID: RZCT904J89D, javascriptEnabled: true, locationContextEnabled: false, networkConnectionEnabled: true, newCommandTimeout: 1200, pixelRatio: 2.8125, platform: LINUX, platformName: Android, platformVersion: 13, statBarHeight: 90, takesScreenshot: true, udid: RZCT904J89D, viewportRect: {height: 2085, left: 0, top: 90, width: 1080}, warnings: {}, webStorageEnabled: false}
Session ID: 9cbbd902-affc-4aaf-8a9c-53098f73d72e[0m
[DEBUG] 2023-06-25 18:08:30.724 Generic:229 - Actual element --> Verify with OTP
[DEBUG] 2023-06-25 18:08:30.760 MyListeners:48 - [1;32mTC001_VALIDLOGINTESTCASE - PASSED[0m
[DEBUG] 2023-06-25 18:08:32.519 BaseClass:224 - Session gets closed
[DEBUG] 2023-06-25 18:08:32.521 BaseClass:225 - ++++++++++++++++++++++++++++++++
[DEBUG] 2023-06-25 18:08:32.600 BaseClass:246 - 
----------------------------------------
Stopping the Appium Server.....
2023-06-25 18:08:32.600
[DEBUG] 2023-06-25 18:24:57.922 BaseClass:219 - Starting the Appium Service....
2023-06-25 18:24:57.918
--------------------------------------------------------------
[DEBUG] 2023-06-25 18:25:16.821 BaseClass:169 - Android Real device gets opened
[DEBUG] 2023-06-25 18:25:44.044 BaseClass:196 - 81f7cb9b-3826-4356-90d7-804cf1b778da
[DEBUG] 2023-06-25 18:25:46.069 MyListeners:40 - [1;30mTC001_VALIDLOGINTESTCASE - STARTS[0m
[DEBUG] 2023-06-25 18:25:46.585 Generic:211 - Successfully Visibility  ----> Allow
[DEBUG] 2023-06-25 18:25:47.207 Generic:169 -  element is displaying ----> Allow
[DEBUG] 2023-06-25 18:25:47.849 Generic:211 - Successfully Visibility  ----> Allow
[DEBUG] 2023-06-25 18:25:48.368 Generic:135 - Successfully Clicked  ----> Allow
[DEBUG] 2023-06-25 18:25:49.443 Generic:211 - Successfully Visibility  ----> Enter mobile number
[DEBUG] 2023-06-25 18:25:49.458 Generic:148 - Successfully cleared textbox
[DEBUG] 2023-06-25 18:25:50.445 Generic:211 - Successfully Visibility  ----> Enter mobile number
[DEBUG] 2023-06-25 18:25:50.470 Generic:148 - Successfully cleared textbox
[DEBUG] 2023-06-25 18:25:51.199 Generic:201 - Successfully enter value ----> 9926438293
[DEBUG] 2023-06-25 18:25:53.651 Generic:211 - Successfully Visibility  ----> Continue
[DEBUG] 2023-06-25 18:25:54.087 Generic:135 - Successfully Clicked  ----> Continue
[DEBUG] 2023-06-25 18:25:56.567 Generic:214 - [1;31morg.openqa.selenium.StaleElementReferenceException: The element 'By.id: com.customerapp.hero:id/lbl2' is not linked to the same object in DOM anymore
For documentation on this error, please visit: https://www.seleniumhq.org/exceptions/stale_element_reference.html
Build info: version: '3.141.59', revision: 'e82be7d358', time: '2018-11-14T08:17:03'
System info: host: 'DESKTOP-A2S9SMV', ip: '192.168.0.107', os.name: 'Windows 10', os.arch: 'amd64', os.version: '10.0', java.version: '1.8.0_371'
Driver info: io.appium.java_client.android.AndroidDriver
Capabilities {appActivity: com.customerapp.hero.views...., appPackage: com.customerapp.hero, databaseEnabled: false, desired: {appActivity: com.customerapp.hero.views...., appPackage: com.customerapp.hero, newCommandTimeout: 1200, platformName: android}, deviceApiLevel: 33, deviceManufacturer: samsung, deviceModel: SM-M536B, deviceName: RZCT904J89D, deviceScreenDensity: 450, deviceScreenSize: 1080x2400, deviceUDID: RZCT904J89D, javascriptEnabled: true, locationContextEnabled: false, networkConnectionEnabled: true, newCommandTimeout: 1200, pixelRatio: 2.8125, platform: LINUX, platformName: Android, platformVersion: 13, statBarHeight: 90, takesScreenshot: true, viewportRect: {height: 2085, left: 0, top: 90, width: 1080}, warnings: {}, webStorageEnabled: false}
Session ID: 81f7cb9b-3826-4356-90d7-804cf1b778da[0m
[DEBUG] 2023-06-25 18:25:57.058 Generic:229 - Actual element --> Verify with OTP
[DEBUG] 2023-06-25 18:25:57.135 MyListeners:48 - [1;32mTC001_VALIDLOGINTESTCASE - PASSED[0m
[DEBUG] 2023-06-25 18:25:58.903 BaseClass:209 - Session gets closed
[DEBUG] 2023-06-25 18:25:58.904 BaseClass:210 - ++++++++++++++++++++++++++++++++
[DEBUG] 2023-06-25 18:25:58.973 BaseClass:231 - 
----------------------------------------
Stopping the Appium Server.....
2023-06-25 18:25:58.973
[DEBUG] 2023-06-25 18:28:45.593 BaseClass:234 - Starting the Appium Service....
2023-06-25 18:28:45.589
--------------------------------------------------------------
[INFO ] 2023-06-25 18:29:04.467 BaseClass:160 - PLATFORM NAME IS --> Android
[INFO ] 2023-06-25 18:29:04.467 BaseClass:162 - DEVICE NAME IS --> Samsung
[INFO ] 2023-06-25 18:29:04.468 BaseClass:164 - AUTOMATION NAME IS --> UiAutomator2
[INFO ] 2023-06-25 18:29:04.468 BaseClass:166 - UDID IS --> RZCT904J89D
[DEBUG] 2023-06-25 18:29:04.469 BaseClass:176 - Android Real device gets opened
[DEBUG] 2023-06-25 18:29:31.237 BaseClass:211 - 16ce1592-b411-43a4-8f2d-6ba055479d01
[DEBUG] 2023-06-25 18:29:33.282 MyListeners:40 - [1;30mTC001_VALIDLOGINTESTCASE - STARTS[0m
[DEBUG] 2023-06-25 18:29:33.741 Generic:211 - Successfully Visibility  ----> Allow
[DEBUG] 2023-06-25 18:29:33.874 Generic:169 -  element is displaying ----> Allow
[DEBUG] 2023-06-25 18:29:35.003 Generic:211 - Successfully Visibility  ----> Allow
[DEBUG] 2023-06-25 18:29:35.484 Generic:135 - Successfully Clicked  ----> Allow
[DEBUG] 2023-06-25 18:29:36.651 Generic:211 - Successfully Visibility  ----> Enter mobile number
[DEBUG] 2023-06-25 18:29:36.670 Generic:148 - Successfully cleared textbox
[DEBUG] 2023-06-25 18:29:37.654 Generic:211 - Successfully Visibility  ----> Enter mobile number
[DEBUG] 2023-06-25 18:29:37.667 Generic:148 - Successfully cleared textbox
[DEBUG] 2023-06-25 18:29:37.768 Generic:201 - Successfully enter value ----> 9926438293
[DEBUG] 2023-06-25 18:29:40.527 Generic:211 - Successfully Visibility  ----> Continue
[DEBUG] 2023-06-25 18:29:41.010 Generic:135 - Successfully Clicked  ----> Continue
[DEBUG] 2023-06-25 18:29:44.004 Generic:211 - Successfully Visibility  ----> Verify with OTP
[DEBUG] 2023-06-25 18:29:44.128 Generic:229 - Actual element --> Verify with OTP
[DEBUG] 2023-06-25 18:29:44.145 MyListeners:48 - [1;32mTC001_VALIDLOGINTESTCASE - PASSED[0m
[DEBUG] 2023-06-25 18:29:45.944 BaseClass:224 - Session gets closed
[DEBUG] 2023-06-25 18:29:45.945 BaseClass:225 - ++++++++++++++++++++++++++++++++
[INFO ] 2023-06-25 18:29:45.954 BaseClass:160 - PLATFORM NAME IS --> Android
[INFO ] 2023-06-25 18:29:45.955 BaseClass:162 - DEVICE NAME IS --> Samsung
[INFO ] 2023-06-25 18:29:45.956 BaseClass:164 - AUTOMATION NAME IS --> UiAutomator2
[INFO ] 2023-06-25 18:29:45.957 BaseClass:166 - UDID IS --> RZCT904J89D
[DEBUG] 2023-06-25 18:29:45.957 BaseClass:176 - Android Real device gets opened
[DEBUG] 2023-06-25 18:30:07.932 BaseClass:211 - a1fd6239-85fb-4930-99dd-4c5cdd9e70ca
[DEBUG] 2023-06-25 18:30:08.217 MyListeners:40 - [1;30mTC101_VALIDOTPTESTCASE - STARTS[0m
[DEBUG] 2023-06-25 18:30:10.070 Generic:211 - Successfully Visibility  ----> Allow
[DEBUG] 2023-06-25 18:30:10.252 Generic:169 -  element is displaying ----> Allow
[DEBUG] 2023-06-25 18:30:11.291 Generic:211 - Successfully Visibility  ----> Allow
[DEBUG] 2023-06-25 18:30:11.709 Generic:135 - Successfully Clicked  ----> Allow
[DEBUG] 2023-06-25 18:30:13.392 Generic:211 - Successfully Visibility  ----> Enter mobile number
[DEBUG] 2023-06-25 18:30:13.423 Generic:148 - Successfully cleared textbox
[DEBUG] 2023-06-25 18:30:14.431 Generic:211 - Successfully Visibility  ----> Enter mobile number
[DEBUG] 2023-06-25 18:30:14.449 Generic:148 - Successfully cleared textbox
[DEBUG] 2023-06-25 18:30:15.155 Generic:201 - Successfully enter value ----> 9926438293
[DEBUG] 2023-06-25 18:30:17.489 Generic:211 - Successfully Visibility  ----> Continue
[DEBUG] 2023-06-25 18:30:17.885 Generic:135 - Successfully Clicked  ----> Continue
[DEBUG] 2023-06-25 18:30:19.914 Generic:214 - [1;31morg.openqa.selenium.StaleElementReferenceException: The element 'By.id: com.customerapp.hero:id/lbl2' is not linked to the same object in DOM anymore
For documentation on this error, please visit: https://www.seleniumhq.org/exceptions/stale_element_reference.html
Build info: version: '3.141.59', revision: 'e82be7d358', time: '2018-11-14T08:17:03'
System info: host: 'DESKTOP-A2S9SMV', ip: '192.168.0.107', os.name: 'Windows 10', os.arch: 'amd64', os.version: '10.0', java.version: '1.8.0_371'
Driver info: io.appium.java_client.android.AndroidDriver
Capabilities {appActivity: com.customerapp.hero.views...., appPackage: com.customerapp.hero, automationName: UiAutomator2, databaseEnabled: false, desired: {appActivity: com.customerapp.hero.views...., appPackage: com.customerapp.hero, automationName: UiAutomator2, deviceName: Samsung, newCommandTimeout: 1200, platformName: android, udid: RZCT904J89D}, deviceApiLevel: 33, deviceManufacturer: samsung, deviceModel: SM-M536B, deviceName: RZCT904J89D, deviceScreenDensity: 450, deviceScreenSize: 1080x2400, deviceUDID: RZCT904J89D, javascriptEnabled: true, locationContextEnabled: false, networkConnectionEnabled: true, newCommandTimeout: 1200, pixelRatio: 2.8125, platform: LINUX, platformName: Android, platformVersion: 13, statBarHeight: 90, takesScreenshot: true, udid: RZCT904J89D, viewportRect: {height: 2085, left: 0, top: 90, width: 1080}, warnings: {}, webStorageEnabled: false}
Session ID: a1fd6239-85fb-4930-99dd-4c5cdd9e70ca[0m
[DEBUG] 2023-06-25 18:30:20.440 Generic:229 - Actual element --> Verify with OTP
[DEBUG] 2023-06-25 18:30:27.861 Generic:211 - Successfully Visibility  ----> Verify
[DEBUG] 2023-06-25 18:30:28.836 Generic:135 - Successfully Clicked  ----> Verify
[DEBUG] 2023-06-25 18:30:43.228 Generic:211 - Successfully Visibility  ----> book service paid
[DEBUG] 2023-06-25 18:30:43.459 Generic:169 -  element is displaying ----> book service paid
[DEBUG] 2023-06-25 18:30:44.185 Generic:211 - Successfully Visibility  ----> book service paid
[DEBUG] 2023-06-25 18:30:44.774 Generic:135 - Successfully Clicked  ----> book service paid
[DEBUG] 2023-06-25 18:30:45.622 OtpTestCases:41 - Book service PAID vin selected
[DEBUG] 2023-06-25 18:30:46.032 Generic:211 - Successfully Visibility  ----> Continue
[DEBUG] 2023-06-25 18:30:46.452 Generic:135 - Successfully Clicked  ----> Continue
[DEBUG] 2023-06-25 18:30:48.968 Generic:211 - Successfully Visibility  ----> Allow Hero App to access this device’s location?
[DEBUG] 2023-06-25 18:30:49.088 Generic:169 -  element is displaying ----> Allow Hero App to access this device’s location?
[DEBUG] 2023-06-25 18:30:49.518 Generic:211 - Successfully Visibility  ----> Only this time
[DEBUG] 2023-06-25 18:30:49.847 Generic:135 - Successfully Clicked  ----> Only this time
[DEBUG] 2023-06-25 18:31:02.413 Generic:211 - Successfully Visibility  ----> 
[DEBUG] 2023-06-25 18:31:03.114 Generic:135 - Successfully Clicked  ----> 
[DEBUG] 2023-06-25 18:31:04.240 Generic:211 - Successfully Visibility  ----> Logout
[DEBUG] 2023-06-25 18:31:04.696 Generic:135 - Successfully Clicked  ----> Logout
[DEBUG] 2023-06-25 18:31:05.755 Generic:211 - Successfully Visibility  ----> YES
[DEBUG] 2023-06-25 18:31:05.934 Generic:135 - Successfully Clicked  ----> YES
[DEBUG] 2023-06-25 18:31:08.009 Generic:211 - Successfully Visibility  ----> Login
[DEBUG] 2023-06-25 18:31:08.100 Generic:229 - Actual element --> Login
[DEBUG] 2023-06-25 18:31:08.102 MyListeners:48 - [1;32mTC101_VALIDOTPTESTCASE - PASSED[0m
[DEBUG] 2023-06-25 18:31:09.844 BaseClass:224 - Session gets closed
[DEBUG] 2023-06-25 18:31:09.844 BaseClass:225 - ++++++++++++++++++++++++++++++++
[INFO ] 2023-06-25 18:31:09.846 BaseClass:160 - PLATFORM NAME IS --> Android
[INFO ] 2023-06-25 18:31:09.847 BaseClass:162 - DEVICE NAME IS --> Samsung
[INFO ] 2023-06-25 18:31:09.849 BaseClass:164 - AUTOMATION NAME IS --> UiAutomator2
[INFO ] 2023-06-25 18:31:09.851 BaseClass:166 - UDID IS --> RZCT904J89D
[DEBUG] 2023-06-25 18:31:09.851 BaseClass:176 - Android Real device gets opened
[DEBUG] 2023-06-25 18:31:32.075 BaseClass:211 - 77f163ed-c51b-4978-8a99-9647aead284a
[DEBUG] 2023-06-25 18:31:32.428 MyListeners:40 - [1;30mTC601_VALIDATEDASHBOARDVIDEO - STARTS[0m
[DEBUG] 2023-06-25 18:31:33.945 Generic:211 - Successfully Visibility  ----> Allow
[DEBUG] 2023-06-25 18:31:34.090 Generic:169 -  element is displaying ----> Allow
[DEBUG] 2023-06-25 18:31:34.567 Generic:211 - Successfully Visibility  ----> Allow
[DEBUG] 2023-06-25 18:31:35.470 Generic:135 - Successfully Clicked  ----> Allow
[DEBUG] 2023-06-25 18:31:37.094 Generic:211 - Successfully Visibility  ----> Enter mobile number
[DEBUG] 2023-06-25 18:31:37.117 Generic:148 - Successfully cleared textbox
[DEBUG] 2023-06-25 18:31:38.140 Generic:211 - Successfully Visibility  ----> Enter mobile number
[DEBUG] 2023-06-25 18:31:38.162 Generic:148 - Successfully cleared textbox
[DEBUG] 2023-06-25 18:31:38.325 Generic:201 - Successfully enter value ----> 9926438293
[DEBUG] 2023-06-25 18:31:41.178 Generic:211 - Successfully Visibility  ----> Continue
[DEBUG] 2023-06-25 18:31:41.596 Generic:135 - Successfully Clicked  ----> Continue
[DEBUG] 2023-06-25 18:31:51.967 Generic:211 - Successfully Visibility  ----> Verify
[DEBUG] 2023-06-25 18:31:52.944 Generic:135 - Successfully Clicked  ----> Verify
[DEBUG] 2023-06-25 18:31:57.559 Generic:211 - Successfully Visibility  ----> book service paid
[DEBUG] 2023-06-25 18:31:57.810 Generic:169 -  element is displaying ----> book service paid
[DEBUG] 2023-06-25 18:31:58.555 Generic:211 - Successfully Visibility  ----> book service paid
[DEBUG] 2023-06-25 18:31:59.049 Generic:135 - Successfully Clicked  ----> book service paid
[DEBUG] 2023-06-25 18:32:00.229 DashboardTestCases:44 - Book service PAID vin selected
[DEBUG] 2023-06-25 18:32:00.605 Generic:211 - Successfully Visibility  ----> Continue
[DEBUG] 2023-06-25 18:32:01.032 Generic:135 - Successfully Clicked  ----> Continue
[DEBUG] 2023-06-25 18:32:04.080 Generic:211 - Successfully Visibility  ----> Allow Hero App to access this device’s location?
[DEBUG] 2023-06-25 18:32:04.172 Generic:169 -  element is displaying ----> Allow Hero App to access this device’s location?
[DEBUG] 2023-06-25 18:32:05.297 Generic:211 - Successfully Visibility  ----> Only this time
[DEBUG] 2023-06-25 18:32:05.659 Generic:135 - Successfully Clicked  ----> Only this time
[DEBUG] 2023-06-25 18:32:13.234 Generic:211 - Successfully Visibility  ----> 
[DEBUG] 2023-06-25 18:32:13.438 Generic:169 -  element is displaying ----> 
[DEBUG] 2023-06-25 18:32:13.611 DashboardTestCases:60 - Dashboard video is present
[DEBUG] 2023-06-25 18:32:13.615 MyListeners:48 - [1;32mTC601_VALIDATEDASHBOARDVIDEO - PASSED[0m
[DEBUG] 2023-06-25 18:32:15.421 BaseClass:224 - Session gets closed
[DEBUG] 2023-06-25 18:32:15.422 BaseClass:225 - ++++++++++++++++++++++++++++++++
[DEBUG] 2023-06-25 18:32:15.501 BaseClass:246 - 
----------------------------------------
Stopping the Appium Server.....
2023-06-25 18:32:15.501
