[DEBUG] 2024-02-20 10:11:12.581 BaseClass:252 - Starting the Appium Service....
2024-02-20 10:11:12.574
--------------------------------------------------------------
[DEBUG] 2024-02-20 10:11:32.109 MyListeners:39 - [1;30mTC001_VALIDLOGINTESTCASE - STARTS[0m
[DEBUG] 2024-02-20 10:11:32.213 Generic:203 - [1;31mjava.lang.NullPointerException[0m
[DEBUG] 2024-02-20 10:11:32.235 MyListeners:62 - [1;31mjava.lang.NullPointerException: Cannot invoke "io.appium.java_client.AppiumDriver.manage()" because "com.oneapp.utils.Generic.ad" is null[0m
[DEBUG] 2024-02-20 10:11:32.254 MyListeners:78 - [1;31mTC001_VALIDLOGINTESTCASE - FAILURE[0m
[DEBUG] 2024-02-20 10:11:32.257 MyListeners:39 - [1;30mTC001_VALIDLOGINTESTCASE - STARTS[0m
[DEBUG] 2024-02-20 10:11:32.271 Generic:203 - [1;31mjava.lang.NullPointerException[0m
[DEBUG] 2024-02-20 10:11:32.279 MyListeners:62 - [1;31mjava.lang.NullPointerException: Cannot invoke "io.appium.java_client.AppiumDriver.manage()" because "com.oneapp.utils.Generic.ad" is null[0m
[DEBUG] 2024-02-20 10:11:32.287 MyListeners:78 - [1;31mTC001_VALIDLOGINTESTCASE - FAILURE[0m
[DEBUG] 2024-02-20 10:11:32.294 MyListeners:39 - [1;30mTC001_VALIDLOGINTESTCASE - STARTS[0m
[DEBUG] 2024-02-20 10:11:32.297 Generic:203 - [1;31mjava.lang.NullPointerException[0m
[DEBUG] 2024-02-20 10:11:32.301 MyListeners:62 - [1;31mjava.lang.NullPointerException: Cannot invoke "io.appium.java_client.AppiumDriver.manage()" because "com.oneapp.utils.Generic.ad" is null[0m
[DEBUG] 2024-02-20 10:11:32.303 MyListeners:78 - [1;31mTC001_VALIDLOGINTESTCASE - FAILURE[0m
[DEBUG] 2024-02-20 10:11:33.172 BaseClass:267 - 
----------------------------------------
Stopping the Appium Server.....
2024-02-20 10:11:33.171
[DEBUG] 2024-02-20 10:12:35.187 BaseClass:252 - Starting the Appium Service....
2024-02-20 10:12:35.180
--------------------------------------------------------------
[DEBUG] 2024-02-20 10:12:50.019 MyListeners:39 - [1;30mTC001_VALIDLOGINTESTCASE - STARTS[0m
[DEBUG] 2024-02-20 10:12:50.116 Generic:203 - [1;31mjava.lang.NullPointerException[0m
[DEBUG] 2024-02-20 10:12:50.129 MyListeners:62 - [1;31mjava.lang.NullPointerException: Cannot invoke "io.appium.java_client.AppiumDriver.manage()" because "com.oneapp.utils.Generic.ad" is null[0m
[DEBUG] 2024-02-20 10:12:50.143 MyListeners:78 - [1;31mTC001_VALIDLOGINTESTCASE - FAILURE[0m
[DEBUG] 2024-02-20 10:12:50.147 MyListeners:39 - [1;30mTC001_VALIDLOGINTESTCASE - STARTS[0m
[DEBUG] 2024-02-20 10:12:50.151 Generic:203 - [1;31mjava.lang.NullPointerException[0m
[DEBUG] 2024-02-20 10:12:50.156 MyListeners:62 - [1;31mjava.lang.NullPointerException: Cannot invoke "io.appium.java_client.AppiumDriver.manage()" because "com.oneapp.utils.Generic.ad" is null[0m
[DEBUG] 2024-02-20 10:12:50.160 MyListeners:78 - [1;31mTC001_VALIDLOGINTESTCASE - FAILURE[0m
[DEBUG] 2024-02-20 10:12:50.164 MyListeners:39 - [1;30mTC001_VALIDLOGINTESTCASE - STARTS[0m
[DEBUG] 2024-02-20 10:12:50.170 Generic:203 - [1;31mjava.lang.NullPointerException[0m
[DEBUG] 2024-02-20 10:12:50.174 MyListeners:62 - [1;31mjava.lang.NullPointerException: Cannot invoke "io.appium.java_client.AppiumDriver.manage()" because "com.oneapp.utils.Generic.ad" is null[0m
[DEBUG] 2024-02-20 10:12:50.177 MyListeners:78 - [1;31mTC001_VALIDLOGINTESTCASE - FAILURE[0m
[DEBUG] 2024-02-20 10:12:51.085 BaseClass:267 - 
----------------------------------------
Stopping the Appium Server.....
2024-02-20 10:12:51.085
[DEBUG] 2024-02-20 10:27:45.480 BaseClass:252 - Starting the Appium Service....
2024-02-20 10:27:45.473
--------------------------------------------------------------
[DEBUG] 2024-02-20 10:28:23.091 MyListeners:39 - [1;30mTC001_VALIDLOGINTESTCASE - STARTS[0m
[DEBUG] 2024-02-20 10:28:23.185 Generic:203 - [1;31mjava.lang.NullPointerException[0m
[DEBUG] 2024-02-20 10:28:23.200 MyListeners:62 - [1;31mjava.lang.NullPointerException: Cannot invoke "io.appium.java_client.AppiumDriver.manage()" because "com.oneapp.utils.Generic.ad" is null[0m
[DEBUG] 2024-02-20 10:28:23.217 MyListeners:78 - [1;31mTC001_VALIDLOGINTESTCASE - FAILURE[0m
[DEBUG] 2024-02-20 10:28:23.221 MyListeners:39 - [1;30mTC001_VALIDLOGINTESTCASE - STARTS[0m
[DEBUG] 2024-02-20 10:28:23.225 Generic:203 - [1;31mjava.lang.NullPointerException[0m
[DEBUG] 2024-02-20 10:28:23.232 MyListeners:62 - [1;31mjava.lang.NullPointerException: Cannot invoke "io.appium.java_client.AppiumDriver.manage()" because "com.oneapp.utils.Generic.ad" is null[0m
[DEBUG] 2024-02-20 10:28:23.236 MyListeners:78 - [1;31mTC001_VALIDLOGINTESTCASE - FAILURE[0m
[DEBUG] 2024-02-20 10:28:23.239 MyListeners:39 - [1;30mTC001_VALIDLOGINTESTCASE - STARTS[0m
[DEBUG] 2024-02-20 10:28:23.247 Generic:203 - [1;31mjava.lang.NullPointerException[0m
[DEBUG] 2024-02-20 10:28:23.258 MyListeners:62 - [1;31mjava.lang.NullPointerException: Cannot invoke "io.appium.java_client.AppiumDriver.manage()" because "com.oneapp.utils.Generic.ad" is null[0m
[DEBUG] 2024-02-20 10:28:23.261 MyListeners:78 - [1;31mTC001_VALIDLOGINTESTCASE - FAILURE[0m
[DEBUG] 2024-02-20 10:28:24.172 BaseClass:267 - 
----------------------------------------
Stopping the Appium Server.....
2024-02-20 10:28:24.172
[DEBUG] 2024-02-20 10:29:57.017 BaseClass:252 - Starting the Appium Service....
2024-02-20 10:29:57.007
--------------------------------------------------------------
[DEBUG] 2024-02-20 10:30:11.582 MyListeners:39 - [1;30mTC001_VALIDLOGINTESTCASE - STARTS[0m
[DEBUG] 2024-02-20 10:30:11.765 Generic:203 - [1;31mjava.lang.NullPointerException[0m
[DEBUG] 2024-02-20 10:30:11.792 MyListeners:62 - [1;31mjava.lang.NullPointerException: Cannot invoke "io.appium.java_client.AppiumDriver.manage()" because "com.oneapp.utils.Generic.ad" is null[0m
[DEBUG] 2024-02-20 10:30:11.826 MyListeners:78 - [1;31mTC001_VALIDLOGINTESTCASE - FAILURE[0m
[DEBUG] 2024-02-20 10:30:11.833 MyListeners:39 - [1;30mTC001_VALIDLOGINTESTCASE - STARTS[0m
[DEBUG] 2024-02-20 10:30:11.844 Generic:203 - [1;31mjava.lang.NullPointerException[0m
[DEBUG] 2024-02-20 10:30:11.856 MyListeners:62 - [1;31mjava.lang.NullPointerException: Cannot invoke "io.appium.java_client.AppiumDriver.manage()" because "com.oneapp.utils.Generic.ad" is null[0m
[DEBUG] 2024-02-20 10:30:11.861 MyListeners:78 - [1;31mTC001_VALIDLOGINTESTCASE - FAILURE[0m
[DEBUG] 2024-02-20 10:30:11.871 MyListeners:39 - [1;30mTC001_VALIDLOGINTESTCASE - STARTS[0m
[DEBUG] 2024-02-20 10:30:11.878 Generic:203 - [1;31mjava.lang.NullPointerException[0m
[DEBUG] 2024-02-20 10:30:11.893 MyListeners:62 - [1;31mjava.lang.NullPointerException: Cannot invoke "io.appium.java_client.AppiumDriver.manage()" because "com.oneapp.utils.Generic.ad" is null[0m
[DEBUG] 2024-02-20 10:30:11.895 MyListeners:78 - [1;31mTC001_VALIDLOGINTESTCASE - FAILURE[0m
[DEBUG] 2024-02-20 10:30:12.956 BaseClass:267 - 
----------------------------------------
Stopping the Appium Server.....
2024-02-20 10:30:12.955
[DEBUG] 2024-02-20 10:32:04.849 BaseClass:252 - Starting the Appium Service....
2024-02-20 10:32:04.839
--------------------------------------------------------------
[DEBUG] 2024-02-20 10:32:20.851 MyListeners:39 - [1;30mTC001_VALIDLOGINTESTCASE - STARTS[0m
[DEBUG] 2024-02-20 10:32:20.929 Generic:203 - [1;31mjava.lang.NullPointerException[0m
[DEBUG] 2024-02-20 10:32:20.949 MyListeners:62 - [1;31mjava.lang.NullPointerException: Cannot invoke "io.appium.java_client.AppiumDriver.manage()" because "com.oneapp.utils.Generic.ad" is null[0m
[DEBUG] 2024-02-20 10:32:20.972 MyListeners:78 - [1;31mTC001_VALIDLOGINTESTCASE - FAILURE[0m
[DEBUG] 2024-02-20 10:32:20.977 MyListeners:39 - [1;30mTC001_VALIDLOGINTESTCASE - STARTS[0m
[DEBUG] 2024-02-20 10:32:20.981 Generic:203 - [1;31mjava.lang.NullPointerException[0m
[DEBUG] 2024-02-20 10:32:20.989 MyListeners:62 - [1;31mjava.lang.NullPointerException: Cannot invoke "io.appium.java_client.AppiumDriver.manage()" because "com.oneapp.utils.Generic.ad" is null[0m
[DEBUG] 2024-02-20 10:32:20.992 MyListeners:78 - [1;31mTC001_VALIDLOGINTESTCASE - FAILURE[0m
[DEBUG] 2024-02-20 10:32:20.997 MyListeners:39 - [1;30mTC001_VALIDLOGINTESTCASE - STARTS[0m
[DEBUG] 2024-02-20 10:32:21.001 Generic:203 - [1;31mjava.lang.NullPointerException[0m
[DEBUG] 2024-02-20 10:32:21.009 MyListeners:62 - [1;31mjava.lang.NullPointerException: Cannot invoke "io.appium.java_client.AppiumDriver.manage()" because "com.oneapp.utils.Generic.ad" is null[0m
[DEBUG] 2024-02-20 10:32:21.010 MyListeners:78 - [1;31mTC001_VALIDLOGINTESTCASE - FAILURE[0m
[DEBUG] 2024-02-20 10:32:21.758 BaseClass:267 - 
----------------------------------------
Stopping the Appium Server.....
2024-02-20 10:32:21.758
[DEBUG] 2024-02-20 10:55:15.863 BaseClass:250 - Starting the Appium Service....
2024-02-20 10:55:15.854
--------------------------------------------------------------
[DEBUG] 2024-02-20 10:55:30.405 MyListeners:39 - [1;30mTC001_VALIDLOGINTESTCASE - STARTS[0m
[DEBUG] 2024-02-20 10:55:30.528 Generic:203 - [1;31mjava.lang.NullPointerException[0m
[DEBUG] 2024-02-20 10:55:30.548 MyListeners:62 - [1;31mjava.lang.NullPointerException: Cannot invoke "io.appium.java_client.AppiumDriver.manage()" because "com.oneapp.utils.Generic.ad" is null[0m
[DEBUG] 2024-02-20 10:55:30.570 MyListeners:78 - [1;31mTC001_VALIDLOGINTESTCASE - FAILURE[0m
[DEBUG] 2024-02-20 10:55:30.575 MyListeners:39 - [1;30mTC001_VALIDLOGINTESTCASE - STARTS[0m
[DEBUG] 2024-02-20 10:55:30.578 Generic:203 - [1;31mjava.lang.NullPointerException[0m
[DEBUG] 2024-02-20 10:55:30.594 MyListeners:62 - [1;31mjava.lang.NullPointerException: Cannot invoke "io.appium.java_client.AppiumDriver.manage()" because "com.oneapp.utils.Generic.ad" is null[0m
[DEBUG] 2024-02-20 10:55:30.600 MyListeners:78 - [1;31mTC001_VALIDLOGINTESTCASE - FAILURE[0m
[DEBUG] 2024-02-20 10:55:30.609 MyListeners:39 - [1;30mTC001_VALIDLOGINTESTCASE - STARTS[0m
[DEBUG] 2024-02-20 10:55:30.616 Generic:203 - [1;31mjava.lang.NullPointerException[0m
[DEBUG] 2024-02-20 10:55:30.621 MyListeners:62 - [1;31mjava.lang.NullPointerException: Cannot invoke "io.appium.java_client.AppiumDriver.manage()" because "com.oneapp.utils.Generic.ad" is null[0m
[DEBUG] 2024-02-20 10:55:30.624 MyListeners:78 - [1;31mTC001_VALIDLOGINTESTCASE - FAILURE[0m
[DEBUG] 2024-02-20 10:55:31.886 BaseClass:265 - 
----------------------------------------
Stopping the Appium Server.....
2024-02-20 10:55:31.886
[DEBUG] 2024-02-20 10:59:47.774 BaseClass:250 - Starting the Appium Service....
2024-02-20 10:59:47.763
--------------------------------------------------------------
[DEBUG] 2024-02-20 11:00:54.800 BaseClass:226 - e5f6ac5d-d448-4f21-97ac-a1842e0729ba
[DEBUG] 2024-02-20 11:00:54.898 MyListeners:39 - [1;30mTC001_VALIDLOGINTESTCASE - STARTS[0m
[DEBUG] 2024-02-20 11:01:02.974 Generic:199 - Successfully Visibility  ----> Please proceed with your registered Hero mobile number
[DEBUG] 2024-02-20 11:01:13.789 Generic:199 - Successfully Visibility  ----> By tapping on login or register, you are agreeing to Hero
[DEBUG] 2024-02-20 11:01:14.993 Generic:199 - Successfully Visibility  ----> Registered mobile number
[DEBUG] 2024-02-20 11:01:15.060 Generic:136 - Successfully cleared textbox
[DEBUG] 2024-02-20 11:01:18.175 Generic:199 - Successfully Visibility  ----> Registered mobile number
[DEBUG] 2024-02-20 11:01:18.241 Generic:136 - Successfully cleared textbox
[DEBUG] 2024-02-20 11:01:18.699 Generic:188 - Successfully enter value ----> 6666600022
[DEBUG] 2024-02-20 11:01:22.507 Generic:199 - Successfully Visibility  ----> Continue
[DEBUG] 2024-02-20 11:01:24.212 Generic:123 - Successfully Clicked  ----> Continue
[DEBUG] 2024-02-20 11:01:29.374 Generic:199 - Successfully Visibility  ----> Verify with OTP
[DEBUG] 2024-02-20 11:01:31.389 Generic:199 - Successfully Visibility  ----> 
[DEBUG] 2024-02-20 11:01:33.382 Generic:123 - Successfully Clicked  ----> 
[DEBUG] 2024-02-20 11:01:34.522 MyListeners:49 - [1;32mTC001_VALIDLOGINTESTCASE - PASSED[0m
[DEBUG] 2024-02-20 11:01:34.530 MyListeners:39 - [1;30mTC001_VALIDLOGINTESTCASE - STARTS[0m
[DEBUG] 2024-02-20 11:01:36.130 Generic:199 - Successfully Visibility  ----> Please proceed with your registered Hero mobile number
[DEBUG] 2024-02-20 11:01:47.786 Generic:199 - Successfully Visibility  ----> By tapping on login or register, you are agreeing to Hero
[DEBUG] 2024-02-20 11:01:48.937 Generic:199 - Successfully Visibility  ----> 6666600022
[DEBUG] 2024-02-20 11:01:49.012 Generic:136 - Successfully cleared textbox
[DEBUG] 2024-02-20 11:01:51.787 Generic:199 - Successfully Visibility  ----> Registered mobile number
[DEBUG] 2024-02-20 11:01:51.863 Generic:136 - Successfully cleared textbox
[DEBUG] 2024-02-20 11:01:52.260 Generic:188 - Successfully enter value ----> 6666600004
[DEBUG] 2024-02-20 11:01:55.783 Generic:199 - Successfully Visibility  ----> Continue
[DEBUG] 2024-02-20 11:01:57.107 Generic:123 - Successfully Clicked  ----> Continue
[DEBUG] 2024-02-20 11:02:01.069 Generic:199 - Successfully Visibility  ----> Number not registered with any Hero vehicle
[DEBUG] 2024-02-20 11:02:02.678 Generic:199 - Successfully Visibility  ----> Update registered mobile number for your Hero vehicle or try with another number.
[DEBUG] 2024-02-20 11:02:04.337 Generic:199 - Successfully Visibility  ----> Update Number
[DEBUG] 2024-02-20 11:02:05.204 Generic:199 - Successfully Visibility  ----> 
[DEBUG] 2024-02-20 11:02:06.465 Generic:123 - Successfully Clicked  ----> 
[DEBUG] 2024-02-20 11:02:06.875 MyListeners:49 - [1;32mTC001_VALIDLOGINTESTCASE - PASSED[0m
[DEBUG] 2024-02-20 11:02:06.882 MyListeners:39 - [1;30mTC001_VALIDLOGINTESTCASE - STARTS[0m
[DEBUG] 2024-02-20 11:02:08.714 Generic:199 - Successfully Visibility  ----> Please proceed with your registered Hero mobile number
[DEBUG] 2024-02-20 11:02:18.958 Generic:199 - Successfully Visibility  ----> By tapping on login or register, you are agreeing to Hero
[DEBUG] 2024-02-20 11:02:20.312 Generic:199 - Successfully Visibility  ----> 6666600004
[DEBUG] 2024-02-20 11:02:20.387 Generic:136 - Successfully cleared textbox
[DEBUG] 2024-02-20 11:02:22.693 Generic:199 - Successfully Visibility  ----> Registered mobile number
[DEBUG] 2024-02-20 11:02:22.772 Generic:136 - Successfully cleared textbox
[DEBUG] 2024-02-20 11:02:23.116 Generic:188 - Successfully enter value ----> 666660002
[DEBUG] 2024-02-20 11:02:26.560 Generic:199 - Successfully Visibility  ----> Continue
[DEBUG] 2024-02-20 11:02:28.414 Generic:123 - Successfully Clicked  ----> Continue
[DEBUG] 2024-02-20 11:02:30.810 Generic:199 - Successfully Visibility  ----> Welcome!
[DEBUG] 2024-02-20 11:02:30.885 MyListeners:49 - [1;32mTC001_VALIDLOGINTESTCASE - PASSED[0m
[DEBUG] 2024-02-20 11:02:31.532 BaseClass:240 - ++++++++++++++++++++++++++++++++
[DEBUG] 2024-02-20 11:02:32.403 BaseClass:265 - 
----------------------------------------
Stopping the Appium Server.....
2024-02-20 11:02:32.402
[DEBUG] 2024-02-20 11:10:16.823 BaseClass:250 - Starting the Appium Service....
2024-02-20 11:10:16.808
--------------------------------------------------------------
[DEBUG] 2024-02-20 11:10:29.465 MyListeners:39 - [1;30mTC601_VALIDATEBOOKSERVICETESTCASE - STARTS[0m
[DEBUG] 2024-02-20 11:10:29.487 MyListeners:39 - [1;30mVALIDATESERVICERESCHEDULED - STARTS[0m
[DEBUG] 2024-02-20 11:10:29.496 MyListeners:39 - [1;30mVALIDATESERVICECANCELLED - STARTS[0m
[DEBUG] 2024-02-20 11:10:30.262 BaseClass:265 - 
----------------------------------------
Stopping the Appium Server.....
2024-02-20 11:10:30.261
[DEBUG] 2024-02-20 11:12:40.129 BaseClass:250 - Starting the Appium Service....
2024-02-20 11:12:40.110
--------------------------------------------------------------
[DEBUG] 2024-02-20 11:13:47.951 BaseClass:226 - 98393fd0-9e15-4284-ab13-f9ff6e911abd
[DEBUG] 2024-02-20 11:13:48.020 MyListeners:39 - [1;30mTC601_VALIDATEBOOKSERVICETESTCASE - STARTS[0m
[DEBUG] 2024-02-20 11:13:56.293 Generic:199 - Successfully Visibility  ----> Registered mobile number
[DEBUG] 2024-02-20 11:13:56.380 Generic:136 - Successfully cleared textbox
[DEBUG] 2024-02-20 11:13:59.302 Generic:199 - Successfully Visibility  ----> Registered mobile number
[DEBUG] 2024-02-20 11:13:59.472 Generic:136 - Successfully cleared textbox
[DEBUG] 2024-02-20 11:14:00.283 Generic:188 - Successfully enter value ----> 8800996677
[DEBUG] 2024-02-20 11:14:03.752 Generic:199 - Successfully Visibility  ----> Continue
[DEBUG] 2024-02-20 11:14:05.478 Generic:123 - Successfully Clicked  ----> Continue
[DEBUG] 2024-02-20 11:14:09.676 Generic:199 - Successfully Visibility  ----> Verify with OTP
[DEBUG] 2024-02-20 11:14:19.636 Generic:199 - Successfully Visibility  ----> Verify
[DEBUG] 2024-02-20 11:14:21.810 Generic:123 - Successfully Clicked  ----> Verify
[DEBUG] 2024-02-20 11:14:44.606 Generic:199 - Successfully Visibility  ----> book service paid
[DEBUG] 2024-02-20 11:14:46.592 Generic:123 - Successfully Clicked  ----> book service paid
[DEBUG] 2024-02-20 11:14:50.198 Generic:199 - Successfully Visibility  ----> Continue
[DEBUG] 2024-02-20 11:14:52.142 Generic:123 - Successfully Clicked  ----> Continue
[DEBUG] 2024-02-20 11:15:15.644 Generic:203 - [1;31morg.openqa.selenium.TimeoutException: Expected condition failed: waiting for visibility of [[io.appium.java_client.android.AndroidDriver, Capabilities: {app=/opt/raid-data/data/userV2/34/0/9/199078/data/app-debug.apk, appActivity=com.customerapp.hero.views.activity.splash.SplashActivity, appPackage=com.customerapp.hero, autoGrantPermissions=true, automationName=uiautomator2, build=Android latest APK - 9.0.5, databaseEnabled=false, desired={platformName=android, app=/opt/raid-data/data/userV2/34/0/9/199078/data/app-debug.apk, pCloudy_EnablePerformanceData=false, pCloudy_Username=randhir.kumar@heromotocorp.com, pCloudy_WildNet=false, project=Hero app, pCloudy_DurationInMinutes=10, pCloudy_ApiKey=2gdc5pv55mh54mqtwmvj4xbr, pCloudy_EnableDeviceLogs=false, pCloudy_DeviceFullName=SAMSUNG_GalaxyF145G_Android_13.0.0_dd226, pCloudy_EnableVideo=false, build=Android latest APK - 9.0.5, pCloudy_ApplicationName=app-debug.apk, name=Invalid login, tag=newtag, systemPort=31384, launchTimeout=90000, newCommandTimeout=600, automationName=uiautomator2, platformVersion=12.0.0, autoGrantPermissions=true, appActivity=com.customerapp.hero.views.activity.splash.SplashActivity, deviceName=822, appPackage=com.customerapp.hero}, deviceApiLevel=33, deviceManufacturer=samsung, deviceModel=SM-E146B, deviceName=RZCW70FA9VD, deviceScreenDensity=450, deviceScreenSize=1080x2408, deviceUDID=RZCW70FA9VD, javascriptEnabled=true, launchTimeout=90000, locationContextEnabled=false, name=Invalid login, networkConnectionEnabled=true, newCommandTimeout=600, pCloudy_ApiKey=2gdc5pv55mh54mqtwmvj4xbr, pCloudy_ApplicationName=app-debug.apk, pCloudy_DeviceFullName=SAMSUNG_GalaxyF145G_Android_13.0.0_dd226, pCloudy_DurationInMinutes=10, pCloudy_EnableDeviceLogs=false, pCloudy_EnablePerformanceData=false, pCloudy_EnableVideo=false, pCloudy_Username=randhir.kumar@heromotocorp.com, pCloudy_WildNet=false, pixelRatio=2.8125, platform=LINUX, platformName=Android, platformVersion=13, project=Hero app, statBarHeight=64, systemPort=31384, tag=newtag, takesScreenshot=true, viewportRect={left=0, top=64, width=1080, height=2144}, warnings={}, webStorageEnabled=false}] -> id: com.customerapp.hero:id/custom_radius_close] (tried for 20 second(s) with 500 milliseconds interval)[0m
[DEBUG] 2024-02-20 11:15:16.585 Generic:199 - Successfully Visibility  ----> 
[DEBUG] 2024-02-20 11:15:17.348 Generic:123 - Successfully Clicked  ----> 
[DEBUG] 2024-02-20 11:15:20.373 Generic:199 - Successfully Visibility  ----> Services
[DEBUG] 2024-02-20 11:15:22.310 Generic:123 - Successfully Clicked  ----> Services
[DEBUG] 2024-02-20 11:15:25.227 Generic:199 - Successfully Visibility  ----> Book Service
[DEBUG] 2024-02-20 11:15:26.588 Generic:123 - Successfully Clicked  ----> Book Service
[DEBUG] 2024-02-20 11:15:31.306 Generic:199 - Successfully Visibility  ----> Select a Time
[DEBUG] 2024-02-20 11:15:36.367 Generic:199 - Successfully Visibility  ----> Service Centre
[DEBUG] 2024-02-20 11:15:38.550 Generic:199 - Successfully Visibility  ----> 
[DEBUG] 2024-02-20 11:15:40.583 Generic:123 - Successfully Clicked  ----> 
[DEBUG] 2024-02-20 11:15:44.612 Generic:199 - Successfully Visibility  ----> 
[DEBUG] 2024-02-20 11:15:45.531 Generic:123 - Successfully Clicked  ----> 
[DEBUG] 2024-02-20 11:15:47.122 Generic:199 - Successfully Visibility  ----> 
[DEBUG] 2024-02-20 11:15:48.015 Generic:123 - Successfully Clicked  ----> 
[DEBUG] 2024-02-20 11:15:51.399 Generic:101 - Itration of the elements starts
[DEBUG] 2024-02-20 11:15:56.970 Generic:110 - This element gets clicked ----> GOA
[DEBUG] 2024-02-20 11:15:58.926 Generic:199 - Successfully Visibility  ----> 
[DEBUG] 2024-02-20 11:16:00.271 Generic:123 - Successfully Clicked  ----> 
[DEBUG] 2024-02-20 11:16:03.575 Generic:101 - Itration of the elements starts
[DEBUG] 2024-02-20 11:16:08.080 Generic:110 - This element gets clicked ----> BICHOLIM
[DEBUG] 2024-02-20 11:16:10.994 Generic:199 - Successfully Visibility  ----> 
[DEBUG] 2024-02-20 11:16:11.907 Generic:123 - Successfully Clicked  ----> 
[DEBUG] 2024-02-20 11:16:26.910 Generic:199 - Successfully Visibility  ----> Customer Requests
[DEBUG] 2024-02-20 11:16:29.444 Generic:199 - Successfully Visibility  ----> 
[DEBUG] 2024-02-20 11:16:31.618 Generic:123 - Successfully Clicked  ----> 
[DEBUG] 2024-02-20 11:16:35.842 Generic:199 - Successfully Visibility  ----> Additional Instructions
[DEBUG] 2024-02-20 11:16:38.342 Generic:199 - Successfully Visibility  ----> Facing any other issues?
[DEBUG] 2024-02-20 11:16:38.412 Generic:136 - Successfully cleared textbox
[DEBUG] 2024-02-20 11:16:39.259 Generic:188 - Successfully enter value ----> 123912731!@#!@#ADASDASD
[DEBUG] 2024-02-20 11:16:43.800 Generic:199 - Successfully Visibility  ----> Review Service Details
[DEBUG] 2024-02-20 11:16:46.326 Generic:123 - Successfully Clicked  ----> Review Service Details
[DEBUG] 2024-02-20 11:16:48.793 Generic:199 - Successfully Visibility  ----> Service Scheduled
[DEBUG] 2024-02-20 11:16:50.036 Generic:199 - Successfully Visibility  ----> Book Service
[DEBUG] 2024-02-20 11:16:51.275 Generic:123 - Successfully Clicked  ----> Book Service
[DEBUG] 2024-02-20 11:16:55.953 Generic:199 - Successfully Visibility  ----> Book Service
[DEBUG] 2024-02-20 11:17:16.736 MyListeners:62 - [1;31morg.openqa.selenium.NoSuchElementException: An element could not be located on the page using the given search parameters.
For documentation on this error, please visit: https://www.seleniumhq.org/exceptions/no_such_element.html
Build info: version: '3.141.59', revision: 'e82be7d358', time: '2018-11-14T08:17:03'
System info: host: 'DESKTOP-A2S9SMV', ip: '172.20.32.1', os.name: 'Windows 10', os.arch: 'amd64', os.version: '10.0', java.version: '17.0.9'
Driver info: io.appium.java_client.android.AndroidDriver
Capabilities {app: /opt/raid-data/data/userV2/..., appActivity: com.customerapp.hero.views...., appPackage: com.customerapp.hero, autoGrantPermissions: true, automationName: uiautomator2, build: Android latest APK - 9.0.5, databaseEnabled: false, desired: {app: /opt/raid-data/data/userV2/..., appActivity: com.customerapp.hero.views...., appPackage: com.customerapp.hero, autoGrantPermissions: true, automationName: uiautomator2, build: Android latest APK - 9.0.5, deviceName: 822, launchTimeout: 90000, name: Invalid login, newCommandTimeout: 600, pCloudy_ApiKey: 2gdc5pv55mh54mqtwmvj4xbr, pCloudy_ApplicationName: app-debug.apk, pCloudy_DeviceFullName: SAMSUNG_GalaxyF145G_Android..., pCloudy_DurationInMinutes: 10, pCloudy_EnableDeviceLogs: false, pCloudy_EnablePerformanceData: false, pCloudy_EnableVideo: false, pCloudy_Username: randhir.kumar@heromotocorp.com, pCloudy_WildNet: false, platformName: android, platformVersion: 12.0.0, project: Hero app, systemPort: 31384, tag: newtag}, deviceApiLevel: 33, deviceManufacturer: samsung, deviceModel: SM-E146B, deviceName: RZCW70FA9VD, deviceScreenDensity: 450, deviceScreenSize: 1080x2408, deviceUDID: RZCW70FA9VD, javascriptEnabled: true, launchTimeout: 90000, locationContextEnabled: false, name: Invalid login, networkConnectionEnabled: true, newCommandTimeout: 600, pCloudy_ApiKey: 2gdc5pv55mh54mqtwmvj4xbr, pCloudy_ApplicationName: app-debug.apk, pCloudy_DeviceFullName: SAMSUNG_GalaxyF145G_Android..., pCloudy_DurationInMinutes: 10, pCloudy_EnableDeviceLogs: false, pCloudy_EnablePerformanceData: false, pCloudy_EnableVideo: false, pCloudy_Username: randhir.kumar@heromotocorp.com, pCloudy_WildNet: false, pixelRatio: 2.8125, platform: LINUX, platformName: Android, platformVersion: 13, project: Hero app, statBarHeight: 64, systemPort: 31384, tag: newtag, takesScreenshot: true, viewportRect: {height: 2144, left: 0, top: 64, width: 1080}, warnings: {}, webStorageEnabled: false}
Session ID: 98393fd0-9e15-4284-ab13-f9ff6e911abd
*** Element info: {Using=id, value=com.customerapp.hero:id/text}[0m
[DEBUG] 2024-02-20 11:17:18.168 MyListeners:78 - [1;31mTC601_VALIDATEBOOKSERVICETESTCASE - FAILURE[0m
[DEBUG] 2024-02-20 11:17:18.176 MyListeners:39 - [1;30mVALIDATESERVICERESCHEDULED - STARTS[0m
[DEBUG] 2024-02-20 11:17:18.189 MyListeners:39 - [1;30mVALIDATESERVICECANCELLED - STARTS[0m
[DEBUG] 2024-02-20 11:17:18.802 BaseClass:240 - ++++++++++++++++++++++++++++++++
[DEBUG] 2024-02-20 11:17:19.613 BaseClass:265 - 
----------------------------------------
Stopping the Appium Server.....
2024-02-20 11:17:19.613
[DEBUG] 2024-02-20 18:22:01.047 BaseClass:250 - Starting the Appium Service....
2024-02-20 18:22:01.032
--------------------------------------------------------------
[DEBUG] 2024-02-20 18:23:29.983 BaseClass:250 - Starting the Appium Service....
2024-02-20 18:23:29.974
--------------------------------------------------------------
[DEBUG] 2024-02-20 18:24:50.029 BaseClass:226 - 863f8acf-6759-4378-818d-134af2711c77
[DEBUG] 2024-02-20 18:24:50.067 MyListeners:39 - [1;30mTC503_VALIDATEVEHICLEEXCHANGETESTCASE - STARTS[0m
[DEBUG] 2024-02-20 18:24:58.234 Generic:199 - Successfully Visibility  ----> Registered mobile number
[DEBUG] 2024-02-20 18:24:58.319 Generic:136 - Successfully cleared textbox
[DEBUG] 2024-02-20 18:25:01.553 Generic:199 - Successfully Visibility  ----> Registered mobile number
[DEBUG] 2024-02-20 18:25:01.634 Generic:136 - Successfully cleared textbox
[DEBUG] 2024-02-20 18:25:02.027 Generic:188 - Successfully enter value ----> 8800996677
[DEBUG] 2024-02-20 18:25:05.413 Generic:199 - Successfully Visibility  ----> Continue
[DEBUG] 2024-02-20 18:25:07.422 Generic:123 - Successfully Clicked  ----> Continue
[DEBUG] 2024-02-20 18:25:12.533 Generic:199 - Successfully Visibility  ----> Verify with OTP
[DEBUG] 2024-02-20 18:25:21.553 Generic:199 - Successfully Visibility  ----> Verify
[DEBUG] 2024-02-20 18:25:23.927 Generic:123 - Successfully Clicked  ----> Verify
[DEBUG] 2024-02-20 18:25:35.289 Generic:199 - Successfully Visibility  ----> book service paid
[DEBUG] 2024-02-20 18:25:37.233 Generic:123 - Successfully Clicked  ----> book service paid
[DEBUG] 2024-02-20 18:25:39.874 Generic:199 - Successfully Visibility  ----> Continue
[DEBUG] 2024-02-20 18:25:41.357 Generic:123 - Successfully Clicked  ----> Continue
[DEBUG] 2024-02-20 18:25:49.772 Generic:199 - Successfully Visibility  ----> 
[DEBUG] 2024-02-20 18:25:50.773 Generic:199 - Successfully Visibility  ----> 
[DEBUG] 2024-02-20 18:25:51.827 Generic:123 - Successfully Clicked  ----> 
[DEBUG] 2024-02-20 18:25:55.147 Generic:199 - Successfully Visibility  ----> 
[DEBUG] 2024-02-20 18:25:57.760 Generic:123 - Successfully Clicked  ----> 
[DEBUG] 2024-02-20 18:26:02.264 Generic:199 - Successfully Visibility  ----> 
[DEBUG] 2024-02-20 18:26:04.191 Generic:123 - Successfully Clicked  ----> 
[DEBUG] 2024-02-20 18:26:08.066 Generic:199 - Successfully Visibility  ----> City to sell vehicle
[DEBUG] 2024-02-20 18:26:08.144 Generic:136 - Successfully cleared textbox
[DEBUG] 2024-02-20 18:26:08.665 Generic:188 - Successfully enter value ----> new delhi
[DEBUG] 2024-02-20 18:26:14.663 Generic:199 - Successfully Visibility  ----> New Delhi (Delhi)
[DEBUG] 2024-02-20 18:26:16.148 Generic:123 - Successfully Clicked  ----> New Delhi (Delhi)
[DEBUG] 2024-02-20 18:26:17.368 MyListeners:49 - [1;32mTC503_VALIDATEVEHICLEEXCHANGETESTCASE - PASSED[0m
[DEBUG] 2024-02-20 18:26:18.067 BaseClass:240 - ++++++++++++++++++++++++++++++++
[DEBUG] 2024-02-20 18:26:19.053 BaseClass:265 - 
----------------------------------------
Stopping the Appium Server.....
2024-02-20 18:26:19.052
