[INFO ] 2023-04-05 13:53:13.214 Create_Driver_Session:51 - PLATFORM NAME IS --> Android
[INFO ] 2023-04-05 13:53:13.233 Create_Driver_Session:53 - DEVICE NAME IS --> Samsung
[INFO ] 2023-04-05 13:53:13.234 Create_Driver_Session:55 - PLATFORM VERSION IS --> 13.0
[INFO ] 2023-04-05 13:53:13.235 Create_Driver_Session:57 - AUTOMATION NAME IS --> UiAutomator2
[INFO ] 2023-04-05 13:53:13.240 Create_Driver_Session:59 - UDID IS --> RZCT904J89D
[DEBUG] 2023-04-05 13:53:37.109 BrowserFactory:57 - Android Real device gets opened
[DEBUG] 2023-04-05 13:53:40.457 BrowserFactory:59 - Application has been reset
[DEBUG] 2023-04-05 13:53:40.481 MyListeners:40 - [1;30mVALIDATE_VALID_OTP_TESTCASE - STARTS[0m
[DEBUG] 2023-04-05 13:53:46.422 Generic:176 - Successfully Visibility  ----> Allow
[DEBUG] 2023-04-05 13:53:46.820 Generic:160 - Successfully Click  ----> Allow
[DEBUG] 2023-04-05 13:53:50.895 Generic:176 - Successfully Visibility  ----> Enter mobile number
[DEBUG] 2023-04-05 13:53:50.897 Generic:186 - Successfully cleared textbox
[DEBUG] 2023-04-05 13:53:54.923 Generic:176 - Successfully Visibility  ----> Enter mobile number
[DEBUG] 2023-04-05 13:54:00.772 Generic:176 - Successfully Visibility  ----> Enter mobile number
[DEBUG] 2023-04-05 13:54:00.772 Generic:186 - Successfully cleared textbox
[DEBUG] 2023-04-05 13:54:00.896 Generic:199 - Successfully enter value ----> 7777700189
[DEBUG] 2023-04-05 13:54:05.875 Generic:176 - Successfully Visibility  ----> Continue
[DEBUG] 2023-04-05 13:54:06.251 Generic:160 - Successfully Click  ----> Continue
[DEBUG] 2023-04-05 13:54:10.325 Generic:176 - Successfully Visibility  ----> Verify with OTP
[DEBUG] 2023-04-05 13:54:10.412 Generic:43 - Actual element --> Verify with OTP
[DEBUG] 2023-04-05 13:54:21.487 Generic:176 - Successfully Visibility  ----> Verify
[DEBUG] 2023-04-05 13:54:22.437 Generic:160 - Successfully Click  ----> Verify
[DEBUG] 2023-04-05 13:54:26.988 Generic:176 - Successfully Visibility  ----> Book service PAID
[DEBUG] 2023-04-05 13:54:27.127 Generic:43 - Actual element --> Book service PAID
[DEBUG] 2023-04-05 13:54:27.133 MyListeners:57 - [1;31m[com.oneapp.basic.ExcelData.getMapData(ExcelData.java:86), com.oneapp.page_actions.Selected_Vehicle_Page_Actions.vehicleSelectionAction(Selected_Vehicle_Page_Actions.java:47), com.oneapp.test_suits.OTP_testcases.validate_valid_OTP_testcase(OTP_testcases.java:31), java.base/jdk.internal.reflect.NativeMethodAccessorImpl.invoke0(Native Method), java.base/jdk.internal.reflect.NativeMethodAccessorImpl.invoke(NativeMethodAccessorImpl.java:77), java.base/jdk.internal.reflect.DelegatingMethodAccessorImpl.invoke(DelegatingMethodAccessorImpl.java:43), java.base/java.lang.reflect.Method.invoke(Method.java:568), org.testng.internal.MethodInvocationHelper.invokeMethod(MethodInvocationHelper.java:133), org.testng.internal.TestInvoker.invokeMethod(TestInvoker.java:598), org.testng.internal.TestInvoker.invokeTestMethod(TestInvoker.java:173), org.testng.internal.MethodRunner.runInSequence(MethodRunner.java:46), org.testng.internal.TestInvoker$MethodInvocationAgent.invoke(TestInvoker.java:824), org.testng.internal.TestInvoker.invokeTestMethods(TestInvoker.java:146), org.testng.internal.TestMethodWorker.invokeTestMethods(TestMethodWorker.java:146), org.testng.internal.TestMethodWorker.run(TestMethodWorker.java:128), java.base/java.util.ArrayList.forEach(ArrayList.java:1511), org.testng.TestRunner.privateRun(TestRunner.java:794), org.testng.TestRunner.run(TestRunner.java:596), org.testng.SuiteRunner.runTest(SuiteRunner.java:377), org.testng.SuiteRunner.runSequentially(SuiteRunner.java:371), org.testng.SuiteRunner.privateRun(SuiteRunner.java:332), org.testng.SuiteRunner.run(SuiteRunner.java:276), org.testng.SuiteRunnerWorker.runSuite(SuiteRunnerWorker.java:53), org.testng.SuiteRunnerWorker.run(SuiteRunnerWorker.java:96), org.testng.TestNG.runSuitesSequentially(TestNG.java:1212), org.testng.TestNG.runSuitesLocally(TestNG.java:1134), org.testng.TestNG.runSuites(TestNG.java:1063), org.testng.TestNG.run(TestNG.java:1031), org.testng.remote.AbstractRemoteTestNG.run(AbstractRemoteTestNG.java:115), org.testng.remote.RemoteTestNG.initAndRun(RemoteTestNG.java:251), org.testng.remote.RemoteTestNG.main(RemoteTestNG.java:77)][0m
[DEBUG] 2023-04-05 13:54:27.599 MyListeners:100 - [1;31mScreenshot stored at: D:\ECLIPSE_LATEST\HeroApp1/screenshots/validate_valid_OTP_testcase__W_e_d_ _A_p_r_ _0_5_ _1_3___5_4___2_7_ _I_S_T_ _2_0_2_3_.png[0m
[DEBUG] 2023-04-05 13:54:27.604 MyListeners:73 - [1;31mVALIDATE_VALID_OTP_TESTCASE - FAILURE[0m
[DEBUG] 2023-04-05 13:54:29.421 BrowserFactory:71 - Android Real device gets closed
[DEBUG] 2023-04-05 13:54:29.422 BrowserFactory:72 - ++++++++++++++++++++++++++++++++
[INFO ] 2023-04-05 13:55:41.289 Create_Driver_Session:51 - PLATFORM NAME IS --> Android
[INFO ] 2023-04-05 13:55:41.295 Create_Driver_Session:53 - DEVICE NAME IS --> Samsung
[INFO ] 2023-04-05 13:55:41.296 Create_Driver_Session:55 - PLATFORM VERSION IS --> 13.0
[INFO ] 2023-04-05 13:55:41.298 Create_Driver_Session:57 - AUTOMATION NAME IS --> UiAutomator2
[INFO ] 2023-04-05 13:55:41.299 Create_Driver_Session:59 - UDID IS --> RZCT904J89D
[DEBUG] 2023-04-05 13:56:04.798 BrowserFactory:57 - Android Real device gets opened
[DEBUG] 2023-04-05 13:56:08.215 BrowserFactory:59 - Application has been reset
[DEBUG] 2023-04-05 13:56:08.249 MyListeners:40 - [1;30mVALIDATE_VALID_OTP_TESTCASE - STARTS[0m
[DEBUG] 2023-04-05 13:56:13.881 Generic:176 - Successfully Visibility  ----> Allow
[DEBUG] 2023-04-05 13:56:14.179 Generic:160 - Successfully Click  ----> Allow
[DEBUG] 2023-04-05 13:56:18.223 Generic:176 - Successfully Visibility  ----> Enter mobile number
[DEBUG] 2023-04-05 13:56:18.224 Generic:186 - Successfully cleared textbox
[DEBUG] 2023-04-05 13:56:22.223 Generic:176 - Successfully Visibility  ----> Enter mobile number
[DEBUG] 2023-04-05 13:56:28.072 Generic:176 - Successfully Visibility  ----> Enter mobile number
[DEBUG] 2023-04-05 13:56:28.072 Generic:186 - Successfully cleared textbox
[DEBUG] 2023-04-05 13:56:28.196 Generic:199 - Successfully enter value ----> 7777700189
[DEBUG] 2023-04-05 13:56:32.699 Generic:176 - Successfully Visibility  ----> Continue
[DEBUG] 2023-04-05 13:56:32.988 Generic:160 - Successfully Click  ----> Continue
[DEBUG] 2023-04-05 13:56:36.905 Generic:176 - Successfully Visibility  ----> Verify with OTP
[DEBUG] 2023-04-05 13:56:36.977 Generic:43 - Actual element --> Verify with OTP
[DEBUG] 2023-04-05 13:56:47.987 Generic:176 - Successfully Visibility  ----> Verify
[DEBUG] 2023-04-05 13:56:48.912 Generic:160 - Successfully Click  ----> Verify
[DEBUG] 2023-04-05 13:56:49.164 MyListeners:57 - [1;31m[com.oneapp.basic.ExcelData.getMapData(ExcelData.java:86), com.oneapp.page_actions.Selected_Vehicle_Page_Actions.vehicleSelectionAction(Selected_Vehicle_Page_Actions.java:45), com.oneapp.test_suits.OTP_testcases.validate_valid_OTP_testcase(OTP_testcases.java:31), java.base/jdk.internal.reflect.NativeMethodAccessorImpl.invoke0(Native Method), java.base/jdk.internal.reflect.NativeMethodAccessorImpl.invoke(NativeMethodAccessorImpl.java:77), java.base/jdk.internal.reflect.DelegatingMethodAccessorImpl.invoke(DelegatingMethodAccessorImpl.java:43), java.base/java.lang.reflect.Method.invoke(Method.java:568), org.testng.internal.MethodInvocationHelper.invokeMethod(MethodInvocationHelper.java:133), org.testng.internal.TestInvoker.invokeMethod(TestInvoker.java:598), org.testng.internal.TestInvoker.invokeTestMethod(TestInvoker.java:173), org.testng.internal.MethodRunner.runInSequence(MethodRunner.java:46), org.testng.internal.TestInvoker$MethodInvocationAgent.invoke(TestInvoker.java:824), org.testng.internal.TestInvoker.invokeTestMethods(TestInvoker.java:146), org.testng.internal.TestMethodWorker.invokeTestMethods(TestMethodWorker.java:146), org.testng.internal.TestMethodWorker.run(TestMethodWorker.java:128), java.base/java.util.ArrayList.forEach(ArrayList.java:1511), org.testng.TestRunner.privateRun(TestRunner.java:794), org.testng.TestRunner.run(TestRunner.java:596), org.testng.SuiteRunner.runTest(SuiteRunner.java:377), org.testng.SuiteRunner.runSequentially(SuiteRunner.java:371), org.testng.SuiteRunner.privateRun(SuiteRunner.java:332), org.testng.SuiteRunner.run(SuiteRunner.java:276), org.testng.SuiteRunnerWorker.runSuite(SuiteRunnerWorker.java:53), org.testng.SuiteRunnerWorker.run(SuiteRunnerWorker.java:96), org.testng.TestNG.runSuitesSequentially(TestNG.java:1212), org.testng.TestNG.runSuitesLocally(TestNG.java:1134), org.testng.TestNG.runSuites(TestNG.java:1063), org.testng.TestNG.run(TestNG.java:1031), org.testng.remote.AbstractRemoteTestNG.run(AbstractRemoteTestNG.java:115), org.testng.remote.RemoteTestNG.initAndRun(RemoteTestNG.java:251), org.testng.remote.RemoteTestNG.main(RemoteTestNG.java:77)][0m
[DEBUG] 2023-04-05 13:56:49.667 MyListeners:100 - [1;31mScreenshot stored at: D:\ECLIPSE_LATEST\HeroApp1/screenshots/validate_valid_OTP_testcase__W_e_d_ _A_p_r_ _0_5_ _1_3___5_6___4_9_ _I_S_T_ _2_0_2_3_.png[0m
[DEBUG] 2023-04-05 13:56:49.674 MyListeners:73 - [1;31mVALIDATE_VALID_OTP_TESTCASE - FAILURE[0m
[DEBUG] 2023-04-05 13:56:51.560 BrowserFactory:71 - Android Real device gets closed
[DEBUG] 2023-04-05 13:56:51.561 BrowserFactory:72 - ++++++++++++++++++++++++++++++++
[INFO ] 2023-04-05 14:00:42.610 Create_Driver_Session:51 - PLATFORM NAME IS --> Android
[INFO ] 2023-04-05 14:00:42.616 Create_Driver_Session:53 - DEVICE NAME IS --> Samsung
[INFO ] 2023-04-05 14:00:42.618 Create_Driver_Session:55 - PLATFORM VERSION IS --> 13.0
[INFO ] 2023-04-05 14:00:42.619 Create_Driver_Session:57 - AUTOMATION NAME IS --> UiAutomator2
[INFO ] 2023-04-05 14:00:42.622 Create_Driver_Session:59 - UDID IS --> RZCT904J89D
[DEBUG] 2023-04-05 14:01:01.391 BrowserFactory:57 - Android Real device gets opened
[DEBUG] 2023-04-05 14:01:04.734 BrowserFactory:59 - Application has been reset
[DEBUG] 2023-04-05 14:01:04.764 MyListeners:40 - [1;30mVALIDATE_VALID_OTP_TESTCASE - STARTS[0m
[DEBUG] 2023-04-05 14:01:10.278 Generic:176 - Successfully Visibility  ----> Allow
[DEBUG] 2023-04-05 14:01:10.599 Generic:160 - Successfully Click  ----> Allow
[DEBUG] 2023-04-05 14:01:14.621 Generic:176 - Successfully Visibility  ----> Enter mobile number
[DEBUG] 2023-04-05 14:01:14.622 Generic:186 - Successfully cleared textbox
[DEBUG] 2023-04-05 14:01:18.615 Generic:176 - Successfully Visibility  ----> Enter mobile number
[DEBUG] 2023-04-05 14:01:24.502 Generic:176 - Successfully Visibility  ----> Enter mobile number
[DEBUG] 2023-04-05 14:01:24.504 Generic:186 - Successfully cleared textbox
[DEBUG] 2023-04-05 14:01:24.656 Generic:199 - Successfully enter value ----> 7777700189
[DEBUG] 2023-04-05 14:01:29.200 Generic:176 - Successfully Visibility  ----> Continue
[DEBUG] 2023-04-05 14:01:29.609 Generic:160 - Successfully Click  ----> Continue
[DEBUG] 2023-04-05 14:01:33.538 Generic:176 - Successfully Visibility  ----> Verify with OTP
[DEBUG] 2023-04-05 14:01:33.615 Generic:43 - Actual element --> Verify with OTP
[DEBUG] 2023-04-05 14:01:44.584 Generic:176 - Successfully Visibility  ----> Verify
[DEBUG] 2023-04-05 14:01:45.538 Generic:160 - Successfully Click  ----> Verify
[DEBUG] 2023-04-05 14:01:45.785 MyListeners:57 - [1;31m[com.oneapp.basic.ExcelData.getMapData(ExcelData.java:86), com.oneapp.page_actions.Selected_Vehicle_Page_Actions.vehicleSelectionAction(Selected_Vehicle_Page_Actions.java:45), com.oneapp.test_suits.OTP_testcases.validate_valid_OTP_testcase(OTP_testcases.java:31), java.base/jdk.internal.reflect.NativeMethodAccessorImpl.invoke0(Native Method), java.base/jdk.internal.reflect.NativeMethodAccessorImpl.invoke(NativeMethodAccessorImpl.java:77), java.base/jdk.internal.reflect.DelegatingMethodAccessorImpl.invoke(DelegatingMethodAccessorImpl.java:43), java.base/java.lang.reflect.Method.invoke(Method.java:568), org.testng.internal.MethodInvocationHelper.invokeMethod(MethodInvocationHelper.java:133), org.testng.internal.TestInvoker.invokeMethod(TestInvoker.java:598), org.testng.internal.TestInvoker.invokeTestMethod(TestInvoker.java:173), org.testng.internal.MethodRunner.runInSequence(MethodRunner.java:46), org.testng.internal.TestInvoker$MethodInvocationAgent.invoke(TestInvoker.java:824), org.testng.internal.TestInvoker.invokeTestMethods(TestInvoker.java:146), org.testng.internal.TestMethodWorker.invokeTestMethods(TestMethodWorker.java:146), org.testng.internal.TestMethodWorker.run(TestMethodWorker.java:128), java.base/java.util.ArrayList.forEach(ArrayList.java:1511), org.testng.TestRunner.privateRun(TestRunner.java:794), org.testng.TestRunner.run(TestRunner.java:596), org.testng.SuiteRunner.runTest(SuiteRunner.java:377), org.testng.SuiteRunner.runSequentially(SuiteRunner.java:371), org.testng.SuiteRunner.privateRun(SuiteRunner.java:332), org.testng.SuiteRunner.run(SuiteRunner.java:276), org.testng.SuiteRunnerWorker.runSuite(SuiteRunnerWorker.java:53), org.testng.SuiteRunnerWorker.run(SuiteRunnerWorker.java:96), org.testng.TestNG.runSuitesSequentially(TestNG.java:1212), org.testng.TestNG.runSuitesLocally(TestNG.java:1134), org.testng.TestNG.runSuites(TestNG.java:1063), org.testng.TestNG.run(TestNG.java:1031), org.testng.remote.AbstractRemoteTestNG.run(AbstractRemoteTestNG.java:115), org.testng.remote.RemoteTestNG.initAndRun(RemoteTestNG.java:251), org.testng.remote.RemoteTestNG.main(RemoteTestNG.java:77)][0m
[DEBUG] 2023-04-05 14:01:46.269 MyListeners:100 - [1;31mScreenshot stored at: D:\ECLIPSE_LATEST\HeroApp1/screenshots/validate_valid_OTP_testcase__W_e_d_ _A_p_r_ _0_5_ _1_4___0_1___4_5_ _I_S_T_ _2_0_2_3_.png[0m
[DEBUG] 2023-04-05 14:01:46.274 MyListeners:73 - [1;31mVALIDATE_VALID_OTP_TESTCASE - FAILURE[0m
[DEBUG] 2023-04-05 14:01:48.037 BrowserFactory:71 - Android Real device gets closed
[DEBUG] 2023-04-05 14:01:48.037 BrowserFactory:72 - ++++++++++++++++++++++++++++++++
[INFO ] 2023-04-05 14:05:30.272 Create_Driver_Session:51 - PLATFORM NAME IS --> Android
[INFO ] 2023-04-05 14:05:30.279 Create_Driver_Session:53 - DEVICE NAME IS --> Samsung
[INFO ] 2023-04-05 14:05:30.281 Create_Driver_Session:55 - PLATFORM VERSION IS --> 13.0
[INFO ] 2023-04-05 14:05:30.285 Create_Driver_Session:57 - AUTOMATION NAME IS --> UiAutomator2
[INFO ] 2023-04-05 14:05:30.285 Create_Driver_Session:59 - UDID IS --> RZCT904J89D
[DEBUG] 2023-04-05 14:05:49.824 BrowserFactory:57 - Android Real device gets opened
[DEBUG] 2023-04-05 14:05:53.405 BrowserFactory:59 - Application has been reset
[DEBUG] 2023-04-05 14:05:53.434 MyListeners:40 - [1;30mVALIDATE_VALID_OTP_TESTCASE - STARTS[0m
[DEBUG] 2023-04-05 14:05:59.807 Generic:176 - Successfully Visibility  ----> Allow
[DEBUG] 2023-04-05 14:06:00.133 Generic:160 - Successfully Click  ----> Allow
[DEBUG] 2023-04-05 14:06:04.184 Generic:176 - Successfully Visibility  ----> Enter mobile number
[DEBUG] 2023-04-05 14:06:04.185 Generic:186 - Successfully cleared textbox
[DEBUG] 2023-04-05 14:06:08.224 Generic:176 - Successfully Visibility  ----> Enter mobile number
[DEBUG] 2023-04-05 14:06:14.092 Generic:176 - Successfully Visibility  ----> Enter mobile number
[DEBUG] 2023-04-05 14:06:14.093 Generic:186 - Successfully cleared textbox
[DEBUG] 2023-04-05 14:06:14.235 Generic:199 - Successfully enter value ----> 7777700189
[DEBUG] 2023-04-05 14:06:19.254 Generic:176 - Successfully Visibility  ----> Continue
[DEBUG] 2023-04-05 14:06:19.657 Generic:160 - Successfully Click  ----> Continue
[DEBUG] 2023-04-05 14:06:23.918 Generic:176 - Successfully Visibility  ----> Verify with OTP
[DEBUG] 2023-04-05 14:06:23.995 Generic:43 - Actual element --> Verify with OTP
[DEBUG] 2023-04-05 14:06:35.044 Generic:176 - Successfully Visibility  ----> Verify
[DEBUG] 2023-04-05 14:06:35.882 Generic:160 - Successfully Click  ----> Verify
[DEBUG] 2023-04-05 14:06:36.165 MyListeners:57 - [1;31m[com.oneapp.basic.ExcelData.getMapData(ExcelData.java:86), com.oneapp.page_actions.Selected_Vehicle_Page_Actions.vehicleSelectionAction(Selected_Vehicle_Page_Actions.java:45), com.oneapp.test_suits.OTP_testcases.validate_valid_OTP_testcase(OTP_testcases.java:31), java.base/jdk.internal.reflect.NativeMethodAccessorImpl.invoke0(Native Method), java.base/jdk.internal.reflect.NativeMethodAccessorImpl.invoke(NativeMethodAccessorImpl.java:77), java.base/jdk.internal.reflect.DelegatingMethodAccessorImpl.invoke(DelegatingMethodAccessorImpl.java:43), java.base/java.lang.reflect.Method.invoke(Method.java:568), org.testng.internal.MethodInvocationHelper.invokeMethod(MethodInvocationHelper.java:133), org.testng.internal.TestInvoker.invokeMethod(TestInvoker.java:598), org.testng.internal.TestInvoker.invokeTestMethod(TestInvoker.java:173), org.testng.internal.MethodRunner.runInSequence(MethodRunner.java:46), org.testng.internal.TestInvoker$MethodInvocationAgent.invoke(TestInvoker.java:824), org.testng.internal.TestInvoker.invokeTestMethods(TestInvoker.java:146), org.testng.internal.TestMethodWorker.invokeTestMethods(TestMethodWorker.java:146), org.testng.internal.TestMethodWorker.run(TestMethodWorker.java:128), java.base/java.util.ArrayList.forEach(ArrayList.java:1511), org.testng.TestRunner.privateRun(TestRunner.java:794), org.testng.TestRunner.run(TestRunner.java:596), org.testng.SuiteRunner.runTest(SuiteRunner.java:377), org.testng.SuiteRunner.runSequentially(SuiteRunner.java:371), org.testng.SuiteRunner.privateRun(SuiteRunner.java:332), org.testng.SuiteRunner.run(SuiteRunner.java:276), org.testng.SuiteRunnerWorker.runSuite(SuiteRunnerWorker.java:53), org.testng.SuiteRunnerWorker.run(SuiteRunnerWorker.java:96), org.testng.TestNG.runSuitesSequentially(TestNG.java:1212), org.testng.TestNG.runSuitesLocally(TestNG.java:1134), org.testng.TestNG.runSuites(TestNG.java:1063), org.testng.TestNG.run(TestNG.java:1031), org.testng.remote.AbstractRemoteTestNG.run(AbstractRemoteTestNG.java:115), org.testng.remote.RemoteTestNG.initAndRun(RemoteTestNG.java:251), org.testng.remote.RemoteTestNG.main(RemoteTestNG.java:77)][0m
[DEBUG] 2023-04-05 14:06:36.596 MyListeners:100 - [1;31mScreenshot stored at: D:\ECLIPSE_LATEST\HeroApp1/screenshots/validate_valid_OTP_testcase__W_e_d_ _A_p_r_ _0_5_ _1_4___0_6___3_6_ _I_S_T_ _2_0_2_3_.png[0m
[DEBUG] 2023-04-05 14:06:36.601 MyListeners:73 - [1;31mVALIDATE_VALID_OTP_TESTCASE - FAILURE[0m
[DEBUG] 2023-04-05 14:06:38.541 BrowserFactory:71 - Android Real device gets closed
[DEBUG] 2023-04-05 14:06:38.542 BrowserFactory:72 - ++++++++++++++++++++++++++++++++
[INFO ] 2023-04-05 14:10:27.683 Create_Driver_Session:51 - PLATFORM NAME IS --> Android
[INFO ] 2023-04-05 14:10:27.687 Create_Driver_Session:53 - DEVICE NAME IS --> Samsung
[INFO ] 2023-04-05 14:10:27.688 Create_Driver_Session:55 - PLATFORM VERSION IS --> 13.0
[INFO ] 2023-04-05 14:10:27.689 Create_Driver_Session:57 - AUTOMATION NAME IS --> UiAutomator2
[INFO ] 2023-04-05 14:10:27.689 Create_Driver_Session:59 - UDID IS --> RZCT904J89D
[DEBUG] 2023-04-05 14:10:47.423 BrowserFactory:57 - Android Real device gets opened
[DEBUG] 2023-04-05 14:10:50.946 BrowserFactory:59 - Application has been reset
[DEBUG] 2023-04-05 14:10:50.967 MyListeners:40 - [1;30mVALIDATE_VALID_OTP_TESTCASE - STARTS[0m
[DEBUG] 2023-04-05 14:10:56.730 Generic:176 - Successfully Visibility  ----> Allow
[DEBUG] 2023-04-05 14:10:57.088 Generic:160 - Successfully Click  ----> Allow
[DEBUG] 2023-04-05 14:11:01.144 Generic:176 - Successfully Visibility  ----> Enter mobile number
[DEBUG] 2023-04-05 14:11:01.146 Generic:186 - Successfully cleared textbox
[DEBUG] 2023-04-05 14:11:05.216 Generic:176 - Successfully Visibility  ----> Enter mobile number
[DEBUG] 2023-04-05 14:11:11.133 Generic:176 - Successfully Visibility  ----> Enter mobile number
[DEBUG] 2023-04-05 14:11:11.134 Generic:186 - Successfully cleared textbox
[DEBUG] 2023-04-05 14:11:11.284 Generic:199 - Successfully enter value ----> 7777700189
[DEBUG] 2023-04-05 14:11:16.380 Generic:176 - Successfully Visibility  ----> Continue
[DEBUG] 2023-04-05 14:11:16.786 Generic:160 - Successfully Click  ----> Continue
[DEBUG] 2023-04-05 14:11:20.821 Generic:176 - Successfully Visibility  ----> Verify with OTP
[DEBUG] 2023-04-05 14:11:20.912 Generic:43 - Actual element --> Verify with OTP
[DEBUG] 2023-04-05 14:11:30.880 Generic:176 - Successfully Visibility  ----> Verify
[DEBUG] 2023-04-05 14:11:31.802 Generic:160 - Successfully Click  ----> Verify
[DEBUG] 2023-04-05 14:11:32.065 MyListeners:57 - [1;31m[com.oneapp.basic.ExcelData.getMapData(ExcelData.java:86), com.oneapp.page_actions.Selected_Vehicle_Page_Actions.vehicleSelectionAction(Selected_Vehicle_Page_Actions.java:45), com.oneapp.test_suits.OTP_testcases.validate_valid_OTP_testcase(OTP_testcases.java:31), java.base/jdk.internal.reflect.NativeMethodAccessorImpl.invoke0(Native Method), java.base/jdk.internal.reflect.NativeMethodAccessorImpl.invoke(NativeMethodAccessorImpl.java:77), java.base/jdk.internal.reflect.DelegatingMethodAccessorImpl.invoke(DelegatingMethodAccessorImpl.java:43), java.base/java.lang.reflect.Method.invoke(Method.java:568), org.testng.internal.MethodInvocationHelper.invokeMethod(MethodInvocationHelper.java:133), org.testng.internal.TestInvoker.invokeMethod(TestInvoker.java:598), org.testng.internal.TestInvoker.invokeTestMethod(TestInvoker.java:173), org.testng.internal.MethodRunner.runInSequence(MethodRunner.java:46), org.testng.internal.TestInvoker$MethodInvocationAgent.invoke(TestInvoker.java:824), org.testng.internal.TestInvoker.invokeTestMethods(TestInvoker.java:146), org.testng.internal.TestMethodWorker.invokeTestMethods(TestMethodWorker.java:146), org.testng.internal.TestMethodWorker.run(TestMethodWorker.java:128), java.base/java.util.ArrayList.forEach(ArrayList.java:1511), org.testng.TestRunner.privateRun(TestRunner.java:794), org.testng.TestRunner.run(TestRunner.java:596), org.testng.SuiteRunner.runTest(SuiteRunner.java:377), org.testng.SuiteRunner.runSequentially(SuiteRunner.java:371), org.testng.SuiteRunner.privateRun(SuiteRunner.java:332), org.testng.SuiteRunner.run(SuiteRunner.java:276), org.testng.SuiteRunnerWorker.runSuite(SuiteRunnerWorker.java:53), org.testng.SuiteRunnerWorker.run(SuiteRunnerWorker.java:96), org.testng.TestNG.runSuitesSequentially(TestNG.java:1212), org.testng.TestNG.runSuitesLocally(TestNG.java:1134), org.testng.TestNG.runSuites(TestNG.java:1063), org.testng.TestNG.run(TestNG.java:1031), org.testng.remote.AbstractRemoteTestNG.run(AbstractRemoteTestNG.java:115), org.testng.remote.RemoteTestNG.initAndRun(RemoteTestNG.java:251), org.testng.remote.RemoteTestNG.main(RemoteTestNG.java:77)][0m
[DEBUG] 2023-04-05 14:11:32.475 MyListeners:100 - [1;31mScreenshot stored at: D:\ECLIPSE_LATEST\HeroApp1/screenshots/validate_valid_OTP_testcase__W_e_d_ _A_p_r_ _0_5_ _1_4___1_1___3_2_ _I_S_T_ _2_0_2_3_.png[0m
[DEBUG] 2023-04-05 14:11:32.480 MyListeners:73 - [1;31mVALIDATE_VALID_OTP_TESTCASE - FAILURE[0m
[DEBUG] 2023-04-05 14:11:34.413 BrowserFactory:71 - Android Real device gets closed
[DEBUG] 2023-04-05 14:11:34.413 BrowserFactory:72 - ++++++++++++++++++++++++++++++++
[INFO ] 2023-04-05 14:15:27.469 Create_Driver_Session:51 - PLATFORM NAME IS --> Android
[INFO ] 2023-04-05 14:15:27.476 Create_Driver_Session:53 - DEVICE NAME IS --> Samsung
[INFO ] 2023-04-05 14:15:27.477 Create_Driver_Session:55 - PLATFORM VERSION IS --> 13.0
[INFO ] 2023-04-05 14:15:27.480 Create_Driver_Session:57 - AUTOMATION NAME IS --> UiAutomator2
[INFO ] 2023-04-05 14:15:27.482 Create_Driver_Session:59 - UDID IS --> RZCT904J89D
[DEBUG] 2023-04-05 14:15:46.454 BrowserFactory:57 - Android Real device gets opened
[DEBUG] 2023-04-05 14:15:50.798 BrowserFactory:59 - Application has been reset
[DEBUG] 2023-04-05 14:15:50.823 MyListeners:40 - [1;30mVALIDATE_VALID_OTP_TESTCASE - STARTS[0m
[DEBUG] 2023-04-05 14:15:56.732 Generic:176 - Successfully Visibility  ----> Allow
[DEBUG] 2023-04-05 14:15:57.001 Generic:160 - Successfully Click  ----> Allow
[DEBUG] 2023-04-05 14:16:01.007 Generic:176 - Successfully Visibility  ----> Enter mobile number
[DEBUG] 2023-04-05 14:16:01.008 Generic:186 - Successfully cleared textbox
[DEBUG] 2023-04-05 14:16:04.982 Generic:176 - Successfully Visibility  ----> Enter mobile number
[DEBUG] 2023-04-05 14:16:10.798 Generic:176 - Successfully Visibility  ----> Enter mobile number
[DEBUG] 2023-04-05 14:16:10.798 Generic:186 - Successfully cleared textbox
[DEBUG] 2023-04-05 14:16:10.903 Generic:199 - Successfully enter value ----> 7777700189
[DEBUG] 2023-04-05 14:16:16.006 Generic:176 - Successfully Visibility  ----> Continue
[DEBUG] 2023-04-05 14:16:16.401 Generic:160 - Successfully Click  ----> Continue
[DEBUG] 2023-04-05 14:16:20.708 Generic:176 - Successfully Visibility  ----> Verify with OTP
[DEBUG] 2023-04-05 14:16:20.774 Generic:43 - Actual element --> Verify with OTP
[DEBUG] 2023-04-05 14:16:30.890 Generic:176 - Successfully Visibility  ----> Verify
[DEBUG] 2023-04-05 14:16:31.809 Generic:160 - Successfully Click  ----> Verify
[DEBUG] 2023-04-05 14:16:32.080 ExcelData:84 - 10
[DEBUG] 2023-04-05 14:16:32.087 MyListeners:57 - [1;31m[com.oneapp.basic.ExcelData.getMapData(ExcelData.java:90), com.oneapp.page_actions.Selected_Vehicle_Page_Actions.vehicleSelectionAction(Selected_Vehicle_Page_Actions.java:45), com.oneapp.test_suits.OTP_testcases.validate_valid_OTP_testcase(OTP_testcases.java:31), java.base/jdk.internal.reflect.NativeMethodAccessorImpl.invoke0(Native Method), java.base/jdk.internal.reflect.NativeMethodAccessorImpl.invoke(NativeMethodAccessorImpl.java:77), java.base/jdk.internal.reflect.DelegatingMethodAccessorImpl.invoke(DelegatingMethodAccessorImpl.java:43), java.base/java.lang.reflect.Method.invoke(Method.java:568), org.testng.internal.MethodInvocationHelper.invokeMethod(MethodInvocationHelper.java:133), org.testng.internal.TestInvoker.invokeMethod(TestInvoker.java:598), org.testng.internal.TestInvoker.invokeTestMethod(TestInvoker.java:173), org.testng.internal.MethodRunner.runInSequence(MethodRunner.java:46), org.testng.internal.TestInvoker$MethodInvocationAgent.invoke(TestInvoker.java:824), org.testng.internal.TestInvoker.invokeTestMethods(TestInvoker.java:146), org.testng.internal.TestMethodWorker.invokeTestMethods(TestMethodWorker.java:146), org.testng.internal.TestMethodWorker.run(TestMethodWorker.java:128), java.base/java.util.ArrayList.forEach(ArrayList.java:1511), org.testng.TestRunner.privateRun(TestRunner.java:794), org.testng.TestRunner.run(TestRunner.java:596), org.testng.SuiteRunner.runTest(SuiteRunner.java:377), org.testng.SuiteRunner.runSequentially(SuiteRunner.java:371), org.testng.SuiteRunner.privateRun(SuiteRunner.java:332), org.testng.SuiteRunner.run(SuiteRunner.java:276), org.testng.SuiteRunnerWorker.runSuite(SuiteRunnerWorker.java:53), org.testng.SuiteRunnerWorker.run(SuiteRunnerWorker.java:96), org.testng.TestNG.runSuitesSequentially(TestNG.java:1212), org.testng.TestNG.runSuitesLocally(TestNG.java:1134), org.testng.TestNG.runSuites(TestNG.java:1063), org.testng.TestNG.run(TestNG.java:1031), org.testng.remote.AbstractRemoteTestNG.run(AbstractRemoteTestNG.java:115), org.testng.remote.RemoteTestNG.initAndRun(RemoteTestNG.java:251), org.testng.remote.RemoteTestNG.main(RemoteTestNG.java:77)][0m
[DEBUG] 2023-04-05 14:16:32.527 MyListeners:100 - [1;31mScreenshot stored at: D:\ECLIPSE_LATEST\HeroApp1/screenshots/validate_valid_OTP_testcase__W_e_d_ _A_p_r_ _0_5_ _1_4___1_6___3_2_ _I_S_T_ _2_0_2_3_.png[0m
[DEBUG] 2023-04-05 14:16:32.531 MyListeners:73 - [1;31mVALIDATE_VALID_OTP_TESTCASE - FAILURE[0m
[DEBUG] 2023-04-05 14:16:34.435 BrowserFactory:71 - Android Real device gets closed
[DEBUG] 2023-04-05 14:16:34.436 BrowserFactory:72 - ++++++++++++++++++++++++++++++++
[INFO ] 2023-04-05 14:18:36.583 Create_Driver_Session:51 - PLATFORM NAME IS --> Android
[INFO ] 2023-04-05 14:18:36.587 Create_Driver_Session:53 - DEVICE NAME IS --> Samsung
[INFO ] 2023-04-05 14:18:36.589 Create_Driver_Session:55 - PLATFORM VERSION IS --> 13.0
[INFO ] 2023-04-05 14:18:36.590 Create_Driver_Session:57 - AUTOMATION NAME IS --> UiAutomator2
[INFO ] 2023-04-05 14:18:36.591 Create_Driver_Session:59 - UDID IS --> RZCT904J89D
[DEBUG] 2023-04-05 14:18:55.476 BrowserFactory:57 - Android Real device gets opened
[DEBUG] 2023-04-05 14:18:58.932 BrowserFactory:59 - Application has been reset
[DEBUG] 2023-04-05 14:18:58.961 MyListeners:40 - [1;30mVALIDATE_VALID_OTP_TESTCASE - STARTS[0m
[DEBUG] 2023-04-05 14:19:04.734 Generic:176 - Successfully Visibility  ----> Allow
[DEBUG] 2023-04-05 14:19:05.039 Generic:160 - Successfully Click  ----> Allow
[DEBUG] 2023-04-05 14:19:09.107 Generic:176 - Successfully Visibility  ----> Enter mobile number
[DEBUG] 2023-04-05 14:19:09.109 Generic:186 - Successfully cleared textbox
[DEBUG] 2023-04-05 14:19:13.109 Generic:176 - Successfully Visibility  ----> Enter mobile number
[DEBUG] 2023-04-05 14:19:18.962 Generic:176 - Successfully Visibility  ----> Enter mobile number
[DEBUG] 2023-04-05 14:19:18.962 Generic:186 - Successfully cleared textbox
[DEBUG] 2023-04-05 14:19:19.064 Generic:199 - Successfully enter value ----> 7777700189
[DEBUG] 2023-04-05 14:19:24.116 Generic:176 - Successfully Visibility  ----> Continue
[DEBUG] 2023-04-05 14:19:24.467 Generic:160 - Successfully Click  ----> Continue
[DEBUG] 2023-04-05 14:19:28.373 Generic:176 - Successfully Visibility  ----> Verify with OTP
[DEBUG] 2023-04-05 14:19:28.444 Generic:43 - Actual element --> Verify with OTP
[DEBUG] 2023-04-05 14:19:38.483 Generic:176 - Successfully Visibility  ----> Verify
[DEBUG] 2023-04-05 14:19:39.406 Generic:160 - Successfully Click  ----> Verify
[DEBUG] 2023-04-05 14:19:47.504 Generic:176 - Successfully Visibility  ----> Book service PAID
[DEBUG] 2023-04-05 14:19:47.918 Generic:160 - Successfully Click  ----> Book service PAID
[DEBUG] 2023-04-05 14:19:48.681 Selected_Vehicle_Page_Actions:55 - Book service PAID vin selected
[DEBUG] 2023-04-05 14:19:52.410 Generic:176 - Successfully Visibility  ----> Continue
[DEBUG] 2023-04-05 14:19:52.602 Generic:160 - Successfully Click  ----> Continue
[DEBUG] 2023-04-05 14:20:02.665 Generic:176 - Successfully Visibility  ----> Only this time
[DEBUG] 2023-04-05 14:20:03.014 Generic:160 - Successfully Click  ----> Only this time
[DEBUG] 2023-04-05 14:20:16.851 Generic:176 - Successfully Visibility  ----> 
[DEBUG] 2023-04-05 14:20:17.022 Generic:160 - Successfully Click  ----> 
[DEBUG] 2023-04-05 14:20:21.182 Generic:176 - Successfully Visibility  ----> Logout
[DEBUG] 2023-04-05 14:20:21.683 Generic:160 - Successfully Click  ----> Logout
[DEBUG] 2023-04-05 14:20:29.609 Generic:176 - Successfully Visibility  ----> YES
[DEBUG] 2023-04-05 14:20:29.840 Generic:160 - Successfully Click  ----> YES
[DEBUG] 2023-04-05 14:20:43.819 Generic:176 - Successfully Visibility  ----> Login
[DEBUG] 2023-04-05 14:20:43.882 Generic:43 - Actual element --> Login
[DEBUG] 2023-04-05 14:20:43.889 MyListeners:48 - [1;32mVALIDATE_VALID_OTP_TESTCASE - PASSED[0m
[DEBUG] 2023-04-05 14:20:45.684 BrowserFactory:71 - Android Real device gets closed
[DEBUG] 2023-04-05 14:20:45.685 BrowserFactory:72 - ++++++++++++++++++++++++++++++++
