[INFO ] 2023-06-02 11:05:07.808 Create_Driver_Session:55 - PLATFORM NAME IS --> Android
[INFO ] 2023-06-02 11:05:07.831 Create_Driver_Session:57 - DEVICE NAME IS --> Samsung
[INFO ] 2023-06-02 11:05:07.832 Create_Driver_Session:61 - AUTOMATION NAME IS --> UiAutomator2
[INFO ] 2023-06-02 11:05:07.833 Create_Driver_Session:63 - UDID IS --> RZCT904J89D
[DEBUG] 2023-06-02 11:05:07.834 Create_Driver_Session:73 - Android Real device gets opened
[DEBUG] 2023-06-02 11:05:29.578 BrowserFactory:57 - Application has been reset
[DEBUG] 2023-06-02 11:05:29.609 MyListeners:40 - [1;30mVALIDATE_MYPROFILE_WITH_VALID_DETAILS_TESTCASE - STARTS[0m
[DEBUG] 2023-06-02 11:05:32.599 Generic:178 - Successfully Visibility  ----> Allow
[DEBUG] 2023-06-02 11:05:32.901 Generic:160 - Successfully Clicked  ----> Allow
[DEBUG] 2023-06-02 11:05:33.903 Generic:178 - Successfully Visibility  ----> Enter mobile number
[DEBUG] 2023-06-02 11:05:33.918 Generic:191 - Successfully cleared textbox
[DEBUG] 2023-06-02 11:05:35.431 Generic:178 - Successfully Visibility  ----> Enter mobile number
[DEBUG] 2023-06-02 11:05:35.442 Generic:191 - Successfully cleared textbox
[DEBUG] 2023-06-02 11:05:35.551 Generic:197 - Successfully enter value ----> 6666600011
[DEBUG] 2023-06-02 11:05:38.530 Generic:178 - Successfully Visibility  ----> Continue
[DEBUG] 2023-06-02 11:05:38.859 Generic:160 - Successfully Clicked  ----> Continue
[DEBUG] 2023-06-02 11:05:40.932 Generic:181 - [1;31morg.openqa.selenium.StaleElementReferenceException: The element 'By.id: com.customerapp.hero:id/lbl2' is not linked to the same object in DOM anymore
For documentation on this error, please visit: https://www.seleniumhq.org/exceptions/stale_element_reference.html
Build info: version: '3.141.59', revision: 'e82be7d358', time: '2018-11-14T08:17:03'
System info: host: 'DESKTOP-A2S9SMV', ip: '192.168.0.106', os.name: 'Windows 10', os.arch: 'amd64', os.version: '10.0', java.version: '17.0.6'
Driver info: io.appium.java_client.AppiumDriver
Capabilities {appActivity: com.customerapp.hero.views...., appPackage: com.customerapp.hero, automationName: UiAutomator2, databaseEnabled: false, desired: {appActivity: com.customerapp.hero.views...., appPackage: com.customerapp.hero, automationName: UiAutomator2, deviceName: Samsung, newCommandTimeout: 1200, platformName: android, udid: RZCT904J89D}, deviceApiLevel: 33, deviceManufacturer: samsung, deviceModel: SM-M536B, deviceName: RZCT904J89D, deviceScreenDensity: 450, deviceScreenSize: 1080x2400, deviceUDID: RZCT904J89D, javascriptEnabled: true, locationContextEnabled: false, networkConnectionEnabled: true, newCommandTimeout: 1200, pixelRatio: 2.8125, platform: LINUX, platformName: Android, platformVersion: 13, statBarHeight: 90, takesScreenshot: true, udid: RZCT904J89D, viewportRect: {height: 2085, left: 0, top: 90, width: 1080}, warnings: {}, webStorageEnabled: false}
Session ID: e4c3331e-4189-4993-8b6f-36af6c380afb[0m
[DEBUG] 2023-06-02 11:05:41.478 Generic:37 - Actual element --> Verify with OTP
[DEBUG] 2023-06-02 11:05:48.798 Generic:178 - Successfully Visibility  ----> Verify
[DEBUG] 2023-06-02 11:05:49.678 Generic:160 - Successfully Clicked  ----> Verify
[DEBUG] 2023-06-02 11:05:53.328 Generic:178 - Successfully Visibility  ----> book service paid
[DEBUG] 2023-06-02 11:05:53.841 Generic:160 - Successfully Clicked  ----> book service paid
[DEBUG] 2023-06-02 11:05:55.973 Selected_Vehicle_Page_Actions:54 - Book service PAID vin selected
[DEBUG] 2023-06-02 11:05:56.769 Generic:178 - Successfully Visibility  ----> Continue
[DEBUG] 2023-06-02 11:05:57.136 Generic:160 - Successfully Clicked  ----> Continue
[DEBUG] 2023-06-02 11:06:01.213 Generic:178 - Successfully Visibility  ----> Only this time
[DEBUG] 2023-06-02 11:06:01.490 Generic:160 - Successfully Clicked  ----> Only this time
[DEBUG] 2023-06-02 11:06:06.795 Generic:178 - Successfully Visibility  ----> 
[DEBUG] 2023-06-02 11:06:07.006 Generic:160 - Successfully Clicked  ----> 
[DEBUG] 2023-06-02 11:06:08.036 Generic:178 - Successfully Visibility  ----> My Profile
[DEBUG] 2023-06-02 11:06:08.313 Generic:160 - Successfully Clicked  ----> My Profile
[DEBUG] 2023-06-02 11:06:09.653 Generic:178 - Successfully Visibility  ----> Profile Details
[DEBUG] 2023-06-02 11:06:09.719 Generic:37 - Actual element --> Profile Details
[DEBUG] 2023-06-02 11:06:09.940 Generic:178 - Successfully Visibility  ----> More details
[DEBUG] 2023-06-02 11:06:10.157 Generic:160 - Successfully Clicked  ----> More details
[DEBUG] 2023-06-02 11:06:11.199 Generic:178 - Successfully Visibility  ----> Edit Profile Details
[DEBUG] 2023-06-02 11:06:11.478 Generic:160 - Successfully Clicked  ----> Edit Profile Details
[DEBUG] 2023-06-02 11:06:13.357 Generic:178 - Successfully Visibility  ----> abag
[DEBUG] 2023-06-02 11:06:13.369 Generic:191 - Successfully cleared textbox
[DEBUG] 2023-06-02 11:06:14.167 Generic:178 - Successfully Visibility  ----> Full Name
[DEBUG] 2023-06-02 11:06:14.179 Generic:191 - Successfully cleared textbox
[DEBUG] 2023-06-02 11:06:14.276 Generic:197 - Successfully enter value ----> Gunjan
[DEBUG] 2023-06-02 11:06:15.844 Generic:178 - Successfully Visibility  ----> Female
[DEBUG] 2023-06-02 11:06:15.993 Generic:216 - element is selecting ----> Female
[DEBUG] 2023-06-02 11:06:16.341 Personal_Details_Page_Actions:81 - Female was not selected earlier but now it has been selected
[DEBUG] 2023-06-02 11:06:17.320 Generic:178 - Successfully Visibility  ----> gunjan12@gmail.com
[DEBUG] 2023-06-02 11:06:17.329 Generic:191 - Successfully cleared textbox
[DEBUG] 2023-06-02 11:06:26.791 Generic:178 - Successfully Visibility  ----> 03 Jan 1987
[DEBUG] 2023-06-02 11:06:27.323 Generic:160 - Successfully Clicked  ----> 03 Jan 1987
[DEBUG] 2023-06-02 11:06:28.885 Generic:178 - Successfully Visibility  ----> 
[DEBUG] 2023-06-02 11:06:29.065 Generic:160 - Successfully Clicked  ----> 
[DEBUG] 2023-06-02 11:06:30.317 Generic:178 - Successfully Visibility  ----> 03/01/87
[DEBUG] 2023-06-02 11:06:30.333 Generic:191 - Successfully cleared textbox
[DEBUG] 2023-06-02 11:06:30.453 Generic:197 - Successfully enter value ----> 1/2/01
[DEBUG] 2023-06-02 11:06:32.619 Generic:178 - Successfully Visibility  ----> OK
[DEBUG] 2023-06-02 11:06:32.828 Generic:160 - Successfully Clicked  ----> OK
[DEBUG] 2023-06-02 11:06:33.983 Generic:178 - Successfully Visibility  ----> k
[DEBUG] 2023-06-02 11:06:33.994 Generic:191 - Successfully cleared textbox
[DEBUG] 2023-06-02 11:06:34.921 Generic:178 - Successfully Visibility  ----> Street Name
[DEBUG] 2023-06-02 11:06:34.932 Generic:191 - Successfully cleared textbox
[DEBUG] 2023-06-02 11:06:35.048 Generic:197 - Successfully enter value ----> Mumbai Colony 1152
[DEBUG] 2023-06-02 11:06:40.165 Generic:107 - Swiped successfully
[DEBUG] 2023-06-02 11:06:47.338 Generic:178 - Successfully Visibility  ----> 111111
[DEBUG] 2023-06-02 11:06:47.351 Generic:191 - Successfully cleared textbox
[DEBUG] 2023-06-02 11:07:47.835 Generic:181 - [1;31morg.openqa.selenium.TimeoutException: Expected condition failed: waiting for visibility of Proxy element for: DefaultElementLocator 'By.xpath: /hierarchy/android.widget.FrameLayout/android.widget.LinearLayout/android.widget.FrameLayout/android.widget.LinearLayout/android.widget.FrameLayout/android.view.ViewGroup/android.view.ViewGroup/android.view.ViewGroup/android.widget.FrameLayout/android.view.ViewGroup/android.widget.ScrollView/android.view.ViewGroup/android.widget.LinearLayout[7]/android.widget.FrameLayout/android.widget.EditText' (tried for 20 second(s) with 500 milliseconds interval)[0m
[DEBUG] 2023-06-02 11:07:47.845 Generic:191 - Successfully cleared textbox
[DEBUG] 2023-06-02 11:08:17.906 MyListeners:57 - [1;31m[java.base/jdk.internal.reflect.NativeConstructorAccessorImpl.newInstance0(Native Method), java.base/jdk.internal.reflect.NativeConstructorAccessorImpl.newInstance(NativeConstructorAccessorImpl.java:77), java.base/jdk.internal.reflect.DelegatingConstructorAccessorImpl.newInstance(DelegatingConstructorAccessorImpl.java:45), java.base/java.lang.reflect.Constructor.newInstanceWithCaller(Constructor.java:499), java.base/java.lang.reflect.Constructor.newInstance(Constructor.java:480), org.openqa.selenium.remote.http.W3CHttpResponseCodec.createException(W3CHttpResponseCodec.java:187), org.openqa.selenium.remote.http.W3CHttpResponseCodec.decode(W3CHttpResponseCodec.java:122), org.openqa.selenium.remote.http.W3CHttpResponseCodec.decode(W3CHttpResponseCodec.java:49), org.openqa.selenium.remote.HttpCommandExecutor.execute(HttpCommandExecutor.java:158), io.appium.java_client.remote.AppiumCommandExecutor.execute(AppiumCommandExecutor.java:250), org.openqa.selenium.remote.RemoteWebDriver.execute(RemoteWebDriver.java:552), io.appium.java_client.DefaultGenericMobileDriver.execute(DefaultGenericMobileDriver.java:41), io.appium.java_client.AppiumDriver.execute(AppiumDriver.java:1), org.openqa.selenium.remote.RemoteWebDriver.findElement(RemoteWebDriver.java:323), io.appium.java_client.DefaultGenericMobileDriver.findElement(DefaultGenericMobileDriver.java:61), io.appium.java_client.AppiumDriver.findElement(AppiumDriver.java:1), org.openqa.selenium.remote.RemoteWebDriver.findElementByXPath(RemoteWebDriver.java:428), io.appium.java_client.DefaultGenericMobileDriver.findElementByXPath(DefaultGenericMobileDriver.java:151), io.appium.java_client.AppiumDriver.findElementByXPath(AppiumDriver.java:1), org.openqa.selenium.By$ByXPath.findElement(By.java:353), org.openqa.selenium.remote.RemoteWebDriver.findElement(RemoteWebDriver.java:315), io.appium.java_client.DefaultGenericMobileDriver.findElement(DefaultGenericMobileDriver.java:57), io.appium.java_client.AppiumDriver.findElement(AppiumDriver.java:1), org.openqa.selenium.support.pagefactory.DefaultElementLocator.findElement(DefaultElementLocator.java:69), org.openqa.selenium.support.pagefactory.internal.LocatingElementHandler.invoke(LocatingElementHandler.java:38), jdk.proxy2/jdk.proxy2.$Proxy27.clear(Unknown Source), com.oneapp.utils.Generic.clearOnTexBox(Generic.java:192), com.oneapp.utils.Generic.sendKeysOnTextfields(Generic.java:196), com.oneapp.page_actions.Personal_Details_Page_Actions.enterPincodeAction(Personal_Details_Page_Actions.java:169), com.oneapp.test_suits.Myprofile_testcases.validate_myprofile_with_valid_details_testcase(Myprofile_testcases.java:49), java.base/jdk.internal.reflect.NativeMethodAccessorImpl.invoke0(Native Method), java.base/jdk.internal.reflect.NativeMethodAccessorImpl.invoke(NativeMethodAccessorImpl.java:77), java.base/jdk.internal.reflect.DelegatingMethodAccessorImpl.invoke(DelegatingMethodAccessorImpl.java:43), java.base/java.lang.reflect.Method.invoke(Method.java:568), org.testng.internal.MethodInvocationHelper.invokeMethod(MethodInvocationHelper.java:133), org.testng.internal.TestInvoker.invokeMethod(TestInvoker.java:598), org.testng.internal.TestInvoker.invokeTestMethod(TestInvoker.java:173), org.testng.internal.MethodRunner.runInSequence(MethodRunner.java:46), org.testng.internal.TestInvoker$MethodInvocationAgent.invoke(TestInvoker.java:824), org.testng.internal.TestInvoker.invokeTestMethods(TestInvoker.java:146), org.testng.internal.TestMethodWorker.invokeTestMethods(TestMethodWorker.java:146), org.testng.internal.TestMethodWorker.run(TestMethodWorker.java:128), java.base/java.util.ArrayList.forEach(ArrayList.java:1511), org.testng.TestRunner.privateRun(TestRunner.java:794), org.testng.TestRunner.run(TestRunner.java:596), org.testng.SuiteRunner.runTest(SuiteRunner.java:377), org.testng.SuiteRunner.runSequentially(SuiteRunner.java:371), org.testng.SuiteRunner.privateRun(SuiteRunner.java:332), org.testng.SuiteRunner.run(SuiteRunner.java:276), org.testng.SuiteRunnerWorker.runSuite(SuiteRunnerWorker.java:53), org.testng.SuiteRunnerWorker.run(SuiteRunnerWorker.java:96), org.testng.TestNG.runSuitesSequentially(TestNG.java:1212), org.testng.TestNG.runSuitesLocally(TestNG.java:1134), org.testng.TestNG.runSuites(TestNG.java:1063), org.testng.TestNG.run(TestNG.java:1031), org.testng.remote.AbstractRemoteTestNG.run(AbstractRemoteTestNG.java:115), org.testng.remote.RemoteTestNG.initAndRun(RemoteTestNG.java:251), org.testng.remote.RemoteTestNG.main(RemoteTestNG.java:77)][0m
[DEBUG] 2023-06-02 11:08:18.317 MyListeners:100 - [1;31mScreenshot stored at: D:\ECLIPSE_LATEST\HeroApp1/screenshots/validate_myprofile_with_valid_details_testcase__F_r_i_ _J_u_n_ _0_2_ _1_1___0_8___1_7_ _I_S_T_ _2_0_2_3_.png[0m
[DEBUG] 2023-06-02 11:08:18.322 MyListeners:73 - [1;31mVALIDATE_MYPROFILE_WITH_VALID_DETAILS_TESTCASE - FAILURE[0m
[DEBUG] 2023-06-02 11:08:20.004 BrowserFactory:68 - Session gets closed
[DEBUG] 2023-06-02 11:08:20.005 BrowserFactory:69 - ++++++++++++++++++++++++++++++++
[INFO ] 2023-06-02 11:12:28.201 Create_Driver_Session:55 - PLATFORM NAME IS --> Android
[INFO ] 2023-06-02 11:12:28.206 Create_Driver_Session:57 - DEVICE NAME IS --> Samsung
[INFO ] 2023-06-02 11:12:28.207 Create_Driver_Session:61 - AUTOMATION NAME IS --> UiAutomator2
[INFO ] 2023-06-02 11:12:28.208 Create_Driver_Session:63 - UDID IS --> RZCT904J89D
[DEBUG] 2023-06-02 11:12:28.213 Create_Driver_Session:73 - Android Real device gets opened
[DEBUG] 2023-06-02 11:12:57.626 BrowserFactory:57 - Application has been reset
[DEBUG] 2023-06-02 11:12:57.653 MyListeners:40 - [1;30mVALIDATE_MYPROFILE_WITH_VALID_DETAILS_TESTCASE - STARTS[0m
[DEBUG] 2023-06-02 11:12:59.794 Generic:178 - Successfully Visibility  ----> Allow
[DEBUG] 2023-06-02 11:13:00.079 Generic:160 - Successfully Clicked  ----> Allow
[DEBUG] 2023-06-02 11:13:01.623 Generic:178 - Successfully Visibility  ----> Enter mobile number
[DEBUG] 2023-06-02 11:13:01.631 Generic:191 - Successfully cleared textbox
[DEBUG] 2023-06-02 11:13:02.990 Generic:178 - Successfully Visibility  ----> Enter mobile number
[DEBUG] 2023-06-02 11:13:03.001 Generic:191 - Successfully cleared textbox
[DEBUG] 2023-06-02 11:13:03.121 Generic:197 - Successfully enter value ----> 6666600011
[DEBUG] 2023-06-02 11:13:05.486 Generic:178 - Successfully Visibility  ----> Continue
[DEBUG] 2023-06-02 11:13:05.807 Generic:160 - Successfully Clicked  ----> Continue
[DEBUG] 2023-06-02 11:13:08.022 Generic:181 - [1;31morg.openqa.selenium.StaleElementReferenceException: The element 'By.id: com.customerapp.hero:id/lbl2' is not linked to the same object in DOM anymore
For documentation on this error, please visit: https://www.seleniumhq.org/exceptions/stale_element_reference.html
Build info: version: '3.141.59', revision: 'e82be7d358', time: '2018-11-14T08:17:03'
System info: host: 'DESKTOP-A2S9SMV', ip: '192.168.0.106', os.name: 'Windows 10', os.arch: 'amd64', os.version: '10.0', java.version: '17.0.6'
Driver info: io.appium.java_client.AppiumDriver
Capabilities {appActivity: com.customerapp.hero.views...., appPackage: com.customerapp.hero, automationName: UiAutomator2, databaseEnabled: false, desired: {appActivity: com.customerapp.hero.views...., appPackage: com.customerapp.hero, automationName: UiAutomator2, deviceName: Samsung, newCommandTimeout: 1200, platformName: android, udid: RZCT904J89D}, deviceApiLevel: 33, deviceManufacturer: samsung, deviceModel: SM-M536B, deviceName: RZCT904J89D, deviceScreenDensity: 450, deviceScreenSize: 1080x2400, deviceUDID: RZCT904J89D, javascriptEnabled: true, locationContextEnabled: false, networkConnectionEnabled: true, newCommandTimeout: 1200, pixelRatio: 2.8125, platform: LINUX, platformName: Android, platformVersion: 13, statBarHeight: 90, takesScreenshot: true, udid: RZCT904J89D, viewportRect: {height: 2085, left: 0, top: 90, width: 1080}, warnings: {}, webStorageEnabled: false}
Session ID: 828f5ba8-c146-494c-9b6a-ed13e0c91d9e[0m
[DEBUG] 2023-06-02 11:13:08.611 Generic:37 - Actual element --> Verify with OTP
[DEBUG] 2023-06-02 11:13:14.927 Generic:178 - Successfully Visibility  ----> Verify
[DEBUG] 2023-06-02 11:13:15.760 Generic:160 - Successfully Clicked  ----> Verify
[DEBUG] 2023-06-02 11:13:19.610 Generic:178 - Successfully Visibility  ----> book service paid
[DEBUG] 2023-06-02 11:13:20.161 Generic:160 - Successfully Clicked  ----> book service paid
[DEBUG] 2023-06-02 11:13:21.479 Selected_Vehicle_Page_Actions:54 - Book service PAID vin selected
[DEBUG] 2023-06-02 11:13:21.805 Generic:178 - Successfully Visibility  ----> Continue
[DEBUG] 2023-06-02 11:13:22.156 Generic:160 - Successfully Clicked  ----> Continue
[DEBUG] 2023-06-02 11:13:26.236 Generic:178 - Successfully Visibility  ----> Only this time
[DEBUG] 2023-06-02 11:13:26.469 Generic:160 - Successfully Clicked  ----> Only this time
[DEBUG] 2023-06-02 11:13:31.773 Generic:178 - Successfully Visibility  ----> 
[DEBUG] 2023-06-02 11:13:31.978 Generic:160 - Successfully Clicked  ----> 
[DEBUG] 2023-06-02 11:13:33.018 Generic:178 - Successfully Visibility  ----> My Profile
[DEBUG] 2023-06-02 11:13:33.272 Generic:160 - Successfully Clicked  ----> My Profile
[DEBUG] 2023-06-02 11:13:34.588 Generic:178 - Successfully Visibility  ----> Profile Details
[DEBUG] 2023-06-02 11:13:34.655 Generic:37 - Actual element --> Profile Details
[DEBUG] 2023-06-02 11:13:34.907 Generic:178 - Successfully Visibility  ----> More details
[DEBUG] 2023-06-02 11:13:35.122 Generic:160 - Successfully Clicked  ----> More details
[DEBUG] 2023-06-02 11:13:36.125 Generic:178 - Successfully Visibility  ----> Edit Profile Details
[DEBUG] 2023-06-02 11:13:36.397 Generic:160 - Successfully Clicked  ----> Edit Profile Details
[DEBUG] 2023-06-02 11:13:38.193 Generic:178 - Successfully Visibility  ----> abag
[DEBUG] 2023-06-02 11:13:38.203 Generic:191 - Successfully cleared textbox
[DEBUG] 2023-06-02 11:13:39.006 Generic:178 - Successfully Visibility  ----> Full Name
[DEBUG] 2023-06-02 11:13:39.014 Generic:191 - Successfully cleared textbox
[DEBUG] 2023-06-02 11:13:39.096 Generic:197 - Successfully enter value ----> Gunjan
[DEBUG] 2023-06-02 11:13:41.106 Generic:178 - Successfully Visibility  ----> Female
[DEBUG] 2023-06-02 11:13:41.260 Generic:216 - element is selecting ----> Female
[DEBUG] 2023-06-02 11:13:41.600 Personal_Details_Page_Actions:81 - Female was not selected earlier but now it has been selected
[DEBUG] 2023-06-02 11:13:42.541 Generic:178 - Successfully Visibility  ----> gunjan12@gmail.com
[DEBUG] 2023-06-02 11:13:42.556 Generic:191 - Successfully cleared textbox
[DEBUG] 2023-06-02 11:13:51.934 Generic:178 - Successfully Visibility  ----> 03 Jan 1987
[DEBUG] 2023-06-02 11:13:52.416 Generic:160 - Successfully Clicked  ----> 03 Jan 1987
[DEBUG] 2023-06-02 11:13:53.880 Generic:178 - Successfully Visibility  ----> 
[DEBUG] 2023-06-02 11:13:54.027 Generic:160 - Successfully Clicked  ----> 
[DEBUG] 2023-06-02 11:13:56.196 Generic:178 - Successfully Visibility  ----> 03/01/87
[DEBUG] 2023-06-02 11:13:56.205 Generic:191 - Successfully cleared textbox
[DEBUG] 2023-06-02 11:13:56.317 Generic:197 - Successfully enter value ----> 1/2/01
[DEBUG] 2023-06-02 11:13:59.932 Generic:178 - Successfully Visibility  ----> OK
[DEBUG] 2023-06-02 11:14:00.115 Generic:160 - Successfully Clicked  ----> OK
[DEBUG] 2023-06-02 11:14:01.241 Generic:178 - Successfully Visibility  ----> k
[DEBUG] 2023-06-02 11:14:01.249 Generic:191 - Successfully cleared textbox
[DEBUG] 2023-06-02 11:14:02.129 Generic:178 - Successfully Visibility  ----> Street Name
[DEBUG] 2023-06-02 11:14:02.136 Generic:191 - Successfully cleared textbox
[DEBUG] 2023-06-02 11:14:02.239 Generic:197 - Successfully enter value ----> Mumbai Colony 1152
[DEBUG] 2023-06-02 11:14:04.472 Generic:178 - Successfully Visibility  ----> 111111
[DEBUG] 2023-06-02 11:14:04.480 Generic:191 - Successfully cleared textbox
[DEBUG] 2023-06-02 11:14:05.521 Generic:178 - Successfully Visibility  ----> PIN Code
[DEBUG] 2023-06-02 11:14:05.529 Generic:191 - Successfully cleared textbox
[DEBUG] 2023-06-02 11:14:05.694 Generic:197 - Successfully enter value ----> 110091
[DEBUG] 2023-06-02 11:14:08.012 Generic:178 - Successfully Visibility  ----> Save
[DEBUG] 2023-06-02 11:14:08.371 Generic:160 - Successfully Clicked  ----> Save
[DEBUG] 2023-06-02 11:14:10.276 Generic:178 - Successfully Visibility  ----> More details
[DEBUG] 2023-06-02 11:14:10.490 Generic:160 - Successfully Clicked  ----> More details
[DEBUG] 2023-06-02 11:14:11.373 Generic:178 - Successfully Visibility  ----> Mumbai Colony 1152
[DEBUG] 2023-06-02 11:14:11.509 Generic:37 - Actual element --> Mumbai Colony 1152
[DEBUG] 2023-06-02 11:14:15.663 Generic:178 - Successfully Visibility  ----> 
[DEBUG] 2023-06-02 11:14:15.818 Generic:160 - Successfully Clicked  ----> 
[DEBUG] 2023-06-02 11:14:16.795 Generic:178 - Successfully Visibility  ----> Logout
[DEBUG] 2023-06-02 11:14:17.233 Generic:160 - Successfully Clicked  ----> Logout
[DEBUG] 2023-06-02 11:14:21.578 Generic:178 - Successfully Visibility  ----> YES
[DEBUG] 2023-06-02 11:14:21.729 Generic:160 - Successfully Clicked  ----> YES
[DEBUG] 2023-06-02 11:14:52.108 Generic:178 - Successfully Visibility  ----> Login
[DEBUG] 2023-06-02 11:14:52.178 Generic:37 - Actual element --> Login
[DEBUG] 2023-06-02 11:14:52.187 MyListeners:48 - [1;32mVALIDATE_MYPROFILE_WITH_VALID_DETAILS_TESTCASE - PASSED[0m
[DEBUG] 2023-06-02 11:14:54.018 BrowserFactory:68 - Session gets closed
[DEBUG] 2023-06-02 11:14:54.018 BrowserFactory:69 - ++++++++++++++++++++++++++++++++
[INFO ] 2023-06-02 18:25:18.838 Create_Driver_Session:55 - PLATFORM NAME IS --> Android
[INFO ] 2023-06-02 18:25:18.843 Create_Driver_Session:57 - DEVICE NAME IS --> Samsung
[INFO ] 2023-06-02 18:25:18.844 Create_Driver_Session:61 - AUTOMATION NAME IS --> UiAutomator2
[INFO ] 2023-06-02 18:25:18.845 Create_Driver_Session:63 - UDID IS --> RZCT904J89D
[DEBUG] 2023-06-02 18:25:18.846 Create_Driver_Session:73 - Android Real device gets opened
[DEBUG] 2023-06-02 18:25:40.946 BrowserFactory:57 - Application has been reset
[DEBUG] 2023-06-02 18:25:40.968 MyListeners:40 - [1;30mVALIDATE_MYPROFILE_WITH_VALID_DETAILS_TESTCASE - STARTS[0m
[DEBUG] 2023-06-02 18:25:42.972 Generic:178 - Successfully Visibility  ----> Allow
[DEBUG] 2023-06-02 18:25:43.159 Generic:160 - Successfully Clicked  ----> Allow
[DEBUG] 2023-06-02 18:25:44.198 Generic:178 - Successfully Visibility  ----> Enter mobile number
[DEBUG] 2023-06-02 18:25:44.204 Generic:191 - Successfully cleared textbox
[DEBUG] 2023-06-02 18:25:44.983 Generic:178 - Successfully Visibility  ----> Enter mobile number
[DEBUG] 2023-06-02 18:25:44.991 Generic:191 - Successfully cleared textbox
[DEBUG] 2023-06-02 18:25:45.076 Generic:197 - Successfully enter value ----> 6666600011
[DEBUG] 2023-06-02 18:25:47.413 Generic:178 - Successfully Visibility  ----> Continue
[DEBUG] 2023-06-02 18:25:48.253 Generic:160 - Successfully Clicked  ----> Continue
[DEBUG] 2023-06-02 18:25:50.221 Generic:181 - [1;31morg.openqa.selenium.StaleElementReferenceException: The element 'By.id: com.customerapp.hero:id/lbl2' is not linked to the same object in DOM anymore
For documentation on this error, please visit: https://www.seleniumhq.org/exceptions/stale_element_reference.html
Build info: version: '3.141.59', revision: 'e82be7d358', time: '2018-11-14T08:17:03'
System info: host: 'DESKTOP-A2S9SMV', ip: '192.168.0.106', os.name: 'Windows 10', os.arch: 'amd64', os.version: '10.0', java.version: '17.0.6'
Driver info: io.appium.java_client.AppiumDriver
Capabilities {appActivity: com.customerapp.hero.views...., appPackage: com.customerapp.hero, automationName: UiAutomator2, databaseEnabled: false, desired: {appActivity: com.customerapp.hero.views...., appPackage: com.customerapp.hero, automationName: UiAutomator2, deviceName: Samsung, newCommandTimeout: 1200, platformName: android, udid: RZCT904J89D}, deviceApiLevel: 33, deviceManufacturer: samsung, deviceModel: SM-M536B, deviceName: RZCT904J89D, deviceScreenDensity: 450, deviceScreenSize: 1080x2400, deviceUDID: RZCT904J89D, javascriptEnabled: true, locationContextEnabled: false, networkConnectionEnabled: true, newCommandTimeout: 1200, pixelRatio: 2.8125, platform: LINUX, platformName: Android, platformVersion: 13, statBarHeight: 90, takesScreenshot: true, udid: RZCT904J89D, viewportRect: {height: 2085, left: 0, top: 90, width: 1080}, warnings: {}, webStorageEnabled: false}
Session ID: ae647a88-b7b2-4187-b7c0-88ce8e617990[0m
[DEBUG] 2023-06-02 18:25:50.789 Generic:37 - Actual element --> Verify with OTP
[DEBUG] 2023-06-02 18:25:57.975 Generic:178 - Successfully Visibility  ----> Verify
[DEBUG] 2023-06-02 18:25:58.254 Generic:160 - Successfully Clicked  ----> Verify
[DEBUG] 2023-06-02 18:26:02.632 Generic:178 - Successfully Visibility  ----> book service paid
[DEBUG] 2023-06-02 18:26:03.149 Generic:160 - Successfully Clicked  ----> book service paid
[DEBUG] 2023-06-02 18:26:04.036 Selected_Vehicle_Page_Actions:54 - Book service PAID vin selected
[DEBUG] 2023-06-02 18:26:04.388 Generic:178 - Successfully Visibility  ----> Continue
[DEBUG] 2023-06-02 18:26:04.749 Generic:160 - Successfully Clicked  ----> Continue
[DEBUG] 2023-06-02 18:26:08.204 Generic:178 - Successfully Visibility  ----> Only this time
[DEBUG] 2023-06-02 18:26:08.493 Generic:160 - Successfully Clicked  ----> Only this time
[DEBUG] 2023-06-02 18:26:13.787 Generic:178 - Successfully Visibility  ----> 
[DEBUG] 2023-06-02 18:26:13.963 Generic:160 - Successfully Clicked  ----> 
[DEBUG] 2023-06-02 18:26:14.935 Generic:178 - Successfully Visibility  ----> My Profile
[DEBUG] 2023-06-02 18:26:15.154 Generic:160 - Successfully Clicked  ----> My Profile
[DEBUG] 2023-06-02 18:26:16.490 Generic:178 - Successfully Visibility  ----> Profile Details
[DEBUG] 2023-06-02 18:26:16.550 Generic:37 - Actual element --> Profile Details
[DEBUG] 2023-06-02 18:26:16.751 Generic:178 - Successfully Visibility  ----> More details
[DEBUG] 2023-06-02 18:26:16.947 Generic:160 - Successfully Clicked  ----> More details
[DEBUG] 2023-06-02 18:26:17.827 Generic:178 - Successfully Visibility  ----> Edit Profile Details
[DEBUG] 2023-06-02 18:26:18.091 Generic:160 - Successfully Clicked  ----> Edit Profile Details
[DEBUG] 2023-06-02 18:26:18.274 MyListeners:57 - [1;31m[com.oneapp.basic.ExcelData.hashmapping(ExcelData.java:48), com.oneapp.page_actions.Personal_Details_Page_Actions.fullNameFieldAction(Personal_Details_Page_Actions.java:56), com.oneapp.test_suits.Myprofile_testcases.validate_myprofile_with_valid_details_testcase(Myprofile_testcases.java:40), java.base/jdk.internal.reflect.NativeMethodAccessorImpl.invoke0(Native Method), java.base/jdk.internal.reflect.NativeMethodAccessorImpl.invoke(NativeMethodAccessorImpl.java:77), java.base/jdk.internal.reflect.DelegatingMethodAccessorImpl.invoke(DelegatingMethodAccessorImpl.java:43), java.base/java.lang.reflect.Method.invoke(Method.java:568), org.testng.internal.MethodInvocationHelper.invokeMethod(MethodInvocationHelper.java:133), org.testng.internal.TestInvoker.invokeMethod(TestInvoker.java:598), org.testng.internal.TestInvoker.invokeTestMethod(TestInvoker.java:173), org.testng.internal.MethodRunner.runInSequence(MethodRunner.java:46), org.testng.internal.TestInvoker$MethodInvocationAgent.invoke(TestInvoker.java:824), org.testng.internal.TestInvoker.invokeTestMethods(TestInvoker.java:146), org.testng.internal.TestMethodWorker.invokeTestMethods(TestMethodWorker.java:146), org.testng.internal.TestMethodWorker.run(TestMethodWorker.java:128), java.base/java.util.ArrayList.forEach(ArrayList.java:1511), org.testng.TestRunner.privateRun(TestRunner.java:794), org.testng.TestRunner.run(TestRunner.java:596), org.testng.SuiteRunner.runTest(SuiteRunner.java:377), org.testng.SuiteRunner.runSequentially(SuiteRunner.java:371), org.testng.SuiteRunner.privateRun(SuiteRunner.java:332), org.testng.SuiteRunner.run(SuiteRunner.java:276), org.testng.SuiteRunnerWorker.runSuite(SuiteRunnerWorker.java:53), org.testng.SuiteRunnerWorker.run(SuiteRunnerWorker.java:96), org.testng.TestNG.runSuitesSequentially(TestNG.java:1212), org.testng.TestNG.runSuitesLocally(TestNG.java:1134), org.testng.TestNG.runSuites(TestNG.java:1063), org.testng.TestNG.run(TestNG.java:1031), org.testng.remote.AbstractRemoteTestNG.run(AbstractRemoteTestNG.java:115), org.testng.remote.RemoteTestNG.initAndRun(RemoteTestNG.java:251), org.testng.remote.RemoteTestNG.main(RemoteTestNG.java:77)][0m
[DEBUG] 2023-06-02 18:26:18.795 MyListeners:100 - [1;31mScreenshot stored at: D:\ECLIPSE_LATEST\HeroApp1/screenshots/validate_myprofile_with_valid_details_testcase__F_r_i_ _J_u_n_ _0_2_ _1_8___2_6___1_8_ _I_S_T_ _2_0_2_3_.png[0m
[DEBUG] 2023-06-02 18:26:18.803 MyListeners:73 - [1;31mVALIDATE_MYPROFILE_WITH_VALID_DETAILS_TESTCASE - FAILURE[0m
[DEBUG] 2023-06-02 18:26:18.816 MyListeners:40 - [1;30mVALIDATE_SAVING_WITH_BLANK_FULLNAME_FIELD_TESTCASE - STARTS[0m
[DEBUG] 2023-06-02 18:26:18.824 MyListeners:40 - [1;30mVALIDATE_SAVING_WITH_INVALID_EMAIL_FIELD_TESTCASE - STARTS[0m
[DEBUG] 2023-06-02 18:26:18.829 MyListeners:40 - [1;30mVALIDATE_SAVING_WITH_INVALID_DATEOFBIRTH_FIELD_TESTCASE - STARTS[0m
[DEBUG] 2023-06-02 18:26:18.841 MyListeners:40 - [1;30mVALIDATE_SAVING_WITH_INVALID_ADDRESS_FIELD_TESTCASE - STARTS[0m
[DEBUG] 2023-06-02 18:26:18.847 MyListeners:40 - [1;30mVALIDATE_SAVING_WITH_INVALID_PINCODE_FIELD_TESTCASE - STARTS[0m
[DEBUG] 2023-06-02 18:26:20.616 BrowserFactory:68 - Session gets closed
[DEBUG] 2023-06-02 18:26:20.617 BrowserFactory:69 - ++++++++++++++++++++++++++++++++
[INFO ] 2023-06-02 18:32:36.601 Create_Driver_Session:55 - PLATFORM NAME IS --> Android
[INFO ] 2023-06-02 18:32:36.606 Create_Driver_Session:57 - DEVICE NAME IS --> Samsung
[INFO ] 2023-06-02 18:32:36.607 Create_Driver_Session:61 - AUTOMATION NAME IS --> UiAutomator2
[INFO ] 2023-06-02 18:32:36.608 Create_Driver_Session:63 - UDID IS --> RZCT904J89D
[DEBUG] 2023-06-02 18:32:36.609 Create_Driver_Session:73 - Android Real device gets opened
[DEBUG] 2023-06-02 18:32:57.394 BrowserFactory:57 - Application has been reset
[DEBUG] 2023-06-02 18:32:57.416 MyListeners:40 - [1;30mVALIDATE_MYPROFILE_WITH_VALID_DETAILS_TESTCASE - STARTS[0m
[DEBUG] 2023-06-02 18:32:59.559 Generic:178 - Successfully Visibility  ----> Allow
[DEBUG] 2023-06-02 18:32:59.816 Generic:160 - Successfully Clicked  ----> Allow
[DEBUG] 2023-06-02 18:33:00.780 Generic:178 - Successfully Visibility  ----> Enter mobile number
[DEBUG] 2023-06-02 18:33:00.787 Generic:191 - Successfully cleared textbox
[DEBUG] 2023-06-02 18:33:01.614 Generic:178 - Successfully Visibility  ----> Enter mobile number
[DEBUG] 2023-06-02 18:33:01.621 Generic:191 - Successfully cleared textbox
[DEBUG] 2023-06-02 18:33:01.737 Generic:197 - Successfully enter value ----> 6666600011
[DEBUG] 2023-06-02 18:33:03.434 Generic:178 - Successfully Visibility  ----> Continue
[DEBUG] 2023-06-02 18:33:03.724 Generic:160 - Successfully Clicked  ----> Continue
[DEBUG] 2023-06-02 18:33:05.775 Generic:181 - [1;31morg.openqa.selenium.StaleElementReferenceException: The element 'By.id: com.customerapp.hero:id/lbl2' is not linked to the same object in DOM anymore
For documentation on this error, please visit: https://www.seleniumhq.org/exceptions/stale_element_reference.html
Build info: version: '3.141.59', revision: 'e82be7d358', time: '2018-11-14T08:17:03'
System info: host: 'DESKTOP-A2S9SMV', ip: '192.168.0.106', os.name: 'Windows 10', os.arch: 'amd64', os.version: '10.0', java.version: '17.0.6'
Driver info: io.appium.java_client.AppiumDriver
Capabilities {appActivity: com.customerapp.hero.views...., appPackage: com.customerapp.hero, automationName: UiAutomator2, databaseEnabled: false, desired: {appActivity: com.customerapp.hero.views...., appPackage: com.customerapp.hero, automationName: UiAutomator2, deviceName: Samsung, newCommandTimeout: 1200, platformName: android, udid: RZCT904J89D}, deviceApiLevel: 33, deviceManufacturer: samsung, deviceModel: SM-M536B, deviceName: RZCT904J89D, deviceScreenDensity: 450, deviceScreenSize: 1080x2400, deviceUDID: RZCT904J89D, javascriptEnabled: true, locationContextEnabled: false, networkConnectionEnabled: true, newCommandTimeout: 1200, pixelRatio: 2.8125, platform: LINUX, platformName: Android, platformVersion: 13, statBarHeight: 90, takesScreenshot: true, udid: RZCT904J89D, viewportRect: {height: 2085, left: 0, top: 90, width: 1080}, warnings: {}, webStorageEnabled: false}
Session ID: c0549be6-8070-48b2-b035-ec37fac31101[0m
[DEBUG] 2023-06-02 18:33:06.362 Generic:37 - Actual element --> Verify with OTP
[DEBUG] 2023-06-02 18:33:12.692 Generic:178 - Successfully Visibility  ----> Verify
[DEBUG] 2023-06-02 18:33:13.525 Generic:160 - Successfully Clicked  ----> Verify
[DEBUG] 2023-06-02 18:33:17.777 Generic:178 - Successfully Visibility  ----> book service paid
[DEBUG] 2023-06-02 18:33:18.682 Generic:160 - Successfully Clicked  ----> book service paid
[DEBUG] 2023-06-02 18:33:19.468 Selected_Vehicle_Page_Actions:54 - Book service PAID vin selected
[DEBUG] 2023-06-02 18:33:19.837 Generic:178 - Successfully Visibility  ----> Continue
[DEBUG] 2023-06-02 18:33:20.658 Generic:160 - Successfully Clicked  ----> Continue
[DEBUG] 2023-06-02 18:33:24.202 Generic:178 - Successfully Visibility  ----> Only this time
[DEBUG] 2023-06-02 18:33:24.483 Generic:160 - Successfully Clicked  ----> Only this time
[DEBUG] 2023-06-02 18:33:29.776 Generic:178 - Successfully Visibility  ----> 
[DEBUG] 2023-06-02 18:33:29.969 Generic:160 - Successfully Clicked  ----> 
[DEBUG] 2023-06-02 18:33:30.991 Generic:178 - Successfully Visibility  ----> My Profile
[DEBUG] 2023-06-02 18:33:31.220 Generic:160 - Successfully Clicked  ----> My Profile
[DEBUG] 2023-06-02 18:33:32.688 Generic:178 - Successfully Visibility  ----> Profile Details
[DEBUG] 2023-06-02 18:33:32.757 Generic:37 - Actual element --> Profile Details
[DEBUG] 2023-06-02 18:33:32.980 Generic:178 - Successfully Visibility  ----> More details
[DEBUG] 2023-06-02 18:33:33.211 Generic:160 - Successfully Clicked  ----> More details
[DEBUG] 2023-06-02 18:33:34.111 Generic:178 - Successfully Visibility  ----> Edit Profile Details
[DEBUG] 2023-06-02 18:33:34.450 Generic:160 - Successfully Clicked  ----> Edit Profile Details
[DEBUG] 2023-06-02 18:33:36.286 Generic:178 - Successfully Visibility  ----> Gunjan
[DEBUG] 2023-06-02 18:33:36.299 Generic:191 - Successfully cleared textbox
[DEBUG] 2023-06-02 18:33:36.398 MyListeners:57 - [1;31m[com.oneapp.basic.ExcelData.hashmapping(ExcelData.java:48), com.oneapp.page_actions.Personal_Details_Page_Actions.fullNameFieldAction(Personal_Details_Page_Actions.java:56), com.oneapp.test_suits.Myprofile_testcases.validate_myprofile_with_valid_details_testcase(Myprofile_testcases.java:40), java.base/jdk.internal.reflect.NativeMethodAccessorImpl.invoke0(Native Method), java.base/jdk.internal.reflect.NativeMethodAccessorImpl.invoke(NativeMethodAccessorImpl.java:77), java.base/jdk.internal.reflect.DelegatingMethodAccessorImpl.invoke(DelegatingMethodAccessorImpl.java:43), java.base/java.lang.reflect.Method.invoke(Method.java:568), org.testng.internal.MethodInvocationHelper.invokeMethod(MethodInvocationHelper.java:133), org.testng.internal.TestInvoker.invokeMethod(TestInvoker.java:598), org.testng.internal.TestInvoker.invokeTestMethod(TestInvoker.java:173), org.testng.internal.MethodRunner.runInSequence(MethodRunner.java:46), org.testng.internal.TestInvoker$MethodInvocationAgent.invoke(TestInvoker.java:824), org.testng.internal.TestInvoker.invokeTestMethods(TestInvoker.java:146), org.testng.internal.TestMethodWorker.invokeTestMethods(TestMethodWorker.java:146), org.testng.internal.TestMethodWorker.run(TestMethodWorker.java:128), java.base/java.util.ArrayList.forEach(ArrayList.java:1511), org.testng.TestRunner.privateRun(TestRunner.java:794), org.testng.TestRunner.run(TestRunner.java:596), org.testng.SuiteRunner.runTest(SuiteRunner.java:377), org.testng.SuiteRunner.runSequentially(SuiteRunner.java:371), org.testng.SuiteRunner.privateRun(SuiteRunner.java:332), org.testng.SuiteRunner.run(SuiteRunner.java:276), org.testng.SuiteRunnerWorker.runSuite(SuiteRunnerWorker.java:53), org.testng.SuiteRunnerWorker.run(SuiteRunnerWorker.java:96), org.testng.TestNG.runSuitesSequentially(TestNG.java:1212), org.testng.TestNG.runSuitesLocally(TestNG.java:1134), org.testng.TestNG.runSuites(TestNG.java:1063), org.testng.TestNG.run(TestNG.java:1031), org.testng.remote.AbstractRemoteTestNG.run(AbstractRemoteTestNG.java:115), org.testng.remote.RemoteTestNG.initAndRun(RemoteTestNG.java:251), org.testng.remote.RemoteTestNG.main(RemoteTestNG.java:77)][0m
[DEBUG] 2023-06-02 18:33:36.918 MyListeners:100 - [1;31mScreenshot stored at: D:\ECLIPSE_LATEST\HeroApp1/screenshots/validate_myprofile_with_valid_details_testcase__F_r_i_ _J_u_n_ _0_2_ _1_8___3_3___3_6_ _I_S_T_ _2_0_2_3_.png[0m
[DEBUG] 2023-06-02 18:33:36.926 MyListeners:73 - [1;31mVALIDATE_MYPROFILE_WITH_VALID_DETAILS_TESTCASE - FAILURE[0m
[DEBUG] 2023-06-02 18:33:36.944 MyListeners:40 - [1;30mVALIDATE_SAVING_WITH_BLANK_FULLNAME_FIELD_TESTCASE - STARTS[0m
[DEBUG] 2023-06-02 18:33:36.954 MyListeners:40 - [1;30mVALIDATE_SAVING_WITH_INVALID_EMAIL_FIELD_TESTCASE - STARTS[0m
[DEBUG] 2023-06-02 18:33:36.961 MyListeners:40 - [1;30mVALIDATE_SAVING_WITH_INVALID_DATEOFBIRTH_FIELD_TESTCASE - STARTS[0m
[DEBUG] 2023-06-02 18:33:36.970 MyListeners:40 - [1;30mVALIDATE_SAVING_WITH_INVALID_ADDRESS_FIELD_TESTCASE - STARTS[0m
[DEBUG] 2023-06-02 18:33:36.980 MyListeners:40 - [1;30mVALIDATE_SAVING_WITH_INVALID_PINCODE_FIELD_TESTCASE - STARTS[0m
[DEBUG] 2023-06-02 18:33:38.561 BrowserFactory:68 - Session gets closed
[DEBUG] 2023-06-02 18:33:38.562 BrowserFactory:69 - ++++++++++++++++++++++++++++++++
[INFO ] 2023-06-02 18:42:31.542 Create_Driver_Session:55 - PLATFORM NAME IS --> Android
[INFO ] 2023-06-02 18:42:31.547 Create_Driver_Session:57 - DEVICE NAME IS --> Samsung
[INFO ] 2023-06-02 18:42:31.548 Create_Driver_Session:61 - AUTOMATION NAME IS --> UiAutomator2
[INFO ] 2023-06-02 18:42:31.549 Create_Driver_Session:63 - UDID IS --> RZCT904J89D
[DEBUG] 2023-06-02 18:42:31.551 Create_Driver_Session:73 - Android Real device gets opened
[DEBUG] 2023-06-02 18:42:53.015 BrowserFactory:57 - Application has been reset
[DEBUG] 2023-06-02 18:42:53.034 MyListeners:40 - [1;30mVALIDATE_MYPROFILE_WITH_VALID_DETAILS_TESTCASE - STARTS[0m
[DEBUG] 2023-06-02 18:42:55.195 Generic:178 - Successfully Visibility  ----> Allow
[DEBUG] 2023-06-02 18:42:55.411 Generic:160 - Successfully Clicked  ----> Allow
[DEBUG] 2023-06-02 18:42:56.855 Generic:178 - Successfully Visibility  ----> Enter mobile number
[DEBUG] 2023-06-02 18:42:56.865 Generic:191 - Successfully cleared textbox
[DEBUG] 2023-06-02 18:42:58.234 Generic:178 - Successfully Visibility  ----> Enter mobile number
[DEBUG] 2023-06-02 18:42:58.242 Generic:191 - Successfully cleared textbox
[DEBUG] 2023-06-02 18:42:58.341 Generic:197 - Successfully enter value ----> 6666600011
[DEBUG] 2023-06-02 18:43:00.752 Generic:178 - Successfully Visibility  ----> Continue
[DEBUG] 2023-06-02 18:43:01.039 Generic:160 - Successfully Clicked  ----> Continue
[DEBUG] 2023-06-02 18:43:03.329 Generic:181 - [1;31morg.openqa.selenium.StaleElementReferenceException: The element 'By.id: com.customerapp.hero:id/lbl2' is not linked to the same object in DOM anymore
For documentation on this error, please visit: https://www.seleniumhq.org/exceptions/stale_element_reference.html
Build info: version: '3.141.59', revision: 'e82be7d358', time: '2018-11-14T08:17:03'
System info: host: 'DESKTOP-A2S9SMV', ip: '192.168.0.106', os.name: 'Windows 10', os.arch: 'amd64', os.version: '10.0', java.version: '17.0.6'
Driver info: io.appium.java_client.AppiumDriver
Capabilities {appActivity: com.customerapp.hero.views...., appPackage: com.customerapp.hero, automationName: UiAutomator2, databaseEnabled: false, desired: {appActivity: com.customerapp.hero.views...., appPackage: com.customerapp.hero, automationName: UiAutomator2, deviceName: Samsung, newCommandTimeout: 1200, platformName: android, udid: RZCT904J89D}, deviceApiLevel: 33, deviceManufacturer: samsung, deviceModel: SM-M536B, deviceName: RZCT904J89D, deviceScreenDensity: 450, deviceScreenSize: 1080x2400, deviceUDID: RZCT904J89D, javascriptEnabled: true, locationContextEnabled: false, networkConnectionEnabled: true, newCommandTimeout: 1200, pixelRatio: 2.8125, platform: LINUX, platformName: Android, platformVersion: 13, statBarHeight: 90, takesScreenshot: true, udid: RZCT904J89D, viewportRect: {height: 2085, left: 0, top: 90, width: 1080}, warnings: {}, webStorageEnabled: false}
Session ID: 2aecee34-e2d8-4660-b647-420eb8555843[0m
[DEBUG] 2023-06-02 18:43:03.871 Generic:37 - Actual element --> Verify with OTP
[DEBUG] 2023-06-02 18:43:10.241 Generic:178 - Successfully Visibility  ----> Verify
[DEBUG] 2023-06-02 18:43:11.133 Generic:160 - Successfully Clicked  ----> Verify
[DEBUG] 2023-06-02 18:43:14.840 Generic:178 - Successfully Visibility  ----> book service paid
[DEBUG] 2023-06-02 18:43:15.414 Generic:160 - Successfully Clicked  ----> book service paid
[DEBUG] 2023-06-02 18:43:16.616 Selected_Vehicle_Page_Actions:54 - Book service PAID vin selected
[DEBUG] 2023-06-02 18:43:16.960 Generic:178 - Successfully Visibility  ----> Continue
[DEBUG] 2023-06-02 18:43:17.355 Generic:160 - Successfully Clicked  ----> Continue
[DEBUG] 2023-06-02 18:43:22.393 Generic:178 - Successfully Visibility  ----> Only this time
[DEBUG] 2023-06-02 18:43:22.646 Generic:160 - Successfully Clicked  ----> Only this time
[DEBUG] 2023-06-02 18:43:27.927 Generic:178 - Successfully Visibility  ----> 
[DEBUG] 2023-06-02 18:43:28.089 Generic:160 - Successfully Clicked  ----> 
[DEBUG] 2023-06-02 18:43:29.079 Generic:178 - Successfully Visibility  ----> My Profile
[DEBUG] 2023-06-02 18:43:29.317 Generic:160 - Successfully Clicked  ----> My Profile
[DEBUG] 2023-06-02 18:43:30.697 Generic:178 - Successfully Visibility  ----> Profile Details
[DEBUG] 2023-06-02 18:43:30.751 Generic:37 - Actual element --> Profile Details
[DEBUG] 2023-06-02 18:43:30.944 Generic:178 - Successfully Visibility  ----> More details
[DEBUG] 2023-06-02 18:43:31.153 Generic:160 - Successfully Clicked  ----> More details
[DEBUG] 2023-06-02 18:43:32.028 Generic:178 - Successfully Visibility  ----> Edit Profile Details
[DEBUG] 2023-06-02 18:43:32.298 Generic:160 - Successfully Clicked  ----> Edit Profile Details
[DEBUG] 2023-06-02 18:43:34.306 Generic:178 - Successfully Visibility  ----> Gunjan
[DEBUG] 2023-06-02 18:43:34.313 Generic:191 - Successfully cleared textbox
[DEBUG] 2023-06-02 18:43:35.083 Generic:178 - Successfully Visibility  ----> Full Name
[DEBUG] 2023-06-02 18:43:35.089 Generic:191 - Successfully cleared textbox
[DEBUG] 2023-06-02 18:43:35.172 Generic:197 - Successfully enter value ----> Valid Full Name
[DEBUG] 2023-06-02 18:43:36.947 Generic:178 - Successfully Visibility  ----> Valid Full Name
[DEBUG] 2023-06-02 18:43:36.954 Generic:191 - Successfully cleared textbox
[DEBUG] 2023-06-02 18:43:37.030 Generic:197 - Successfully enter value ----> Valid Email
[DEBUG] 2023-06-02 18:43:38.778 Generic:178 - Successfully Visibility  ----> Valid Email
[DEBUG] 2023-06-02 18:43:38.784 Generic:191 - Successfully cleared textbox
[DEBUG] 2023-06-02 18:43:38.858 Generic:197 - Successfully enter value ----> Valid Pincode
[DEBUG] 2023-06-02 18:43:40.650 Generic:178 - Successfully Visibility  ----> Valid Pincode
[DEBUG] 2023-06-02 18:43:40.657 Generic:191 - Successfully cleared textbox
[DEBUG] 2023-06-02 18:43:40.758 Generic:197 - Successfully enter value ----> Valid DOB
[DEBUG] 2023-06-02 18:43:42.526 Generic:178 - Successfully Visibility  ----> Valid DOB
[DEBUG] 2023-06-02 18:43:42.531 Generic:191 - Successfully cleared textbox
[DEBUG] 2023-06-02 18:43:42.603 Generic:197 - Successfully enter value ----> Valid Address
[DEBUG] 2023-06-02 18:43:44.372 Generic:178 - Successfully Visibility  ----> Valid Address
[DEBUG] 2023-06-02 18:43:44.379 Generic:191 - Successfully cleared textbox
[DEBUG] 2023-06-02 18:43:44.455 Generic:197 - Successfully enter value ----> Gunjan
[DEBUG] 2023-06-02 18:43:46.446 Generic:178 - Successfully Visibility  ----> Female
[DEBUG] 2023-06-02 18:43:46.617 Generic:216 - element is selecting ----> Female
[DEBUG] 2023-06-02 18:43:46.935 Personal_Details_Page_Actions:90 - Female was not selected earlier but now it has been selected
[DEBUG] 2023-06-02 18:43:47.950 Generic:178 - Successfully Visibility  ----> gunjan26926@gmail.com
[DEBUG] 2023-06-02 18:43:47.957 Generic:191 - Successfully cleared textbox
[DEBUG] 2023-06-02 18:43:58.216 Generic:178 - Successfully Visibility  ----> 01 Feb 2001
[DEBUG] 2023-06-02 18:43:58.647 Generic:160 - Successfully Clicked  ----> 01 Feb 2001
[DEBUG] 2023-06-02 18:44:00.116 Generic:178 - Successfully Visibility  ----> 
[DEBUG] 2023-06-02 18:44:00.274 Generic:160 - Successfully Clicked  ----> 
[DEBUG] 2023-06-02 18:44:01.550 Generic:178 - Successfully Visibility  ----> 01/02/01
[DEBUG] 2023-06-02 18:44:01.565 Generic:191 - Successfully cleared textbox
[DEBUG] 2023-06-02 18:44:01.671 Generic:197 - Successfully enter value ----> 1/2/01
[DEBUG] 2023-06-02 18:44:03.837 Generic:178 - Successfully Visibility  ----> OK
[DEBUG] 2023-06-02 18:44:04.007 Generic:160 - Successfully Clicked  ----> OK
[DEBUG] 2023-06-02 18:44:05.100 Generic:178 - Successfully Visibility  ----> Mumbai Colony 1152
[DEBUG] 2023-06-02 18:44:05.107 Generic:191 - Successfully cleared textbox
[DEBUG] 2023-06-02 18:44:05.949 Generic:178 - Successfully Visibility  ----> Street Name
[DEBUG] 2023-06-02 18:44:05.956 Generic:191 - Successfully cleared textbox
[DEBUG] 2023-06-02 18:44:06.051 Generic:197 - Successfully enter value ----> Mumbai Colony 1152
[DEBUG] 2023-06-02 18:44:08.262 Generic:178 - Successfully Visibility  ----> 110091
[DEBUG] 2023-06-02 18:44:08.270 Generic:191 - Successfully cleared textbox
[DEBUG] 2023-06-02 18:44:09.354 Generic:178 - Successfully Visibility  ----> PIN Code
[DEBUG] 2023-06-02 18:44:09.360 Generic:191 - Successfully cleared textbox
[DEBUG] 2023-06-02 18:44:09.476 Generic:197 - Successfully enter value ----> 110091
[DEBUG] 2023-06-02 18:44:11.637 Generic:178 - Successfully Visibility  ----> Save
[DEBUG] 2023-06-02 18:44:11.962 Generic:160 - Successfully Clicked  ----> Save
[DEBUG] 2023-06-02 18:44:13.799 Generic:178 - Successfully Visibility  ----> More details
[DEBUG] 2023-06-02 18:44:14.003 Generic:160 - Successfully Clicked  ----> More details
[DEBUG] 2023-06-02 18:44:14.863 Generic:178 - Successfully Visibility  ----> Mumbai Colony 1152
[DEBUG] 2023-06-02 18:44:14.927 Generic:37 - Actual element --> Mumbai Colony 1152
[DEBUG] 2023-06-02 18:44:19.095 Generic:178 - Successfully Visibility  ----> 
[DEBUG] 2023-06-02 18:44:19.243 Generic:160 - Successfully Clicked  ----> 
[DEBUG] 2023-06-02 18:44:20.196 Generic:178 - Successfully Visibility  ----> Logout
[DEBUG] 2023-06-02 18:44:20.615 Generic:160 - Successfully Clicked  ----> Logout
[DEBUG] 2023-06-02 18:44:24.894 Generic:178 - Successfully Visibility  ----> YES
[DEBUG] 2023-06-02 18:44:25.025 Generic:160 - Successfully Clicked  ----> YES
[INFO ] 2023-06-02 18:46:31.713 Create_Driver_Session:55 - PLATFORM NAME IS --> Android
[INFO ] 2023-06-02 18:46:31.718 Create_Driver_Session:57 - DEVICE NAME IS --> Samsung
[INFO ] 2023-06-02 18:46:31.719 Create_Driver_Session:61 - AUTOMATION NAME IS --> UiAutomator2
[INFO ] 2023-06-02 18:46:31.720 Create_Driver_Session:63 - UDID IS --> RZCT904J89D
[DEBUG] 2023-06-02 18:46:31.721 Create_Driver_Session:73 - Android Real device gets opened
[DEBUG] 2023-06-02 18:46:53.835 BrowserFactory:57 - Application has been reset
[DEBUG] 2023-06-02 18:46:53.858 MyListeners:40 - [1;30mVALIDATE_MYPROFILE_WITH_VALID_DETAILS_TESTCASE - STARTS[0m
[DEBUG] 2023-06-02 18:46:56.007 Generic:178 - Successfully Visibility  ----> Allow
[DEBUG] 2023-06-02 18:46:56.251 Generic:160 - Successfully Clicked  ----> Allow
[DEBUG] 2023-06-02 18:46:57.882 Generic:178 - Successfully Visibility  ----> Enter mobile number
[DEBUG] 2023-06-02 18:46:57.891 Generic:191 - Successfully cleared textbox
[DEBUG] 2023-06-02 18:46:59.053 Generic:178 - Successfully Visibility  ----> Enter mobile number
[DEBUG] 2023-06-02 18:46:59.062 Generic:191 - Successfully cleared textbox
[DEBUG] 2023-06-02 18:46:59.197 Generic:197 - Successfully enter value ----> 6666600011
[DEBUG] 2023-06-02 18:47:01.544 Generic:178 - Successfully Visibility  ----> Continue
[DEBUG] 2023-06-02 18:47:01.835 Generic:160 - Successfully Clicked  ----> Continue
[DEBUG] 2023-06-02 18:47:03.897 Generic:181 - [1;31morg.openqa.selenium.StaleElementReferenceException: The element 'By.id: com.customerapp.hero:id/lbl2' is not linked to the same object in DOM anymore
For documentation on this error, please visit: https://www.seleniumhq.org/exceptions/stale_element_reference.html
Build info: version: '3.141.59', revision: 'e82be7d358', time: '2018-11-14T08:17:03'
System info: host: 'DESKTOP-A2S9SMV', ip: '192.168.0.106', os.name: 'Windows 10', os.arch: 'amd64', os.version: '10.0', java.version: '17.0.6'
Driver info: io.appium.java_client.AppiumDriver
Capabilities {appActivity: com.customerapp.hero.views...., appPackage: com.customerapp.hero, automationName: UiAutomator2, databaseEnabled: false, desired: {appActivity: com.customerapp.hero.views...., appPackage: com.customerapp.hero, automationName: UiAutomator2, deviceName: Samsung, newCommandTimeout: 1200, platformName: android, udid: RZCT904J89D}, deviceApiLevel: 33, deviceManufacturer: samsung, deviceModel: SM-M536B, deviceName: RZCT904J89D, deviceScreenDensity: 450, deviceScreenSize: 1080x2400, deviceUDID: RZCT904J89D, javascriptEnabled: true, locationContextEnabled: false, networkConnectionEnabled: true, newCommandTimeout: 1200, pixelRatio: 2.8125, platform: LINUX, platformName: Android, platformVersion: 13, statBarHeight: 90, takesScreenshot: true, udid: RZCT904J89D, viewportRect: {height: 2085, left: 0, top: 90, width: 1080}, warnings: {}, webStorageEnabled: false}
Session ID: 55dfe537-28e6-41cf-a669-0f8ec2d8668d[0m
[DEBUG] 2023-06-02 18:47:04.484 Generic:37 - Actual element --> Verify with OTP
[DEBUG] 2023-06-02 18:47:10.800 Generic:178 - Successfully Visibility  ----> Verify
[DEBUG] 2023-06-02 18:47:11.648 Generic:160 - Successfully Clicked  ----> Verify
[DEBUG] 2023-06-02 18:47:15.570 Generic:178 - Successfully Visibility  ----> book service paid
[DEBUG] 2023-06-02 18:47:16.165 Generic:160 - Successfully Clicked  ----> book service paid
[DEBUG] 2023-06-02 18:47:16.940 Selected_Vehicle_Page_Actions:54 - Book service PAID vin selected
[DEBUG] 2023-06-02 18:47:17.309 Generic:178 - Successfully Visibility  ----> Continue
[DEBUG] 2023-06-02 18:47:17.706 Generic:160 - Successfully Clicked  ----> Continue
[DEBUG] 2023-06-02 18:47:21.334 Generic:178 - Successfully Visibility  ----> Only this time
[DEBUG] 2023-06-02 18:47:21.592 Generic:160 - Successfully Clicked  ----> Only this time
[DEBUG] 2023-06-02 18:47:26.899 Generic:178 - Successfully Visibility  ----> 
[DEBUG] 2023-06-02 18:47:27.105 Generic:160 - Successfully Clicked  ----> 
[DEBUG] 2023-06-02 18:47:28.152 Generic:178 - Successfully Visibility  ----> My Profile
[DEBUG] 2023-06-02 18:47:28.383 Generic:160 - Successfully Clicked  ----> My Profile
[DEBUG] 2023-06-02 18:47:29.427 Generic:178 - Successfully Visibility  ----> Profile Details
[DEBUG] 2023-06-02 18:47:29.542 Generic:37 - Actual element --> Profile Details
[DEBUG] 2023-06-02 18:47:34.430 Generic:178 - Successfully Visibility  ----> More details
[DEBUG] 2023-06-02 18:47:34.695 Generic:160 - Successfully Clicked  ----> More details
[DEBUG] 2023-06-02 18:47:35.613 Generic:178 - Successfully Visibility  ----> Edit Profile Details
[DEBUG] 2023-06-02 18:47:35.890 Generic:160 - Successfully Clicked  ----> Edit Profile Details
[DEBUG] 2023-06-02 18:47:48.256 Generic:178 - Successfully Visibility  ----> Gunjan
[DEBUG] 2023-06-02 18:47:48.267 Generic:191 - Successfully cleared textbox
[DEBUG] 2023-06-02 18:47:49.043 Generic:178 - Successfully Visibility  ----> Full Name
[DEBUG] 2023-06-02 18:47:49.054 Generic:191 - Successfully cleared textbox
[DEBUG] 2023-06-02 18:47:49.137 Generic:197 - Successfully enter value ----> Gunjan
[DEBUG] 2023-06-02 18:47:50.907 Generic:178 - Successfully Visibility  ----> Gunjan
[DEBUG] 2023-06-02 18:47:50.918 Generic:191 - Successfully cleared textbox
[DEBUG] 2023-06-02 18:47:51.001 Generic:197 - Successfully enter value ----> gunjan007@gmail.com
[DEBUG] 2023-06-02 18:47:52.790 Generic:178 - Successfully Visibility  ----> gunjan007gmailcom
[DEBUG] 2023-06-02 18:47:52.800 Generic:191 - Successfully cleared textbox
[DEBUG] 2023-06-02 18:47:52.881 Generic:197 - Successfully enter value ----> 110091
[DEBUG] 2023-06-02 18:47:54.172 Generic:178 - Successfully Visibility  ----> 110091
[DEBUG] 2023-06-02 18:47:54.184 Generic:191 - Successfully cleared textbox
[DEBUG] 2023-06-02 18:47:54.274 Generic:197 - Successfully enter value ----> 1/2/01
[DEBUG] 2023-06-02 18:47:56.067 Generic:178 - Successfully Visibility  ----> 1201
[DEBUG] 2023-06-02 18:47:56.078 Generic:191 - Successfully cleared textbox
[DEBUG] 2023-06-02 18:47:56.159 Generic:197 - Successfully enter value ----> Mumbai Colony 1152
[INFO ] 2023-06-02 19:02:00.124 Create_Driver_Session:55 - PLATFORM NAME IS --> Android
[INFO ] 2023-06-02 19:02:00.131 Create_Driver_Session:57 - DEVICE NAME IS --> Samsung
[INFO ] 2023-06-02 19:02:00.134 Create_Driver_Session:61 - AUTOMATION NAME IS --> UiAutomator2
[INFO ] 2023-06-02 19:02:00.135 Create_Driver_Session:63 - UDID IS --> RZCT904J89D
[DEBUG] 2023-06-02 19:02:00.136 Create_Driver_Session:73 - Android Real device gets opened
[DEBUG] 2023-06-02 19:02:21.769 BrowserFactory:57 - Application has been reset
[DEBUG] 2023-06-02 19:02:21.798 MyListeners:40 - [1;30mVALIDATE_MYPROFILE_WITH_VALID_DETAILS_TESTCASE - STARTS[0m
[INFO ] 2023-06-02 19:09:49.014 Create_Driver_Session:55 - PLATFORM NAME IS --> Android
[INFO ] 2023-06-02 19:09:49.019 Create_Driver_Session:57 - DEVICE NAME IS --> Samsung
[INFO ] 2023-06-02 19:09:49.020 Create_Driver_Session:61 - AUTOMATION NAME IS --> UiAutomator2
[INFO ] 2023-06-02 19:09:49.021 Create_Driver_Session:63 - UDID IS --> RZCT904J89D
[DEBUG] 2023-06-02 19:09:49.022 Create_Driver_Session:73 - Android Real device gets opened
[DEBUG] 2023-06-02 19:10:10.810 BrowserFactory:57 - Application has been reset
[DEBUG] 2023-06-02 19:10:10.832 MyListeners:40 - [1;30mVALIDATE_MYPROFILE_WITH_VALID_DETAILS_TESTCASE - STARTS[0m
[DEBUG] 2023-06-02 19:10:12.775 Generic:178 - Successfully Visibility  ----> Allow
[DEBUG] 2023-06-02 19:10:13.013 Generic:160 - Successfully Clicked  ----> Allow
[DEBUG] 2023-06-02 19:10:14.029 Generic:178 - Successfully Visibility  ----> Enter mobile number
[DEBUG] 2023-06-02 19:10:14.037 Generic:191 - Successfully cleared textbox
[DEBUG] 2023-06-02 19:10:14.845 Generic:178 - Successfully Visibility  ----> Enter mobile number
[DEBUG] 2023-06-02 19:10:14.853 Generic:191 - Successfully cleared textbox
[DEBUG] 2023-06-02 19:10:14.956 Generic:197 - Successfully enter value ----> 6666600011
[DEBUG] 2023-06-02 19:10:17.857 Generic:178 - Successfully Visibility  ----> Continue
[DEBUG] 2023-06-02 19:10:18.172 Generic:160 - Successfully Clicked  ----> Continue
[DEBUG] 2023-06-02 19:10:20.200 Generic:181 - [1;31morg.openqa.selenium.StaleElementReferenceException: The element 'By.id: com.customerapp.hero:id/lbl2' is not linked to the same object in DOM anymore
For documentation on this error, please visit: https://www.seleniumhq.org/exceptions/stale_element_reference.html
Build info: version: '3.141.59', revision: 'e82be7d358', time: '2018-11-14T08:17:03'
System info: host: 'DESKTOP-A2S9SMV', ip: '192.168.0.106', os.name: 'Windows 10', os.arch: 'amd64', os.version: '10.0', java.version: '17.0.6'
Driver info: io.appium.java_client.AppiumDriver
Capabilities {appActivity: com.customerapp.hero.views...., appPackage: com.customerapp.hero, automationName: UiAutomator2, databaseEnabled: false, desired: {appActivity: com.customerapp.hero.views...., appPackage: com.customerapp.hero, automationName: UiAutomator2, deviceName: Samsung, newCommandTimeout: 1200, platformName: android, udid: RZCT904J89D}, deviceApiLevel: 33, deviceManufacturer: samsung, deviceModel: SM-M536B, deviceName: RZCT904J89D, deviceScreenDensity: 450, deviceScreenSize: 1080x2400, deviceUDID: RZCT904J89D, javascriptEnabled: true, locationContextEnabled: false, networkConnectionEnabled: true, newCommandTimeout: 1200, pixelRatio: 2.8125, platform: LINUX, platformName: Android, platformVersion: 13, statBarHeight: 90, takesScreenshot: true, udid: RZCT904J89D, viewportRect: {height: 2085, left: 0, top: 90, width: 1080}, warnings: {}, webStorageEnabled: false}
Session ID: a610002d-bee0-4421-94e2-e9a78052cac9[0m
[DEBUG] 2023-06-02 19:10:20.760 Generic:37 - Actual element --> Verify with OTP
[DEBUG] 2023-06-02 19:10:28.117 Generic:178 - Successfully Visibility  ----> Verify
[DEBUG] 2023-06-02 19:10:28.940 Generic:160 - Successfully Clicked  ----> Verify
[DEBUG] 2023-06-02 19:10:32.910 Generic:178 - Successfully Visibility  ----> book service paid
[DEBUG] 2023-06-02 19:10:33.428 Generic:160 - Successfully Clicked  ----> book service paid
[DEBUG] 2023-06-02 19:10:34.221 Selected_Vehicle_Page_Actions:54 - Book service PAID vin selected
[DEBUG] 2023-06-02 19:10:34.568 Generic:178 - Successfully Visibility  ----> Continue
[DEBUG] 2023-06-02 19:10:34.915 Generic:160 - Successfully Clicked  ----> Continue
[DEBUG] 2023-06-02 19:10:38.345 Generic:178 - Successfully Visibility  ----> Only this time
[DEBUG] 2023-06-02 19:10:38.589 Generic:160 - Successfully Clicked  ----> Only this time
[DEBUG] 2023-06-02 19:10:47.351 Generic:178 - Successfully Visibility  ----> 
[DEBUG] 2023-06-02 19:10:47.531 Generic:160 - Successfully Clicked  ----> 
[DEBUG] 2023-06-02 19:10:48.496 Generic:178 - Successfully Visibility  ----> My Profile
[DEBUG] 2023-06-02 19:10:48.696 Generic:160 - Successfully Clicked  ----> My Profile
[DEBUG] 2023-06-02 19:10:49.662 Generic:178 - Successfully Visibility  ----> Profile Details
[DEBUG] 2023-06-02 19:10:49.730 Generic:37 - Actual element --> Profile Details
[DEBUG] 2023-06-02 19:10:51.170 Generic:178 - Successfully Visibility  ----> More details
[DEBUG] 2023-06-02 19:10:51.387 Generic:160 - Successfully Clicked  ----> More details
[DEBUG] 2023-06-02 19:10:52.254 Generic:178 - Successfully Visibility  ----> Edit Profile Details
[DEBUG] 2023-06-02 19:10:52.517 Generic:160 - Successfully Clicked  ----> Edit Profile Details
[DEBUG] 2023-06-02 19:10:55.110 Generic:178 - Successfully Visibility  ----> Gunjan
[DEBUG] 2023-06-02 19:10:55.116 Generic:191 - Successfully cleared textbox
[DEBUG] 2023-06-02 19:10:55.201 MyListeners:57 - [1;31m[com.oneapp.basic.ExcelData.hashmapping(ExcelData.java:49), com.oneapp.page_actions.Personal_Details_Page_Actions.fullNameFieldAction(Personal_Details_Page_Actions.java:56), com.oneapp.test_suits.Myprofile_testcases.validate_myprofile_with_valid_details_testcase(Myprofile_testcases.java:40), java.base/jdk.internal.reflect.NativeMethodAccessorImpl.invoke0(Native Method), java.base/jdk.internal.reflect.NativeMethodAccessorImpl.invoke(NativeMethodAccessorImpl.java:77), java.base/jdk.internal.reflect.DelegatingMethodAccessorImpl.invoke(DelegatingMethodAccessorImpl.java:43), java.base/java.lang.reflect.Method.invoke(Method.java:568), org.testng.internal.MethodInvocationHelper.invokeMethod(MethodInvocationHelper.java:133), org.testng.internal.TestInvoker.invokeMethod(TestInvoker.java:598), org.testng.internal.TestInvoker.invokeTestMethod(TestInvoker.java:173), org.testng.internal.MethodRunner.runInSequence(MethodRunner.java:46), org.testng.internal.TestInvoker$MethodInvocationAgent.invoke(TestInvoker.java:824), org.testng.internal.TestInvoker.invokeTestMethods(TestInvoker.java:146), org.testng.internal.TestMethodWorker.invokeTestMethods(TestMethodWorker.java:146), org.testng.internal.TestMethodWorker.run(TestMethodWorker.java:128), java.base/java.util.ArrayList.forEach(ArrayList.java:1511), org.testng.TestRunner.privateRun(TestRunner.java:794), org.testng.TestRunner.run(TestRunner.java:596), org.testng.SuiteRunner.runTest(SuiteRunner.java:377), org.testng.SuiteRunner.runSequentially(SuiteRunner.java:371), org.testng.SuiteRunner.privateRun(SuiteRunner.java:332), org.testng.SuiteRunner.run(SuiteRunner.java:276), org.testng.SuiteRunnerWorker.runSuite(SuiteRunnerWorker.java:53), org.testng.SuiteRunnerWorker.run(SuiteRunnerWorker.java:96), org.testng.TestNG.runSuitesSequentially(TestNG.java:1212), org.testng.TestNG.runSuitesLocally(TestNG.java:1134), org.testng.TestNG.runSuites(TestNG.java:1063), org.testng.TestNG.run(TestNG.java:1031), org.testng.remote.AbstractRemoteTestNG.run(AbstractRemoteTestNG.java:115), org.testng.remote.RemoteTestNG.initAndRun(RemoteTestNG.java:251), org.testng.remote.RemoteTestNG.main(RemoteTestNG.java:77)][0m
[DEBUG] 2023-06-02 19:10:55.700 MyListeners:100 - [1;31mScreenshot stored at: D:\ECLIPSE_LATEST\HeroApp1/screenshots/validate_myprofile_with_valid_details_testcase__F_r_i_ _J_u_n_ _0_2_ _1_9___1_0___5_5_ _I_S_T_ _2_0_2_3_.png[0m
[DEBUG] 2023-06-02 19:10:55.705 MyListeners:73 - [1;31mVALIDATE_MYPROFILE_WITH_VALID_DETAILS_TESTCASE - FAILURE[0m
[DEBUG] 2023-06-02 19:10:55.717 MyListeners:40 - [1;30mVALIDATE_SAVING_WITH_BLANK_FULLNAME_FIELD_TESTCASE - STARTS[0m
[DEBUG] 2023-06-02 19:10:55.722 MyListeners:40 - [1;30mVALIDATE_SAVING_WITH_INVALID_EMAIL_FIELD_TESTCASE - STARTS[0m
[DEBUG] 2023-06-02 19:10:55.727 MyListeners:40 - [1;30mVALIDATE_SAVING_WITH_INVALID_DATEOFBIRTH_FIELD_TESTCASE - STARTS[0m
[DEBUG] 2023-06-02 19:10:55.735 MyListeners:40 - [1;30mVALIDATE_SAVING_WITH_INVALID_ADDRESS_FIELD_TESTCASE - STARTS[0m
[DEBUG] 2023-06-02 19:10:55.758 MyListeners:40 - [1;30mVALIDATE_SAVING_WITH_INVALID_PINCODE_FIELD_TESTCASE - STARTS[0m
[DEBUG] 2023-06-02 19:10:57.718 BrowserFactory:68 - Session gets closed
[DEBUG] 2023-06-02 19:10:57.719 BrowserFactory:69 - ++++++++++++++++++++++++++++++++
[INFO ] 2023-06-02 19:14:36.430 Create_Driver_Session:55 - PLATFORM NAME IS --> Android
[INFO ] 2023-06-02 19:14:36.508 Create_Driver_Session:57 - DEVICE NAME IS --> Samsung
[INFO ] 2023-06-02 19:14:36.509 Create_Driver_Session:61 - AUTOMATION NAME IS --> UiAutomator2
[INFO ] 2023-06-02 19:14:36.511 Create_Driver_Session:63 - UDID IS --> RZCT904J89D
[DEBUG] 2023-06-02 19:14:36.513 Create_Driver_Session:73 - Android Real device gets opened
[DEBUG] 2023-06-02 19:14:57.401 BrowserFactory:57 - Application has been reset
[DEBUG] 2023-06-02 19:14:57.425 MyListeners:40 - [1;30mVALIDATE_MYPROFILE_WITH_VALID_DETAILS_TESTCASE - STARTS[0m
[DEBUG] 2023-06-02 19:14:59.762 Generic:178 - Successfully Visibility  ----> Allow
[DEBUG] 2023-06-02 19:15:00.008 Generic:160 - Successfully Clicked  ----> Allow
[DEBUG] 2023-06-02 19:15:00.965 Generic:178 - Successfully Visibility  ----> Enter mobile number
[DEBUG] 2023-06-02 19:15:00.976 Generic:191 - Successfully cleared textbox
[DEBUG] 2023-06-02 19:15:01.810 Generic:178 - Successfully Visibility  ----> Enter mobile number
[DEBUG] 2023-06-02 19:15:01.817 Generic:191 - Successfully cleared textbox
[DEBUG] 2023-06-02 19:15:01.922 Generic:197 - Successfully enter value ----> 6666600011
[DEBUG] 2023-06-02 19:15:05.106 Generic:178 - Successfully Visibility  ----> Continue
[DEBUG] 2023-06-02 19:15:05.602 Generic:160 - Successfully Clicked  ----> Continue
[DEBUG] 2023-06-02 19:15:07.640 Generic:181 - [1;31morg.openqa.selenium.StaleElementReferenceException: The element 'By.id: com.customerapp.hero:id/lbl2' is not linked to the same object in DOM anymore
For documentation on this error, please visit: https://www.seleniumhq.org/exceptions/stale_element_reference.html
Build info: version: '3.141.59', revision: 'e82be7d358', time: '2018-11-14T08:17:03'
System info: host: 'DESKTOP-A2S9SMV', ip: '192.168.0.106', os.name: 'Windows 10', os.arch: 'amd64', os.version: '10.0', java.version: '17.0.6'
Driver info: io.appium.java_client.AppiumDriver
Capabilities {appActivity: com.customerapp.hero.views...., appPackage: com.customerapp.hero, automationName: UiAutomator2, databaseEnabled: false, desired: {appActivity: com.customerapp.hero.views...., appPackage: com.customerapp.hero, automationName: UiAutomator2, deviceName: Samsung, newCommandTimeout: 1200, platformName: android, udid: RZCT904J89D}, deviceApiLevel: 33, deviceManufacturer: samsung, deviceModel: SM-M536B, deviceName: RZCT904J89D, deviceScreenDensity: 450, deviceScreenSize: 1080x2400, deviceUDID: RZCT904J89D, javascriptEnabled: true, locationContextEnabled: false, networkConnectionEnabled: true, newCommandTimeout: 1200, pixelRatio: 2.8125, platform: LINUX, platformName: Android, platformVersion: 13, statBarHeight: 90, takesScreenshot: true, udid: RZCT904J89D, viewportRect: {height: 2085, left: 0, top: 90, width: 1080}, warnings: {}, webStorageEnabled: false}
Session ID: b49c562d-0fd3-4359-b1c0-64219bcb9429[0m
[DEBUG] 2023-06-02 19:15:08.209 Generic:37 - Actual element --> Verify with OTP
[DEBUG] 2023-06-02 19:15:14.560 Generic:178 - Successfully Visibility  ----> Verify
[DEBUG] 2023-06-02 19:15:15.411 Generic:160 - Successfully Clicked  ----> Verify
[DEBUG] 2023-06-02 19:15:19.668 Generic:178 - Successfully Visibility  ----> book service paid
[DEBUG] 2023-06-02 19:15:20.206 Generic:160 - Successfully Clicked  ----> book service paid
[DEBUG] 2023-06-02 19:15:20.999 Selected_Vehicle_Page_Actions:54 - Book service PAID vin selected
[DEBUG] 2023-06-02 19:15:21.344 Generic:178 - Successfully Visibility  ----> Continue
[DEBUG] 2023-06-02 19:15:21.634 Generic:160 - Successfully Clicked  ----> Continue
[DEBUG] 2023-06-02 19:15:25.097 Generic:178 - Successfully Visibility  ----> Only this time
[DEBUG] 2023-06-02 19:15:25.325 Generic:160 - Successfully Clicked  ----> Only this time
[DEBUG] 2023-06-02 19:15:30.610 Generic:178 - Successfully Visibility  ----> 
[DEBUG] 2023-06-02 19:15:30.785 Generic:160 - Successfully Clicked  ----> 
[DEBUG] 2023-06-02 19:15:31.804 Generic:178 - Successfully Visibility  ----> My Profile
[DEBUG] 2023-06-02 19:15:32.020 Generic:160 - Successfully Clicked  ----> My Profile
[DEBUG] 2023-06-02 19:15:33.468 Generic:178 - Successfully Visibility  ----> Profile Details
[DEBUG] 2023-06-02 19:15:33.531 Generic:37 - Actual element --> Profile Details
[DEBUG] 2023-06-02 19:15:33.729 Generic:178 - Successfully Visibility  ----> More details
[DEBUG] 2023-06-02 19:15:33.924 Generic:160 - Successfully Clicked  ----> More details
[DEBUG] 2023-06-02 19:15:34.884 Generic:178 - Successfully Visibility  ----> Edit Profile Details
[DEBUG] 2023-06-02 19:15:35.148 Generic:160 - Successfully Clicked  ----> Edit Profile Details
[DEBUG] 2023-06-02 19:15:36.893 Generic:178 - Successfully Visibility  ----> Gunjan
[DEBUG] 2023-06-02 19:15:36.902 Generic:191 - Successfully cleared textbox
[DEBUG] 2023-06-02 19:15:37.686 Generic:178 - Successfully Visibility  ----> Full Name
[DEBUG] 2023-06-02 19:15:37.691 Generic:191 - Successfully cleared textbox
[DEBUG] 2023-06-02 19:15:37.758 Generic:197 - Successfully enter value ----> Gunjan
[DEBUG] 2023-06-02 19:15:39.519 Generic:178 - Successfully Visibility  ----> Gunjan
[DEBUG] 2023-06-02 19:15:39.525 Generic:191 - Successfully cleared textbox
[DEBUG] 2023-06-02 19:15:39.597 Generic:197 - Successfully enter value ----> gunjan007@gmail.com
[DEBUG] 2023-06-02 19:15:41.344 Generic:178 - Successfully Visibility  ----> gunjan007gmailcom
[DEBUG] 2023-06-02 19:15:41.350 Generic:191 - Successfully cleared textbox
[DEBUG] 2023-06-02 19:15:41.425 Generic:197 - Successfully enter value ----> 110091
[DEBUG] 2023-06-02 19:15:43.168 Generic:178 - Successfully Visibility  ----> 110091
[DEBUG] 2023-06-02 19:15:43.175 Generic:191 - Successfully cleared textbox
[DEBUG] 2023-06-02 19:15:43.246 Generic:197 - Successfully enter value ----> 1/2/01
[DEBUG] 2023-06-02 19:15:45.026 Generic:178 - Successfully Visibility  ----> 1201
[DEBUG] 2023-06-02 19:15:45.032 Generic:191 - Successfully cleared textbox
[DEBUG] 2023-06-02 19:15:45.102 Generic:197 - Successfully enter value ----> Mumbai Colony 1152
[DEBUG] 2023-06-02 19:15:46.877 Generic:178 - Successfully Visibility  ----> Mumbai Colony 1152
[DEBUG] 2023-06-02 19:15:46.883 Generic:191 - Successfully cleared textbox
[DEBUG] 2023-06-02 19:15:46.958 Generic:197 - Successfully enter value ----> Gunjan
[DEBUG] 2023-06-02 19:15:48.472 Generic:178 - Successfully Visibility  ----> Female
[DEBUG] 2023-06-02 19:15:48.613 Generic:216 - element is selecting ----> Female
[DEBUG] 2023-06-02 19:15:48.922 Personal_Details_Page_Actions:90 - Female was not selected earlier but now it has been selected
[DEBUG] 2023-06-02 19:15:49.774 Generic:178 - Successfully Visibility  ----> gunjan65603@gmail.com
[DEBUG] 2023-06-02 19:15:49.780 Generic:191 - Successfully cleared textbox
[DEBUG] 2023-06-02 19:16:02.416 Generic:178 - Successfully Visibility  ----> 01 Feb 2001
[DEBUG] 2023-06-02 19:16:02.825 Generic:160 - Successfully Clicked  ----> 01 Feb 2001
[DEBUG] 2023-06-02 19:16:08.896 Generic:178 - Successfully Visibility  ----> 
[DEBUG] 2023-06-02 19:16:09.049 Generic:160 - Successfully Clicked  ----> 
[DEBUG] 2023-06-02 19:16:10.333 Generic:178 - Successfully Visibility  ----> 01/02/01
[DEBUG] 2023-06-02 19:16:10.347 Generic:191 - Successfully cleared textbox
[DEBUG] 2023-06-02 19:16:10.451 Generic:197 - Successfully enter value ----> 1/2/01
[DEBUG] 2023-06-02 19:16:14.198 Generic:178 - Successfully Visibility  ----> OK
[DEBUG] 2023-06-02 19:16:14.366 Generic:160 - Successfully Clicked  ----> OK
[DEBUG] 2023-06-02 19:16:15.441 Generic:178 - Successfully Visibility  ----> Mumbai Colony 1152
[DEBUG] 2023-06-02 19:16:15.447 Generic:191 - Successfully cleared textbox
[DEBUG] 2023-06-02 19:16:17.077 Generic:178 - Successfully Visibility  ----> Street Name
[DEBUG] 2023-06-02 19:16:17.083 Generic:191 - Successfully cleared textbox
[DEBUG] 2023-06-02 19:16:17.155 Generic:197 - Successfully enter value ----> Mumbai Colony 1152
[DEBUG] 2023-06-02 19:16:20.592 Generic:178 - Successfully Visibility  ----> 110091
[DEBUG] 2023-06-02 19:16:20.599 Generic:191 - Successfully cleared textbox
[DEBUG] 2023-06-02 19:16:21.940 Generic:178 - Successfully Visibility  ----> PIN Code
[DEBUG] 2023-06-02 19:16:21.946 Generic:191 - Successfully cleared textbox
[DEBUG] 2023-06-02 19:16:22.111 Generic:197 - Successfully enter value ----> 110091
[DEBUG] 2023-06-02 19:16:27.838 Generic:178 - Successfully Visibility  ----> Save
[DEBUG] 2023-06-02 19:16:28.200 Generic:160 - Successfully Clicked  ----> Save
[DEBUG] 2023-06-02 19:16:31.777 Generic:178 - Successfully Visibility  ----> More details
[DEBUG] 2023-06-02 19:16:31.944 Generic:160 - Successfully Clicked  ----> More details
[DEBUG] 2023-06-02 19:16:33.290 Generic:178 - Successfully Visibility  ----> Mumbai Colony 1152
[DEBUG] 2023-06-02 19:16:33.366 Generic:37 - Actual element --> Mumbai Colony 1152
[DEBUG] 2023-06-02 19:16:37.526 Generic:178 - Successfully Visibility  ----> 
[DEBUG] 2023-06-02 19:16:37.702 Generic:160 - Successfully Clicked  ----> 
[DEBUG] 2023-06-02 19:16:38.574 Generic:178 - Successfully Visibility  ----> Logout
[DEBUG] 2023-06-02 19:16:38.780 Generic:160 - Successfully Clicked  ----> Logout
[DEBUG] 2023-06-02 19:16:43.154 Generic:178 - Successfully Visibility  ----> YES
[DEBUG] 2023-06-02 19:16:43.346 Generic:160 - Successfully Clicked  ----> YES
[INFO ] 2023-06-02 19:19:37.828 Create_Driver_Session:55 - PLATFORM NAME IS --> Android
[INFO ] 2023-06-02 19:19:37.833 Create_Driver_Session:57 - DEVICE NAME IS --> Samsung
[INFO ] 2023-06-02 19:19:37.834 Create_Driver_Session:61 - AUTOMATION NAME IS --> UiAutomator2
[INFO ] 2023-06-02 19:19:37.835 Create_Driver_Session:63 - UDID IS --> RZCT904J89D
[DEBUG] 2023-06-02 19:19:37.837 Create_Driver_Session:73 - Android Real device gets opened
[DEBUG] 2023-06-02 19:19:59.511 BrowserFactory:57 - Application has been reset
[DEBUG] 2023-06-02 19:19:59.532 MyListeners:40 - [1;30mVALIDATE_MYPROFILE_WITH_VALID_DETAILS_TESTCASE - STARTS[0m
[DEBUG] 2023-06-02 19:20:01.618 Generic:178 - Successfully Visibility  ----> Allow
[DEBUG] 2023-06-02 19:20:01.902 Generic:160 - Successfully Clicked  ----> Allow
[DEBUG] 2023-06-02 19:20:02.902 Generic:178 - Successfully Visibility  ----> Enter mobile number
[DEBUG] 2023-06-02 19:20:02.909 Generic:191 - Successfully cleared textbox
[DEBUG] 2023-06-02 19:20:03.759 Generic:178 - Successfully Visibility  ----> Enter mobile number
[DEBUG] 2023-06-02 19:20:03.766 Generic:191 - Successfully cleared textbox
[DEBUG] 2023-06-02 19:20:03.866 Generic:197 - Successfully enter value ----> 6666600011
[DEBUG] 2023-06-02 19:20:06.701 Generic:178 - Successfully Visibility  ----> Continue
[DEBUG] 2023-06-02 19:20:07.022 Generic:160 - Successfully Clicked  ----> Continue
[DEBUG] 2023-06-02 19:20:09.080 Generic:181 - [1;31morg.openqa.selenium.StaleElementReferenceException: The element 'By.id: com.customerapp.hero:id/lbl2' is not linked to the same object in DOM anymore
For documentation on this error, please visit: https://www.seleniumhq.org/exceptions/stale_element_reference.html
Build info: version: '3.141.59', revision: 'e82be7d358', time: '2018-11-14T08:17:03'
System info: host: 'DESKTOP-A2S9SMV', ip: '192.168.0.106', os.name: 'Windows 10', os.arch: 'amd64', os.version: '10.0', java.version: '17.0.6'
Driver info: io.appium.java_client.AppiumDriver
Capabilities {appActivity: com.customerapp.hero.views...., appPackage: com.customerapp.hero, automationName: UiAutomator2, databaseEnabled: false, desired: {appActivity: com.customerapp.hero.views...., appPackage: com.customerapp.hero, automationName: UiAutomator2, deviceName: Samsung, newCommandTimeout: 1200, platformName: android, udid: RZCT904J89D}, deviceApiLevel: 33, deviceManufacturer: samsung, deviceModel: SM-M536B, deviceName: RZCT904J89D, deviceScreenDensity: 450, deviceScreenSize: 1080x2400, deviceUDID: RZCT904J89D, javascriptEnabled: true, locationContextEnabled: false, networkConnectionEnabled: true, newCommandTimeout: 1200, pixelRatio: 2.8125, platform: LINUX, platformName: Android, platformVersion: 13, statBarHeight: 90, takesScreenshot: true, udid: RZCT904J89D, viewportRect: {height: 2085, left: 0, top: 90, width: 1080}, warnings: {}, webStorageEnabled: false}
Session ID: 2bb72058-e469-4e45-a196-a891ad175974[0m
[DEBUG] 2023-06-02 19:20:09.673 Generic:37 - Actual element --> Verify with OTP
[DEBUG] 2023-06-02 19:20:16.017 Generic:178 - Successfully Visibility  ----> Verify
[DEBUG] 2023-06-02 19:20:16.781 Generic:160 - Successfully Clicked  ----> Verify
[DEBUG] 2023-06-02 19:20:21.073 Generic:178 - Successfully Visibility  ----> book service paid
[DEBUG] 2023-06-02 19:20:21.535 Generic:160 - Successfully Clicked  ----> book service paid
[DEBUG] 2023-06-02 19:20:22.695 Selected_Vehicle_Page_Actions:54 - Book service PAID vin selected
[DEBUG] 2023-06-02 19:20:23.063 Generic:178 - Successfully Visibility  ----> Continue
[DEBUG] 2023-06-02 19:20:23.402 Generic:160 - Successfully Clicked  ----> Continue
[DEBUG] 2023-06-02 19:20:27.016 Generic:178 - Successfully Visibility  ----> Only this time
[DEBUG] 2023-06-02 19:20:27.254 Generic:160 - Successfully Clicked  ----> Only this time
[DEBUG] 2023-06-02 19:20:32.538 Generic:178 - Successfully Visibility  ----> 
[DEBUG] 2023-06-02 19:20:32.704 Generic:160 - Successfully Clicked  ----> 
[DEBUG] 2023-06-02 19:20:33.659 Generic:178 - Successfully Visibility  ----> My Profile
[DEBUG] 2023-06-02 19:20:33.866 Generic:160 - Successfully Clicked  ----> My Profile
[DEBUG] 2023-06-02 19:20:35.351 Generic:178 - Successfully Visibility  ----> Profile Details
[DEBUG] 2023-06-02 19:20:35.419 Generic:37 - Actual element --> Profile Details
[DEBUG] 2023-06-02 19:20:35.662 Generic:178 - Successfully Visibility  ----> More details
[DEBUG] 2023-06-02 19:20:35.871 Generic:160 - Successfully Clicked  ----> More details
[DEBUG] 2023-06-02 19:20:36.767 Generic:178 - Successfully Visibility  ----> Edit Profile Details
[DEBUG] 2023-06-02 19:20:37.044 Generic:160 - Successfully Clicked  ----> Edit Profile Details
[DEBUG] 2023-06-02 19:20:38.857 Generic:178 - Successfully Visibility  ----> Gunjan
[DEBUG] 2023-06-02 19:20:38.864 Generic:191 - Successfully cleared textbox
[DEBUG] 2023-06-02 19:20:39.604 Generic:178 - Successfully Visibility  ----> Full Name
[DEBUG] 2023-06-02 19:20:39.611 Generic:191 - Successfully cleared textbox
[DEBUG] 2023-06-02 19:20:39.684 Generic:197 - Successfully enter value ----> Gunjan
[DEBUG] 2023-06-02 19:20:40.966 Generic:178 - Successfully Visibility  ----> Gunjan
[DEBUG] 2023-06-02 19:20:40.973 Generic:191 - Successfully cleared textbox
[DEBUG] 2023-06-02 19:20:41.063 Generic:197 - Successfully enter value ----> gunjan007@gmail.com
[DEBUG] 2023-06-02 19:20:42.821 Generic:178 - Successfully Visibility  ----> gunjan007gmailcom
[DEBUG] 2023-06-02 19:20:42.828 Generic:191 - Successfully cleared textbox
[DEBUG] 2023-06-02 19:20:42.910 Generic:197 - Successfully enter value ----> 110091
[DEBUG] 2023-06-02 19:20:44.674 Generic:178 - Successfully Visibility  ----> 110091
[DEBUG] 2023-06-02 19:20:44.680 Generic:191 - Successfully cleared textbox
[DEBUG] 2023-06-02 19:20:44.760 Generic:197 - Successfully enter value ----> KK
[DEBUG] 2023-06-02 19:20:46.518 Generic:178 - Successfully Visibility  ----> KK
[DEBUG] 2023-06-02 19:20:46.525 Generic:191 - Successfully cleared textbox
[DEBUG] 2023-06-02 19:20:46.603 Generic:197 - Successfully enter value ----> 1/2/01
[DEBUG] 2023-06-02 19:20:48.352 Generic:178 - Successfully Visibility  ----> 1201
[DEBUG] 2023-06-02 19:20:48.359 Generic:191 - Successfully cleared textbox
[DEBUG] 2023-06-02 19:20:48.435 Generic:197 - Successfully enter value ----> Mumbai Colony 1152
