[DEBUG] 2024-03-09 11:57:39.438 BaseClass:236 - Starting the Appium Service....
2024-03-09 11:57:39.430
--------------------------------------------------------------
[DEBUG] 2024-03-09 11:58:53.195 BaseClass:212 - 34f6270d-f775-4dda-93a5-ceb8b8335c7c
[DEBUG] 2024-03-09 11:58:53.224 MyListeners:39 - [1;30mTC901_VALIDATEVALIDREFERTOFRIEND - STARTS[0m
[DEBUG] 2024-03-09 11:59:02.530 Generic:209 - Successfully Visibility  ----> Registered mobile number
[DEBUG] 2024-03-09 11:59:02.610 Generic:136 - Successfully cleared textbox
[DEBUG] 2024-03-09 11:59:05.098 Generic:209 - Successfully Visibility  ----> Registered mobile number
[DEBUG] 2024-03-09 11:59:05.175 Generic:136 - Successfully cleared textbox
[DEBUG] 2024-03-09 11:59:06.003 Generic:198 - Successfully enter value ----> 8800996677
[DEBUG] 2024-03-09 11:59:10.496 Generic:209 - Successfully Visibility  ----> Continue
[DEBUG] 2024-03-09 11:59:12.457 Generic:123 - Successfully Clicked  ----> Continue
[DEBUG] 2024-03-09 11:59:17.678 Generic:209 - Successfully Visibility  ----> Verify with OTP
[DEBUG] 2024-03-09 11:59:28.118 Generic:209 - Successfully Visibility  ----> Verify
[DEBUG] 2024-03-09 11:59:30.731 Generic:123 - Successfully Clicked  ----> Verify
[DEBUG] 2024-03-09 11:59:52.434 MyListeners:62 - [1;31morg.openqa.selenium.NoSuchElementException: An element could not be located on the page using the given search parameters.
For documentation on this error, please visit: https://www.seleniumhq.org/exceptions/no_such_element.html
Build info: version: '3.141.59', revision: 'e82be7d358', time: '2018-11-14T08:17:03'
System info: host: 'DESKTOP-A2S9SMV', ip: '172.26.176.1', os.name: 'Windows 10', os.arch: 'amd64', os.version: '10.0', java.version: '17.0.9'
Driver info: io.appium.java_client.android.AndroidDriver
Capabilities {app: /opt/raid-data/data/userV2/..., appActivity: com.customerapp.hero.views...., appPackage: com.customerapp.hero, autoGrantPermissions: true, automationName: uiautomator2, build: Android latest APK - 9.0.5, databaseEnabled: false, desired: {app: /opt/raid-data/data/userV2/..., appActivity: com.customerapp.hero.views...., appPackage: com.customerapp.hero, autoGrantPermissions: true, automationName: uiautomator2, build: Android latest APK - 9.0.5, deviceName: 822, launchTimeout: 90000, name: Invalid login, newCommandTimeout: 600, pCloudy_ApiKey: 2gdc5pv55mh54mqtwmvj4xbr, pCloudy_ApplicationName: app-debug.apk, pCloudy_DeviceFullName: SAMSUNG_GalaxyF145G_Android..., pCloudy_DurationInMinutes: 10, pCloudy_EnableDeviceLogs: false, pCloudy_EnablePerformanceData: false, pCloudy_EnableVideo: false, pCloudy_Username: randhir.kumar@heromotocorp.com, pCloudy_WildNet: false, platformName: android, platformVersion: 12.0.0, project: Hero app, systemPort: 31714, tag: newtag}, deviceApiLevel: 33, deviceManufacturer: samsung, deviceModel: SM-E146B, deviceName: RZCW70FA9VD, deviceScreenDensity: 450, deviceScreenSize: 1080x2408, deviceUDID: RZCW70FA9VD, javascriptEnabled: true, launchTimeout: 90000, locationContextEnabled: false, name: Invalid login, networkConnectionEnabled: true, newCommandTimeout: 600, pCloudy_ApiKey: 2gdc5pv55mh54mqtwmvj4xbr, pCloudy_ApplicationName: app-debug.apk, pCloudy_DeviceFullName: SAMSUNG_GalaxyF145G_Android..., pCloudy_DurationInMinutes: 10, pCloudy_EnableDeviceLogs: false, pCloudy_EnablePerformanceData: false, pCloudy_EnableVideo: false, pCloudy_Username: randhir.kumar@heromotocorp.com, pCloudy_WildNet: false, pixelRatio: 2.8125, platform: LINUX, platformName: Android, platformVersion: 13, project: Hero app, statBarHeight: 64, systemPort: 31714, tag: newtag, takesScreenshot: true, viewportRect: {height: 2144, left: 0, top: 64, width: 1080}, warnings: {}, webStorageEnabled: false}
Session ID: 34f6270d-f775-4dda-93a5-ceb8b8335c7c
*** Element info: {Using=xpath, value=//*[@text='book service paid']}[0m
[DEBUG] 2024-03-09 11:59:53.440 MyListeners:78 - [1;31mTC901_VALIDATEVALIDREFERTOFRIEND - FAILURE[0m
[DEBUG] 2024-03-09 11:59:53.443 MyListeners:39 - [1;30mTC901_VALIDATEVALIDREFERTOFRIEND - STARTS[0m
[DEBUG] 2024-03-09 12:00:34.675 Generic:213 - [1;31morg.openqa.selenium.TimeoutException: Expected condition failed: waiting for visibility of Proxy element for: DefaultElementLocator 'By.id: com.customerapp.hero:id/text_input_editext' (tried for 20 second(s) with 500 milliseconds interval)[0m
[DEBUG] 2024-03-09 12:00:34.751 Generic:136 - Successfully cleared textbox
[DEBUG] 2024-03-09 12:00:55.527 MyListeners:62 - [1;31morg.openqa.selenium.NoSuchElementException: An element could not be located on the page using the given search parameters.
For documentation on this error, please visit: https://www.seleniumhq.org/exceptions/no_such_element.html
Build info: version: '3.141.59', revision: 'e82be7d358', time: '2018-11-14T08:17:03'
System info: host: 'DESKTOP-A2S9SMV', ip: '172.26.176.1', os.name: 'Windows 10', os.arch: 'amd64', os.version: '10.0', java.version: '17.0.9'
Driver info: io.appium.java_client.android.AndroidDriver
Capabilities {app: /opt/raid-data/data/userV2/..., appActivity: com.customerapp.hero.views...., appPackage: com.customerapp.hero, autoGrantPermissions: true, automationName: uiautomator2, build: Android latest APK - 9.0.5, databaseEnabled: false, desired: {app: /opt/raid-data/data/userV2/..., appActivity: com.customerapp.hero.views...., appPackage: com.customerapp.hero, autoGrantPermissions: true, automationName: uiautomator2, build: Android latest APK - 9.0.5, deviceName: 822, launchTimeout: 90000, name: Invalid login, newCommandTimeout: 600, pCloudy_ApiKey: 2gdc5pv55mh54mqtwmvj4xbr, pCloudy_ApplicationName: app-debug.apk, pCloudy_DeviceFullName: SAMSUNG_GalaxyF145G_Android..., pCloudy_DurationInMinutes: 10, pCloudy_EnableDeviceLogs: false, pCloudy_EnablePerformanceData: false, pCloudy_EnableVideo: false, pCloudy_Username: randhir.kumar@heromotocorp.com, pCloudy_WildNet: false, platformName: android, platformVersion: 12.0.0, project: Hero app, systemPort: 31714, tag: newtag}, deviceApiLevel: 33, deviceManufacturer: samsung, deviceModel: SM-E146B, deviceName: RZCW70FA9VD, deviceScreenDensity: 450, deviceScreenSize: 1080x2408, deviceUDID: RZCW70FA9VD, javascriptEnabled: true, launchTimeout: 90000, locationContextEnabled: false, name: Invalid login, networkConnectionEnabled: true, newCommandTimeout: 600, pCloudy_ApiKey: 2gdc5pv55mh54mqtwmvj4xbr, pCloudy_ApplicationName: app-debug.apk, pCloudy_DeviceFullName: SAMSUNG_GalaxyF145G_Android..., pCloudy_DurationInMinutes: 10, pCloudy_EnableDeviceLogs: false, pCloudy_EnablePerformanceData: false, pCloudy_EnableVideo: false, pCloudy_Username: randhir.kumar@heromotocorp.com, pCloudy_WildNet: false, pixelRatio: 2.8125, platform: LINUX, platformName: Android, platformVersion: 13, project: Hero app, statBarHeight: 64, systemPort: 31714, tag: newtag, takesScreenshot: true, viewportRect: {height: 2144, left: 0, top: 64, width: 1080}, warnings: {}, webStorageEnabled: false}
Session ID: 34f6270d-f775-4dda-93a5-ceb8b8335c7c
*** Element info: {Using=id, value=com.customerapp.hero:id/text_input_editext}[0m
[DEBUG] 2024-03-09 12:00:56.335 MyListeners:78 - [1;31mTC901_VALIDATEVALIDREFERTOFRIEND - FAILURE[0m
[DEBUG] 2024-03-09 12:00:56.337 MyListeners:39 - [1;30mTC901_VALIDATEVALIDREFERTOFRIEND - STARTS[0m
[DEBUG] 2024-03-09 12:01:37.449 Generic:213 - [1;31morg.openqa.selenium.TimeoutException: Expected condition failed: waiting for visibility of Proxy element for: DefaultElementLocator 'By.id: com.customerapp.hero:id/text_input_editext' (tried for 20 second(s) with 500 milliseconds interval)[0m
[DEBUG] 2024-03-09 12:01:37.522 Generic:136 - Successfully cleared textbox
[DEBUG] 2024-03-09 12:01:57.829 MyListeners:62 - [1;31morg.openqa.selenium.NoSuchElementException: An element could not be located on the page using the given search parameters.
For documentation on this error, please visit: https://www.seleniumhq.org/exceptions/no_such_element.html
Build info: version: '3.141.59', revision: 'e82be7d358', time: '2018-11-14T08:17:03'
System info: host: 'DESKTOP-A2S9SMV', ip: '172.26.176.1', os.name: 'Windows 10', os.arch: 'amd64', os.version: '10.0', java.version: '17.0.9'
Driver info: io.appium.java_client.android.AndroidDriver
Capabilities {app: /opt/raid-data/data/userV2/..., appActivity: com.customerapp.hero.views...., appPackage: com.customerapp.hero, autoGrantPermissions: true, automationName: uiautomator2, build: Android latest APK - 9.0.5, databaseEnabled: false, desired: {app: /opt/raid-data/data/userV2/..., appActivity: com.customerapp.hero.views...., appPackage: com.customerapp.hero, autoGrantPermissions: true, automationName: uiautomator2, build: Android latest APK - 9.0.5, deviceName: 822, launchTimeout: 90000, name: Invalid login, newCommandTimeout: 600, pCloudy_ApiKey: 2gdc5pv55mh54mqtwmvj4xbr, pCloudy_ApplicationName: app-debug.apk, pCloudy_DeviceFullName: SAMSUNG_GalaxyF145G_Android..., pCloudy_DurationInMinutes: 10, pCloudy_EnableDeviceLogs: false, pCloudy_EnablePerformanceData: false, pCloudy_EnableVideo: false, pCloudy_Username: randhir.kumar@heromotocorp.com, pCloudy_WildNet: false, platformName: android, platformVersion: 12.0.0, project: Hero app, systemPort: 31714, tag: newtag}, deviceApiLevel: 33, deviceManufacturer: samsung, deviceModel: SM-E146B, deviceName: RZCW70FA9VD, deviceScreenDensity: 450, deviceScreenSize: 1080x2408, deviceUDID: RZCW70FA9VD, javascriptEnabled: true, launchTimeout: 90000, locationContextEnabled: false, name: Invalid login, networkConnectionEnabled: true, newCommandTimeout: 600, pCloudy_ApiKey: 2gdc5pv55mh54mqtwmvj4xbr, pCloudy_ApplicationName: app-debug.apk, pCloudy_DeviceFullName: SAMSUNG_GalaxyF145G_Android..., pCloudy_DurationInMinutes: 10, pCloudy_EnableDeviceLogs: false, pCloudy_EnablePerformanceData: false, pCloudy_EnableVideo: false, pCloudy_Username: randhir.kumar@heromotocorp.com, pCloudy_WildNet: false, pixelRatio: 2.8125, platform: LINUX, platformName: Android, platformVersion: 13, project: Hero app, statBarHeight: 64, systemPort: 31714, tag: newtag, takesScreenshot: true, viewportRect: {height: 2144, left: 0, top: 64, width: 1080}, warnings: {}, webStorageEnabled: false}
Session ID: 34f6270d-f775-4dda-93a5-ceb8b8335c7c
*** Element info: {Using=id, value=com.customerapp.hero:id/text_input_editext}[0m
[DEBUG] 2024-03-09 12:01:58.571 MyListeners:78 - [1;31mTC901_VALIDATEVALIDREFERTOFRIEND - FAILURE[0m
[DEBUG] 2024-03-09 12:01:59.210 BaseClass:226 - ++++++++++++++++++++++++++++++++
[DEBUG] 2024-03-09 12:02:00.442 BaseClass:251 - 
----------------------------------------
Stopping the Appium Server.....
2024-03-09 12:02:00.441
