[DEBUG] 2023-12-12 13:16:06.299 BaseClass:276 - Starting the Appium Service....
2023-12-12 13:16:06.085
--------------------------------------------------------------
[INFO ] 2023-12-12 13:16:16.521 BaseClass:190 - PLATFORM NAME IS --> Android
[INFO ] 2023-12-12 13:16:16.527 BaseClass:192 - DEVICE NAME IS --> Pixel 3
[INFO ] 2023-12-12 13:16:16.531 BaseClass:194 - AUTOMATION NAME IS --> UiAutomator2
[INFO ] 2023-12-12 13:16:16.535 BaseClass:196 - UDID IS --> emulator-5554
[INFO ] 2023-12-12 13:16:16.545 BaseClass:210 - Android Real device gets opened
[DEBUG] 2023-12-12 13:16:44.183 BaseClass:252 - 670db0f8-0bf4-4e68-989e-f7f8cd1aa39a
[DEBUG] 2023-12-12 13:16:44.277 MyListeners:39 - [1;30mTC101_VALIDOTPTESTCASE - STARTS[0m
[DEBUG] 2023-12-12 13:16:44.434 MyListeners:59 - [1;31m[java.base/jdk.internal.reflect.UnsafeFieldAccessorImpl.throwSetIllegalArgumentException(UnsafeFieldAccessorImpl.java:167), java.base/jdk.internal.reflect.UnsafeFieldAccessorImpl.throwSetIllegalArgumentException(UnsafeFieldAccessorImpl.java:171), java.base/jdk.internal.reflect.UnsafeObjectFieldAccessorImpl.set(UnsafeObjectFieldAccessorImpl.java:81), java.base/java.lang.reflect.Field.set(Field.java:799), org.openqa.selenium.support.PageFactory.proxyFields(PageFactory.java:117), org.openqa.selenium.support.PageFactory.initElements(PageFactory.java:105), org.openqa.selenium.support.PageFactory.initElements(PageFactory.java:92), org.openqa.selenium.support.PageFactory.initElements(PageFactory.java:79), com.oneapp.pageobjects.CommonElements_Page_object.<init>(CommonElements_Page_object.java:93), com.oneapp.test_suits.OtpTestCases.TC101_ValidOtpTestcase(OtpTestCases.java:43), java.base/jdk.internal.reflect.NativeMethodAccessorImpl.invoke0(Native Method), java.base/jdk.internal.reflect.NativeMethodAccessorImpl.invoke(NativeMethodAccessorImpl.java:77), java.base/jdk.internal.reflect.DelegatingMethodAccessorImpl.invoke(DelegatingMethodAccessorImpl.java:43), java.base/java.lang.reflect.Method.invoke(Method.java:568), org.testng.internal.MethodInvocationHelper.invokeMethod(MethodInvocationHelper.java:133), org.testng.internal.TestInvoker.invokeMethod(TestInvoker.java:598), org.testng.internal.TestInvoker.invokeTestMethod(TestInvoker.java:173), org.testng.internal.MethodRunner.runInSequence(MethodRunner.java:46), org.testng.internal.TestInvoker$MethodInvocationAgent.invoke(TestInvoker.java:824), org.testng.internal.TestInvoker.invokeTestMethods(TestInvoker.java:146), org.testng.internal.TestMethodWorker.invokeTestMethods(TestMethodWorker.java:146), org.testng.internal.TestMethodWorker.run(TestMethodWorker.java:128), java.base/java.util.ArrayList.forEach(ArrayList.java:1511), org.testng.TestRunner.privateRun(TestRunner.java:794), org.testng.TestRunner.run(TestRunner.java:596), org.testng.SuiteRunner.runTest(SuiteRunner.java:377), org.testng.SuiteRunner.runSequentially(SuiteRunner.java:371), org.testng.SuiteRunner.privateRun(SuiteRunner.java:332), org.testng.SuiteRunner.run(SuiteRunner.java:276), org.testng.SuiteRunnerWorker.runSuite(SuiteRunnerWorker.java:53), org.testng.SuiteRunnerWorker.run(SuiteRunnerWorker.java:96), org.testng.TestNG.runSuitesSequentially(TestNG.java:1212), org.testng.TestNG.runSuitesLocally(TestNG.java:1134), org.testng.TestNG.runSuites(TestNG.java:1063), org.testng.TestNG.run(TestNG.java:1031), org.testng.remote.AbstractRemoteTestNG.run(AbstractRemoteTestNG.java:115), org.testng.remote.RemoteTestNG.initAndRun(RemoteTestNG.java:251), org.testng.remote.RemoteTestNG.main(RemoteTestNG.java:77)][0m
[DEBUG] 2023-12-12 13:16:45.481 MyListeners:103 - [1;31mScreenshot stored at: D:\My\HeroApp1Copy/screenshots/TC101_ValidOtpTestcase__T_u_e_ _D_e_c_ _1_2_ _1_3___1_6___4_4_ _I_S_T_ _2_0_2_3_.png[0m
[DEBUG] 2023-12-12 13:16:45.489 MyListeners:75 - [1;31mTC101_VALIDOTPTESTCASE - FAILURE[0m
[DEBUG] 2023-12-12 13:16:46.718 BaseClass:265 - Session gets closed
[DEBUG] 2023-12-12 13:16:46.721 BaseClass:266 - ++++++++++++++++++++++++++++++++
[DEBUG] 2023-12-12 13:17:50.700 BaseClass:276 - Starting the Appium Service....
2023-12-12 13:17:50.693
--------------------------------------------------------------
[INFO ] 2023-12-12 13:18:00.799 BaseClass:190 - PLATFORM NAME IS --> Android
[INFO ] 2023-12-12 13:18:00.804 BaseClass:192 - DEVICE NAME IS --> Pixel 3
[INFO ] 2023-12-12 13:18:00.810 BaseClass:194 - AUTOMATION NAME IS --> UiAutomator2
[INFO ] 2023-12-12 13:18:00.816 BaseClass:196 - UDID IS --> emulator-5554
[INFO ] 2023-12-12 13:18:00.821 BaseClass:210 - Android Real device gets opened
[DEBUG] 2023-12-12 13:18:20.869 BaseClass:252 - 19aa84e2-894c-4bca-b6a0-f78fddd6b762
[DEBUG] 2023-12-12 13:18:20.943 MyListeners:39 - [1;30mTC101_VALIDOTPTESTCASE - STARTS[0m
[DEBUG] 2023-12-12 13:18:36.209 Generic:231 - [1;31morg.openqa.selenium.TimeoutException: Expected condition failed: waiting for visibility of Proxy element for: DefaultElementLocator 'by id or name "chooseAPhoneNumber"' (tried for 15 second(s) with 500 milliseconds interval)[0m
[DEBUG] 2023-12-12 13:19:07.465 Generic:228 - Successfully Visibility  ----> You can choose a phone number that's assigned to your phone, and Google will share it only with this app.
[DEBUG] 2023-12-12 13:19:08.151 Generic:228 - Successfully Visibility  ----> (555) 123-4567
[DEBUG] 2023-12-12 13:19:17.134 Generic:228 - Successfully Visibility  ----> Enter mobile number
[DEBUG] 2023-12-12 13:19:17.158 Generic:162 - Successfully cleared textbox
[DEBUG] 2023-12-12 13:19:17.994 Generic:228 - Successfully Visibility  ----> Enter mobile number
[DEBUG] 2023-12-12 13:19:18.003 Generic:162 - Successfully cleared textbox
[DEBUG] 2023-12-12 13:19:18.730 Generic:217 - Successfully enter value ----> 6666600022
[DEBUG] 2023-12-12 13:19:21.095 Generic:228 - Successfully Visibility  ----> Continue
[DEBUG] 2023-12-12 13:19:21.483 Generic:149 - Successfully Clicked  ----> Continue
[DEBUG] 2023-12-12 13:19:26.205 Generic:228 - Successfully Visibility  ----> Verify with OTP
[DEBUG] 2023-12-12 13:19:35.979 Generic:228 - Successfully Visibility  ----> Verify
[DEBUG] 2023-12-12 13:19:36.351 Generic:149 - Successfully Clicked  ----> Verify
[DEBUG] 2023-12-12 13:19:44.842 Generic:228 - Successfully Visibility  ----> book service paid
[DEBUG] 2023-12-12 13:19:45.484 Generic:149 - Successfully Clicked  ----> book service paid
[DEBUG] 2023-12-12 13:19:46.891 Generic:228 - Successfully Visibility  ----> Continue
[DEBUG] 2023-12-12 13:19:47.276 Generic:149 - Successfully Clicked  ----> Continue
[DEBUG] 2023-12-12 13:19:55.577 Generic:228 - Successfully Visibility  ----> Only this time
[DEBUG] 2023-12-12 13:19:56.323 Generic:149 - Successfully Clicked  ----> Only this time
[DEBUG] 2023-12-12 13:19:59.239 Generic:228 - Successfully Visibility  ----> Allow
[DEBUG] 2023-12-12 13:19:59.906 Generic:149 - Successfully Clicked  ----> Allow
[DEBUG] 2023-12-12 13:20:01.623 Generic:228 - Successfully Visibility  ----> Allow
[DEBUG] 2023-12-12 13:20:01.924 Generic:149 - Successfully Clicked  ----> Allow
[DEBUG] 2023-12-12 13:20:03.715 Generic:228 - Successfully Visibility  ----> Allow
[DEBUG] 2023-12-12 13:20:04.012 Generic:149 - Successfully Clicked  ----> Allow
[DEBUG] 2023-12-12 13:20:05.635 Generic:228 - Successfully Visibility  ----> Allow
[DEBUG] 2023-12-12 13:20:05.985 Generic:149 - Successfully Clicked  ----> Allow
[DEBUG] 2023-12-12 13:20:07.281 Generic:228 - Successfully Visibility  ----> Allow
[DEBUG] 2023-12-12 13:20:07.733 Generic:149 - Successfully Clicked  ----> Allow
[DEBUG] 2023-12-12 13:20:09.711 Generic:228 - Successfully Visibility  ----> Edit List
[DEBUG] 2023-12-12 13:20:10.111 Generic:149 - Successfully Clicked  ----> Edit List
[DEBUG] 2023-12-12 13:20:11.267 Generic:228 - Successfully Visibility  ----> Save List
[DEBUG] 2023-12-12 13:20:11.537 Generic:149 - Successfully Clicked  ----> Save List
[DEBUG] 2023-12-12 13:20:12.777 Generic:228 - Successfully Visibility  ----> 
[DEBUG] 2023-12-12 13:20:13.147 Generic:149 - Successfully Clicked  ----> 
[DEBUG] 2023-12-12 13:20:13.362 MyListeners:59 - [1;31m[java.base/jdk.internal.reflect.UnsafeFieldAccessorImpl.throwSetIllegalArgumentException(UnsafeFieldAccessorImpl.java:167), java.base/jdk.internal.reflect.UnsafeFieldAccessorImpl.throwSetIllegalArgumentException(UnsafeFieldAccessorImpl.java:171), java.base/jdk.internal.reflect.UnsafeObjectFieldAccessorImpl.set(UnsafeObjectFieldAccessorImpl.java:81), java.base/java.lang.reflect.Field.set(Field.java:799), org.openqa.selenium.support.PageFactory.proxyFields(PageFactory.java:117), org.openqa.selenium.support.PageFactory.initElements(PageFactory.java:105), org.openqa.selenium.support.PageFactory.initElements(PageFactory.java:92), org.openqa.selenium.support.PageFactory.initElements(PageFactory.java:79), com.oneapp.pageobjects.Menu_Bar_Page_Object.<init>(Menu_Bar_Page_Object.java:68), com.oneapp.pageobjects.Dashboard_Page_object.clickOnMenuBarIcon(Dashboard_Page_object.java:140), com.oneapp.test_suits.OtpTestCases.TC101_ValidOtpTestcase(OtpTestCases.java:99), java.base/jdk.internal.reflect.NativeMethodAccessorImpl.invoke0(Native Method), java.base/jdk.internal.reflect.NativeMethodAccessorImpl.invoke(NativeMethodAccessorImpl.java:77), java.base/jdk.internal.reflect.DelegatingMethodAccessorImpl.invoke(DelegatingMethodAccessorImpl.java:43), java.base/java.lang.reflect.Method.invoke(Method.java:568), org.testng.internal.MethodInvocationHelper.invokeMethod(MethodInvocationHelper.java:133), org.testng.internal.TestInvoker.invokeMethod(TestInvoker.java:598), org.testng.internal.TestInvoker.invokeTestMethod(TestInvoker.java:173), org.testng.internal.MethodRunner.runInSequence(MethodRunner.java:46), org.testng.internal.TestInvoker$MethodInvocationAgent.invoke(TestInvoker.java:824), org.testng.internal.TestInvoker.invokeTestMethods(TestInvoker.java:146), org.testng.internal.TestMethodWorker.invokeTestMethods(TestMethodWorker.java:146), org.testng.internal.TestMethodWorker.run(TestMethodWorker.java:128), java.base/java.util.ArrayList.forEach(ArrayList.java:1511), org.testng.TestRunner.privateRun(TestRunner.java:794), org.testng.TestRunner.run(TestRunner.java:596), org.testng.SuiteRunner.runTest(SuiteRunner.java:377), org.testng.SuiteRunner.runSequentially(SuiteRunner.java:371), org.testng.SuiteRunner.privateRun(SuiteRunner.java:332), org.testng.SuiteRunner.run(SuiteRunner.java:276), org.testng.SuiteRunnerWorker.runSuite(SuiteRunnerWorker.java:53), org.testng.SuiteRunnerWorker.run(SuiteRunnerWorker.java:96), org.testng.TestNG.runSuitesSequentially(TestNG.java:1212), org.testng.TestNG.runSuitesLocally(TestNG.java:1134), org.testng.TestNG.runSuites(TestNG.java:1063), org.testng.TestNG.run(TestNG.java:1031), org.testng.remote.AbstractRemoteTestNG.run(AbstractRemoteTestNG.java:115), org.testng.remote.RemoteTestNG.initAndRun(RemoteTestNG.java:251), org.testng.remote.RemoteTestNG.main(RemoteTestNG.java:77)][0m
[DEBUG] 2023-12-12 13:20:14.178 MyListeners:103 - [1;31mScreenshot stored at: D:\My\HeroApp1Copy/screenshots/TC101_ValidOtpTestcase__T_u_e_ _D_e_c_ _1_2_ _1_3___2_0___1_3_ _I_S_T_ _2_0_2_3_.png[0m
[DEBUG] 2023-12-12 13:20:14.190 MyListeners:75 - [1;31mTC101_VALIDOTPTESTCASE - FAILURE[0m
[DEBUG] 2023-12-12 13:20:15.854 BaseClass:265 - Session gets closed
[DEBUG] 2023-12-12 13:20:15.855 BaseClass:266 - ++++++++++++++++++++++++++++++++
[DEBUG] 2023-12-12 13:26:18.729 BaseClass:276 - Starting the Appium Service....
2023-12-12 13:26:18.722
--------------------------------------------------------------
[INFO ] 2023-12-12 13:26:28.833 BaseClass:190 - PLATFORM NAME IS --> Android
[INFO ] 2023-12-12 13:26:28.840 BaseClass:192 - DEVICE NAME IS --> Pixel 3
[INFO ] 2023-12-12 13:26:28.845 BaseClass:194 - AUTOMATION NAME IS --> UiAutomator2
[INFO ] 2023-12-12 13:26:28.849 BaseClass:196 - UDID IS --> emulator-5554
[INFO ] 2023-12-12 13:26:28.856 BaseClass:210 - Android Real device gets opened
[DEBUG] 2023-12-12 13:27:06.710 BaseClass:252 - 5dc8d2be-84bd-4f2c-87c1-d3ce9094d08f
[DEBUG] 2023-12-12 13:27:06.766 MyListeners:39 - [1;30mTC101_VALIDOTPTESTCASE - STARTS[0m
[DEBUG] 2023-12-12 13:27:22.555 Generic:231 - [1;31morg.openqa.selenium.TimeoutException: Expected condition failed: waiting for visibility of Proxy element for: DefaultElementLocator 'by id or name "chooseAPhoneNumber"' (tried for 15 second(s) with 500 milliseconds interval)[0m
[DEBUG] 2023-12-12 13:27:57.163 Generic:228 - Successfully Visibility  ----> Please proceed with your registered Hero mobile number
[DEBUG] 2023-12-12 13:28:00.364 Generic:228 - Successfully Visibility  ----> By tapping on login or register, you are agreeing to Hero
[DEBUG] 2023-12-12 13:28:04.275 Generic:228 - Successfully Visibility  ----> Enter mobile number
[DEBUG] 2023-12-12 13:28:04.303 Generic:162 - Successfully cleared textbox
[DEBUG] 2023-12-12 13:28:05.814 Generic:228 - Successfully Visibility  ----> Enter mobile number
[DEBUG] 2023-12-12 13:28:05.837 Generic:162 - Successfully cleared textbox
[DEBUG] 2023-12-12 13:28:06.071 Generic:217 - Successfully enter value ----> 6666600022
[DEBUG] 2023-12-12 13:28:08.653 Generic:228 - Successfully Visibility  ----> Continue
[DEBUG] 2023-12-12 13:28:09.036 Generic:149 - Successfully Clicked  ----> Continue
[DEBUG] 2023-12-12 13:28:22.001 Generic:228 - Successfully Visibility  ----> Verify with OTP
[DEBUG] 2023-12-12 13:28:29.166 Generic:228 - Successfully Visibility  ----> Verify
[DEBUG] 2023-12-12 13:28:30.155 Generic:149 - Successfully Clicked  ----> Verify
[DEBUG] 2023-12-12 13:28:50.916 Generic:228 - Successfully Visibility  ----> book service paid
[DEBUG] 2023-12-12 13:28:51.535 Generic:149 - Successfully Clicked  ----> book service paid
[DEBUG] 2023-12-12 13:28:53.079 Generic:228 - Successfully Visibility  ----> Continue
[DEBUG] 2023-12-12 13:28:53.479 Generic:149 - Successfully Clicked  ----> Continue
[DEBUG] 2023-12-12 13:29:04.544 Generic:228 - Successfully Visibility  ----> Only this time
[DEBUG] 2023-12-12 13:29:04.974 Generic:149 - Successfully Clicked  ----> Only this time
[DEBUG] 2023-12-12 13:29:07.150 Generic:228 - Successfully Visibility  ----> Allow
[DEBUG] 2023-12-12 13:29:07.576 Generic:149 - Successfully Clicked  ----> Allow
[DEBUG] 2023-12-12 13:29:08.850 Generic:228 - Successfully Visibility  ----> Allow
[DEBUG] 2023-12-12 13:29:09.302 Generic:149 - Successfully Clicked  ----> Allow
[DEBUG] 2023-12-12 13:29:11.254 Generic:228 - Successfully Visibility  ----> Allow
[DEBUG] 2023-12-12 13:29:11.593 Generic:149 - Successfully Clicked  ----> Allow
[DEBUG] 2023-12-12 13:29:13.398 Generic:228 - Successfully Visibility  ----> Allow
[DEBUG] 2023-12-12 13:29:13.669 Generic:149 - Successfully Clicked  ----> Allow
[DEBUG] 2023-12-12 13:29:14.904 Generic:228 - Successfully Visibility  ----> Allow
[DEBUG] 2023-12-12 13:29:15.221 Generic:149 - Successfully Clicked  ----> Allow
[DEBUG] 2023-12-12 13:29:16.768 Generic:228 - Successfully Visibility  ----> Edit List
[DEBUG] 2023-12-12 13:29:17.065 Generic:149 - Successfully Clicked  ----> Edit List
[DEBUG] 2023-12-12 13:29:18.209 Generic:228 - Successfully Visibility  ----> Save List
[DEBUG] 2023-12-12 13:29:18.493 Generic:149 - Successfully Clicked  ----> Save List
[DEBUG] 2023-12-12 13:29:19.571 Generic:228 - Successfully Visibility  ----> 
[DEBUG] 2023-12-12 13:29:19.883 Generic:149 - Successfully Clicked  ----> 
[DEBUG] 2023-12-12 13:29:22.118 Generic:231 - [1;31morg.openqa.selenium.StaleElementReferenceException: The element 'By.xpath: (//android.view.ViewGroup//android.widget.TextView)[1]' does not exist in DOM anymore
For documentation on this error, please visit: https://www.seleniumhq.org/exceptions/stale_element_reference.html
Build info: version: '3.141.59', revision: 'e82be7d358', time: '2018-11-14T08:17:03'
System info: host: 'DESKTOP-A2S9SMV', ip: '172.19.0.1', os.name: 'Windows 10', os.arch: 'amd64', os.version: '10.0', java.version: '17.0.9'
Driver info: io.appium.java_client.android.AndroidDriver
Capabilities {appActivity: com.customerapp.hero.views...., appPackage: com.customerapp.hero, automationName: UiAutomator2, avd: Pixel_3, avdLaunchTimeout: 400000, databaseEnabled: false, desired: {appActivity: com.customerapp.hero.views...., appPackage: com.customerapp.hero, automationName: UiAutomator2, avd: Pixel_3, avdLaunchTimeout: 400000, deviceName: Pixel 3, platformName: android, readyTimeout: 400000, udid: emulator-5554}, deviceApiLevel: 33, deviceManufacturer: Google, deviceModel: sdk_gphone64_x86_64, deviceName: emulator-5554, deviceScreenDensity: 440, deviceScreenSize: 1080x2160, deviceUDID: emulator-5554, javascriptEnabled: true, locationContextEnabled: false, networkConnectionEnabled: true, pixelRatio: 2.75, platform: LINUX, platformName: Android, platformVersion: 13, readyTimeout: 400000, statBarHeight: 66, takesScreenshot: true, udid: emulator-5554, viewportRect: {height: 2028, left: 0, top: 66, width: 1080}, warnings: {}, webStorageEnabled: false}
Session ID: 5dc8d2be-84bd-4f2c-87c1-d3ce9094d08f[0m
[DEBUG] 2023-12-12 13:29:22.739 Generic:228 - Successfully Visibility  ----> You are using
[DEBUG] 2023-12-12 13:29:23.600 Generic:228 - Successfully Visibility  ----> Vehicle Details
[DEBUG] 2023-12-12 13:29:24.123 Generic:228 - Successfully Visibility  ----> Wheels of Trust
[DEBUG] 2023-12-12 13:29:24.834 Generic:228 - Successfully Visibility  ----> Joyride
[DEBUG] 2023-12-12 13:30:09.693 Generic:231 - [1;31morg.openqa.selenium.TimeoutException: Expected condition failed: waiting for visibility of [[io.appium.java_client.android.AndroidDriver, Capabilities: {appActivity=com.customerapp.hero.views.activity.splash.SplashActivity, appPackage=com.customerapp.hero, automationName=UiAutomator2, avd=Pixel_3, avdLaunchTimeout=400000, databaseEnabled=false, desired={platformName=android, appActivity=com.customerapp.hero.views.activity.splash.SplashActivity, appPackage=com.customerapp.hero, avd=Pixel_3, avdLaunchTimeout=400000, readyTimeout=400000, automationName=UiAutomator2, deviceName=Pixel 3, udid=emulator-5554}, deviceApiLevel=33, deviceManufacturer=Google, deviceModel=sdk_gphone64_x86_64, deviceName=emulator-5554, deviceScreenDensity=440, deviceScreenSize=1080x2160, deviceUDID=emulator-5554, javascriptEnabled=true, locationContextEnabled=false, networkConnectionEnabled=true, pixelRatio=2.75, platform=LINUX, platformName=Android, platformVersion=13, readyTimeout=400000, statBarHeight=66, takesScreenshot=true, udid=emulator-5554, viewportRect={left=0, top=66, width=1080, height=2028}, warnings={}, webStorageEnabled=false}] -> id: com.customerapp.hero:id/app_version_lbl] (tried for 15 second(s) with 500 milliseconds interval)[0m
[DEBUG] 2023-12-12 13:30:10.381 Generic:228 - Successfully Visibility  ----> Logout
[DEBUG] 2023-12-12 13:30:10.867 Generic:149 - Successfully Clicked  ----> Logout
[DEBUG] 2023-12-12 13:30:12.681 Generic:228 - Successfully Visibility  ----> Logout
[DEBUG] 2023-12-12 13:30:13.170 Generic:228 - Successfully Visibility  ----> Are you sure to logout?
[DEBUG] 2023-12-12 13:30:13.465 Generic:228 - Successfully Visibility  ----> YES
[DEBUG] 2023-12-12 13:30:13.809 Generic:149 - Successfully Clicked  ----> YES
[DEBUG] 2023-12-12 13:30:22.765 Generic:228 - Successfully Visibility  ----> Login
[DEBUG] 2023-12-12 13:30:22.854 MyListeners:47 - [1;32mTC101_VALIDOTPTESTCASE - PASSED[0m
[DEBUG] 2023-12-12 13:30:24.098 BaseClass:265 - Session gets closed
[DEBUG] 2023-12-12 13:30:24.099 BaseClass:266 - ++++++++++++++++++++++++++++++++
[DEBUG] 2023-12-12 13:38:18.873 BaseClass:276 - Starting the Appium Service....
2023-12-12 13:38:18.864
--------------------------------------------------------------
[INFO ] 2023-12-12 13:38:28.999 BaseClass:190 - PLATFORM NAME IS --> Android
[INFO ] 2023-12-12 13:38:29.002 BaseClass:192 - DEVICE NAME IS --> Pixel 3
[INFO ] 2023-12-12 13:38:29.004 BaseClass:194 - AUTOMATION NAME IS --> UiAutomator2
[INFO ] 2023-12-12 13:38:29.007 BaseClass:196 - UDID IS --> emulator-5554
[INFO ] 2023-12-12 13:38:29.009 BaseClass:210 - Android Real device gets opened
[DEBUG] 2023-12-12 13:39:05.290 BaseClass:252 - d04684c8-1204-4a5a-8164-0377175c3de6
[DEBUG] 2023-12-12 13:39:05.406 MyListeners:39 - [1;30mTC101_VALIDOTPTESTCASE - STARTS[0m
[DEBUG] 2023-12-12 13:39:21.113 Generic:231 - [1;31morg.openqa.selenium.TimeoutException: Expected condition failed: waiting for visibility of Proxy element for: DefaultElementLocator 'by id or name "chooseAPhoneNumber"' (tried for 15 second(s) with 500 milliseconds interval)[0m
[DEBUG] 2023-12-12 13:39:52.559 Generic:228 - Successfully Visibility  ----> You can choose a phone number that's assigned to your phone, and Google will share it only with this app.
[DEBUG] 2023-12-12 13:39:53.615 Generic:228 - Successfully Visibility  ----> (555) 123-4567
[DEBUG] 2023-12-12 13:40:04.768 Generic:228 - Successfully Visibility  ----> Enter mobile number
[DEBUG] 2023-12-12 13:40:04.786 Generic:162 - Successfully cleared textbox
[DEBUG] 2023-12-12 13:40:06.369 Generic:228 - Successfully Visibility  ----> Enter mobile number
[DEBUG] 2023-12-12 13:40:06.400 Generic:162 - Successfully cleared textbox
[DEBUG] 2023-12-12 13:40:06.739 Generic:217 - Successfully enter value ----> 6666600022
[DEBUG] 2023-12-12 13:40:09.850 Generic:228 - Successfully Visibility  ----> Continue
[DEBUG] 2023-12-12 13:40:10.226 Generic:149 - Successfully Clicked  ----> Continue
[DEBUG] 2023-12-12 13:40:16.690 Generic:228 - Successfully Visibility  ----> Verify with OTP
[DEBUG] 2023-12-12 13:40:26.794 Generic:228 - Successfully Visibility  ----> Verify
[DEBUG] 2023-12-12 13:40:27.644 Generic:149 - Successfully Clicked  ----> Verify
[DEBUG] 2023-12-12 13:40:39.724 Generic:228 - Successfully Visibility  ----> book service paid
[DEBUG] 2023-12-12 13:40:40.377 Generic:149 - Successfully Clicked  ----> book service paid
[DEBUG] 2023-12-12 13:40:41.618 Generic:228 - Successfully Visibility  ----> Continue
[DEBUG] 2023-12-12 13:40:42.038 Generic:149 - Successfully Clicked  ----> Continue
[DEBUG] 2023-12-12 13:40:52.745 Generic:228 - Successfully Visibility  ----> Only this time
[DEBUG] 2023-12-12 13:40:53.229 Generic:149 - Successfully Clicked  ----> Only this time
[DEBUG] 2023-12-12 13:40:55.347 Generic:228 - Successfully Visibility  ----> Allow
[DEBUG] 2023-12-12 13:40:56.597 Generic:149 - Successfully Clicked  ----> Allow
[DEBUG] 2023-12-12 13:40:57.948 Generic:228 - Successfully Visibility  ----> Allow
[DEBUG] 2023-12-12 13:40:58.627 Generic:149 - Successfully Clicked  ----> Allow
[DEBUG] 2023-12-12 13:41:00.838 Generic:228 - Successfully Visibility  ----> Allow
[DEBUG] 2023-12-12 13:41:01.889 Generic:149 - Successfully Clicked  ----> Allow
[DEBUG] 2023-12-12 13:41:04.272 Generic:228 - Successfully Visibility  ----> Allow
[DEBUG] 2023-12-12 13:41:04.949 Generic:149 - Successfully Clicked  ----> Allow
[DEBUG] 2023-12-12 13:41:06.319 Generic:228 - Successfully Visibility  ----> Allow
[DEBUG] 2023-12-12 13:41:06.717 Generic:149 - Successfully Clicked  ----> Allow
[DEBUG] 2023-12-12 13:41:09.197 Generic:228 - Successfully Visibility  ----> Edit List
[DEBUG] 2023-12-12 13:41:09.571 Generic:149 - Successfully Clicked  ----> Edit List
[DEBUG] 2023-12-12 13:41:11.461 Generic:228 - Successfully Visibility  ----> Save List
[DEBUG] 2023-12-12 13:41:12.371 Generic:149 - Successfully Clicked  ----> Save List
[DEBUG] 2023-12-12 13:41:14.213 Generic:228 - Successfully Visibility  ----> 
[DEBUG] 2023-12-12 13:41:14.800 Generic:149 - Successfully Clicked  ----> 
[DEBUG] 2023-12-12 13:41:17.866 Generic:231 - [1;31morg.openqa.selenium.StaleElementReferenceException: The element 'By.xpath: (//android.view.ViewGroup//android.widget.TextView)[1]' does not exist in DOM anymore
For documentation on this error, please visit: https://www.seleniumhq.org/exceptions/stale_element_reference.html
Build info: version: '3.141.59', revision: 'e82be7d358', time: '2018-11-14T08:17:03'
System info: host: 'DESKTOP-A2S9SMV', ip: '172.19.0.1', os.name: 'Windows 10', os.arch: 'amd64', os.version: '10.0', java.version: '17.0.9'
Driver info: io.appium.java_client.android.AndroidDriver
Capabilities {appActivity: com.customerapp.hero.views...., appPackage: com.customerapp.hero, automationName: UiAutomator2, avd: Pixel_3, avdLaunchTimeout: 400000, databaseEnabled: false, desired: {appActivity: com.customerapp.hero.views...., appPackage: com.customerapp.hero, automationName: UiAutomator2, avd: Pixel_3, avdLaunchTimeout: 400000, deviceName: Pixel 3, platformName: android, readyTimeout: 400000, udid: emulator-5554}, deviceApiLevel: 33, deviceManufacturer: Google, deviceModel: sdk_gphone64_x86_64, deviceName: emulator-5554, deviceScreenDensity: 440, deviceScreenSize: 1080x2160, deviceUDID: emulator-5554, javascriptEnabled: true, locationContextEnabled: false, networkConnectionEnabled: true, pixelRatio: 2.75, platform: LINUX, platformName: Android, platformVersion: 13, readyTimeout: 400000, statBarHeight: 66, takesScreenshot: true, udid: emulator-5554, viewportRect: {height: 2028, left: 0, top: 66, width: 1080}, warnings: {}, webStorageEnabled: false}
Session ID: d04684c8-1204-4a5a-8164-0377175c3de6[0m
[DEBUG] 2023-12-12 13:41:19.438 Generic:228 - Successfully Visibility  ----> You are using
[DEBUG] 2023-12-12 13:41:20.659 Generic:228 - Successfully Visibility  ----> Vehicle Details
[DEBUG] 2023-12-12 13:41:21.439 Generic:228 - Successfully Visibility  ----> Wheels of Trust
[DEBUG] 2023-12-12 13:41:22.216 Generic:228 - Successfully Visibility  ----> Joyride
[DEBUG] 2023-12-12 13:41:27.509 MyListeners:59 - [1;31m[com.oneapp.utils.Generic.scrollToBottom(Generic.java:100), com.oneapp.test_suits.OtpTestCases.TC101_ValidOtpTestcase(OtpTestCases.java:121), java.base/jdk.internal.reflect.NativeMethodAccessorImpl.invoke0(Native Method), java.base/jdk.internal.reflect.NativeMethodAccessorImpl.invoke(NativeMethodAccessorImpl.java:77), java.base/jdk.internal.reflect.DelegatingMethodAccessorImpl.invoke(DelegatingMethodAccessorImpl.java:43), java.base/java.lang.reflect.Method.invoke(Method.java:568), org.testng.internal.MethodInvocationHelper.invokeMethod(MethodInvocationHelper.java:133), org.testng.internal.TestInvoker.invokeMethod(TestInvoker.java:598), org.testng.internal.TestInvoker.invokeTestMethod(TestInvoker.java:173), org.testng.internal.MethodRunner.runInSequence(MethodRunner.java:46), org.testng.internal.TestInvoker$MethodInvocationAgent.invoke(TestInvoker.java:824), org.testng.internal.TestInvoker.invokeTestMethods(TestInvoker.java:146), org.testng.internal.TestMethodWorker.invokeTestMethods(TestMethodWorker.java:146), org.testng.internal.TestMethodWorker.run(TestMethodWorker.java:128), java.base/java.util.ArrayList.forEach(ArrayList.java:1511), org.testng.TestRunner.privateRun(TestRunner.java:794), org.testng.TestRunner.run(TestRunner.java:596), org.testng.SuiteRunner.runTest(SuiteRunner.java:377), org.testng.SuiteRunner.runSequentially(SuiteRunner.java:371), org.testng.SuiteRunner.privateRun(SuiteRunner.java:332), org.testng.SuiteRunner.run(SuiteRunner.java:276), org.testng.SuiteRunnerWorker.runSuite(SuiteRunnerWorker.java:53), org.testng.SuiteRunnerWorker.run(SuiteRunnerWorker.java:96), org.testng.TestNG.runSuitesSequentially(TestNG.java:1212), org.testng.TestNG.runSuitesLocally(TestNG.java:1134), org.testng.TestNG.runSuites(TestNG.java:1063), org.testng.TestNG.run(TestNG.java:1031), org.testng.remote.AbstractRemoteTestNG.run(AbstractRemoteTestNG.java:115), org.testng.remote.RemoteTestNG.initAndRun(RemoteTestNG.java:251), org.testng.remote.RemoteTestNG.main(RemoteTestNG.java:77)][0m
[DEBUG] 2023-12-12 13:41:28.895 MyListeners:103 - [1;31mScreenshot stored at: D:\My\HeroApp1Copy/screenshots/TC101_ValidOtpTestcase__T_u_e_ _D_e_c_ _1_2_ _1_3___4_1___2_7_ _I_S_T_ _2_0_2_3_.png[0m
[DEBUG] 2023-12-12 13:41:28.908 MyListeners:75 - [1;31mTC101_VALIDOTPTESTCASE - FAILURE[0m
[DEBUG] 2023-12-12 13:41:30.520 BaseClass:265 - Session gets closed
[DEBUG] 2023-12-12 13:41:30.524 BaseClass:266 - ++++++++++++++++++++++++++++++++
[DEBUG] 2023-12-12 13:52:40.040 BaseClass:276 - Starting the Appium Service....
2023-12-12 13:52:40.030
--------------------------------------------------------------
[INFO ] 2023-12-12 13:52:50.148 BaseClass:190 - PLATFORM NAME IS --> Android
[INFO ] 2023-12-12 13:52:50.153 BaseClass:192 - DEVICE NAME IS --> Pixel 3
[INFO ] 2023-12-12 13:52:50.157 BaseClass:194 - AUTOMATION NAME IS --> UiAutomator2
[INFO ] 2023-12-12 13:52:50.163 BaseClass:196 - UDID IS --> emulator-5554
[INFO ] 2023-12-12 13:52:50.167 BaseClass:210 - Android Real device gets opened
[DEBUG] 2023-12-12 13:53:23.279 BaseClass:252 - 01d9a6ef-0e89-43b7-b47c-60491700254c
[DEBUG] 2023-12-12 13:53:23.363 MyListeners:39 - [1;30mTC101_VALIDOTPTESTCASE - STARTS[0m
[DEBUG] 2023-12-12 13:53:40.948 Generic:228 - Successfully Visibility  ----> Choose a phone number
[DEBUG] 2023-12-12 13:53:41.148 Generic:183 - Successfully Displaying ----> Choose a phone number
[DEBUG] 2023-12-12 13:53:41.690 Generic:228 - Successfully Visibility  ----> 
[DEBUG] 2023-12-12 13:53:42.064 Generic:149 - Successfully Clicked  ----> 
[DEBUG] 2023-12-12 13:53:44.798 Generic:228 - Successfully Visibility  ----> Allow
[DEBUG] 2023-12-12 13:53:45.127 Generic:183 - Successfully Displaying ----> Allow
[DEBUG] 2023-12-12 13:53:46.197 Generic:228 - Successfully Visibility  ----> Allow
[DEBUG] 2023-12-12 13:53:46.574 Generic:149 - Successfully Clicked  ----> Allow
[DEBUG] 2023-12-12 13:53:49.715 Generic:228 - Successfully Visibility  ----> Please proceed with your registered Hero mobile number
[DEBUG] 2023-12-12 13:53:51.980 Generic:228 - Successfully Visibility  ----> By tapping on login or register, you are agreeing to Hero
[DEBUG] 2023-12-12 13:53:55.438 Generic:228 - Successfully Visibility  ----> Enter mobile number
[DEBUG] 2023-12-12 13:53:55.463 Generic:162 - Successfully cleared textbox
[DEBUG] 2023-12-12 13:53:57.120 Generic:228 - Successfully Visibility  ----> Enter mobile number
[DEBUG] 2023-12-12 13:53:57.140 Generic:162 - Successfully cleared textbox
[DEBUG] 2023-12-12 13:53:57.282 Generic:217 - Successfully enter value ----> 6666600022
[DEBUG] 2023-12-12 13:53:59.700 Generic:228 - Successfully Visibility  ----> Continue
[DEBUG] 2023-12-12 13:54:01.418 Generic:149 - Successfully Clicked  ----> Continue
[DEBUG] 2023-12-12 13:54:08.043 Generic:228 - Successfully Visibility  ----> Verify with OTP
[DEBUG] 2023-12-12 13:54:20.674 Generic:228 - Successfully Visibility  ----> Verify
[DEBUG] 2023-12-12 13:54:21.696 Generic:149 - Successfully Clicked  ----> Verify
[DEBUG] 2023-12-12 13:54:31.789 Generic:228 - Successfully Visibility  ----> book service paid
[DEBUG] 2023-12-12 13:54:32.432 Generic:149 - Successfully Clicked  ----> book service paid
[DEBUG] 2023-12-12 13:54:34.416 Generic:228 - Successfully Visibility  ----> Continue
[DEBUG] 2023-12-12 13:54:35.090 Generic:149 - Successfully Clicked  ----> Continue
[DEBUG] 2023-12-12 13:54:45.746 Generic:228 - Successfully Visibility  ----> Only this time
[DEBUG] 2023-12-12 13:54:46.229 Generic:149 - Successfully Clicked  ----> Only this time
[DEBUG] 2023-12-12 13:54:48.925 Generic:228 - Successfully Visibility  ----> Allow
[DEBUG] 2023-12-12 13:54:49.655 Generic:149 - Successfully Clicked  ----> Allow
[DEBUG] 2023-12-12 13:54:51.167 Generic:228 - Successfully Visibility  ----> Allow
[DEBUG] 2023-12-12 13:54:52.116 Generic:149 - Successfully Clicked  ----> Allow
[DEBUG] 2023-12-12 13:54:54.073 Generic:228 - Successfully Visibility  ----> Allow
[DEBUG] 2023-12-12 13:54:54.587 Generic:149 - Successfully Clicked  ----> Allow
[DEBUG] 2023-12-12 13:54:56.577 Generic:228 - Successfully Visibility  ----> Allow
[DEBUG] 2023-12-12 13:54:57.529 Generic:149 - Successfully Clicked  ----> Allow
[DEBUG] 2023-12-12 13:54:59.068 Generic:228 - Successfully Visibility  ----> Allow
[DEBUG] 2023-12-12 13:54:59.584 Generic:149 - Successfully Clicked  ----> Allow
[DEBUG] 2023-12-12 13:55:02.502 Generic:228 - Successfully Visibility  ----> Edit List
[DEBUG] 2023-12-12 13:55:03.098 Generic:149 - Successfully Clicked  ----> Edit List
[DEBUG] 2023-12-12 13:55:04.976 Generic:228 - Successfully Visibility  ----> Save List
[DEBUG] 2023-12-12 13:55:05.242 Generic:149 - Successfully Clicked  ----> Save List
[DEBUG] 2023-12-12 13:55:06.641 Generic:228 - Successfully Visibility  ----> 
[DEBUG] 2023-12-12 13:55:07.134 Generic:149 - Successfully Clicked  ----> 
[DEBUG] 2023-12-12 13:55:09.583 Generic:231 - [1;31morg.openqa.selenium.StaleElementReferenceException: The element 'By.xpath: (//android.view.ViewGroup//android.widget.TextView)[1]' does not exist in DOM anymore
For documentation on this error, please visit: https://www.seleniumhq.org/exceptions/stale_element_reference.html
Build info: version: '3.141.59', revision: 'e82be7d358', time: '2018-11-14T08:17:03'
System info: host: 'DESKTOP-A2S9SMV', ip: '172.19.0.1', os.name: 'Windows 10', os.arch: 'amd64', os.version: '10.0', java.version: '17.0.9'
Driver info: io.appium.java_client.android.AndroidDriver
Capabilities {appActivity: com.customerapp.hero.views...., appPackage: com.customerapp.hero, automationName: UiAutomator2, avd: Pixel_3, avdLaunchTimeout: 400000, databaseEnabled: false, desired: {appActivity: com.customerapp.hero.views...., appPackage: com.customerapp.hero, automationName: UiAutomator2, avd: Pixel_3, avdLaunchTimeout: 400000, deviceName: Pixel 3, platformName: android, readyTimeout: 400000, udid: emulator-5554}, deviceApiLevel: 33, deviceManufacturer: Google, deviceModel: sdk_gphone64_x86_64, deviceName: emulator-5554, deviceScreenDensity: 440, deviceScreenSize: 1080x2160, deviceUDID: emulator-5554, javascriptEnabled: true, locationContextEnabled: false, networkConnectionEnabled: true, pixelRatio: 2.75, platform: LINUX, platformName: Android, platformVersion: 13, readyTimeout: 400000, statBarHeight: 66, takesScreenshot: true, udid: emulator-5554, viewportRect: {height: 2028, left: 0, top: 66, width: 1080}, warnings: {}, webStorageEnabled: false}
Session ID: 01d9a6ef-0e89-43b7-b47c-60491700254c[0m
[DEBUG] 2023-12-12 13:55:10.874 Generic:228 - Successfully Visibility  ----> You are using
[DEBUG] 2023-12-12 13:55:11.765 Generic:228 - Successfully Visibility  ----> Vehicle Details
[DEBUG] 2023-12-12 13:55:12.785 Generic:228 - Successfully Visibility  ----> Wheels of Trust
[DEBUG] 2023-12-12 13:55:13.527 Generic:228 - Successfully Visibility  ----> Joyride
[DEBUG] 2023-12-12 13:56:21.336 Generic:231 - [1;31morg.openqa.selenium.TimeoutException: Expected condition failed: waiting for visibility of Proxy element for: DefaultElementLocator 'By.id: com.customerapp.hero:id/app_version_lbl' (tried for 15 second(s) with 500 milliseconds interval)[0m
[DEBUG] 2023-12-12 13:56:51.749 MyListeners:59 - [1;31m[jdk.internal.reflect.GeneratedConstructorAccessor21.newInstance(Unknown Source), java.base/jdk.internal.reflect.DelegatingConstructorAccessorImpl.newInstance(DelegatingConstructorAccessorImpl.java:45), java.base/java.lang.reflect.Constructor.newInstanceWithCaller(Constructor.java:499), java.base/java.lang.reflect.Constructor.newInstance(Constructor.java:480), org.openqa.selenium.remote.http.W3CHttpResponseCodec.createException(W3CHttpResponseCodec.java:187), org.openqa.selenium.remote.http.W3CHttpResponseCodec.decode(W3CHttpResponseCodec.java:122), org.openqa.selenium.remote.http.W3CHttpResponseCodec.decode(W3CHttpResponseCodec.java:49), org.openqa.selenium.remote.HttpCommandExecutor.execute(HttpCommandExecutor.java:158), io.appium.java_client.remote.AppiumCommandExecutor.execute(AppiumCommandExecutor.java:250), org.openqa.selenium.remote.RemoteWebDriver.execute(RemoteWebDriver.java:552), io.appium.java_client.DefaultGenericMobileDriver.execute(DefaultGenericMobileDriver.java:41), io.appium.java_client.AppiumDriver.execute(AppiumDriver.java:1), io.appium.java_client.android.AndroidDriver.execute(AndroidDriver.java:1), org.openqa.selenium.remote.RemoteWebDriver.findElement(RemoteWebDriver.java:323), io.appium.java_client.DefaultGenericMobileDriver.findElement(DefaultGenericMobileDriver.java:61), io.appium.java_client.AppiumDriver.findElement(AppiumDriver.java:1), io.appium.java_client.android.AndroidDriver.findElement(AndroidDriver.java:1), org.openqa.selenium.remote.RemoteWebDriver.findElementById(RemoteWebDriver.java:372), io.appium.java_client.DefaultGenericMobileDriver.findElementById(DefaultGenericMobileDriver.java:69), io.appium.java_client.AppiumDriver.findElementById(AppiumDriver.java:1), io.appium.java_client.android.AndroidDriver.findElementById(AndroidDriver.java:1), org.openqa.selenium.By$ById.findElement(By.java:188), org.openqa.selenium.remote.RemoteWebDriver.findElement(RemoteWebDriver.java:315), io.appium.java_client.DefaultGenericMobileDriver.findElement(DefaultGenericMobileDriver.java:57), io.appium.java_client.AppiumDriver.findElement(AppiumDriver.java:1), io.appium.java_client.android.AndroidDriver.findElement(AndroidDriver.java:1), org.openqa.selenium.support.pagefactory.DefaultElementLocator.findElement(DefaultElementLocator.java:69), org.openqa.selenium.support.pagefactory.internal.LocatingElementHandler.invoke(LocatingElementHandler.java:38), jdk.proxy2/jdk.proxy2.$Proxy28.getText(Unknown Source), com.oneapp.test_suits.OtpTestCases.TC101_ValidOtpTestcase(OtpTestCases.java:124), java.base/jdk.internal.reflect.NativeMethodAccessorImpl.invoke0(Native Method), java.base/jdk.internal.reflect.NativeMethodAccessorImpl.invoke(NativeMethodAccessorImpl.java:77), java.base/jdk.internal.reflect.DelegatingMethodAccessorImpl.invoke(DelegatingMethodAccessorImpl.java:43), java.base/java.lang.reflect.Method.invoke(Method.java:568), org.testng.internal.MethodInvocationHelper.invokeMethod(MethodInvocationHelper.java:133), org.testng.internal.TestInvoker.invokeMethod(TestInvoker.java:598), org.testng.internal.TestInvoker.invokeTestMethod(TestInvoker.java:173), org.testng.internal.MethodRunner.runInSequence(MethodRunner.java:46), org.testng.internal.TestInvoker$MethodInvocationAgent.invoke(TestInvoker.java:824), org.testng.internal.TestInvoker.invokeTestMethods(TestInvoker.java:146), org.testng.internal.TestMethodWorker.invokeTestMethods(TestMethodWorker.java:146), org.testng.internal.TestMethodWorker.run(TestMethodWorker.java:128), java.base/java.util.ArrayList.forEach(ArrayList.java:1511), org.testng.TestRunner.privateRun(TestRunner.java:794), org.testng.TestRunner.run(TestRunner.java:596), org.testng.SuiteRunner.runTest(SuiteRunner.java:377), org.testng.SuiteRunner.runSequentially(SuiteRunner.java:371), org.testng.SuiteRunner.privateRun(SuiteRunner.java:332), org.testng.SuiteRunner.run(SuiteRunner.java:276), org.testng.SuiteRunnerWorker.runSuite(SuiteRunnerWorker.java:53), org.testng.SuiteRunnerWorker.run(SuiteRunnerWorker.java:96), org.testng.TestNG.runSuitesSequentially(TestNG.java:1212), org.testng.TestNG.runSuitesLocally(TestNG.java:1134), org.testng.TestNG.runSuites(TestNG.java:1063), org.testng.TestNG.run(TestNG.java:1031), org.testng.remote.AbstractRemoteTestNG.run(AbstractRemoteTestNG.java:115), org.testng.remote.RemoteTestNG.initAndRun(RemoteTestNG.java:251), org.testng.remote.RemoteTestNG.main(RemoteTestNG.java:77)][0m
[DEBUG] 2023-12-12 13:56:53.153 MyListeners:103 - [1;31mScreenshot stored at: D:\My\HeroApp1Copy/screenshots/TC101_ValidOtpTestcase__T_u_e_ _D_e_c_ _1_2_ _1_3___5_6___5_1_ _I_S_T_ _2_0_2_3_.png[0m
[DEBUG] 2023-12-12 13:56:53.163 MyListeners:75 - [1;31mTC101_VALIDOTPTESTCASE - FAILURE[0m
[DEBUG] 2023-12-12 13:56:54.587 BaseClass:265 - Session gets closed
[DEBUG] 2023-12-12 13:56:54.588 BaseClass:266 - ++++++++++++++++++++++++++++++++
[DEBUG] 2023-12-12 14:03:51.290 BaseClass:276 - Starting the Appium Service....
2023-12-12 14:03:51.275
--------------------------------------------------------------
[INFO ] 2023-12-12 14:04:01.459 BaseClass:190 - PLATFORM NAME IS --> Android
[INFO ] 2023-12-12 14:04:01.460 BaseClass:192 - DEVICE NAME IS --> Pixel 3
[INFO ] 2023-12-12 14:04:01.462 BaseClass:194 - AUTOMATION NAME IS --> UiAutomator2
[INFO ] 2023-12-12 14:04:01.463 BaseClass:196 - UDID IS --> emulator-5554
[INFO ] 2023-12-12 14:04:01.464 BaseClass:210 - Android Real device gets opened
[DEBUG] 2023-12-12 14:04:31.757 BaseClass:252 - abb4b5b9-443e-4afb-a05d-22e2554af947
[DEBUG] 2023-12-12 14:04:31.926 MyListeners:39 - [1;30mTC101_VALIDOTPTESTCASE - STARTS[0m
[DEBUG] 2023-12-12 14:04:45.764 Generic:227 - Successfully Visibility  ----> Choose a phone number
[DEBUG] 2023-12-12 14:04:45.882 Generic:182 - Successfully Displaying ----> Choose a phone number
[DEBUG] 2023-12-12 14:04:46.423 Generic:227 - Successfully Visibility  ----> 
[DEBUG] 2023-12-12 14:04:46.685 Generic:148 - Successfully Clicked  ----> 
[DEBUG] 2023-12-12 14:04:49.365 Generic:227 - Successfully Visibility  ----> Allow
[DEBUG] 2023-12-12 14:04:49.515 Generic:182 - Successfully Displaying ----> Allow
[DEBUG] 2023-12-12 14:04:50.244 Generic:227 - Successfully Visibility  ----> Allow
[DEBUG] 2023-12-12 14:04:50.705 Generic:148 - Successfully Clicked  ----> Allow
[DEBUG] 2023-12-12 14:04:52.912 Generic:227 - Successfully Visibility  ----> Please proceed with your registered Hero mobile number
[DEBUG] 2023-12-12 14:04:53.568 Generic:227 - Successfully Visibility  ----> By tapping on login or register, you are agreeing to Hero
[DEBUG] 2023-12-12 14:04:55.120 Generic:227 - Successfully Visibility  ----> Enter mobile number
[DEBUG] 2023-12-12 14:04:55.130 Generic:161 - Successfully cleared textbox
[DEBUG] 2023-12-12 14:04:56.073 Generic:227 - Successfully Visibility  ----> Enter mobile number
[DEBUG] 2023-12-12 14:04:56.087 Generic:161 - Successfully cleared textbox
[DEBUG] 2023-12-12 14:04:56.745 Generic:216 - Successfully enter value ----> 6666600022
[DEBUG] 2023-12-12 14:04:58.968 Generic:227 - Successfully Visibility  ----> Continue
[DEBUG] 2023-12-12 14:04:59.229 Generic:148 - Successfully Clicked  ----> Continue
[DEBUG] 2023-12-12 14:05:03.435 Generic:227 - Successfully Visibility  ----> Verify with OTP
[DEBUG] 2023-12-12 14:05:10.686 Generic:227 - Successfully Visibility  ----> Verify
[DEBUG] 2023-12-12 14:05:11.557 Generic:148 - Successfully Clicked  ----> Verify
[DEBUG] 2023-12-12 14:05:20.341 Generic:227 - Successfully Visibility  ----> book service paid
[DEBUG] 2023-12-12 14:05:20.854 Generic:148 - Successfully Clicked  ----> book service paid
[DEBUG] 2023-12-12 14:05:22.574 Generic:227 - Successfully Visibility  ----> Continue
[DEBUG] 2023-12-12 14:05:22.971 Generic:148 - Successfully Clicked  ----> Continue
[DEBUG] 2023-12-12 14:05:30.524 Generic:227 - Successfully Visibility  ----> Only this time
[DEBUG] 2023-12-12 14:05:31.303 Generic:148 - Successfully Clicked  ----> Only this time
[DEBUG] 2023-12-12 14:05:33.001 Generic:227 - Successfully Visibility  ----> Allow
[DEBUG] 2023-12-12 14:05:33.606 Generic:148 - Successfully Clicked  ----> Allow
[DEBUG] 2023-12-12 14:05:34.708 Generic:227 - Successfully Visibility  ----> Allow
[DEBUG] 2023-12-12 14:05:35.218 Generic:148 - Successfully Clicked  ----> Allow
[DEBUG] 2023-12-12 14:05:37.078 Generic:227 - Successfully Visibility  ----> Allow
[DEBUG] 2023-12-12 14:05:37.529 Generic:148 - Successfully Clicked  ----> Allow
[DEBUG] 2023-12-12 14:05:38.995 Generic:227 - Successfully Visibility  ----> Allow
[DEBUG] 2023-12-12 14:05:39.257 Generic:148 - Successfully Clicked  ----> Allow
[DEBUG] 2023-12-12 14:05:40.212 Generic:227 - Successfully Visibility  ----> Allow
[DEBUG] 2023-12-12 14:05:40.481 Generic:148 - Successfully Clicked  ----> Allow
[DEBUG] 2023-12-12 14:05:41.915 Generic:227 - Successfully Visibility  ----> Edit List
[DEBUG] 2023-12-12 14:05:42.163 Generic:148 - Successfully Clicked  ----> Edit List
[DEBUG] 2023-12-12 14:05:43.199 Generic:227 - Successfully Visibility  ----> Save List
[DEBUG] 2023-12-12 14:05:43.457 Generic:148 - Successfully Clicked  ----> Save List
[DEBUG] 2023-12-12 14:05:44.416 Generic:227 - Successfully Visibility  ----> 
[DEBUG] 2023-12-12 14:05:44.653 Generic:148 - Successfully Clicked  ----> 
[DEBUG] 2023-12-12 14:05:46.960 Generic:230 - [1;31morg.openqa.selenium.StaleElementReferenceException: The element 'By.xpath: (//android.view.ViewGroup//android.widget.TextView)[1]' does not exist in DOM anymore
For documentation on this error, please visit: https://www.seleniumhq.org/exceptions/stale_element_reference.html
Build info: version: '3.141.59', revision: 'e82be7d358', time: '2018-11-14T08:17:03'
System info: host: 'DESKTOP-A2S9SMV', ip: '172.19.0.1', os.name: 'Windows 10', os.arch: 'amd64', os.version: '10.0', java.version: '17.0.9'
Driver info: io.appium.java_client.android.AndroidDriver
Capabilities {appActivity: com.customerapp.hero.views...., appPackage: com.customerapp.hero, automationName: UiAutomator2, avd: Pixel_3, avdLaunchTimeout: 400000, databaseEnabled: false, desired: {appActivity: com.customerapp.hero.views...., appPackage: com.customerapp.hero, automationName: UiAutomator2, avd: Pixel_3, avdLaunchTimeout: 400000, deviceName: Pixel 3, platformName: android, readyTimeout: 400000, udid: emulator-5554}, deviceApiLevel: 33, deviceManufacturer: Google, deviceModel: sdk_gphone64_x86_64, deviceName: emulator-5554, deviceScreenDensity: 440, deviceScreenSize: 1080x2160, deviceUDID: emulator-5554, javascriptEnabled: true, locationContextEnabled: false, networkConnectionEnabled: true, pixelRatio: 2.75, platform: LINUX, platformName: Android, platformVersion: 13, readyTimeout: 400000, statBarHeight: 66, takesScreenshot: true, udid: emulator-5554, viewportRect: {height: 2028, left: 0, top: 66, width: 1080}, warnings: {}, webStorageEnabled: false}
Session ID: abb4b5b9-443e-4afb-a05d-22e2554af947[0m
[DEBUG] 2023-12-12 14:05:47.484 Generic:227 - Successfully Visibility  ----> You are using
[DEBUG] 2023-12-12 14:05:48.075 Generic:227 - Successfully Visibility  ----> Vehicle Details
[DEBUG] 2023-12-12 14:05:48.576 Generic:227 - Successfully Visibility  ----> Wheels of Trust
[DEBUG] 2023-12-12 14:05:49.155 Generic:227 - Successfully Visibility  ----> Joyride
[DEBUG] 2023-12-12 14:05:54.331 MyListeners:59 - [1;31m[com.oneapp.utils.Generic.Scrolling(Generic.java:99), com.oneapp.test_suits.OtpTestCases.TC101_ValidOtpTestcase(OtpTestCases.java:121), java.base/jdk.internal.reflect.NativeMethodAccessorImpl.invoke0(Native Method), java.base/jdk.internal.reflect.NativeMethodAccessorImpl.invoke(NativeMethodAccessorImpl.java:77), java.base/jdk.internal.reflect.DelegatingMethodAccessorImpl.invoke(DelegatingMethodAccessorImpl.java:43), java.base/java.lang.reflect.Method.invoke(Method.java:568), org.testng.internal.MethodInvocationHelper.invokeMethod(MethodInvocationHelper.java:133), org.testng.internal.TestInvoker.invokeMethod(TestInvoker.java:598), org.testng.internal.TestInvoker.invokeTestMethod(TestInvoker.java:173), org.testng.internal.MethodRunner.runInSequence(MethodRunner.java:46), org.testng.internal.TestInvoker$MethodInvocationAgent.invoke(TestInvoker.java:824), org.testng.internal.TestInvoker.invokeTestMethods(TestInvoker.java:146), org.testng.internal.TestMethodWorker.invokeTestMethods(TestMethodWorker.java:146), org.testng.internal.TestMethodWorker.run(TestMethodWorker.java:128), java.base/java.util.ArrayList.forEach(ArrayList.java:1511), org.testng.TestRunner.privateRun(TestRunner.java:794), org.testng.TestRunner.run(TestRunner.java:596), org.testng.SuiteRunner.runTest(SuiteRunner.java:377), org.testng.SuiteRunner.runSequentially(SuiteRunner.java:371), org.testng.SuiteRunner.privateRun(SuiteRunner.java:332), org.testng.SuiteRunner.run(SuiteRunner.java:276), org.testng.SuiteRunnerWorker.runSuite(SuiteRunnerWorker.java:53), org.testng.SuiteRunnerWorker.run(SuiteRunnerWorker.java:96), org.testng.TestNG.runSuitesSequentially(TestNG.java:1212), org.testng.TestNG.runSuitesLocally(TestNG.java:1134), org.testng.TestNG.runSuites(TestNG.java:1063), org.testng.TestNG.run(TestNG.java:1031), org.testng.remote.AbstractRemoteTestNG.run(AbstractRemoteTestNG.java:115), org.testng.remote.RemoteTestNG.initAndRun(RemoteTestNG.java:251), org.testng.remote.RemoteTestNG.main(RemoteTestNG.java:77)][0m
[DEBUG] 2023-12-12 14:05:55.604 MyListeners:103 - [1;31mScreenshot stored at: D:\My\HeroApp1Copy/screenshots/TC101_ValidOtpTestcase__T_u_e_ _D_e_c_ _1_2_ _1_4___0_5___5_4_ _I_S_T_ _2_0_2_3_.png[0m
[DEBUG] 2023-12-12 14:05:55.609 MyListeners:75 - [1;31mTC101_VALIDOTPTESTCASE - FAILURE[0m
[DEBUG] 2023-12-12 14:05:56.983 BaseClass:265 - Session gets closed
[DEBUG] 2023-12-12 14:05:56.984 BaseClass:266 - ++++++++++++++++++++++++++++++++
[DEBUG] 2023-12-12 14:14:43.344 BaseClass:276 - Starting the Appium Service....
2023-12-12 14:14:43.333
--------------------------------------------------------------
[INFO ] 2023-12-12 14:14:53.439 BaseClass:190 - PLATFORM NAME IS --> Android
[INFO ] 2023-12-12 14:14:53.440 BaseClass:192 - DEVICE NAME IS --> Pixel 3
[INFO ] 2023-12-12 14:14:53.441 BaseClass:194 - AUTOMATION NAME IS --> UiAutomator2
[INFO ] 2023-12-12 14:14:53.442 BaseClass:196 - UDID IS --> emulator-5554
[INFO ] 2023-12-12 14:14:53.444 BaseClass:210 - Android Real device gets opened
[DEBUG] 2023-12-12 14:15:14.914 BaseClass:252 - d600a079-b30a-4ab5-8e2d-607c8e807ccb
[DEBUG] 2023-12-12 14:15:14.994 MyListeners:39 - [1;30mTC101_VALIDOTPTESTCASE - STARTS[0m
[DEBUG] 2023-12-12 14:15:28.031 Generic:226 - Successfully Visibility  ----> Choose a phone number
[DEBUG] 2023-12-12 14:15:28.153 Generic:181 - Successfully Displaying ----> Choose a phone number
[DEBUG] 2023-12-12 14:15:28.696 Generic:226 - Successfully Visibility  ----> 
[DEBUG] 2023-12-12 14:15:28.929 Generic:147 - Successfully Clicked  ----> 
[DEBUG] 2023-12-12 14:15:30.917 Generic:226 - Successfully Visibility  ----> Allow
[DEBUG] 2023-12-12 14:15:31.018 Generic:181 - Successfully Displaying ----> Allow
[DEBUG] 2023-12-12 14:15:31.459 Generic:226 - Successfully Visibility  ----> Allow
[DEBUG] 2023-12-12 14:15:31.729 Generic:147 - Successfully Clicked  ----> Allow
[DEBUG] 2023-12-12 14:15:33.173 Generic:226 - Successfully Visibility  ----> Please proceed with your registered Hero mobile number
[DEBUG] 2023-12-12 14:15:34.325 Generic:226 - Successfully Visibility  ----> By tapping on login or register, you are agreeing to Hero
[DEBUG] 2023-12-12 14:15:36.381 Generic:226 - Successfully Visibility  ----> Enter mobile number
[DEBUG] 2023-12-12 14:15:36.404 Generic:160 - Successfully cleared textbox
[DEBUG] 2023-12-12 14:15:37.265 Generic:226 - Successfully Visibility  ----> Enter mobile number
[DEBUG] 2023-12-12 14:15:37.285 Generic:160 - Successfully cleared textbox
[DEBUG] 2023-12-12 14:15:37.395 Generic:215 - Successfully enter value ----> 6666600022
[DEBUG] 2023-12-12 14:15:39.637 Generic:226 - Successfully Visibility  ----> Continue
[DEBUG] 2023-12-12 14:15:40.442 Generic:147 - Successfully Clicked  ----> Continue
[DEBUG] 2023-12-12 14:15:44.245 Generic:226 - Successfully Visibility  ----> Verify with OTP
[DEBUG] 2023-12-12 14:15:51.510 Generic:226 - Successfully Visibility  ----> Verify
[DEBUG] 2023-12-12 14:15:52.363 Generic:147 - Successfully Clicked  ----> Verify
[DEBUG] 2023-12-12 14:15:59.782 Generic:226 - Successfully Visibility  ----> book service paid
[DEBUG] 2023-12-12 14:16:00.312 Generic:147 - Successfully Clicked  ----> book service paid
[DEBUG] 2023-12-12 14:16:02.180 Generic:226 - Successfully Visibility  ----> Continue
[DEBUG] 2023-12-12 14:16:02.465 Generic:147 - Successfully Clicked  ----> Continue
[DEBUG] 2023-12-12 14:16:10.019 Generic:226 - Successfully Visibility  ----> Only this time
[DEBUG] 2023-12-12 14:16:10.520 Generic:147 - Successfully Clicked  ----> Only this time
[DEBUG] 2023-12-12 14:16:12.398 Generic:226 - Successfully Visibility  ----> Allow
[DEBUG] 2023-12-12 14:16:13.043 Generic:147 - Successfully Clicked  ----> Allow
[DEBUG] 2023-12-12 14:16:14.218 Generic:226 - Successfully Visibility  ----> Allow
[DEBUG] 2023-12-12 14:16:14.672 Generic:147 - Successfully Clicked  ----> Allow
[DEBUG] 2023-12-12 14:16:16.173 Generic:226 - Successfully Visibility  ----> Allow
[DEBUG] 2023-12-12 14:16:16.411 Generic:147 - Successfully Clicked  ----> Allow
[DEBUG] 2023-12-12 14:16:17.860 Generic:226 - Successfully Visibility  ----> Allow
[DEBUG] 2023-12-12 14:16:18.102 Generic:147 - Successfully Clicked  ----> Allow
[DEBUG] 2023-12-12 14:16:19.039 Generic:226 - Successfully Visibility  ----> Allow
[DEBUG] 2023-12-12 14:16:19.246 Generic:147 - Successfully Clicked  ----> Allow
[DEBUG] 2023-12-12 14:16:20.945 Generic:226 - Successfully Visibility  ----> Edit List
[DEBUG] 2023-12-12 14:16:21.247 Generic:147 - Successfully Clicked  ----> Edit List
[DEBUG] 2023-12-12 14:16:22.342 Generic:226 - Successfully Visibility  ----> Save List
[DEBUG] 2023-12-12 14:16:22.628 Generic:147 - Successfully Clicked  ----> Save List
[DEBUG] 2023-12-12 14:16:23.592 Generic:226 - Successfully Visibility  ----> 
[DEBUG] 2023-12-12 14:16:23.755 Generic:147 - Successfully Clicked  ----> 
[DEBUG] 2023-12-12 14:16:25.376 Generic:229 - [1;31morg.openqa.selenium.StaleElementReferenceException: The element 'By.xpath: (//android.view.ViewGroup//android.widget.TextView)[1]' does not exist in DOM anymore
For documentation on this error, please visit: https://www.seleniumhq.org/exceptions/stale_element_reference.html
Build info: version: '3.141.59', revision: 'e82be7d358', time: '2018-11-14T08:17:03'
System info: host: 'DESKTOP-A2S9SMV', ip: '172.19.0.1', os.name: 'Windows 10', os.arch: 'amd64', os.version: '10.0', java.version: '17.0.9'
Driver info: io.appium.java_client.android.AndroidDriver
Capabilities {appActivity: com.customerapp.hero.views...., appPackage: com.customerapp.hero, automationName: UiAutomator2, avd: Pixel_3, avdLaunchTimeout: 400000, databaseEnabled: false, desired: {appActivity: com.customerapp.hero.views...., appPackage: com.customerapp.hero, automationName: UiAutomator2, avd: Pixel_3, avdLaunchTimeout: 400000, deviceName: Pixel 3, platformName: android, readyTimeout: 400000, udid: emulator-5554}, deviceApiLevel: 33, deviceManufacturer: Google, deviceModel: sdk_gphone64_x86_64, deviceName: emulator-5554, deviceScreenDensity: 440, deviceScreenSize: 1080x2160, deviceUDID: emulator-5554, javascriptEnabled: true, locationContextEnabled: false, networkConnectionEnabled: true, pixelRatio: 2.75, platform: LINUX, platformName: Android, platformVersion: 13, readyTimeout: 400000, statBarHeight: 66, takesScreenshot: true, udid: emulator-5554, viewportRect: {height: 2028, left: 0, top: 66, width: 1080}, warnings: {}, webStorageEnabled: false}
Session ID: d600a079-b30a-4ab5-8e2d-607c8e807ccb[0m
[DEBUG] 2023-12-12 14:16:26.100 Generic:226 - Successfully Visibility  ----> You are using
[DEBUG] 2023-12-12 14:16:26.731 Generic:226 - Successfully Visibility  ----> Vehicle Details
[DEBUG] 2023-12-12 14:16:27.197 Generic:226 - Successfully Visibility  ----> Wheels of Trust
[DEBUG] 2023-12-12 14:16:27.711 Generic:226 - Successfully Visibility  ----> Joyride
[DEBUG] 2023-12-12 14:16:38.942 Generic:226 - Successfully Visibility  ----> App Ver 9.1.8
[DEBUG] 2023-12-12 14:16:39.495 Generic:226 - Successfully Visibility  ----> Logout
[DEBUG] 2023-12-12 14:16:39.965 Generic:147 - Successfully Clicked  ----> Logout
[DEBUG] 2023-12-12 14:16:41.360 Generic:226 - Successfully Visibility  ----> Logout
[DEBUG] 2023-12-12 14:16:41.685 Generic:226 - Successfully Visibility  ----> Are you sure to logout?
[DEBUG] 2023-12-12 14:16:42.152 Generic:226 - Successfully Visibility  ----> YES
[DEBUG] 2023-12-12 14:16:42.376 Generic:147 - Successfully Clicked  ----> YES
[DEBUG] 2023-12-12 14:20:35.752 BaseClass:276 - Starting the Appium Service....
2023-12-12 14:20:35.742
--------------------------------------------------------------
[INFO ] 2023-12-12 14:20:45.876 BaseClass:190 - PLATFORM NAME IS --> Android
[INFO ] 2023-12-12 14:20:45.878 BaseClass:192 - DEVICE NAME IS --> Pixel 3
[INFO ] 2023-12-12 14:20:45.881 BaseClass:194 - AUTOMATION NAME IS --> UiAutomator2
[INFO ] 2023-12-12 14:20:45.882 BaseClass:196 - UDID IS --> emulator-5554
[INFO ] 2023-12-12 14:20:45.885 BaseClass:210 - Android Real device gets opened
[DEBUG] 2023-12-12 14:21:30.594 BaseClass:252 - be7ad7d1-4fee-415c-8af1-e8555c3710db
[DEBUG] 2023-12-12 14:21:30.659 MyListeners:39 - [1;30mTC101_VALIDOTPTESTCASE - STARTS[0m
[DEBUG] 2023-12-12 14:21:46.041 Generic:226 - Successfully Visibility  ----> Choose a phone number
[DEBUG] 2023-12-12 14:21:46.207 Generic:181 - Successfully Displaying ----> Choose a phone number
[DEBUG] 2023-12-12 14:21:46.853 Generic:226 - Successfully Visibility  ----> 
[DEBUG] 2023-12-12 14:21:47.063 Generic:147 - Successfully Clicked  ----> 
[DEBUG] 2023-12-12 14:21:49.497 Generic:226 - Successfully Visibility  ----> Allow
[DEBUG] 2023-12-12 14:21:49.648 Generic:181 - Successfully Displaying ----> Allow
[DEBUG] 2023-12-12 14:21:50.041 Generic:226 - Successfully Visibility  ----> Allow
[DEBUG] 2023-12-12 14:21:50.361 Generic:147 - Successfully Clicked  ----> Allow
[DEBUG] 2023-12-12 14:21:52.233 Generic:226 - Successfully Visibility  ----> Please proceed with your registered Hero mobile number
[DEBUG] 2023-12-12 14:21:53.531 Generic:226 - Successfully Visibility  ----> By tapping on login or register, you are agreeing to Hero
[DEBUG] 2023-12-12 14:21:55.552 Generic:226 - Successfully Visibility  ----> Enter mobile number
[DEBUG] 2023-12-12 14:21:55.565 Generic:160 - Successfully cleared textbox
[DEBUG] 2023-12-12 14:21:56.382 Generic:226 - Successfully Visibility  ----> Enter mobile number
[DEBUG] 2023-12-12 14:21:56.392 Generic:160 - Successfully cleared textbox
[DEBUG] 2023-12-12 14:21:56.496 Generic:215 - Successfully enter value ----> 6666600022
[DEBUG] 2023-12-12 14:21:58.488 Generic:226 - Successfully Visibility  ----> Continue
[DEBUG] 2023-12-12 14:21:58.752 Generic:147 - Successfully Clicked  ----> Continue
[DEBUG] 2023-12-12 14:22:03.064 Generic:226 - Successfully Visibility  ----> Verify with OTP
[DEBUG] 2023-12-12 14:22:11.290 Generic:226 - Successfully Visibility  ----> Verify
[DEBUG] 2023-12-12 14:22:12.170 Generic:147 - Successfully Clicked  ----> Verify
[DEBUG] 2023-12-12 14:22:19.339 Generic:226 - Successfully Visibility  ----> book service paid
[DEBUG] 2023-12-12 14:22:19.849 Generic:147 - Successfully Clicked  ----> book service paid
[DEBUG] 2023-12-12 14:22:21.134 Generic:226 - Successfully Visibility  ----> Continue
[DEBUG] 2023-12-12 14:22:21.423 Generic:147 - Successfully Clicked  ----> Continue
[DEBUG] 2023-12-12 14:22:28.934 Generic:226 - Successfully Visibility  ----> Only this time
[DEBUG] 2023-12-12 14:22:30.256 Generic:147 - Successfully Clicked  ----> Only this time
[DEBUG] 2023-12-12 14:22:31.987 Generic:226 - Successfully Visibility  ----> Allow
[DEBUG] 2023-12-12 14:22:32.438 Generic:147 - Successfully Clicked  ----> Allow
[DEBUG] 2023-12-12 14:22:33.783 Generic:226 - Successfully Visibility  ----> Allow
[DEBUG] 2023-12-12 14:22:34.097 Generic:147 - Successfully Clicked  ----> Allow
[DEBUG] 2023-12-12 14:22:35.596 Generic:226 - Successfully Visibility  ----> Allow
[DEBUG] 2023-12-12 14:22:35.843 Generic:147 - Successfully Clicked  ----> Allow
[DEBUG] 2023-12-12 14:22:37.163 Generic:226 - Successfully Visibility  ----> Allow
[DEBUG] 2023-12-12 14:22:37.448 Generic:147 - Successfully Clicked  ----> Allow
[DEBUG] 2023-12-12 14:22:38.438 Generic:226 - Successfully Visibility  ----> Allow
[DEBUG] 2023-12-12 14:22:38.695 Generic:147 - Successfully Clicked  ----> Allow
[DEBUG] 2023-12-12 14:22:40.123 Generic:226 - Successfully Visibility  ----> Edit List
[DEBUG] 2023-12-12 14:22:40.344 Generic:147 - Successfully Clicked  ----> Edit List
[DEBUG] 2023-12-12 14:22:41.349 Generic:226 - Successfully Visibility  ----> Save List
[DEBUG] 2023-12-12 14:22:41.609 Generic:147 - Successfully Clicked  ----> Save List
[DEBUG] 2023-12-12 14:22:42.566 Generic:226 - Successfully Visibility  ----> 
[DEBUG] 2023-12-12 14:22:42.777 Generic:147 - Successfully Clicked  ----> 
[DEBUG] 2023-12-12 14:22:44.503 Generic:229 - [1;31morg.openqa.selenium.StaleElementReferenceException: The element 'By.xpath: (//android.view.ViewGroup//android.widget.TextView)[1]' does not exist in DOM anymore
For documentation on this error, please visit: https://www.seleniumhq.org/exceptions/stale_element_reference.html
Build info: version: '3.141.59', revision: 'e82be7d358', time: '2018-11-14T08:17:03'
System info: host: 'DESKTOP-A2S9SMV', ip: '172.19.0.1', os.name: 'Windows 10', os.arch: 'amd64', os.version: '10.0', java.version: '17.0.9'
Driver info: io.appium.java_client.android.AndroidDriver
Capabilities {appActivity: com.customerapp.hero.views...., appPackage: com.customerapp.hero, automationName: UiAutomator2, avd: Pixel_3, avdLaunchTimeout: 400000, databaseEnabled: false, desired: {appActivity: com.customerapp.hero.views...., appPackage: com.customerapp.hero, automationName: UiAutomator2, avd: Pixel_3, avdLaunchTimeout: 400000, deviceName: Pixel 3, platformName: android, readyTimeout: 400000, udid: emulator-5554}, deviceApiLevel: 33, deviceManufacturer: Google, deviceModel: sdk_gphone64_x86_64, deviceName: emulator-5554, deviceScreenDensity: 440, deviceScreenSize: 1080x2160, deviceUDID: emulator-5554, javascriptEnabled: true, locationContextEnabled: false, networkConnectionEnabled: true, pixelRatio: 2.75, platform: LINUX, platformName: Android, platformVersion: 13, readyTimeout: 400000, statBarHeight: 66, takesScreenshot: true, udid: emulator-5554, viewportRect: {height: 2028, left: 0, top: 66, width: 1080}, warnings: {}, webStorageEnabled: false}
Session ID: be7ad7d1-4fee-415c-8af1-e8555c3710db[0m
[DEBUG] 2023-12-12 14:22:45.038 Generic:226 - Successfully Visibility  ----> You are using
[DEBUG] 2023-12-12 14:22:45.656 Generic:226 - Successfully Visibility  ----> Vehicle Details
[DEBUG] 2023-12-12 14:22:46.181 Generic:226 - Successfully Visibility  ----> Wheels of Trust
[DEBUG] 2023-12-12 14:22:46.658 Generic:226 - Successfully Visibility  ----> Joyride
[DEBUG] 2023-12-12 14:22:56.497 Generic:226 - Successfully Visibility  ----> App Ver 9.1.8
[DEBUG] 2023-12-12 14:22:57.033 Generic:226 - Successfully Visibility  ----> Logout
[DEBUG] 2023-12-12 14:22:57.496 Generic:147 - Successfully Clicked  ----> Logout
[DEBUG] 2023-12-12 14:22:59.020 Generic:226 - Successfully Visibility  ----> Logout
[DEBUG] 2023-12-12 14:22:59.315 Generic:226 - Successfully Visibility  ----> Are you sure to logout?
[DEBUG] 2023-12-12 14:22:59.810 Generic:226 - Successfully Visibility  ----> YES
[DEBUG] 2023-12-12 14:23:00.019 Generic:147 - Successfully Clicked  ----> YES
[DEBUG] 2023-12-12 14:23:08.189 Generic:226 - Successfully Visibility  ----> Login
[DEBUG] 2023-12-12 14:23:08.275 MyListeners:47 - [1;32mTC101_VALIDOTPTESTCASE - PASSED[0m
[DEBUG] 2023-12-12 14:23:09.272 BaseClass:265 - Session gets closed
[DEBUG] 2023-12-12 14:23:09.273 BaseClass:266 - ++++++++++++++++++++++++++++++++
[DEBUG] 2023-12-12 14:29:06.470 BaseClass:276 - Starting the Appium Service....
2023-12-12 14:29:06.463
--------------------------------------------------------------
[INFO ] 2023-12-12 14:29:16.558 BaseClass:190 - PLATFORM NAME IS --> Android
[INFO ] 2023-12-12 14:29:16.560 BaseClass:192 - DEVICE NAME IS --> Pixel 3
[INFO ] 2023-12-12 14:29:16.561 BaseClass:194 - AUTOMATION NAME IS --> UiAutomator2
[INFO ] 2023-12-12 14:29:16.563 BaseClass:196 - UDID IS --> emulator-5554
[INFO ] 2023-12-12 14:29:16.564 BaseClass:210 - Android Real device gets opened
[DEBUG] 2023-12-12 14:29:41.535 BaseClass:252 - 942b177e-2f6a-4984-bb4b-90bc0a8e88e6
[DEBUG] 2023-12-12 14:29:41.623 MyListeners:39 - [1;30mTC101_VALIDOTPTESTCASE - STARTS[0m
[DEBUG] 2023-12-12 14:29:53.916 Generic:226 - Successfully Visibility  ----> Choose a phone number
[DEBUG] 2023-12-12 14:29:54.534 Generic:181 - Successfully Displaying ----> Choose a phone number
[DEBUG] 2023-12-12 14:29:55.062 Generic:226 - Successfully Visibility  ----> 
[DEBUG] 2023-12-12 14:29:55.399 Generic:147 - Successfully Clicked  ----> 
[DEBUG] 2023-12-12 14:29:57.221 Generic:226 - Successfully Visibility  ----> Allow
[DEBUG] 2023-12-12 14:29:57.347 Generic:181 - Successfully Displaying ----> Allow
[DEBUG] 2023-12-12 14:29:57.731 Generic:226 - Successfully Visibility  ----> Allow
[DEBUG] 2023-12-12 14:29:58.009 Generic:147 - Successfully Clicked  ----> Allow
[DEBUG] 2023-12-12 14:29:59.564 Generic:226 - Successfully Visibility  ----> Please proceed with your registered Hero mobile number
[DEBUG] 2023-12-12 14:30:01.175 Generic:226 - Successfully Visibility  ----> By tapping on login or register, you are agreeing to Hero
[DEBUG] 2023-12-12 14:30:03.075 Generic:226 - Successfully Visibility  ----> Enter mobile number
[DEBUG] 2023-12-12 14:30:03.088 Generic:160 - Successfully cleared textbox
[DEBUG] 2023-12-12 14:30:03.895 Generic:226 - Successfully Visibility  ----> Enter mobile number
[DEBUG] 2023-12-12 14:30:03.902 Generic:160 - Successfully cleared textbox
[DEBUG] 2023-12-12 14:30:04.002 Generic:215 - Successfully enter value ----> 6666600022
[DEBUG] 2023-12-12 14:30:06.359 Generic:226 - Successfully Visibility  ----> Continue
[DEBUG] 2023-12-12 14:30:07.219 Generic:147 - Successfully Clicked  ----> Continue
[DEBUG] 2023-12-12 14:30:11.326 Generic:226 - Successfully Visibility  ----> Verify with OTP
[DEBUG] 2023-12-12 14:30:19.337 Generic:226 - Successfully Visibility  ----> Verify
[DEBUG] 2023-12-12 14:30:20.191 Generic:147 - Successfully Clicked  ----> Verify
[DEBUG] 2023-12-12 14:30:27.460 Generic:226 - Successfully Visibility  ----> book service paid
[DEBUG] 2023-12-12 14:30:27.897 Generic:147 - Successfully Clicked  ----> book service paid
[DEBUG] 2023-12-12 14:30:29.591 Generic:226 - Successfully Visibility  ----> Continue
[DEBUG] 2023-12-12 14:30:29.903 Generic:147 - Successfully Clicked  ----> Continue
[DEBUG] 2023-12-12 14:30:36.151 Generic:226 - Successfully Visibility  ----> Only this time
[DEBUG] 2023-12-12 14:30:36.473 Generic:147 - Successfully Clicked  ----> Only this time
[DEBUG] 2023-12-12 14:30:39.115 Generic:226 - Successfully Visibility  ----> Allow
[DEBUG] 2023-12-12 14:30:39.482 Generic:147 - Successfully Clicked  ----> Allow
[DEBUG] 2023-12-12 14:30:40.467 Generic:226 - Successfully Visibility  ----> Allow
[DEBUG] 2023-12-12 14:30:40.880 Generic:147 - Successfully Clicked  ----> Allow
[DEBUG] 2023-12-12 14:30:42.374 Generic:226 - Successfully Visibility  ----> Allow
[DEBUG] 2023-12-12 14:30:42.656 Generic:147 - Successfully Clicked  ----> Allow
[DEBUG] 2023-12-12 14:30:44.109 Generic:226 - Successfully Visibility  ----> Allow
[DEBUG] 2023-12-12 14:30:44.347 Generic:147 - Successfully Clicked  ----> Allow
[DEBUG] 2023-12-12 14:30:45.235 Generic:226 - Successfully Visibility  ----> Allow
[DEBUG] 2023-12-12 14:30:45.466 Generic:147 - Successfully Clicked  ----> Allow
[DEBUG] 2023-12-12 14:30:47.020 Generic:226 - Successfully Visibility  ----> Edit List
[DEBUG] 2023-12-12 14:30:47.222 Generic:147 - Successfully Clicked  ----> Edit List
[DEBUG] 2023-12-12 14:30:48.275 Generic:226 - Successfully Visibility  ----> Save List
[DEBUG] 2023-12-12 14:30:48.584 Generic:147 - Successfully Clicked  ----> Save List
[DEBUG] 2023-12-12 14:30:49.537 Generic:226 - Successfully Visibility  ----> 
[DEBUG] 2023-12-12 14:30:49.747 Generic:147 - Successfully Clicked  ----> 
[DEBUG] 2023-12-12 14:30:51.461 Generic:229 - [1;31morg.openqa.selenium.StaleElementReferenceException: The element 'By.xpath: (//android.view.ViewGroup//android.widget.TextView)[1]' does not exist in DOM anymore
For documentation on this error, please visit: https://www.seleniumhq.org/exceptions/stale_element_reference.html
Build info: version: '3.141.59', revision: 'e82be7d358', time: '2018-11-14T08:17:03'
System info: host: 'DESKTOP-A2S9SMV', ip: '172.19.0.1', os.name: 'Windows 10', os.arch: 'amd64', os.version: '10.0', java.version: '17.0.9'
Driver info: io.appium.java_client.android.AndroidDriver
Capabilities {appActivity: com.customerapp.hero.views...., appPackage: com.customerapp.hero, automationName: UiAutomator2, avd: Pixel_3, avdLaunchTimeout: 400000, databaseEnabled: false, desired: {appActivity: com.customerapp.hero.views...., appPackage: com.customerapp.hero, automationName: UiAutomator2, avd: Pixel_3, avdLaunchTimeout: 400000, deviceName: Pixel 3, platformName: android, readyTimeout: 400000, udid: emulator-5554}, deviceApiLevel: 33, deviceManufacturer: Google, deviceModel: sdk_gphone64_x86_64, deviceName: emulator-5554, deviceScreenDensity: 440, deviceScreenSize: 1080x2160, deviceUDID: emulator-5554, javascriptEnabled: true, locationContextEnabled: false, networkConnectionEnabled: true, pixelRatio: 2.75, platform: LINUX, platformName: Android, platformVersion: 13, readyTimeout: 400000, statBarHeight: 66, takesScreenshot: true, udid: emulator-5554, viewportRect: {height: 2028, left: 0, top: 66, width: 1080}, warnings: {}, webStorageEnabled: false}
Session ID: 942b177e-2f6a-4984-bb4b-90bc0a8e88e6[0m
[DEBUG] 2023-12-12 14:30:52.069 Generic:226 - Successfully Visibility  ----> You are using
[DEBUG] 2023-12-12 14:30:52.702 Generic:226 - Successfully Visibility  ----> Vehicle Details
[DEBUG] 2023-12-12 14:30:53.062 Generic:226 - Successfully Visibility  ----> Wheels of Trust
[DEBUG] 2023-12-12 14:30:53.603 Generic:226 - Successfully Visibility  ----> Joyride
[DEBUG] 2023-12-12 14:31:03.103 Generic:226 - Successfully Visibility  ----> App Ver 9.1.8
[DEBUG] 2023-12-12 14:31:03.706 Generic:226 - Successfully Visibility  ----> Logout
[DEBUG] 2023-12-12 14:31:04.132 Generic:147 - Successfully Clicked  ----> Logout
[DEBUG] 2023-12-12 14:31:05.475 Generic:226 - Successfully Visibility  ----> Logout
[DEBUG] 2023-12-12 14:31:05.789 Generic:226 - Successfully Visibility  ----> Are you sure to logout?
[DEBUG] 2023-12-12 14:31:06.059 Generic:226 - Successfully Visibility  ----> YES
[DEBUG] 2023-12-12 14:31:06.380 Generic:147 - Successfully Clicked  ----> YES
[DEBUG] 2023-12-12 14:31:10.492 Generic:226 - Successfully Visibility  ----> 
[DEBUG] 2023-12-12 14:31:10.753 Generic:147 - Successfully Clicked  ----> 
[DEBUG] 2023-12-12 14:31:12.622 Generic:226 - Successfully Visibility  ----> Login
[DEBUG] 2023-12-12 14:31:12.694 MyListeners:47 - [1;32mTC101_VALIDOTPTESTCASE - PASSED[0m
[DEBUG] 2023-12-12 14:31:13.455 BaseClass:265 - Session gets closed
[DEBUG] 2023-12-12 14:31:13.456 BaseClass:266 - ++++++++++++++++++++++++++++++++
[DEBUG] 2023-12-12 15:14:35.867 BaseClass:276 - Starting the Appium Service....
2023-12-12 15:14:35.860
--------------------------------------------------------------
[INFO ] 2023-12-12 15:14:45.945 BaseClass:190 - PLATFORM NAME IS --> Android
[INFO ] 2023-12-12 15:14:45.948 BaseClass:192 - DEVICE NAME IS --> Pixel 3
[INFO ] 2023-12-12 15:14:45.949 BaseClass:194 - AUTOMATION NAME IS --> UiAutomator2
[INFO ] 2023-12-12 15:14:45.950 BaseClass:196 - UDID IS --> emulator-5554
[INFO ] 2023-12-12 15:14:45.951 BaseClass:210 - Android Real device gets opened
[DEBUG] 2023-12-12 15:15:12.989 BaseClass:252 - 8464e068-ba76-43c5-a846-5b998325c573
[DEBUG] 2023-12-12 15:15:13.110 MyListeners:39 - [1;30mTC601_VALIDATEDASHBOARDVIDEO - STARTS[0m
[DEBUG] 2023-12-12 15:15:27.421 Generic:226 - Successfully Visibility  ----> Choose a phone number
[DEBUG] 2023-12-12 15:15:27.529 Generic:181 - Successfully Displaying ----> Choose a phone number
[DEBUG] 2023-12-12 15:15:27.925 Generic:226 - Successfully Visibility  ----> 
[DEBUG] 2023-12-12 15:15:28.331 Generic:147 - Successfully Clicked  ----> 
[DEBUG] 2023-12-12 15:15:30.196 Generic:226 - Successfully Visibility  ----> Allow
[DEBUG] 2023-12-12 15:15:30.323 Generic:181 - Successfully Displaying ----> Allow
[DEBUG] 2023-12-12 15:15:30.666 Generic:226 - Successfully Visibility  ----> Allow
[DEBUG] 2023-12-12 15:15:30.947 Generic:147 - Successfully Clicked  ----> Allow
[DEBUG] 2023-12-12 15:15:32.315 Generic:226 - Successfully Visibility  ----> Please proceed with your registered Hero mobile number
[DEBUG] 2023-12-12 15:15:32.925 Generic:226 - Successfully Visibility  ----> By tapping on login or register, you are agreeing to Hero
[DEBUG] 2023-12-12 15:15:34.879 Generic:226 - Successfully Visibility  ----> Enter mobile number
[DEBUG] 2023-12-12 15:15:34.890 Generic:160 - Successfully cleared textbox
[DEBUG] 2023-12-12 15:15:35.790 Generic:226 - Successfully Visibility  ----> Enter mobile number
[DEBUG] 2023-12-12 15:15:35.817 Generic:160 - Successfully cleared textbox
[DEBUG] 2023-12-12 15:15:35.922 Generic:215 - Successfully enter value ----> 6666600022
[DEBUG] 2023-12-12 15:15:37.881 Generic:226 - Successfully Visibility  ----> Continue
[DEBUG] 2023-12-12 15:15:38.221 Generic:147 - Successfully Clicked  ----> Continue
[DEBUG] 2023-12-12 15:15:41.965 Generic:226 - Successfully Visibility  ----> Verify with OTP
[DEBUG] 2023-12-12 15:15:49.139 Generic:226 - Successfully Visibility  ----> Verify
[DEBUG] 2023-12-12 15:15:49.892 Generic:147 - Successfully Clicked  ----> Verify
[DEBUG] 2023-12-12 15:15:57.166 Generic:226 - Successfully Visibility  ----> book service paid
[DEBUG] 2023-12-12 15:15:57.766 Generic:147 - Successfully Clicked  ----> book service paid
[DEBUG] 2023-12-12 15:15:58.876 Generic:226 - Successfully Visibility  ----> Continue
[DEBUG] 2023-12-12 15:15:59.202 Generic:147 - Successfully Clicked  ----> Continue
[DEBUG] 2023-12-12 15:16:05.918 Generic:226 - Successfully Visibility  ----> Only this time
[DEBUG] 2023-12-12 15:16:06.240 Generic:147 - Successfully Clicked  ----> Only this time
[DEBUG] 2023-12-12 15:16:08.022 Generic:226 - Successfully Visibility  ----> Allow
[DEBUG] 2023-12-12 15:16:08.360 Generic:147 - Successfully Clicked  ----> Allow
[DEBUG] 2023-12-12 15:16:09.359 Generic:226 - Successfully Visibility  ----> Allow
[DEBUG] 2023-12-12 15:16:09.702 Generic:147 - Successfully Clicked  ----> Allow
[DEBUG] 2023-12-12 15:16:11.215 Generic:226 - Successfully Visibility  ----> Allow
[DEBUG] 2023-12-12 15:16:11.535 Generic:147 - Successfully Clicked  ----> Allow
[DEBUG] 2023-12-12 15:16:12.999 Generic:226 - Successfully Visibility  ----> Allow
[DEBUG] 2023-12-12 15:16:13.252 Generic:147 - Successfully Clicked  ----> Allow
[DEBUG] 2023-12-12 15:16:14.223 Generic:226 - Successfully Visibility  ----> Allow
[DEBUG] 2023-12-12 15:16:14.461 Generic:147 - Successfully Clicked  ----> Allow
[DEBUG] 2023-12-12 15:17:14.895 Generic:229 - [1;31morg.openqa.selenium.TimeoutException: Expected condition failed: waiting for visibility of Proxy element for: DefaultElementLocator 'By.id: com.customerapp.hero:id/iv_pause' (tried for 15 second(s) with 500 milliseconds interval)[0m
[DEBUG] 2023-12-12 15:17:45.058 Dashboard_Page_object:199 - [1;31morg.openqa.selenium.NoSuchElementException: An element could not be located on the page using the given search parameters.
For documentation on this error, please visit: https://www.seleniumhq.org/exceptions/no_such_element.html
Build info: version: '3.141.59', revision: 'e82be7d358', time: '2018-11-14T08:17:03'
System info: host: 'DESKTOP-A2S9SMV', ip: '172.19.0.1', os.name: 'Windows 10', os.arch: 'amd64', os.version: '10.0', java.version: '17.0.9'
Driver info: io.appium.java_client.android.AndroidDriver
Capabilities {appActivity: com.customerapp.hero.views...., appPackage: com.customerapp.hero, automationName: UiAutomator2, avd: Pixel_3, avdLaunchTimeout: 400000, databaseEnabled: false, desired: {appActivity: com.customerapp.hero.views...., appPackage: com.customerapp.hero, automationName: UiAutomator2, avd: Pixel_3, avdLaunchTimeout: 400000, deviceName: Pixel 3, platformName: android, readyTimeout: 400000, udid: emulator-5554}, deviceApiLevel: 33, deviceManufacturer: Google, deviceModel: sdk_gphone64_x86_64, deviceName: emulator-5554, deviceScreenDensity: 440, deviceScreenSize: 1080x2160, deviceUDID: emulator-5554, javascriptEnabled: true, locationContextEnabled: false, networkConnectionEnabled: true, pixelRatio: 2.75, platform: LINUX, platformName: Android, platformVersion: 13, readyTimeout: 400000, statBarHeight: 66, takesScreenshot: true, udid: emulator-5554, viewportRect: {height: 2028, left: 0, top: 66, width: 1080}, warnings: {}, webStorageEnabled: false}
Session ID: 8464e068-ba76-43c5-a846-5b998325c573
*** Element info: {Using=id, value=com.customerapp.hero:id/iv_pause}[0m
[DEBUG] 2023-12-12 15:17:45.059 Dashboard_Page_object:201 - [1;31mDasdhboard video is not displaying [0m
[DEBUG] 2023-12-12 15:17:45.067 MyListeners:59 - [1;31m[org.testng.Assert.fail(Assert.java:99), org.testng.Assert.fail(Assert.java:106), com.oneapp.pageobjects.Dashboard_Page_object.toCheckDashboardVideoOrNot(Dashboard_Page_object.java:203), com.oneapp.test_suits.DashboardTestCases.TC601_ValidateDashboardVideo(DashboardTestCases.java:79), java.base/jdk.internal.reflect.NativeMethodAccessorImpl.invoke0(Native Method), java.base/jdk.internal.reflect.NativeMethodAccessorImpl.invoke(NativeMethodAccessorImpl.java:77), java.base/jdk.internal.reflect.DelegatingMethodAccessorImpl.invoke(DelegatingMethodAccessorImpl.java:43), java.base/java.lang.reflect.Method.invoke(Method.java:568), org.testng.internal.MethodInvocationHelper.invokeMethod(MethodInvocationHelper.java:133), org.testng.internal.TestInvoker.invokeMethod(TestInvoker.java:598), org.testng.internal.TestInvoker.invokeTestMethod(TestInvoker.java:173), org.testng.internal.MethodRunner.runInSequence(MethodRunner.java:46), org.testng.internal.TestInvoker$MethodInvocationAgent.invoke(TestInvoker.java:824), org.testng.internal.TestInvoker.invokeTestMethods(TestInvoker.java:146), org.testng.internal.TestMethodWorker.invokeTestMethods(TestMethodWorker.java:146), org.testng.internal.TestMethodWorker.run(TestMethodWorker.java:128), java.base/java.util.ArrayList.forEach(ArrayList.java:1511), org.testng.TestRunner.privateRun(TestRunner.java:794), org.testng.TestRunner.run(TestRunner.java:596), org.testng.SuiteRunner.runTest(SuiteRunner.java:377), org.testng.SuiteRunner.runSequentially(SuiteRunner.java:371), org.testng.SuiteRunner.privateRun(SuiteRunner.java:332), org.testng.SuiteRunner.run(SuiteRunner.java:276), org.testng.SuiteRunnerWorker.runSuite(SuiteRunnerWorker.java:53), org.testng.SuiteRunnerWorker.run(SuiteRunnerWorker.java:96), org.testng.TestNG.runSuitesSequentially(TestNG.java:1212), org.testng.TestNG.runSuitesLocally(TestNG.java:1134), org.testng.TestNG.runSuites(TestNG.java:1063), org.testng.TestNG.run(TestNG.java:1031), org.testng.remote.AbstractRemoteTestNG.run(AbstractRemoteTestNG.java:115), org.testng.remote.RemoteTestNG.initAndRun(RemoteTestNG.java:251), org.testng.remote.RemoteTestNG.main(RemoteTestNG.java:77)][0m
[DEBUG] 2023-12-12 15:17:46.613 MyListeners:103 - [1;31mScreenshot stored at: D:\My\HeroApp1Copy/screenshots/TC601_ValidateDashboardVideo__T_u_e_ _D_e_c_ _1_2_ _1_5___1_7___4_5_ _I_S_T_ _2_0_2_3_.png[0m
[DEBUG] 2023-12-12 15:17:46.620 MyListeners:75 - [1;31mTC601_VALIDATEDASHBOARDVIDEO - FAILURE[0m
[DEBUG] 2023-12-12 15:17:47.373 BaseClass:265 - Session gets closed
[DEBUG] 2023-12-12 15:17:47.374 BaseClass:266 - ++++++++++++++++++++++++++++++++
