[DEBUG] 2024-02-21 12:16:12.531 BaseClass:250 - Starting the Appium Service....
2024-02-21 12:16:12.516
--------------------------------------------------------------
[DEBUG] 2024-02-21 12:17:20.914 BaseClass:226 - 6c5aaad3-5c72-4bb8-b2ec-5ae35f5b13c1
[DEBUG] 2024-02-21 12:17:20.973 MyListeners:39 - [1;30mTC503_VALIDATEVEHICLEEXCHANGETESTCASE - STARTS[0m
[DEBUG] 2024-02-21 12:17:30.349 Generic:199 - Successfully Visibility  ----> Registered mobile number
[DEBUG] 2024-02-21 12:17:30.434 Generic:136 - Successfully cleared textbox
[DEBUG] 2024-02-21 12:17:32.459 Generic:199 - Successfully Visibility  ----> Registered mobile number
[DEBUG] 2024-02-21 12:17:32.574 Generic:136 - Successfully cleared textbox
[DEBUG] 2024-02-21 12:17:32.821 Generic:188 - Successfully enter value ----> 8800996677
[DEBUG] 2024-02-21 12:17:36.083 Generic:199 - Successfully Visibility  ----> Continue
[DEBUG] 2024-02-21 12:17:37.850 Generic:123 - Successfully Clicked  ----> Continue
[DEBUG] 2024-02-21 12:17:42.283 Generic:199 - Successfully Visibility  ----> Verify with OTP
[DEBUG] 2024-02-21 12:17:52.412 Generic:199 - Successfully Visibility  ----> Verify
[DEBUG] 2024-02-21 12:17:55.320 Generic:123 - Successfully Clicked  ----> Verify
[DEBUG] 2024-02-21 12:18:03.350 Generic:199 - Successfully Visibility  ----> book service paid
[DEBUG] 2024-02-21 12:18:04.883 Generic:123 - Successfully Clicked  ----> book service paid
[DEBUG] 2024-02-21 12:18:07.897 Generic:199 - Successfully Visibility  ----> Continue
[DEBUG] 2024-02-21 12:18:09.594 Generic:123 - Successfully Clicked  ----> Continue
[DEBUG] 2024-02-21 12:18:18.206 Generic:199 - Successfully Visibility  ----> 
[DEBUG] 2024-02-21 12:18:19.184 Generic:199 - Successfully Visibility  ----> 
[DEBUG] 2024-02-21 12:18:20.006 Generic:123 - Successfully Clicked  ----> 
[DEBUG] 2024-02-21 12:18:23.236 Generic:199 - Successfully Visibility  ----> 
[DEBUG] 2024-02-21 12:18:25.695 Generic:123 - Successfully Clicked  ----> 
[DEBUG] 2024-02-21 12:18:29.964 Generic:199 - Successfully Visibility  ----> 
[DEBUG] 2024-02-21 12:18:31.717 Generic:123 - Successfully Clicked  ----> 
[DEBUG] 2024-02-21 12:18:35.692 Generic:199 - Successfully Visibility  ----> City to sell vehicle
[DEBUG] 2024-02-21 12:18:35.765 Generic:136 - Successfully cleared textbox
[DEBUG] 2024-02-21 12:18:36.284 Generic:188 - Successfully enter value ----> new delhi
[DEBUG] 2024-02-21 12:18:42.199 Generic:199 - Successfully Visibility  ----> New Delhi (Delhi)
[DEBUG] 2024-02-21 12:18:43.699 Generic:123 - Successfully Clicked  ----> New Delhi (Delhi)
[DEBUG] 2024-02-21 12:18:46.315 Generic:199 - Successfully Visibility  ----> PIN Code* 
[DEBUG] 2024-02-21 12:18:46.402 Generic:136 - Successfully cleared textbox
[DEBUG] 2024-02-21 12:18:46.911 Generic:188 - Successfully enter value ----> 110091
[DEBUG] 2024-02-21 12:18:49.748 Generic:199 - Successfully Visibility  ----> Next
[DEBUG] 2024-02-21 12:18:51.298 Generic:123 - Successfully Clicked  ----> Next
[DEBUG] 2024-02-21 12:18:54.014 MyListeners:49 - [1;32mTC503_VALIDATEVEHICLEEXCHANGETESTCASE - PASSED[0m
[DEBUG] 2024-02-21 12:18:54.797 BaseClass:240 - ++++++++++++++++++++++++++++++++
[DEBUG] 2024-02-21 12:21:01.184 BaseClass:250 - Starting the Appium Service....
2024-02-21 12:21:01.178
--------------------------------------------------------------
[DEBUG] 2024-02-21 12:22:30.851 BaseClass:226 - 71050e97-00e2-4fce-8464-d1a287f4199c
[DEBUG] 2024-02-21 12:22:30.935 MyListeners:39 - [1;30mTC503_VALIDATEVEHICLEEXCHANGETESTCASE - STARTS[0m
[DEBUG] 2024-02-21 12:22:39.984 Generic:199 - Successfully Visibility  ----> Registered mobile number
[DEBUG] 2024-02-21 12:22:40.086 Generic:136 - Successfully cleared textbox
[DEBUG] 2024-02-21 12:22:42.709 Generic:199 - Successfully Visibility  ----> Registered mobile number
[DEBUG] 2024-02-21 12:22:42.808 Generic:136 - Successfully cleared textbox
[DEBUG] 2024-02-21 12:22:43.280 Generic:188 - Successfully enter value ----> 8800996677
[DEBUG] 2024-02-21 12:22:47.297 Generic:199 - Successfully Visibility  ----> Continue
[DEBUG] 2024-02-21 12:22:49.007 Generic:123 - Successfully Clicked  ----> Continue
[DEBUG] 2024-02-21 12:22:53.894 Generic:199 - Successfully Visibility  ----> Verify with OTP
[DEBUG] 2024-02-21 12:23:04.170 Generic:199 - Successfully Visibility  ----> Verify
[DEBUG] 2024-02-21 12:23:07.815 Generic:123 - Successfully Clicked  ----> Verify
[DEBUG] 2024-02-21 12:23:14.939 Generic:199 - Successfully Visibility  ----> book service paid
[DEBUG] 2024-02-21 12:23:17.245 Generic:123 - Successfully Clicked  ----> book service paid
[DEBUG] 2024-02-21 12:23:20.407 Generic:199 - Successfully Visibility  ----> Continue
[DEBUG] 2024-02-21 12:23:22.221 Generic:123 - Successfully Clicked  ----> Continue
[DEBUG] 2024-02-21 12:23:29.318 Generic:199 - Successfully Visibility  ----> 
[DEBUG] 2024-02-21 12:23:30.416 Generic:199 - Successfully Visibility  ----> 
[DEBUG] 2024-02-21 12:23:31.313 Generic:123 - Successfully Clicked  ----> 
[DEBUG] 2024-02-21 12:23:34.226 Generic:199 - Successfully Visibility  ----> 
[DEBUG] 2024-02-21 12:23:36.449 Generic:123 - Successfully Clicked  ----> 
[DEBUG] 2024-02-21 12:23:41.007 Generic:199 - Successfully Visibility  ----> 
[DEBUG] 2024-02-21 12:23:43.152 Generic:123 - Successfully Clicked  ----> 
[DEBUG] 2024-02-21 12:23:46.965 Generic:199 - Successfully Visibility  ----> City to sell vehicle
[DEBUG] 2024-02-21 12:23:47.048 Generic:136 - Successfully cleared textbox
[DEBUG] 2024-02-21 12:23:47.578 Generic:188 - Successfully enter value ----> new delhi
[DEBUG] 2024-02-21 12:23:52.596 Generic:199 - Successfully Visibility  ----> New Delhi (Delhi)
[DEBUG] 2024-02-21 12:23:54.740 Generic:123 - Successfully Clicked  ----> New Delhi (Delhi)
[DEBUG] 2024-02-21 12:23:57.076 Generic:199 - Successfully Visibility  ----> PIN Code* 
[DEBUG] 2024-02-21 12:23:57.162 Generic:136 - Successfully cleared textbox
[DEBUG] 2024-02-21 12:23:57.653 Generic:188 - Successfully enter value ----> 110091
[DEBUG] 2024-02-21 12:24:00.799 Generic:199 - Successfully Visibility  ----> Next
[DEBUG] 2024-02-21 12:24:02.377 Generic:123 - Successfully Clicked  ----> Next
[DEBUG] 2024-02-21 12:24:05.702 MyListeners:49 - [1;32mTC503_VALIDATEVEHICLEEXCHANGETESTCASE - PASSED[0m
[DEBUG] 2024-02-21 12:24:06.387 BaseClass:240 - ++++++++++++++++++++++++++++++++
[DEBUG] 2024-02-21 14:26:37.353 BaseClass:250 - Starting the Appium Service....
2024-02-21 14:26:37.334
--------------------------------------------------------------
[DEBUG] 2024-02-21 14:27:49.835 BaseClass:226 - f6eb4400-f74b-48ff-9e13-1cf9f00739a9
[DEBUG] 2024-02-21 14:27:49.894 MyListeners:39 - [1;30mTC503_VALIDATEVEHICLEEXCHANGETESTCASE - STARTS[0m
[DEBUG] 2024-02-21 14:28:00.227 Generic:199 - Successfully Visibility  ----> Registered mobile number
[DEBUG] 2024-02-21 14:28:00.316 Generic:136 - Successfully cleared textbox
[DEBUG] 2024-02-21 14:28:02.550 Generic:199 - Successfully Visibility  ----> Registered mobile number
[DEBUG] 2024-02-21 14:28:02.665 Generic:136 - Successfully cleared textbox
[DEBUG] 2024-02-21 14:28:03.554 Generic:188 - Successfully enter value ----> 8800996677
[DEBUG] 2024-02-21 14:28:06.074 Generic:199 - Successfully Visibility  ----> Continue
[DEBUG] 2024-02-21 14:28:07.764 Generic:123 - Successfully Clicked  ----> Continue
[DEBUG] 2024-02-21 14:28:13.214 Generic:199 - Successfully Visibility  ----> Verify with OTP
[DEBUG] 2024-02-21 14:28:22.862 Generic:199 - Successfully Visibility  ----> Verify
[DEBUG] 2024-02-21 14:28:25.143 Generic:123 - Successfully Clicked  ----> Verify
[DEBUG] 2024-02-21 14:28:32.373 Generic:199 - Successfully Visibility  ----> book service paid
[DEBUG] 2024-02-21 14:28:34.383 Generic:123 - Successfully Clicked  ----> book service paid
[DEBUG] 2024-02-21 14:28:37.440 Generic:199 - Successfully Visibility  ----> Continue
[DEBUG] 2024-02-21 14:28:38.800 Generic:123 - Successfully Clicked  ----> Continue
[DEBUG] 2024-02-21 14:28:46.272 Generic:199 - Successfully Visibility  ----> 
[DEBUG] 2024-02-21 14:28:47.352 Generic:199 - Successfully Visibility  ----> 
[DEBUG] 2024-02-21 14:28:48.223 Generic:123 - Successfully Clicked  ----> 
[DEBUG] 2024-02-21 14:28:51.097 Generic:199 - Successfully Visibility  ----> 
[DEBUG] 2024-02-21 14:28:53.893 Generic:123 - Successfully Clicked  ----> 
[DEBUG] 2024-02-21 14:28:58.247 Generic:199 - Successfully Visibility  ----> 
[DEBUG] 2024-02-21 14:29:00.573 Generic:123 - Successfully Clicked  ----> 
[DEBUG] 2024-02-21 14:29:04.505 Generic:199 - Successfully Visibility  ----> City to sell vehicle
[DEBUG] 2024-02-21 14:29:04.614 Generic:136 - Successfully cleared textbox
[DEBUG] 2024-02-21 14:29:05.076 Generic:188 - Successfully enter value ----> new delhi
[DEBUG] 2024-02-21 14:29:10.026 Generic:199 - Successfully Visibility  ----> New Delhi (Delhi)
[DEBUG] 2024-02-21 14:29:11.281 Generic:123 - Successfully Clicked  ----> New Delhi (Delhi)
[DEBUG] 2024-02-21 14:29:13.395 Generic:199 - Successfully Visibility  ----> PIN Code* 
[DEBUG] 2024-02-21 14:29:13.471 Generic:136 - Successfully cleared textbox
[DEBUG] 2024-02-21 14:29:13.990 Generic:188 - Successfully enter value ----> 110091
[DEBUG] 2024-02-21 14:29:16.690 Generic:199 - Successfully Visibility  ----> Next
[DEBUG] 2024-02-21 14:29:17.968 Generic:123 - Successfully Clicked  ----> Next
[DEBUG] 2024-02-21 14:29:18.380 MyListeners:49 - [1;32mTC503_VALIDATEVEHICLEEXCHANGETESTCASE - PASSED[0m
[DEBUG] 2024-02-21 14:29:19.095 BaseClass:240 - ++++++++++++++++++++++++++++++++
[DEBUG] 2024-02-21 14:30:41.770 BaseClass:250 - Starting the Appium Service....
2024-02-21 14:30:41.758
--------------------------------------------------------------
[DEBUG] 2024-02-21 14:30:54.459 MyListeners:39 - [1;30mTC503_VALIDATEVEHICLEEXCHANGETESTCASE - STARTS[0m
[DEBUG] 2024-02-21 14:30:54.571 Generic:203 - [1;31mjava.lang.NullPointerException[0m
[DEBUG] 2024-02-21 14:30:54.586 MyListeners:62 - [1;31mjava.lang.NullPointerException: Cannot invoke "io.appium.java_client.AppiumDriver.manage()" because "com.oneapp.utils.Generic.ad" is null[0m
[DEBUG] 2024-02-21 14:30:54.617 MyListeners:78 - [1;31mTC503_VALIDATEVEHICLEEXCHANGETESTCASE - FAILURE[0m
[DEBUG] 2024-02-21 16:10:29.923 BaseClass:250 - Starting the Appium Service....
2024-02-21 16:10:29.906
--------------------------------------------------------------
[DEBUG] 2024-02-21 16:10:43.401 MyListeners:39 - [1;30mTC503_VALIDATEVEHICLEEXCHANGETESTCASE - STARTS[0m
[DEBUG] 2024-02-21 16:10:43.536 Generic:203 - [1;31mjava.lang.NullPointerException[0m
[DEBUG] 2024-02-21 16:10:43.546 MyListeners:62 - [1;31mjava.lang.NullPointerException: Cannot invoke "io.appium.java_client.AppiumDriver.manage()" because "com.oneapp.utils.Generic.ad" is null[0m
[DEBUG] 2024-02-21 16:10:43.580 MyListeners:78 - [1;31mTC503_VALIDATEVEHICLEEXCHANGETESTCASE - FAILURE[0m
